[2024-04-05T15:01:34.181+0000] {processor.py:161} INFO - Started process (PID=214) to work on /home/airflow/.local/lib/python3.8/site-packages/airflow/example_dags/example_setup_teardown.py
[2024-04-05T15:01:34.682+0000] {processor.py:830} INFO - Processing file /home/airflow/.local/lib/python3.8/site-packages/airflow/example_dags/example_setup_teardown.py for tasks to queue
[2024-04-05T15:01:34.865+0000] {logging_mixin.py:188} INFO - [2024-04-05T15:01:34.770+0000] {dagbag.py:540} INFO - Filling up the DagBag from /home/airflow/.local/lib/python3.8/site-packages/airflow/example_dags/example_setup_teardown.py
[2024-04-05T15:01:37.579+0000] {processor.py:840} INFO - DAG(s) 'example_setup_teardown' retrieved from /home/airflow/.local/lib/python3.8/site-packages/airflow/example_dags/example_setup_teardown.py
[2024-04-05T15:01:54.905+0000] {logging_mixin.py:188} INFO - [2024-04-05T15:01:54.889+0000] {override.py:1769} INFO - Created Permission View: can edit on DAG:example_setup_teardown
[2024-04-05T15:01:55.631+0000] {logging_mixin.py:188} INFO - [2024-04-05T15:01:55.581+0000] {override.py:1769} INFO - Created Permission View: can read on DAG:example_setup_teardown
[2024-04-05T15:01:56.687+0000] {logging_mixin.py:188} INFO - [2024-04-05T15:01:56.684+0000] {override.py:1769} INFO - Created Permission View: can delete on DAG:example_setup_teardown
[2024-04-05T15:01:56.878+0000] {logging_mixin.py:188} INFO - [2024-04-05T15:01:56.876+0000] {dag.py:3047} INFO - Sync 1 DAGs
[2024-04-05T15:02:00.065+0000] {logging_mixin.py:188} INFO - [2024-04-05T15:01:59.960+0000] {dag.py:3069} INFO - Creating ORM DAG for example_setup_teardown
[2024-04-05T15:02:01.447+0000] {logging_mixin.py:188} INFO - [2024-04-05T15:02:01.431+0000] {dag.py:3834} INFO - Setting next_dagrun for example_setup_teardown to 2024-04-04 00:00:00+00:00, run_after=2024-04-05 00:00:00+00:00
[2024-04-05T15:02:04.321+0000] {processor.py:183} INFO - Processing /home/airflow/.local/lib/python3.8/site-packages/airflow/example_dags/example_setup_teardown.py took 30.338 seconds
[2024-04-05T15:08:25.888+0000] {processor.py:161} INFO - Started process (PID=349) to work on /home/airflow/.local/lib/python3.8/site-packages/airflow/example_dags/example_setup_teardown.py
[2024-04-05T15:08:25.950+0000] {processor.py:830} INFO - Processing file /home/airflow/.local/lib/python3.8/site-packages/airflow/example_dags/example_setup_teardown.py for tasks to queue
[2024-04-05T15:08:26.328+0000] {logging_mixin.py:188} INFO - [2024-04-05T15:08:26.325+0000] {dagbag.py:540} INFO - Filling up the DagBag from /home/airflow/.local/lib/python3.8/site-packages/airflow/example_dags/example_setup_teardown.py
[2024-04-05T15:08:27.534+0000] {processor.py:840} INFO - DAG(s) 'example_setup_teardown' retrieved from /home/airflow/.local/lib/python3.8/site-packages/airflow/example_dags/example_setup_teardown.py
[2024-04-05T15:08:31.261+0000] {logging_mixin.py:188} INFO - [2024-04-05T15:08:31.238+0000] {dag.py:3047} INFO - Sync 1 DAGs
[2024-04-05T15:08:33.554+0000] {logging_mixin.py:188} INFO - [2024-04-05T15:08:33.551+0000] {dag.py:3834} INFO - Setting next_dagrun for example_setup_teardown to 2024-04-04 00:00:00+00:00, run_after=2024-04-05 00:00:00+00:00
[2024-04-05T15:08:35.504+0000] {processor.py:183} INFO - Processing /home/airflow/.local/lib/python3.8/site-packages/airflow/example_dags/example_setup_teardown.py took 10.004 seconds
[2024-04-05T15:10:28.910+0000] {processor.py:161} INFO - Started process (PID=407) to work on /home/airflow/.local/lib/python3.8/site-packages/airflow/example_dags/example_setup_teardown.py
[2024-04-05T15:10:28.955+0000] {processor.py:830} INFO - Processing file /home/airflow/.local/lib/python3.8/site-packages/airflow/example_dags/example_setup_teardown.py for tasks to queue
[2024-04-05T15:10:29.063+0000] {logging_mixin.py:188} INFO - [2024-04-05T15:10:29.060+0000] {dagbag.py:540} INFO - Filling up the DagBag from /home/airflow/.local/lib/python3.8/site-packages/airflow/example_dags/example_setup_teardown.py
[2024-04-05T15:10:30.494+0000] {processor.py:840} INFO - DAG(s) 'example_setup_teardown' retrieved from /home/airflow/.local/lib/python3.8/site-packages/airflow/example_dags/example_setup_teardown.py
[2024-04-05T15:10:32.568+0000] {logging_mixin.py:188} INFO - [2024-04-05T15:10:32.555+0000] {dag.py:3047} INFO - Sync 1 DAGs
[2024-04-05T15:10:35.659+0000] {logging_mixin.py:188} INFO - [2024-04-05T15:10:35.639+0000] {dag.py:3834} INFO - Setting next_dagrun for example_setup_teardown to 2024-04-04 00:00:00+00:00, run_after=2024-04-05 00:00:00+00:00
[2024-04-05T15:10:37.245+0000] {processor.py:183} INFO - Processing /home/airflow/.local/lib/python3.8/site-packages/airflow/example_dags/example_setup_teardown.py took 8.863 seconds
[2024-04-05T15:14:05.362+0000] {processor.py:161} INFO - Started process (PID=507) to work on /home/airflow/.local/lib/python3.8/site-packages/airflow/example_dags/example_setup_teardown.py
[2024-04-05T15:14:05.513+0000] {processor.py:830} INFO - Processing file /home/airflow/.local/lib/python3.8/site-packages/airflow/example_dags/example_setup_teardown.py for tasks to queue
[2024-04-05T15:14:05.635+0000] {logging_mixin.py:188} INFO - [2024-04-05T15:14:05.618+0000] {dagbag.py:540} INFO - Filling up the DagBag from /home/airflow/.local/lib/python3.8/site-packages/airflow/example_dags/example_setup_teardown.py
[2024-04-05T15:14:06.114+0000] {processor.py:840} INFO - DAG(s) 'example_setup_teardown' retrieved from /home/airflow/.local/lib/python3.8/site-packages/airflow/example_dags/example_setup_teardown.py
[2024-04-05T15:14:07.082+0000] {logging_mixin.py:188} INFO - [2024-04-05T15:14:07.079+0000] {dag.py:3047} INFO - Sync 1 DAGs
[2024-04-05T15:14:08.799+0000] {logging_mixin.py:188} INFO - [2024-04-05T15:14:08.794+0000] {dag.py:3834} INFO - Setting next_dagrun for example_setup_teardown to 2024-04-04 00:00:00+00:00, run_after=2024-04-05 00:00:00+00:00
[2024-04-05T15:14:10.079+0000] {processor.py:183} INFO - Processing /home/airflow/.local/lib/python3.8/site-packages/airflow/example_dags/example_setup_teardown.py took 5.231 seconds
[2024-04-05T15:15:49.522+0000] {processor.py:161} INFO - Started process (PID=560) to work on /home/airflow/.local/lib/python3.8/site-packages/airflow/example_dags/example_setup_teardown.py
[2024-04-05T15:15:49.884+0000] {processor.py:830} INFO - Processing file /home/airflow/.local/lib/python3.8/site-packages/airflow/example_dags/example_setup_teardown.py for tasks to queue
[2024-04-05T15:15:50.748+0000] {logging_mixin.py:188} INFO - [2024-04-05T15:15:50.732+0000] {dagbag.py:540} INFO - Filling up the DagBag from /home/airflow/.local/lib/python3.8/site-packages/airflow/example_dags/example_setup_teardown.py
[2024-04-05T15:15:51.809+0000] {processor.py:840} INFO - DAG(s) 'example_setup_teardown' retrieved from /home/airflow/.local/lib/python3.8/site-packages/airflow/example_dags/example_setup_teardown.py
[2024-04-05T15:15:54.623+0000] {logging_mixin.py:188} INFO - [2024-04-05T15:15:54.621+0000] {dag.py:3047} INFO - Sync 1 DAGs
[2024-04-05T15:15:56.437+0000] {logging_mixin.py:188} INFO - [2024-04-05T15:15:56.434+0000] {dag.py:3834} INFO - Setting next_dagrun for example_setup_teardown to 2024-04-04 00:00:00+00:00, run_after=2024-04-05 00:00:00+00:00
[2024-04-05T15:15:58.379+0000] {processor.py:183} INFO - Processing /home/airflow/.local/lib/python3.8/site-packages/airflow/example_dags/example_setup_teardown.py took 9.924 seconds
[2024-04-05T15:18:57.931+0000] {processor.py:161} INFO - Started process (PID=642) to work on /home/airflow/.local/lib/python3.8/site-packages/airflow/example_dags/example_setup_teardown.py
[2024-04-05T15:18:57.988+0000] {processor.py:830} INFO - Processing file /home/airflow/.local/lib/python3.8/site-packages/airflow/example_dags/example_setup_teardown.py for tasks to queue
[2024-04-05T15:18:58.085+0000] {logging_mixin.py:188} INFO - [2024-04-05T15:18:58.080+0000] {dagbag.py:540} INFO - Filling up the DagBag from /home/airflow/.local/lib/python3.8/site-packages/airflow/example_dags/example_setup_teardown.py
[2024-04-05T15:18:58.898+0000] {processor.py:840} INFO - DAG(s) 'example_setup_teardown' retrieved from /home/airflow/.local/lib/python3.8/site-packages/airflow/example_dags/example_setup_teardown.py
[2024-04-05T15:19:02.257+0000] {logging_mixin.py:188} INFO - [2024-04-05T15:19:01.970+0000] {dag.py:3047} INFO - Sync 1 DAGs
[2024-04-05T15:19:04.572+0000] {logging_mixin.py:188} INFO - [2024-04-05T15:19:04.558+0000] {dag.py:3834} INFO - Setting next_dagrun for example_setup_teardown to 2024-04-04 00:00:00+00:00, run_after=2024-04-05 00:00:00+00:00
[2024-04-05T15:19:05.649+0000] {processor.py:183} INFO - Processing /home/airflow/.local/lib/python3.8/site-packages/airflow/example_dags/example_setup_teardown.py took 7.996 seconds
[2024-04-05T15:21:23.854+0000] {processor.py:161} INFO - Started process (PID=695) to work on /home/airflow/.local/lib/python3.8/site-packages/airflow/example_dags/example_setup_teardown.py
[2024-04-05T15:21:23.951+0000] {processor.py:830} INFO - Processing file /home/airflow/.local/lib/python3.8/site-packages/airflow/example_dags/example_setup_teardown.py for tasks to queue
[2024-04-05T15:21:24.338+0000] {logging_mixin.py:188} INFO - [2024-04-05T15:21:24.275+0000] {dagbag.py:540} INFO - Filling up the DagBag from /home/airflow/.local/lib/python3.8/site-packages/airflow/example_dags/example_setup_teardown.py
[2024-04-05T15:21:26.200+0000] {processor.py:840} INFO - DAG(s) 'example_setup_teardown' retrieved from /home/airflow/.local/lib/python3.8/site-packages/airflow/example_dags/example_setup_teardown.py
[2024-04-05T15:21:28.193+0000] {logging_mixin.py:188} INFO - [2024-04-05T15:21:28.163+0000] {dag.py:3047} INFO - Sync 1 DAGs
[2024-04-05T15:21:31.382+0000] {logging_mixin.py:188} INFO - [2024-04-05T15:21:31.350+0000] {dag.py:3834} INFO - Setting next_dagrun for example_setup_teardown to 2024-04-04 00:00:00+00:00, run_after=2024-04-05 00:00:00+00:00
[2024-04-05T15:21:34.234+0000] {processor.py:183} INFO - Processing /home/airflow/.local/lib/python3.8/site-packages/airflow/example_dags/example_setup_teardown.py took 10.909 seconds
[2024-04-05T15:24:28.470+0000] {processor.py:161} INFO - Started process (PID=781) to work on /home/airflow/.local/lib/python3.8/site-packages/airflow/example_dags/example_setup_teardown.py
[2024-04-05T15:24:28.508+0000] {processor.py:830} INFO - Processing file /home/airflow/.local/lib/python3.8/site-packages/airflow/example_dags/example_setup_teardown.py for tasks to queue
[2024-04-05T15:24:28.530+0000] {logging_mixin.py:188} INFO - [2024-04-05T15:24:28.527+0000] {dagbag.py:540} INFO - Filling up the DagBag from /home/airflow/.local/lib/python3.8/site-packages/airflow/example_dags/example_setup_teardown.py
[2024-04-05T15:24:29.155+0000] {processor.py:840} INFO - DAG(s) 'example_setup_teardown' retrieved from /home/airflow/.local/lib/python3.8/site-packages/airflow/example_dags/example_setup_teardown.py
[2024-04-05T15:24:30.519+0000] {logging_mixin.py:188} INFO - [2024-04-05T15:24:30.516+0000] {dag.py:3047} INFO - Sync 1 DAGs
[2024-04-05T15:24:32.454+0000] {logging_mixin.py:188} INFO - [2024-04-05T15:24:32.452+0000] {dag.py:3834} INFO - Setting next_dagrun for example_setup_teardown to 2024-04-04 00:00:00+00:00, run_after=2024-04-05 00:00:00+00:00
[2024-04-05T15:24:34.003+0000] {processor.py:183} INFO - Processing /home/airflow/.local/lib/python3.8/site-packages/airflow/example_dags/example_setup_teardown.py took 5.648 seconds
[2024-04-05T15:25:55.048+0000] {processor.py:161} INFO - Started process (PID=826) to work on /home/airflow/.local/lib/python3.8/site-packages/airflow/example_dags/example_setup_teardown.py
[2024-04-05T15:25:55.158+0000] {processor.py:830} INFO - Processing file /home/airflow/.local/lib/python3.8/site-packages/airflow/example_dags/example_setup_teardown.py for tasks to queue
[2024-04-05T15:25:55.271+0000] {logging_mixin.py:188} INFO - [2024-04-05T15:25:55.267+0000] {dagbag.py:540} INFO - Filling up the DagBag from /home/airflow/.local/lib/python3.8/site-packages/airflow/example_dags/example_setup_teardown.py
[2024-04-05T15:25:56.719+0000] {processor.py:840} INFO - DAG(s) 'example_setup_teardown' retrieved from /home/airflow/.local/lib/python3.8/site-packages/airflow/example_dags/example_setup_teardown.py
[2024-04-05T15:25:57.980+0000] {logging_mixin.py:188} INFO - [2024-04-05T15:25:57.978+0000] {dag.py:3047} INFO - Sync 1 DAGs
[2024-04-05T15:26:00.620+0000] {logging_mixin.py:188} INFO - [2024-04-05T15:26:00.618+0000] {dag.py:3834} INFO - Setting next_dagrun for example_setup_teardown to 2024-04-04 00:00:00+00:00, run_after=2024-04-05 00:00:00+00:00
[2024-04-05T15:26:01.261+0000] {processor.py:183} INFO - Processing /home/airflow/.local/lib/python3.8/site-packages/airflow/example_dags/example_setup_teardown.py took 6.444 seconds
[2024-04-05T15:27:26.815+0000] {processor.py:161} INFO - Started process (PID=889) to work on /home/airflow/.local/lib/python3.8/site-packages/airflow/example_dags/example_setup_teardown.py
[2024-04-05T15:27:26.848+0000] {processor.py:830} INFO - Processing file /home/airflow/.local/lib/python3.8/site-packages/airflow/example_dags/example_setup_teardown.py for tasks to queue
[2024-04-05T15:27:26.873+0000] {logging_mixin.py:188} INFO - [2024-04-05T15:27:26.870+0000] {dagbag.py:540} INFO - Filling up the DagBag from /home/airflow/.local/lib/python3.8/site-packages/airflow/example_dags/example_setup_teardown.py
[2024-04-05T15:27:27.587+0000] {processor.py:840} INFO - DAG(s) 'example_setup_teardown' retrieved from /home/airflow/.local/lib/python3.8/site-packages/airflow/example_dags/example_setup_teardown.py
[2024-04-05T15:27:28.406+0000] {logging_mixin.py:188} INFO - [2024-04-05T15:27:28.401+0000] {dag.py:3047} INFO - Sync 1 DAGs
[2024-04-05T15:27:30.534+0000] {logging_mixin.py:188} INFO - [2024-04-05T15:27:30.454+0000] {dag.py:3834} INFO - Setting next_dagrun for example_setup_teardown to 2024-04-04 00:00:00+00:00, run_after=2024-04-05 00:00:00+00:00
[2024-04-05T15:27:31.819+0000] {processor.py:183} INFO - Processing /home/airflow/.local/lib/python3.8/site-packages/airflow/example_dags/example_setup_teardown.py took 5.177 seconds
[2024-04-05T15:29:27.108+0000] {processor.py:161} INFO - Started process (PID=954) to work on /home/airflow/.local/lib/python3.8/site-packages/airflow/example_dags/example_setup_teardown.py
[2024-04-05T15:29:27.204+0000] {processor.py:830} INFO - Processing file /home/airflow/.local/lib/python3.8/site-packages/airflow/example_dags/example_setup_teardown.py for tasks to queue
[2024-04-05T15:29:27.306+0000] {logging_mixin.py:188} INFO - [2024-04-05T15:29:27.255+0000] {dagbag.py:540} INFO - Filling up the DagBag from /home/airflow/.local/lib/python3.8/site-packages/airflow/example_dags/example_setup_teardown.py
[2024-04-05T15:29:27.859+0000] {processor.py:840} INFO - DAG(s) 'example_setup_teardown' retrieved from /home/airflow/.local/lib/python3.8/site-packages/airflow/example_dags/example_setup_teardown.py
[2024-04-05T15:29:29.348+0000] {logging_mixin.py:188} INFO - [2024-04-05T15:29:29.345+0000] {dag.py:3047} INFO - Sync 1 DAGs
[2024-04-05T15:29:31.545+0000] {logging_mixin.py:188} INFO - [2024-04-05T15:29:31.486+0000] {dag.py:3834} INFO - Setting next_dagrun for example_setup_teardown to 2024-04-04 00:00:00+00:00, run_after=2024-04-05 00:00:00+00:00
[2024-04-05T15:29:34.037+0000] {processor.py:183} INFO - Processing /home/airflow/.local/lib/python3.8/site-packages/airflow/example_dags/example_setup_teardown.py took 7.447 seconds
[2024-04-05T15:31:21.712+0000] {processor.py:161} INFO - Started process (PID=1013) to work on /home/airflow/.local/lib/python3.8/site-packages/airflow/example_dags/example_setup_teardown.py
[2024-04-05T15:31:21.849+0000] {processor.py:830} INFO - Processing file /home/airflow/.local/lib/python3.8/site-packages/airflow/example_dags/example_setup_teardown.py for tasks to queue
[2024-04-05T15:31:21.900+0000] {logging_mixin.py:188} INFO - [2024-04-05T15:31:21.897+0000] {dagbag.py:540} INFO - Filling up the DagBag from /home/airflow/.local/lib/python3.8/site-packages/airflow/example_dags/example_setup_teardown.py
[2024-04-05T15:31:22.329+0000] {processor.py:840} INFO - DAG(s) 'example_setup_teardown' retrieved from /home/airflow/.local/lib/python3.8/site-packages/airflow/example_dags/example_setup_teardown.py
[2024-04-05T15:31:23.627+0000] {logging_mixin.py:188} INFO - [2024-04-05T15:31:23.624+0000] {dag.py:3047} INFO - Sync 1 DAGs
[2024-04-05T15:31:25.357+0000] {logging_mixin.py:188} INFO - [2024-04-05T15:31:25.355+0000] {dag.py:3834} INFO - Setting next_dagrun for example_setup_teardown to 2024-04-04 00:00:00+00:00, run_after=2024-04-05 00:00:00+00:00
[2024-04-05T15:31:26.344+0000] {processor.py:183} INFO - Processing /home/airflow/.local/lib/python3.8/site-packages/airflow/example_dags/example_setup_teardown.py took 4.987 seconds
[2024-04-05T15:32:21.086+0000] {processor.py:161} INFO - Started process (PID=1058) to work on /home/airflow/.local/lib/python3.8/site-packages/airflow/example_dags/example_setup_teardown.py
[2024-04-05T15:32:21.141+0000] {processor.py:830} INFO - Processing file /home/airflow/.local/lib/python3.8/site-packages/airflow/example_dags/example_setup_teardown.py for tasks to queue
[2024-04-05T15:32:21.166+0000] {logging_mixin.py:188} INFO - [2024-04-05T15:32:21.162+0000] {dagbag.py:540} INFO - Filling up the DagBag from /home/airflow/.local/lib/python3.8/site-packages/airflow/example_dags/example_setup_teardown.py
[2024-04-05T15:32:21.732+0000] {processor.py:840} INFO - DAG(s) 'example_setup_teardown' retrieved from /home/airflow/.local/lib/python3.8/site-packages/airflow/example_dags/example_setup_teardown.py
[2024-04-05T15:32:22.739+0000] {logging_mixin.py:188} INFO - [2024-04-05T15:32:22.737+0000] {dag.py:3047} INFO - Sync 1 DAGs
[2024-04-05T15:32:24.014+0000] {logging_mixin.py:188} INFO - [2024-04-05T15:32:24.011+0000] {dag.py:3834} INFO - Setting next_dagrun for example_setup_teardown to 2024-04-04 00:00:00+00:00, run_after=2024-04-05 00:00:00+00:00
[2024-04-05T15:32:24.559+0000] {processor.py:183} INFO - Processing /home/airflow/.local/lib/python3.8/site-packages/airflow/example_dags/example_setup_teardown.py took 3.703 seconds
