[2024-04-05T15:04:48.438+0000] {processor.py:161} INFO - Started process (PID=276) to work on /home/airflow/.local/lib/python3.8/site-packages/airflow/example_dags/example_trigger_controller_dag.py
[2024-04-05T15:04:48.565+0000] {processor.py:830} INFO - Processing file /home/airflow/.local/lib/python3.8/site-packages/airflow/example_dags/example_trigger_controller_dag.py for tasks to queue
[2024-04-05T15:04:49.533+0000] {logging_mixin.py:188} INFO - [2024-04-05T15:04:49.417+0000] {dagbag.py:540} INFO - Filling up the DagBag from /home/airflow/.local/lib/python3.8/site-packages/airflow/example_dags/example_trigger_controller_dag.py
[2024-04-05T15:04:50.508+0000] {processor.py:840} INFO - DAG(s) 'example_trigger_controller_dag' retrieved from /home/airflow/.local/lib/python3.8/site-packages/airflow/example_dags/example_trigger_controller_dag.py
[2024-04-05T15:05:01.925+0000] {logging_mixin.py:188} INFO - [2024-04-05T15:05:01.857+0000] {override.py:1769} INFO - Created Permission View: can edit on DAG:example_trigger_controller_dag
[2024-04-05T15:05:03.988+0000] {logging_mixin.py:188} INFO - [2024-04-05T15:05:03.786+0000] {override.py:1769} INFO - Created Permission View: can read on DAG:example_trigger_controller_dag
[2024-04-05T15:05:04.811+0000] {logging_mixin.py:188} INFO - [2024-04-05T15:05:04.763+0000] {override.py:1769} INFO - Created Permission View: can delete on DAG:example_trigger_controller_dag
[2024-04-05T15:05:04.991+0000] {logging_mixin.py:188} INFO - [2024-04-05T15:05:04.989+0000] {dag.py:3047} INFO - Sync 1 DAGs
[2024-04-05T15:05:07.348+0000] {logging_mixin.py:188} INFO - [2024-04-05T15:05:07.335+0000] {dag.py:3069} INFO - Creating ORM DAG for example_trigger_controller_dag
[2024-04-05T15:05:09.625+0000] {logging_mixin.py:188} INFO - [2024-04-05T15:05:09.611+0000] {dag.py:3834} INFO - Setting next_dagrun for example_trigger_controller_dag to 2021-01-01 00:00:00+00:00, run_after=2021-01-01 00:00:00+00:00
[2024-04-05T15:05:12.915+0000] {processor.py:183} INFO - Processing /home/airflow/.local/lib/python3.8/site-packages/airflow/example_dags/example_trigger_controller_dag.py took 25.152 seconds
[2024-04-05T15:10:05.078+0000] {processor.py:161} INFO - Started process (PID=395) to work on /home/airflow/.local/lib/python3.8/site-packages/airflow/example_dags/example_trigger_controller_dag.py
[2024-04-05T15:10:05.167+0000] {processor.py:830} INFO - Processing file /home/airflow/.local/lib/python3.8/site-packages/airflow/example_dags/example_trigger_controller_dag.py for tasks to queue
[2024-04-05T15:10:05.231+0000] {logging_mixin.py:188} INFO - [2024-04-05T15:10:05.227+0000] {dagbag.py:540} INFO - Filling up the DagBag from /home/airflow/.local/lib/python3.8/site-packages/airflow/example_dags/example_trigger_controller_dag.py
[2024-04-05T15:10:05.483+0000] {processor.py:840} INFO - DAG(s) 'example_trigger_controller_dag' retrieved from /home/airflow/.local/lib/python3.8/site-packages/airflow/example_dags/example_trigger_controller_dag.py
[2024-04-05T15:10:07.510+0000] {logging_mixin.py:188} INFO - [2024-04-05T15:10:07.485+0000] {dag.py:3047} INFO - Sync 1 DAGs
[2024-04-05T15:10:10.637+0000] {logging_mixin.py:188} INFO - [2024-04-05T15:10:10.618+0000] {dag.py:3834} INFO - Setting next_dagrun for example_trigger_controller_dag to 2021-01-01 00:00:00+00:00, run_after=2021-01-01 00:00:00+00:00
[2024-04-05T15:10:13.005+0000] {processor.py:183} INFO - Processing /home/airflow/.local/lib/python3.8/site-packages/airflow/example_dags/example_trigger_controller_dag.py took 8.093 seconds
[2024-04-05T15:12:39.989+0000] {processor.py:161} INFO - Started process (PID=462) to work on /home/airflow/.local/lib/python3.8/site-packages/airflow/example_dags/example_trigger_controller_dag.py
[2024-04-05T15:12:40.220+0000] {processor.py:830} INFO - Processing file /home/airflow/.local/lib/python3.8/site-packages/airflow/example_dags/example_trigger_controller_dag.py for tasks to queue
[2024-04-05T15:12:40.548+0000] {logging_mixin.py:188} INFO - [2024-04-05T15:12:40.521+0000] {dagbag.py:540} INFO - Filling up the DagBag from /home/airflow/.local/lib/python3.8/site-packages/airflow/example_dags/example_trigger_controller_dag.py
[2024-04-05T15:12:41.851+0000] {processor.py:840} INFO - DAG(s) 'example_trigger_controller_dag' retrieved from /home/airflow/.local/lib/python3.8/site-packages/airflow/example_dags/example_trigger_controller_dag.py
[2024-04-05T15:12:43.990+0000] {logging_mixin.py:188} INFO - [2024-04-05T15:12:43.987+0000] {dag.py:3047} INFO - Sync 1 DAGs
[2024-04-05T15:12:46.861+0000] {logging_mixin.py:188} INFO - [2024-04-05T15:12:46.853+0000] {dag.py:3834} INFO - Setting next_dagrun for example_trigger_controller_dag to 2021-01-01 00:00:00+00:00, run_after=2021-01-01 00:00:00+00:00
[2024-04-05T15:12:48.420+0000] {processor.py:183} INFO - Processing /home/airflow/.local/lib/python3.8/site-packages/airflow/example_dags/example_trigger_controller_dag.py took 9.018 seconds
[2024-04-05T15:15:30.206+0000] {processor.py:161} INFO - Started process (PID=547) to work on /home/airflow/.local/lib/python3.8/site-packages/airflow/example_dags/example_trigger_controller_dag.py
[2024-04-05T15:15:30.285+0000] {processor.py:830} INFO - Processing file /home/airflow/.local/lib/python3.8/site-packages/airflow/example_dags/example_trigger_controller_dag.py for tasks to queue
[2024-04-05T15:15:30.430+0000] {logging_mixin.py:188} INFO - [2024-04-05T15:15:30.414+0000] {dagbag.py:540} INFO - Filling up the DagBag from /home/airflow/.local/lib/python3.8/site-packages/airflow/example_dags/example_trigger_controller_dag.py
[2024-04-05T15:15:31.415+0000] {processor.py:840} INFO - DAG(s) 'example_trigger_controller_dag' retrieved from /home/airflow/.local/lib/python3.8/site-packages/airflow/example_dags/example_trigger_controller_dag.py
[2024-04-05T15:15:33.363+0000] {logging_mixin.py:188} INFO - [2024-04-05T15:15:33.355+0000] {dag.py:3047} INFO - Sync 1 DAGs
[2024-04-05T15:15:36.011+0000] {logging_mixin.py:188} INFO - [2024-04-05T15:15:36.007+0000] {dag.py:3834} INFO - Setting next_dagrun for example_trigger_controller_dag to 2021-01-01 00:00:00+00:00, run_after=2021-01-01 00:00:00+00:00
[2024-04-05T15:15:37.832+0000] {processor.py:183} INFO - Processing /home/airflow/.local/lib/python3.8/site-packages/airflow/example_dags/example_trigger_controller_dag.py took 8.093 seconds
[2024-04-05T15:23:04.249+0000] {processor.py:161} INFO - Started process (PID=737) to work on /home/airflow/.local/lib/python3.8/site-packages/airflow/example_dags/example_trigger_controller_dag.py
[2024-04-05T15:23:04.311+0000] {processor.py:830} INFO - Processing file /home/airflow/.local/lib/python3.8/site-packages/airflow/example_dags/example_trigger_controller_dag.py for tasks to queue
[2024-04-05T15:23:04.440+0000] {logging_mixin.py:188} INFO - [2024-04-05T15:23:04.423+0000] {dagbag.py:540} INFO - Filling up the DagBag from /home/airflow/.local/lib/python3.8/site-packages/airflow/example_dags/example_trigger_controller_dag.py
[2024-04-05T15:23:04.945+0000] {processor.py:840} INFO - DAG(s) 'example_trigger_controller_dag' retrieved from /home/airflow/.local/lib/python3.8/site-packages/airflow/example_dags/example_trigger_controller_dag.py
[2024-04-05T15:23:05.718+0000] {logging_mixin.py:188} INFO - [2024-04-05T15:23:05.716+0000] {dag.py:3047} INFO - Sync 1 DAGs
[2024-04-05T15:23:07.391+0000] {logging_mixin.py:188} INFO - [2024-04-05T15:23:07.345+0000] {dag.py:3834} INFO - Setting next_dagrun for example_trigger_controller_dag to 2021-01-01 00:00:00+00:00, run_after=2021-01-01 00:00:00+00:00
[2024-04-05T15:23:09.965+0000] {processor.py:183} INFO - Processing /home/airflow/.local/lib/python3.8/site-packages/airflow/example_dags/example_trigger_controller_dag.py took 6.176 seconds
[2024-04-05T15:25:44.271+0000] {processor.py:161} INFO - Started process (PID=820) to work on /home/airflow/.local/lib/python3.8/site-packages/airflow/example_dags/example_trigger_controller_dag.py
[2024-04-05T15:25:44.361+0000] {processor.py:830} INFO - Processing file /home/airflow/.local/lib/python3.8/site-packages/airflow/example_dags/example_trigger_controller_dag.py for tasks to queue
[2024-04-05T15:25:44.514+0000] {logging_mixin.py:188} INFO - [2024-04-05T15:25:44.407+0000] {dagbag.py:540} INFO - Filling up the DagBag from /home/airflow/.local/lib/python3.8/site-packages/airflow/example_dags/example_trigger_controller_dag.py
[2024-04-05T15:25:45.155+0000] {processor.py:840} INFO - DAG(s) 'example_trigger_controller_dag' retrieved from /home/airflow/.local/lib/python3.8/site-packages/airflow/example_dags/example_trigger_controller_dag.py
[2024-04-05T15:25:46.196+0000] {logging_mixin.py:188} INFO - [2024-04-05T15:25:46.163+0000] {dag.py:3047} INFO - Sync 1 DAGs
[2024-04-05T15:25:46.767+0000] {logging_mixin.py:188} INFO - [2024-04-05T15:25:46.764+0000] {dag.py:3834} INFO - Setting next_dagrun for example_trigger_controller_dag to 2021-01-01 00:00:00+00:00, run_after=2021-01-01 00:00:00+00:00
[2024-04-05T15:25:47.605+0000] {processor.py:183} INFO - Processing /home/airflow/.local/lib/python3.8/site-packages/airflow/example_dags/example_trigger_controller_dag.py took 3.823 seconds
[2024-04-05T15:30:10.053+0000] {processor.py:161} INFO - Started process (PID=974) to work on /home/airflow/.local/lib/python3.8/site-packages/airflow/example_dags/example_trigger_controller_dag.py
[2024-04-05T15:30:10.122+0000] {processor.py:830} INFO - Processing file /home/airflow/.local/lib/python3.8/site-packages/airflow/example_dags/example_trigger_controller_dag.py for tasks to queue
[2024-04-05T15:30:10.161+0000] {logging_mixin.py:188} INFO - [2024-04-05T15:30:10.157+0000] {dagbag.py:540} INFO - Filling up the DagBag from /home/airflow/.local/lib/python3.8/site-packages/airflow/example_dags/example_trigger_controller_dag.py
[2024-04-05T15:30:10.382+0000] {processor.py:840} INFO - DAG(s) 'example_trigger_controller_dag' retrieved from /home/airflow/.local/lib/python3.8/site-packages/airflow/example_dags/example_trigger_controller_dag.py
[2024-04-05T15:30:11.347+0000] {logging_mixin.py:188} INFO - [2024-04-05T15:30:11.344+0000] {dag.py:3047} INFO - Sync 1 DAGs
[2024-04-05T15:30:14.104+0000] {logging_mixin.py:188} INFO - [2024-04-05T15:30:14.073+0000] {dag.py:3834} INFO - Setting next_dagrun for example_trigger_controller_dag to 2021-01-01 00:00:00+00:00, run_after=2021-01-01 00:00:00+00:00
[2024-04-05T15:30:16.234+0000] {processor.py:183} INFO - Processing /home/airflow/.local/lib/python3.8/site-packages/airflow/example_dags/example_trigger_controller_dag.py took 6.488 seconds
[2024-04-05T15:31:54.937+0000] {processor.py:161} INFO - Started process (PID=1042) to work on /home/airflow/.local/lib/python3.8/site-packages/airflow/example_dags/example_trigger_controller_dag.py
[2024-04-05T15:31:54.985+0000] {processor.py:830} INFO - Processing file /home/airflow/.local/lib/python3.8/site-packages/airflow/example_dags/example_trigger_controller_dag.py for tasks to queue
[2024-04-05T15:31:55.048+0000] {logging_mixin.py:188} INFO - [2024-04-05T15:31:55.002+0000] {dagbag.py:540} INFO - Filling up the DagBag from /home/airflow/.local/lib/python3.8/site-packages/airflow/example_dags/example_trigger_controller_dag.py
[2024-04-05T15:31:55.406+0000] {processor.py:840} INFO - DAG(s) 'example_trigger_controller_dag' retrieved from /home/airflow/.local/lib/python3.8/site-packages/airflow/example_dags/example_trigger_controller_dag.py
[2024-04-05T15:31:56.090+0000] {logging_mixin.py:188} INFO - [2024-04-05T15:31:56.084+0000] {dag.py:3047} INFO - Sync 1 DAGs
[2024-04-05T15:31:56.936+0000] {logging_mixin.py:188} INFO - [2024-04-05T15:31:56.933+0000] {dag.py:3834} INFO - Setting next_dagrun for example_trigger_controller_dag to 2021-01-01 00:00:00+00:00, run_after=2021-01-01 00:00:00+00:00
[2024-04-05T15:31:57.530+0000] {processor.py:183} INFO - Processing /home/airflow/.local/lib/python3.8/site-packages/airflow/example_dags/example_trigger_controller_dag.py took 2.725 seconds
