[2024-04-05T14:58:08.415+0000] {processor.py:161} INFO - Started process (PID=156) to work on /home/airflow/.local/lib/python3.8/site-packages/airflow/example_dags/example_kubernetes_executor.py
[2024-04-05T14:58:08.479+0000] {processor.py:830} INFO - Processing file /home/airflow/.local/lib/python3.8/site-packages/airflow/example_dags/example_kubernetes_executor.py for tasks to queue
[2024-04-05T14:58:08.520+0000] {logging_mixin.py:188} INFO - [2024-04-05T14:58:08.517+0000] {dagbag.py:540} INFO - Filling up the DagBag from /home/airflow/.local/lib/python3.8/site-packages/airflow/example_dags/example_kubernetes_executor.py
[2024-04-05T14:58:11.345+0000] {processor.py:840} INFO - DAG(s) 'example_kubernetes_executor' retrieved from /home/airflow/.local/lib/python3.8/site-packages/airflow/example_dags/example_kubernetes_executor.py
[2024-04-05T14:58:22.529+0000] {logging_mixin.py:188} INFO - [2024-04-05T14:58:22.524+0000] {override.py:1769} INFO - Created Permission View: can edit on DAG:example_kubernetes_executor
[2024-04-05T14:58:23.367+0000] {logging_mixin.py:188} INFO - [2024-04-05T14:58:23.352+0000] {override.py:1769} INFO - Created Permission View: can read on DAG:example_kubernetes_executor
[2024-04-05T14:58:23.746+0000] {logging_mixin.py:188} INFO - [2024-04-05T14:58:23.742+0000] {override.py:1769} INFO - Created Permission View: can delete on DAG:example_kubernetes_executor
[2024-04-05T14:58:23.764+0000] {logging_mixin.py:188} INFO - [2024-04-05T14:58:23.762+0000] {dag.py:3047} INFO - Sync 1 DAGs
[2024-04-05T14:58:24.335+0000] {logging_mixin.py:188} INFO - [2024-04-05T14:58:24.317+0000] {dag.py:3069} INFO - Creating ORM DAG for example_kubernetes_executor
[2024-04-05T14:58:24.375+0000] {logging_mixin.py:188} INFO - [2024-04-05T14:58:24.373+0000] {dag.py:3834} INFO - Setting next_dagrun for example_kubernetes_executor to None, run_after=None
[2024-04-05T14:58:25.711+0000] {processor.py:183} INFO - Processing /home/airflow/.local/lib/python3.8/site-packages/airflow/example_dags/example_kubernetes_executor.py took 17.564 seconds
[2024-04-05T15:05:41.007+0000] {processor.py:161} INFO - Started process (PID=290) to work on /home/airflow/.local/lib/python3.8/site-packages/airflow/example_dags/example_kubernetes_executor.py
[2024-04-05T15:05:41.070+0000] {processor.py:830} INFO - Processing file /home/airflow/.local/lib/python3.8/site-packages/airflow/example_dags/example_kubernetes_executor.py for tasks to queue
[2024-04-05T15:05:41.234+0000] {logging_mixin.py:188} INFO - [2024-04-05T15:05:41.231+0000] {dagbag.py:540} INFO - Filling up the DagBag from /home/airflow/.local/lib/python3.8/site-packages/airflow/example_dags/example_kubernetes_executor.py
[2024-04-05T15:05:45.813+0000] {processor.py:840} INFO - DAG(s) 'example_kubernetes_executor' retrieved from /home/airflow/.local/lib/python3.8/site-packages/airflow/example_dags/example_kubernetes_executor.py
[2024-04-05T15:05:51.105+0000] {logging_mixin.py:188} INFO - [2024-04-05T15:05:51.103+0000] {dag.py:3047} INFO - Sync 1 DAGs
[2024-04-05T15:05:53.521+0000] {logging_mixin.py:188} INFO - [2024-04-05T15:05:53.494+0000] {dag.py:3834} INFO - Setting next_dagrun for example_kubernetes_executor to None, run_after=None
[2024-04-05T15:05:56.632+0000] {processor.py:183} INFO - Processing /home/airflow/.local/lib/python3.8/site-packages/airflow/example_dags/example_kubernetes_executor.py took 16.625 seconds
[2024-04-05T15:08:21.274+0000] {processor.py:161} INFO - Started process (PID=348) to work on /home/airflow/.local/lib/python3.8/site-packages/airflow/example_dags/example_kubernetes_executor.py
[2024-04-05T15:08:21.401+0000] {processor.py:830} INFO - Processing file /home/airflow/.local/lib/python3.8/site-packages/airflow/example_dags/example_kubernetes_executor.py for tasks to queue
[2024-04-05T15:08:21.808+0000] {logging_mixin.py:188} INFO - [2024-04-05T15:08:21.803+0000] {dagbag.py:540} INFO - Filling up the DagBag from /home/airflow/.local/lib/python3.8/site-packages/airflow/example_dags/example_kubernetes_executor.py
[2024-04-05T15:08:24.885+0000] {processor.py:840} INFO - DAG(s) 'example_kubernetes_executor' retrieved from /home/airflow/.local/lib/python3.8/site-packages/airflow/example_dags/example_kubernetes_executor.py
[2024-04-05T15:08:29.274+0000] {logging_mixin.py:188} INFO - [2024-04-05T15:08:29.260+0000] {dag.py:3047} INFO - Sync 1 DAGs
[2024-04-05T15:08:30.559+0000] {logging_mixin.py:188} INFO - [2024-04-05T15:08:30.497+0000] {dag.py:3834} INFO - Setting next_dagrun for example_kubernetes_executor to None, run_after=None
[2024-04-05T15:08:32.445+0000] {processor.py:183} INFO - Processing /home/airflow/.local/lib/python3.8/site-packages/airflow/example_dags/example_kubernetes_executor.py took 11.556 seconds
[2024-04-05T15:12:23.077+0000] {processor.py:161} INFO - Started process (PID=456) to work on /home/airflow/.local/lib/python3.8/site-packages/airflow/example_dags/example_kubernetes_executor.py
[2024-04-05T15:12:23.256+0000] {processor.py:830} INFO - Processing file /home/airflow/.local/lib/python3.8/site-packages/airflow/example_dags/example_kubernetes_executor.py for tasks to queue
[2024-04-05T15:12:23.744+0000] {logging_mixin.py:188} INFO - [2024-04-05T15:12:23.693+0000] {dagbag.py:540} INFO - Filling up the DagBag from /home/airflow/.local/lib/python3.8/site-packages/airflow/example_dags/example_kubernetes_executor.py
[2024-04-05T15:12:25.698+0000] {processor.py:840} INFO - DAG(s) 'example_kubernetes_executor' retrieved from /home/airflow/.local/lib/python3.8/site-packages/airflow/example_dags/example_kubernetes_executor.py
[2024-04-05T15:12:28.463+0000] {logging_mixin.py:188} INFO - [2024-04-05T15:12:28.461+0000] {dag.py:3047} INFO - Sync 1 DAGs
[2024-04-05T15:12:30.869+0000] {logging_mixin.py:188} INFO - [2024-04-05T15:12:30.805+0000] {dag.py:3834} INFO - Setting next_dagrun for example_kubernetes_executor to None, run_after=None
[2024-04-05T15:12:32.537+0000] {processor.py:183} INFO - Processing /home/airflow/.local/lib/python3.8/site-packages/airflow/example_dags/example_kubernetes_executor.py took 9.706 seconds
[2024-04-05T15:14:01.429+0000] {processor.py:161} INFO - Started process (PID=506) to work on /home/airflow/.local/lib/python3.8/site-packages/airflow/example_dags/example_kubernetes_executor.py
[2024-04-05T15:14:01.547+0000] {processor.py:830} INFO - Processing file /home/airflow/.local/lib/python3.8/site-packages/airflow/example_dags/example_kubernetes_executor.py for tasks to queue
[2024-04-05T15:14:01.694+0000] {logging_mixin.py:188} INFO - [2024-04-05T15:14:01.677+0000] {dagbag.py:540} INFO - Filling up the DagBag from /home/airflow/.local/lib/python3.8/site-packages/airflow/example_dags/example_kubernetes_executor.py
[2024-04-05T15:14:02.817+0000] {processor.py:840} INFO - DAG(s) 'example_kubernetes_executor' retrieved from /home/airflow/.local/lib/python3.8/site-packages/airflow/example_dags/example_kubernetes_executor.py
[2024-04-05T15:14:05.218+0000] {logging_mixin.py:188} INFO - [2024-04-05T15:14:05.205+0000] {dag.py:3047} INFO - Sync 1 DAGs
[2024-04-05T15:14:06.647+0000] {logging_mixin.py:188} INFO - [2024-04-05T15:14:06.644+0000] {dag.py:3834} INFO - Setting next_dagrun for example_kubernetes_executor to None, run_after=None
[2024-04-05T15:14:07.856+0000] {processor.py:183} INFO - Processing /home/airflow/.local/lib/python3.8/site-packages/airflow/example_dags/example_kubernetes_executor.py took 6.858 seconds
[2024-04-05T15:16:38.812+0000] {processor.py:161} INFO - Started process (PID=577) to work on /home/airflow/.local/lib/python3.8/site-packages/airflow/example_dags/example_kubernetes_executor.py
[2024-04-05T15:16:38.957+0000] {processor.py:830} INFO - Processing file /home/airflow/.local/lib/python3.8/site-packages/airflow/example_dags/example_kubernetes_executor.py for tasks to queue
[2024-04-05T15:16:39.173+0000] {logging_mixin.py:188} INFO - [2024-04-05T15:16:39.142+0000] {dagbag.py:540} INFO - Filling up the DagBag from /home/airflow/.local/lib/python3.8/site-packages/airflow/example_dags/example_kubernetes_executor.py
[2024-04-05T15:16:42.513+0000] {processor.py:840} INFO - DAG(s) 'example_kubernetes_executor' retrieved from /home/airflow/.local/lib/python3.8/site-packages/airflow/example_dags/example_kubernetes_executor.py
[2024-04-05T15:16:48.950+0000] {logging_mixin.py:188} INFO - [2024-04-05T15:16:48.948+0000] {dag.py:3047} INFO - Sync 1 DAGs
[2024-04-05T15:16:50.570+0000] {logging_mixin.py:188} INFO - [2024-04-05T15:16:50.486+0000] {dag.py:3834} INFO - Setting next_dagrun for example_kubernetes_executor to None, run_after=None
[2024-04-05T15:16:53.070+0000] {processor.py:183} INFO - Processing /home/airflow/.local/lib/python3.8/site-packages/airflow/example_dags/example_kubernetes_executor.py took 15.281 seconds
[2024-04-05T15:18:52.930+0000] {processor.py:161} INFO - Started process (PID=640) to work on /home/airflow/.local/lib/python3.8/site-packages/airflow/example_dags/example_kubernetes_executor.py
[2024-04-05T15:18:53.100+0000] {processor.py:830} INFO - Processing file /home/airflow/.local/lib/python3.8/site-packages/airflow/example_dags/example_kubernetes_executor.py for tasks to queue
[2024-04-05T15:18:53.364+0000] {logging_mixin.py:188} INFO - [2024-04-05T15:18:53.362+0000] {dagbag.py:540} INFO - Filling up the DagBag from /home/airflow/.local/lib/python3.8/site-packages/airflow/example_dags/example_kubernetes_executor.py
[2024-04-05T15:18:54.468+0000] {processor.py:840} INFO - DAG(s) 'example_kubernetes_executor' retrieved from /home/airflow/.local/lib/python3.8/site-packages/airflow/example_dags/example_kubernetes_executor.py
[2024-04-05T15:18:58.645+0000] {logging_mixin.py:188} INFO - [2024-04-05T15:18:58.643+0000] {dag.py:3047} INFO - Sync 1 DAGs
[2024-04-05T15:18:59.789+0000] {logging_mixin.py:188} INFO - [2024-04-05T15:18:59.774+0000] {dag.py:3834} INFO - Setting next_dagrun for example_kubernetes_executor to None, run_after=None
[2024-04-05T15:19:01.140+0000] {processor.py:183} INFO - Processing /home/airflow/.local/lib/python3.8/site-packages/airflow/example_dags/example_kubernetes_executor.py took 8.454 seconds
[2024-04-05T15:22:43.417+0000] {processor.py:161} INFO - Started process (PID=725) to work on /home/airflow/.local/lib/python3.8/site-packages/airflow/example_dags/example_kubernetes_executor.py
[2024-04-05T15:22:43.632+0000] {processor.py:830} INFO - Processing file /home/airflow/.local/lib/python3.8/site-packages/airflow/example_dags/example_kubernetes_executor.py for tasks to queue
[2024-04-05T15:22:43.666+0000] {logging_mixin.py:188} INFO - [2024-04-05T15:22:43.662+0000] {dagbag.py:540} INFO - Filling up the DagBag from /home/airflow/.local/lib/python3.8/site-packages/airflow/example_dags/example_kubernetes_executor.py
[2024-04-05T15:22:46.619+0000] {processor.py:840} INFO - DAG(s) 'example_kubernetes_executor' retrieved from /home/airflow/.local/lib/python3.8/site-packages/airflow/example_dags/example_kubernetes_executor.py
[2024-04-05T15:22:50.868+0000] {logging_mixin.py:188} INFO - [2024-04-05T15:22:50.820+0000] {dag.py:3047} INFO - Sync 1 DAGs
[2024-04-05T15:22:52.302+0000] {logging_mixin.py:188} INFO - [2024-04-05T15:22:52.272+0000] {dag.py:3834} INFO - Setting next_dagrun for example_kubernetes_executor to None, run_after=None
[2024-04-05T15:22:53.986+0000] {processor.py:183} INFO - Processing /home/airflow/.local/lib/python3.8/site-packages/airflow/example_dags/example_kubernetes_executor.py took 11.291 seconds
[2024-04-05T15:24:27.472+0000] {processor.py:161} INFO - Started process (PID=778) to work on /home/airflow/.local/lib/python3.8/site-packages/airflow/example_dags/example_kubernetes_executor.py
[2024-04-05T15:24:27.484+0000] {processor.py:830} INFO - Processing file /home/airflow/.local/lib/python3.8/site-packages/airflow/example_dags/example_kubernetes_executor.py for tasks to queue
[2024-04-05T15:24:27.715+0000] {logging_mixin.py:188} INFO - [2024-04-05T15:24:27.624+0000] {dagbag.py:540} INFO - Filling up the DagBag from /home/airflow/.local/lib/python3.8/site-packages/airflow/example_dags/example_kubernetes_executor.py
[2024-04-05T15:24:30.305+0000] {processor.py:840} INFO - DAG(s) 'example_kubernetes_executor' retrieved from /home/airflow/.local/lib/python3.8/site-packages/airflow/example_dags/example_kubernetes_executor.py
[2024-04-05T15:24:32.674+0000] {logging_mixin.py:188} INFO - [2024-04-05T15:24:32.624+0000] {dag.py:3047} INFO - Sync 1 DAGs
[2024-04-05T15:24:34.237+0000] {logging_mixin.py:188} INFO - [2024-04-05T15:24:34.199+0000] {dag.py:3834} INFO - Setting next_dagrun for example_kubernetes_executor to None, run_after=None
[2024-04-05T15:24:36.033+0000] {processor.py:183} INFO - Processing /home/airflow/.local/lib/python3.8/site-packages/airflow/example_dags/example_kubernetes_executor.py took 9.626 seconds
[2024-04-05T15:26:28.108+0000] {processor.py:161} INFO - Started process (PID=847) to work on /home/airflow/.local/lib/python3.8/site-packages/airflow/example_dags/example_kubernetes_executor.py
[2024-04-05T15:26:28.209+0000] {processor.py:830} INFO - Processing file /home/airflow/.local/lib/python3.8/site-packages/airflow/example_dags/example_kubernetes_executor.py for tasks to queue
[2024-04-05T15:26:28.222+0000] {logging_mixin.py:188} INFO - [2024-04-05T15:26:28.219+0000] {dagbag.py:540} INFO - Filling up the DagBag from /home/airflow/.local/lib/python3.8/site-packages/airflow/example_dags/example_kubernetes_executor.py
[2024-04-05T15:26:29.307+0000] {processor.py:840} INFO - DAG(s) 'example_kubernetes_executor' retrieved from /home/airflow/.local/lib/python3.8/site-packages/airflow/example_dags/example_kubernetes_executor.py
[2024-04-05T15:26:30.572+0000] {logging_mixin.py:188} INFO - [2024-04-05T15:26:30.570+0000] {dag.py:3047} INFO - Sync 1 DAGs
[2024-04-05T15:26:30.873+0000] {logging_mixin.py:188} INFO - [2024-04-05T15:26:30.858+0000] {dag.py:3834} INFO - Setting next_dagrun for example_kubernetes_executor to None, run_after=None
[2024-04-05T15:26:32.034+0000] {processor.py:183} INFO - Processing /home/airflow/.local/lib/python3.8/site-packages/airflow/example_dags/example_kubernetes_executor.py took 4.237 seconds
[2024-04-05T15:28:02.439+0000] {processor.py:161} INFO - Started process (PID=907) to work on /home/airflow/.local/lib/python3.8/site-packages/airflow/example_dags/example_kubernetes_executor.py
[2024-04-05T15:28:02.567+0000] {processor.py:830} INFO - Processing file /home/airflow/.local/lib/python3.8/site-packages/airflow/example_dags/example_kubernetes_executor.py for tasks to queue
[2024-04-05T15:28:02.599+0000] {logging_mixin.py:188} INFO - [2024-04-05T15:28:02.584+0000] {dagbag.py:540} INFO - Filling up the DagBag from /home/airflow/.local/lib/python3.8/site-packages/airflow/example_dags/example_kubernetes_executor.py
[2024-04-05T15:28:06.077+0000] {processor.py:840} INFO - DAG(s) 'example_kubernetes_executor' retrieved from /home/airflow/.local/lib/python3.8/site-packages/airflow/example_dags/example_kubernetes_executor.py
[2024-04-05T15:28:07.380+0000] {logging_mixin.py:188} INFO - [2024-04-05T15:28:07.378+0000] {dag.py:3047} INFO - Sync 1 DAGs
[2024-04-05T15:28:08.239+0000] {logging_mixin.py:188} INFO - [2024-04-05T15:28:08.236+0000] {dag.py:3834} INFO - Setting next_dagrun for example_kubernetes_executor to None, run_after=None
[2024-04-05T15:28:09.545+0000] {processor.py:183} INFO - Processing /home/airflow/.local/lib/python3.8/site-packages/airflow/example_dags/example_kubernetes_executor.py took 7.574 seconds
[2024-04-05T15:29:27.816+0000] {processor.py:161} INFO - Started process (PID=956) to work on /home/airflow/.local/lib/python3.8/site-packages/airflow/example_dags/example_kubernetes_executor.py
[2024-04-05T15:29:27.865+0000] {processor.py:830} INFO - Processing file /home/airflow/.local/lib/python3.8/site-packages/airflow/example_dags/example_kubernetes_executor.py for tasks to queue
[2024-04-05T15:29:27.981+0000] {logging_mixin.py:188} INFO - [2024-04-05T15:29:27.917+0000] {dagbag.py:540} INFO - Filling up the DagBag from /home/airflow/.local/lib/python3.8/site-packages/airflow/example_dags/example_kubernetes_executor.py
[2024-04-05T15:29:29.555+0000] {processor.py:840} INFO - DAG(s) 'example_kubernetes_executor' retrieved from /home/airflow/.local/lib/python3.8/site-packages/airflow/example_dags/example_kubernetes_executor.py
[2024-04-05T15:29:33.101+0000] {logging_mixin.py:188} INFO - [2024-04-05T15:29:33.086+0000] {dag.py:3047} INFO - Sync 1 DAGs
[2024-04-05T15:29:34.949+0000] {logging_mixin.py:188} INFO - [2024-04-05T15:29:34.947+0000] {dag.py:3834} INFO - Setting next_dagrun for example_kubernetes_executor to None, run_after=None
[2024-04-05T15:29:36.814+0000] {processor.py:183} INFO - Processing /home/airflow/.local/lib/python3.8/site-packages/airflow/example_dags/example_kubernetes_executor.py took 9.302 seconds
[2024-04-05T15:31:25.635+0000] {processor.py:161} INFO - Started process (PID=1014) to work on /home/airflow/.local/lib/python3.8/site-packages/airflow/example_dags/example_kubernetes_executor.py
[2024-04-05T15:31:25.717+0000] {processor.py:830} INFO - Processing file /home/airflow/.local/lib/python3.8/site-packages/airflow/example_dags/example_kubernetes_executor.py for tasks to queue
[2024-04-05T15:31:25.785+0000] {logging_mixin.py:188} INFO - [2024-04-05T15:31:25.770+0000] {dagbag.py:540} INFO - Filling up the DagBag from /home/airflow/.local/lib/python3.8/site-packages/airflow/example_dags/example_kubernetes_executor.py
[2024-04-05T15:31:27.157+0000] {processor.py:840} INFO - DAG(s) 'example_kubernetes_executor' retrieved from /home/airflow/.local/lib/python3.8/site-packages/airflow/example_dags/example_kubernetes_executor.py
[2024-04-05T15:31:29.637+0000] {logging_mixin.py:188} INFO - [2024-04-05T15:31:29.635+0000] {dag.py:3047} INFO - Sync 1 DAGs
[2024-04-05T15:31:31.183+0000] {logging_mixin.py:188} INFO - [2024-04-05T15:31:31.152+0000] {dag.py:3834} INFO - Setting next_dagrun for example_kubernetes_executor to None, run_after=None
[2024-04-05T15:31:32.602+0000] {processor.py:183} INFO - Processing /home/airflow/.local/lib/python3.8/site-packages/airflow/example_dags/example_kubernetes_executor.py took 7.167 seconds
[2024-04-05T15:32:28.995+0000] {processor.py:161} INFO - Started process (PID=1069) to work on /home/airflow/.local/lib/python3.8/site-packages/airflow/example_dags/example_kubernetes_executor.py
[2024-04-05T15:32:29.059+0000] {processor.py:830} INFO - Processing file /home/airflow/.local/lib/python3.8/site-packages/airflow/example_dags/example_kubernetes_executor.py for tasks to queue
[2024-04-05T15:32:29.140+0000] {logging_mixin.py:188} INFO - [2024-04-05T15:32:29.103+0000] {dagbag.py:540} INFO - Filling up the DagBag from /home/airflow/.local/lib/python3.8/site-packages/airflow/example_dags/example_kubernetes_executor.py
[2024-04-05T15:32:30.994+0000] {processor.py:840} INFO - DAG(s) 'example_kubernetes_executor' retrieved from /home/airflow/.local/lib/python3.8/site-packages/airflow/example_dags/example_kubernetes_executor.py
[2024-04-05T15:32:33.691+0000] {logging_mixin.py:188} INFO - [2024-04-05T15:32:33.688+0000] {dag.py:3047} INFO - Sync 1 DAGs
[2024-04-05T15:32:35.099+0000] {logging_mixin.py:188} INFO - [2024-04-05T15:32:35.066+0000] {dag.py:3834} INFO - Setting next_dagrun for example_kubernetes_executor to None, run_after=None
[2024-04-05T15:32:35.900+0000] {processor.py:183} INFO - Processing /home/airflow/.local/lib/python3.8/site-packages/airflow/example_dags/example_kubernetes_executor.py took 7.095 seconds
