[2024-04-05T15:03:41.815+0000] {processor.py:161} INFO - Started process (PID=246) to work on /home/airflow/.local/lib/python3.8/site-packages/airflow/example_dags/example_bash_operator.py
[2024-04-05T15:03:41.850+0000] {processor.py:830} INFO - Processing file /home/airflow/.local/lib/python3.8/site-packages/airflow/example_dags/example_bash_operator.py for tasks to queue
[2024-04-05T15:03:41.955+0000] {logging_mixin.py:188} INFO - [2024-04-05T15:03:41.920+0000] {dagbag.py:540} INFO - Filling up the DagBag from /home/airflow/.local/lib/python3.8/site-packages/airflow/example_dags/example_bash_operator.py
[2024-04-05T15:03:42.785+0000] {processor.py:840} INFO - DAG(s) 'example_bash_operator' retrieved from /home/airflow/.local/lib/python3.8/site-packages/airflow/example_dags/example_bash_operator.py
[2024-04-05T15:03:52.727+0000] {logging_mixin.py:188} INFO - [2024-04-05T15:03:52.696+0000] {override.py:1769} INFO - Created Permission View: can edit on DAG:example_bash_operator
[2024-04-05T15:03:53.722+0000] {logging_mixin.py:188} INFO - [2024-04-05T15:03:53.720+0000] {override.py:1769} INFO - Created Permission View: can read on DAG:example_bash_operator
[2024-04-05T15:03:54.324+0000] {logging_mixin.py:188} INFO - [2024-04-05T15:03:54.320+0000] {override.py:1769} INFO - Created Permission View: can delete on DAG:example_bash_operator
[2024-04-05T15:03:54.391+0000] {logging_mixin.py:188} INFO - [2024-04-05T15:03:54.389+0000] {dag.py:3047} INFO - Sync 1 DAGs
[2024-04-05T15:03:56.595+0000] {logging_mixin.py:188} INFO - [2024-04-05T15:03:56.533+0000] {dag.py:3069} INFO - Creating ORM DAG for example_bash_operator
[2024-04-05T15:03:58.221+0000] {logging_mixin.py:188} INFO - [2024-04-05T15:03:58.218+0000] {dag.py:3834} INFO - Setting next_dagrun for example_bash_operator to 2024-04-04 00:00:00+00:00, run_after=2024-04-05 00:00:00+00:00
[2024-04-05T15:04:00.898+0000] {processor.py:183} INFO - Processing /home/airflow/.local/lib/python3.8/site-packages/airflow/example_dags/example_bash_operator.py took 19.325 seconds
[2024-04-05T15:09:29.698+0000] {processor.py:161} INFO - Started process (PID=379) to work on /home/airflow/.local/lib/python3.8/site-packages/airflow/example_dags/example_bash_operator.py
[2024-04-05T15:09:29.782+0000] {processor.py:830} INFO - Processing file /home/airflow/.local/lib/python3.8/site-packages/airflow/example_dags/example_bash_operator.py for tasks to queue
[2024-04-05T15:09:29.886+0000] {logging_mixin.py:188} INFO - [2024-04-05T15:09:29.872+0000] {dagbag.py:540} INFO - Filling up the DagBag from /home/airflow/.local/lib/python3.8/site-packages/airflow/example_dags/example_bash_operator.py
[2024-04-05T15:09:34.416+0000] {processor.py:840} INFO - DAG(s) 'example_bash_operator' retrieved from /home/airflow/.local/lib/python3.8/site-packages/airflow/example_dags/example_bash_operator.py
[2024-04-05T15:09:38.721+0000] {logging_mixin.py:188} INFO - [2024-04-05T15:09:38.669+0000] {dag.py:3047} INFO - Sync 1 DAGs
[2024-04-05T15:09:40.866+0000] {logging_mixin.py:188} INFO - [2024-04-05T15:09:40.864+0000] {dag.py:3834} INFO - Setting next_dagrun for example_bash_operator to 2024-04-04 00:00:00+00:00, run_after=2024-04-05 00:00:00+00:00
[2024-04-05T15:09:42.368+0000] {processor.py:183} INFO - Processing /home/airflow/.local/lib/python3.8/site-packages/airflow/example_dags/example_bash_operator.py took 13.273 seconds
[2024-04-05T15:12:00.911+0000] {processor.py:161} INFO - Started process (PID=446) to work on /home/airflow/.local/lib/python3.8/site-packages/airflow/example_dags/example_bash_operator.py
[2024-04-05T15:12:01.204+0000] {processor.py:830} INFO - Processing file /home/airflow/.local/lib/python3.8/site-packages/airflow/example_dags/example_bash_operator.py for tasks to queue
[2024-04-05T15:12:01.453+0000] {logging_mixin.py:188} INFO - [2024-04-05T15:12:01.449+0000] {dagbag.py:540} INFO - Filling up the DagBag from /home/airflow/.local/lib/python3.8/site-packages/airflow/example_dags/example_bash_operator.py
[2024-04-05T15:12:03.125+0000] {processor.py:840} INFO - DAG(s) 'example_bash_operator' retrieved from /home/airflow/.local/lib/python3.8/site-packages/airflow/example_dags/example_bash_operator.py
[2024-04-05T15:12:07.523+0000] {logging_mixin.py:188} INFO - [2024-04-05T15:12:07.472+0000] {dag.py:3047} INFO - Sync 1 DAGs
[2024-04-05T15:12:11.703+0000] {logging_mixin.py:188} INFO - [2024-04-05T15:12:11.700+0000] {dag.py:3834} INFO - Setting next_dagrun for example_bash_operator to 2024-04-04 00:00:00+00:00, run_after=2024-04-05 00:00:00+00:00
[2024-04-05T15:12:14.021+0000] {processor.py:183} INFO - Processing /home/airflow/.local/lib/python3.8/site-packages/airflow/example_dags/example_bash_operator.py took 13.664 seconds
[2024-04-05T15:15:05.207+0000] {processor.py:161} INFO - Started process (PID=537) to work on /home/airflow/.local/lib/python3.8/site-packages/airflow/example_dags/example_bash_operator.py
[2024-04-05T15:15:05.297+0000] {processor.py:830} INFO - Processing file /home/airflow/.local/lib/python3.8/site-packages/airflow/example_dags/example_bash_operator.py for tasks to queue
[2024-04-05T15:15:05.449+0000] {logging_mixin.py:188} INFO - [2024-04-05T15:15:05.446+0000] {dagbag.py:540} INFO - Filling up the DagBag from /home/airflow/.local/lib/python3.8/site-packages/airflow/example_dags/example_bash_operator.py
[2024-04-05T15:15:06.484+0000] {processor.py:840} INFO - DAG(s) 'example_bash_operator' retrieved from /home/airflow/.local/lib/python3.8/site-packages/airflow/example_dags/example_bash_operator.py
[2024-04-05T15:15:07.655+0000] {logging_mixin.py:188} INFO - [2024-04-05T15:15:07.653+0000] {dag.py:3047} INFO - Sync 1 DAGs
[2024-04-05T15:15:08.804+0000] {logging_mixin.py:188} INFO - [2024-04-05T15:15:08.786+0000] {dag.py:3834} INFO - Setting next_dagrun for example_bash_operator to 2024-04-04 00:00:00+00:00, run_after=2024-04-05 00:00:00+00:00
[2024-04-05T15:15:10.344+0000] {processor.py:183} INFO - Processing /home/airflow/.local/lib/python3.8/site-packages/airflow/example_dags/example_bash_operator.py took 5.299 seconds
[2024-04-05T15:17:10.189+0000] {processor.py:161} INFO - Started process (PID=590) to work on /home/airflow/.local/lib/python3.8/site-packages/airflow/example_dags/example_bash_operator.py
[2024-04-05T15:17:10.544+0000] {processor.py:830} INFO - Processing file /home/airflow/.local/lib/python3.8/site-packages/airflow/example_dags/example_bash_operator.py for tasks to queue
[2024-04-05T15:17:10.769+0000] {logging_mixin.py:188} INFO - [2024-04-05T15:17:10.737+0000] {dagbag.py:540} INFO - Filling up the DagBag from /home/airflow/.local/lib/python3.8/site-packages/airflow/example_dags/example_bash_operator.py
[2024-04-05T15:17:13.924+0000] {processor.py:840} INFO - DAG(s) 'example_bash_operator' retrieved from /home/airflow/.local/lib/python3.8/site-packages/airflow/example_dags/example_bash_operator.py
[2024-04-05T15:17:19.494+0000] {logging_mixin.py:188} INFO - [2024-04-05T15:17:19.492+0000] {dag.py:3047} INFO - Sync 1 DAGs
[2024-04-05T15:17:22.300+0000] {logging_mixin.py:188} INFO - [2024-04-05T15:17:22.270+0000] {dag.py:3834} INFO - Setting next_dagrun for example_bash_operator to 2024-04-04 00:00:00+00:00, run_after=2024-04-05 00:00:00+00:00
[2024-04-05T15:17:24.144+0000] {processor.py:183} INFO - Processing /home/airflow/.local/lib/python3.8/site-packages/airflow/example_dags/example_bash_operator.py took 14.369 seconds
[2024-04-05T15:20:46.007+0000] {processor.py:161} INFO - Started process (PID=678) to work on /home/airflow/.local/lib/python3.8/site-packages/airflow/example_dags/example_bash_operator.py
[2024-04-05T15:20:46.064+0000] {processor.py:830} INFO - Processing file /home/airflow/.local/lib/python3.8/site-packages/airflow/example_dags/example_bash_operator.py for tasks to queue
[2024-04-05T15:20:46.309+0000] {logging_mixin.py:188} INFO - [2024-04-05T15:20:46.247+0000] {dagbag.py:540} INFO - Filling up the DagBag from /home/airflow/.local/lib/python3.8/site-packages/airflow/example_dags/example_bash_operator.py
[2024-04-05T15:20:48.149+0000] {processor.py:840} INFO - DAG(s) 'example_bash_operator' retrieved from /home/airflow/.local/lib/python3.8/site-packages/airflow/example_dags/example_bash_operator.py
[2024-04-05T15:20:51.611+0000] {logging_mixin.py:188} INFO - [2024-04-05T15:20:51.609+0000] {dag.py:3047} INFO - Sync 1 DAGs
[2024-04-05T15:20:56.520+0000] {logging_mixin.py:188} INFO - [2024-04-05T15:20:56.518+0000] {dag.py:3834} INFO - Setting next_dagrun for example_bash_operator to 2024-04-04 00:00:00+00:00, run_after=2024-04-05 00:00:00+00:00
[2024-04-05T15:20:59.560+0000] {processor.py:183} INFO - Processing /home/airflow/.local/lib/python3.8/site-packages/airflow/example_dags/example_bash_operator.py took 13.711 seconds
[2024-04-05T15:25:27.236+0000] {processor.py:161} INFO - Started process (PID=811) to work on /home/airflow/.local/lib/python3.8/site-packages/airflow/example_dags/example_bash_operator.py
[2024-04-05T15:25:27.270+0000] {processor.py:830} INFO - Processing file /home/airflow/.local/lib/python3.8/site-packages/airflow/example_dags/example_bash_operator.py for tasks to queue
[2024-04-05T15:25:27.381+0000] {logging_mixin.py:188} INFO - [2024-04-05T15:25:27.365+0000] {dagbag.py:540} INFO - Filling up the DagBag from /home/airflow/.local/lib/python3.8/site-packages/airflow/example_dags/example_bash_operator.py
[2024-04-05T15:25:28.007+0000] {processor.py:840} INFO - DAG(s) 'example_bash_operator' retrieved from /home/airflow/.local/lib/python3.8/site-packages/airflow/example_dags/example_bash_operator.py
[2024-04-05T15:25:30.525+0000] {logging_mixin.py:188} INFO - [2024-04-05T15:25:30.518+0000] {dag.py:3047} INFO - Sync 1 DAGs
[2024-04-05T15:25:33.110+0000] {logging_mixin.py:188} INFO - [2024-04-05T15:25:32.961+0000] {dag.py:3834} INFO - Setting next_dagrun for example_bash_operator to 2024-04-04 00:00:00+00:00, run_after=2024-04-05 00:00:00+00:00
[2024-04-05T15:25:34.401+0000] {processor.py:183} INFO - Processing /home/airflow/.local/lib/python3.8/site-packages/airflow/example_dags/example_bash_operator.py took 7.325 seconds
[2024-04-05T15:26:29.992+0000] {processor.py:161} INFO - Started process (PID=856) to work on /home/airflow/.local/lib/python3.8/site-packages/airflow/example_dags/example_bash_operator.py
[2024-04-05T15:26:30.014+0000] {processor.py:830} INFO - Processing file /home/airflow/.local/lib/python3.8/site-packages/airflow/example_dags/example_bash_operator.py for tasks to queue
[2024-04-05T15:26:30.047+0000] {logging_mixin.py:188} INFO - [2024-04-05T15:26:30.044+0000] {dagbag.py:540} INFO - Filling up the DagBag from /home/airflow/.local/lib/python3.8/site-packages/airflow/example_dags/example_bash_operator.py
[2024-04-05T15:26:31.065+0000] {processor.py:840} INFO - DAG(s) 'example_bash_operator' retrieved from /home/airflow/.local/lib/python3.8/site-packages/airflow/example_dags/example_bash_operator.py
[2024-04-05T15:26:34.461+0000] {logging_mixin.py:188} INFO - [2024-04-05T15:26:34.449+0000] {dag.py:3047} INFO - Sync 1 DAGs
[2024-04-05T15:26:35.306+0000] {logging_mixin.py:188} INFO - [2024-04-05T15:26:35.304+0000] {dag.py:3834} INFO - Setting next_dagrun for example_bash_operator to 2024-04-04 00:00:00+00:00, run_after=2024-04-05 00:00:00+00:00
[2024-04-05T15:26:36.042+0000] {processor.py:183} INFO - Processing /home/airflow/.local/lib/python3.8/site-packages/airflow/example_dags/example_bash_operator.py took 6.162 seconds
[2024-04-05T15:31:44.478+0000] {processor.py:161} INFO - Started process (PID=1027) to work on /home/airflow/.local/lib/python3.8/site-packages/airflow/example_dags/example_bash_operator.py
[2024-04-05T15:31:44.497+0000] {processor.py:830} INFO - Processing file /home/airflow/.local/lib/python3.8/site-packages/airflow/example_dags/example_bash_operator.py for tasks to queue
[2024-04-05T15:31:44.527+0000] {logging_mixin.py:188} INFO - [2024-04-05T15:31:44.524+0000] {dagbag.py:540} INFO - Filling up the DagBag from /home/airflow/.local/lib/python3.8/site-packages/airflow/example_dags/example_bash_operator.py
[2024-04-05T15:31:45.299+0000] {processor.py:840} INFO - DAG(s) 'example_bash_operator' retrieved from /home/airflow/.local/lib/python3.8/site-packages/airflow/example_dags/example_bash_operator.py
[2024-04-05T15:31:48.572+0000] {logging_mixin.py:188} INFO - [2024-04-05T15:31:48.565+0000] {dag.py:3047} INFO - Sync 1 DAGs
[2024-04-05T15:31:49.646+0000] {logging_mixin.py:188} INFO - [2024-04-05T15:31:49.644+0000] {dag.py:3834} INFO - Setting next_dagrun for example_bash_operator to 2024-04-04 00:00:00+00:00, run_after=2024-04-05 00:00:00+00:00
[2024-04-05T15:31:50.584+0000] {processor.py:183} INFO - Processing /home/airflow/.local/lib/python3.8/site-packages/airflow/example_dags/example_bash_operator.py took 6.353 seconds
[2024-04-05T15:32:44.948+0000] {processor.py:161} INFO - Started process (PID=1076) to work on /home/airflow/.local/lib/python3.8/site-packages/airflow/example_dags/example_bash_operator.py
[2024-04-05T15:32:44.981+0000] {processor.py:830} INFO - Processing file /home/airflow/.local/lib/python3.8/site-packages/airflow/example_dags/example_bash_operator.py for tasks to queue
[2024-04-05T15:32:45.021+0000] {logging_mixin.py:188} INFO - [2024-04-05T15:32:45.015+0000] {dagbag.py:540} INFO - Filling up the DagBag from /home/airflow/.local/lib/python3.8/site-packages/airflow/example_dags/example_bash_operator.py
[2024-04-05T15:32:45.669+0000] {processor.py:840} INFO - DAG(s) 'example_bash_operator' retrieved from /home/airflow/.local/lib/python3.8/site-packages/airflow/example_dags/example_bash_operator.py
[2024-04-05T15:32:47.018+0000] {logging_mixin.py:188} INFO - [2024-04-05T15:32:47.016+0000] {dag.py:3047} INFO - Sync 1 DAGs
[2024-04-05T15:32:48.222+0000] {logging_mixin.py:188} INFO - [2024-04-05T15:32:48.202+0000] {dag.py:3834} INFO - Setting next_dagrun for example_bash_operator to 2024-04-04 00:00:00+00:00, run_after=2024-04-05 00:00:00+00:00
[2024-04-05T15:32:49.132+0000] {processor.py:183} INFO - Processing /home/airflow/.local/lib/python3.8/site-packages/airflow/example_dags/example_bash_operator.py took 4.317 seconds
