[2024-04-05T15:00:39.656+0000] {processor.py:161} INFO - Started process (PID=203) to work on /home/airflow/.local/lib/python3.8/site-packages/airflow/example_dags/example_params_trigger_ui.py
[2024-04-05T15:00:39.731+0000] {processor.py:830} INFO - Processing file /home/airflow/.local/lib/python3.8/site-packages/airflow/example_dags/example_params_trigger_ui.py for tasks to queue
[2024-04-05T15:00:40.023+0000] {logging_mixin.py:188} INFO - [2024-04-05T15:00:39.944+0000] {dagbag.py:540} INFO - Filling up the DagBag from /home/airflow/.local/lib/python3.8/site-packages/airflow/example_dags/example_params_trigger_ui.py
[2024-04-05T15:00:42.798+0000] {processor.py:840} INFO - DAG(s) 'example_params_trigger_ui' retrieved from /home/airflow/.local/lib/python3.8/site-packages/airflow/example_dags/example_params_trigger_ui.py
[2024-04-05T15:01:01.090+0000] {logging_mixin.py:188} INFO - [2024-04-05T15:01:00.772+0000] {override.py:1769} INFO - Created Permission View: can edit on DAG:example_params_trigger_ui
[2024-04-05T15:01:02.103+0000] {logging_mixin.py:188} INFO - [2024-04-05T15:01:02.087+0000] {override.py:1769} INFO - Created Permission View: can read on DAG:example_params_trigger_ui
[2024-04-05T15:01:02.536+0000] {logging_mixin.py:188} INFO - [2024-04-05T15:01:02.519+0000] {override.py:1769} INFO - Created Permission View: can delete on DAG:example_params_trigger_ui
[2024-04-05T15:01:02.579+0000] {logging_mixin.py:188} INFO - [2024-04-05T15:01:02.577+0000] {dag.py:3047} INFO - Sync 1 DAGs
[2024-04-05T15:01:04.022+0000] {logging_mixin.py:188} INFO - [2024-04-05T15:01:04.020+0000] {dag.py:3069} INFO - Creating ORM DAG for example_params_trigger_ui
[2024-04-05T15:01:04.120+0000] {logging_mixin.py:188} INFO - [2024-04-05T15:01:04.109+0000] {dag.py:3834} INFO - Setting next_dagrun for example_params_trigger_ui to None, run_after=None
[2024-04-05T15:01:05.829+0000] {processor.py:183} INFO - Processing /home/airflow/.local/lib/python3.8/site-packages/airflow/example_dags/example_params_trigger_ui.py took 26.694 seconds
[2024-04-05T15:07:46.957+0000] {processor.py:161} INFO - Started process (PID=334) to work on /home/airflow/.local/lib/python3.8/site-packages/airflow/example_dags/example_params_trigger_ui.py
[2024-04-05T15:07:47.045+0000] {processor.py:830} INFO - Processing file /home/airflow/.local/lib/python3.8/site-packages/airflow/example_dags/example_params_trigger_ui.py for tasks to queue
[2024-04-05T15:07:47.501+0000] {logging_mixin.py:188} INFO - [2024-04-05T15:07:47.422+0000] {dagbag.py:540} INFO - Filling up the DagBag from /home/airflow/.local/lib/python3.8/site-packages/airflow/example_dags/example_params_trigger_ui.py
[2024-04-05T15:07:49.269+0000] {processor.py:840} INFO - DAG(s) 'example_params_trigger_ui' retrieved from /home/airflow/.local/lib/python3.8/site-packages/airflow/example_dags/example_params_trigger_ui.py
[2024-04-05T15:07:59.918+0000] {logging_mixin.py:188} INFO - [2024-04-05T15:07:59.915+0000] {dag.py:3047} INFO - Sync 1 DAGs
[2024-04-05T15:08:01.617+0000] {logging_mixin.py:188} INFO - [2024-04-05T15:08:01.603+0000] {dag.py:3834} INFO - Setting next_dagrun for example_params_trigger_ui to None, run_after=None
[2024-04-05T15:08:04.686+0000] {processor.py:183} INFO - Processing /home/airflow/.local/lib/python3.8/site-packages/airflow/example_dags/example_params_trigger_ui.py took 18.282 seconds
[2024-04-05T15:10:01.608+0000] {processor.py:161} INFO - Started process (PID=393) to work on /home/airflow/.local/lib/python3.8/site-packages/airflow/example_dags/example_params_trigger_ui.py
[2024-04-05T15:10:01.683+0000] {processor.py:830} INFO - Processing file /home/airflow/.local/lib/python3.8/site-packages/airflow/example_dags/example_params_trigger_ui.py for tasks to queue
[2024-04-05T15:10:01.964+0000] {logging_mixin.py:188} INFO - [2024-04-05T15:10:01.761+0000] {dagbag.py:540} INFO - Filling up the DagBag from /home/airflow/.local/lib/python3.8/site-packages/airflow/example_dags/example_params_trigger_ui.py
[2024-04-05T15:10:03.493+0000] {processor.py:840} INFO - DAG(s) 'example_params_trigger_ui' retrieved from /home/airflow/.local/lib/python3.8/site-packages/airflow/example_dags/example_params_trigger_ui.py
[2024-04-05T15:10:10.938+0000] {logging_mixin.py:188} INFO - [2024-04-05T15:10:10.932+0000] {dag.py:3047} INFO - Sync 1 DAGs
[2024-04-05T15:10:13.238+0000] {logging_mixin.py:188} INFO - [2024-04-05T15:10:13.236+0000] {dag.py:3834} INFO - Setting next_dagrun for example_params_trigger_ui to None, run_after=None
[2024-04-05T15:10:15.073+0000] {processor.py:183} INFO - Processing /home/airflow/.local/lib/python3.8/site-packages/airflow/example_dags/example_params_trigger_ui.py took 14.156 seconds
[2024-04-05T15:13:41.031+0000] {processor.py:161} INFO - Started process (PID=493) to work on /home/airflow/.local/lib/python3.8/site-packages/airflow/example_dags/example_params_trigger_ui.py
[2024-04-05T15:13:41.113+0000] {processor.py:830} INFO - Processing file /home/airflow/.local/lib/python3.8/site-packages/airflow/example_dags/example_params_trigger_ui.py for tasks to queue
[2024-04-05T15:13:41.453+0000] {logging_mixin.py:188} INFO - [2024-04-05T15:13:41.330+0000] {dagbag.py:540} INFO - Filling up the DagBag from /home/airflow/.local/lib/python3.8/site-packages/airflow/example_dags/example_params_trigger_ui.py
[2024-04-05T15:13:43.771+0000] {processor.py:840} INFO - DAG(s) 'example_params_trigger_ui' retrieved from /home/airflow/.local/lib/python3.8/site-packages/airflow/example_dags/example_params_trigger_ui.py
[2024-04-05T15:13:46.270+0000] {logging_mixin.py:188} INFO - [2024-04-05T15:13:46.267+0000] {dag.py:3047} INFO - Sync 1 DAGs
[2024-04-05T15:13:46.906+0000] {logging_mixin.py:188} INFO - [2024-04-05T15:13:46.904+0000] {dag.py:3834} INFO - Setting next_dagrun for example_params_trigger_ui to None, run_after=None
[2024-04-05T15:13:48.061+0000] {processor.py:183} INFO - Processing /home/airflow/.local/lib/python3.8/site-packages/airflow/example_dags/example_params_trigger_ui.py took 7.392 seconds
[2024-04-05T15:15:21.307+0000] {processor.py:161} INFO - Started process (PID=544) to work on /home/airflow/.local/lib/python3.8/site-packages/airflow/example_dags/example_params_trigger_ui.py
[2024-04-05T15:15:21.503+0000] {processor.py:830} INFO - Processing file /home/airflow/.local/lib/python3.8/site-packages/airflow/example_dags/example_params_trigger_ui.py for tasks to queue
[2024-04-05T15:15:21.915+0000] {logging_mixin.py:188} INFO - [2024-04-05T15:15:21.912+0000] {dagbag.py:540} INFO - Filling up the DagBag from /home/airflow/.local/lib/python3.8/site-packages/airflow/example_dags/example_params_trigger_ui.py
[2024-04-05T15:15:23.731+0000] {processor.py:840} INFO - DAG(s) 'example_params_trigger_ui' retrieved from /home/airflow/.local/lib/python3.8/site-packages/airflow/example_dags/example_params_trigger_ui.py
[2024-04-05T15:15:29.836+0000] {logging_mixin.py:188} INFO - [2024-04-05T15:15:29.821+0000] {dag.py:3047} INFO - Sync 1 DAGs
[2024-04-05T15:15:30.462+0000] {logging_mixin.py:188} INFO - [2024-04-05T15:15:30.461+0000] {dag.py:3834} INFO - Setting next_dagrun for example_params_trigger_ui to None, run_after=None
[2024-04-05T15:15:32.943+0000] {processor.py:183} INFO - Processing /home/airflow/.local/lib/python3.8/site-packages/airflow/example_dags/example_params_trigger_ui.py took 12.313 seconds
[2024-04-05T15:18:23.128+0000] {processor.py:161} INFO - Started process (PID=626) to work on /home/airflow/.local/lib/python3.8/site-packages/airflow/example_dags/example_params_trigger_ui.py
[2024-04-05T15:18:23.276+0000] {processor.py:830} INFO - Processing file /home/airflow/.local/lib/python3.8/site-packages/airflow/example_dags/example_params_trigger_ui.py for tasks to queue
[2024-04-05T15:18:23.768+0000] {logging_mixin.py:188} INFO - [2024-04-05T15:18:23.667+0000] {dagbag.py:540} INFO - Filling up the DagBag from /home/airflow/.local/lib/python3.8/site-packages/airflow/example_dags/example_params_trigger_ui.py
[2024-04-05T15:18:27.718+0000] {processor.py:840} INFO - DAG(s) 'example_params_trigger_ui' retrieved from /home/airflow/.local/lib/python3.8/site-packages/airflow/example_dags/example_params_trigger_ui.py
[2024-04-05T15:18:35.960+0000] {logging_mixin.py:188} INFO - [2024-04-05T15:18:35.958+0000] {dag.py:3047} INFO - Sync 1 DAGs
[2024-04-05T15:18:38.073+0000] {logging_mixin.py:188} INFO - [2024-04-05T15:18:37.971+0000] {dag.py:3834} INFO - Setting next_dagrun for example_params_trigger_ui to None, run_after=None
[2024-04-05T15:18:40.084+0000] {processor.py:183} INFO - Processing /home/airflow/.local/lib/python3.8/site-packages/airflow/example_dags/example_params_trigger_ui.py took 17.972 seconds
[2024-04-05T15:20:54.527+0000] {processor.py:161} INFO - Started process (PID=681) to work on /home/airflow/.local/lib/python3.8/site-packages/airflow/example_dags/example_params_trigger_ui.py
[2024-04-05T15:20:54.650+0000] {processor.py:830} INFO - Processing file /home/airflow/.local/lib/python3.8/site-packages/airflow/example_dags/example_params_trigger_ui.py for tasks to queue
[2024-04-05T15:20:54.738+0000] {logging_mixin.py:188} INFO - [2024-04-05T15:20:54.734+0000] {dagbag.py:540} INFO - Filling up the DagBag from /home/airflow/.local/lib/python3.8/site-packages/airflow/example_dags/example_params_trigger_ui.py
[2024-04-05T15:20:56.243+0000] {processor.py:840} INFO - DAG(s) 'example_params_trigger_ui' retrieved from /home/airflow/.local/lib/python3.8/site-packages/airflow/example_dags/example_params_trigger_ui.py
[2024-04-05T15:21:08.096+0000] {logging_mixin.py:188} INFO - [2024-04-05T15:21:08.093+0000] {dag.py:3047} INFO - Sync 1 DAGs
[2024-04-05T15:21:09.366+0000] {logging_mixin.py:188} INFO - [2024-04-05T15:21:09.363+0000] {dag.py:3834} INFO - Setting next_dagrun for example_params_trigger_ui to None, run_after=None
[2024-04-05T15:21:10.857+0000] {processor.py:183} INFO - Processing /home/airflow/.local/lib/python3.8/site-packages/airflow/example_dags/example_params_trigger_ui.py took 17.019 seconds
[2024-04-05T15:24:06.405+0000] {processor.py:161} INFO - Started process (PID=766) to work on /home/airflow/.local/lib/python3.8/site-packages/airflow/example_dags/example_params_trigger_ui.py
[2024-04-05T15:24:06.750+0000] {processor.py:830} INFO - Processing file /home/airflow/.local/lib/python3.8/site-packages/airflow/example_dags/example_params_trigger_ui.py for tasks to queue
[2024-04-05T15:24:06.991+0000] {logging_mixin.py:188} INFO - [2024-04-05T15:24:06.927+0000] {dagbag.py:540} INFO - Filling up the DagBag from /home/airflow/.local/lib/python3.8/site-packages/airflow/example_dags/example_params_trigger_ui.py
[2024-04-05T15:24:09.240+0000] {processor.py:840} INFO - DAG(s) 'example_params_trigger_ui' retrieved from /home/airflow/.local/lib/python3.8/site-packages/airflow/example_dags/example_params_trigger_ui.py
[2024-04-05T15:24:15.834+0000] {logging_mixin.py:188} INFO - [2024-04-05T15:24:15.830+0000] {dag.py:3047} INFO - Sync 1 DAGs
[2024-04-05T15:24:16.477+0000] {logging_mixin.py:188} INFO - [2024-04-05T15:24:16.475+0000] {dag.py:3834} INFO - Setting next_dagrun for example_params_trigger_ui to None, run_after=None
[2024-04-05T15:24:17.473+0000] {processor.py:183} INFO - Processing /home/airflow/.local/lib/python3.8/site-packages/airflow/example_dags/example_params_trigger_ui.py took 12.198 seconds
[2024-04-05T15:25:36.421+0000] {processor.py:161} INFO - Started process (PID=816) to work on /home/airflow/.local/lib/python3.8/site-packages/airflow/example_dags/example_params_trigger_ui.py
[2024-04-05T15:25:36.459+0000] {processor.py:830} INFO - Processing file /home/airflow/.local/lib/python3.8/site-packages/airflow/example_dags/example_params_trigger_ui.py for tasks to queue
[2024-04-05T15:25:36.509+0000] {logging_mixin.py:188} INFO - [2024-04-05T15:25:36.484+0000] {dagbag.py:540} INFO - Filling up the DagBag from /home/airflow/.local/lib/python3.8/site-packages/airflow/example_dags/example_params_trigger_ui.py
[2024-04-05T15:25:37.545+0000] {processor.py:840} INFO - DAG(s) 'example_params_trigger_ui' retrieved from /home/airflow/.local/lib/python3.8/site-packages/airflow/example_dags/example_params_trigger_ui.py
[2024-04-05T15:25:42.156+0000] {logging_mixin.py:188} INFO - [2024-04-05T15:25:42.154+0000] {dag.py:3047} INFO - Sync 1 DAGs
[2024-04-05T15:25:42.944+0000] {logging_mixin.py:188} INFO - [2024-04-05T15:25:42.920+0000] {dag.py:3834} INFO - Setting next_dagrun for example_params_trigger_ui to None, run_after=None
[2024-04-05T15:25:44.365+0000] {processor.py:183} INFO - Processing /home/airflow/.local/lib/python3.8/site-packages/airflow/example_dags/example_params_trigger_ui.py took 8.163 seconds
[2024-04-05T15:27:10.943+0000] {processor.py:161} INFO - Started process (PID=884) to work on /home/airflow/.local/lib/python3.8/site-packages/airflow/example_dags/example_params_trigger_ui.py
[2024-04-05T15:27:10.987+0000] {processor.py:830} INFO - Processing file /home/airflow/.local/lib/python3.8/site-packages/airflow/example_dags/example_params_trigger_ui.py for tasks to queue
[2024-04-05T15:27:11.128+0000] {logging_mixin.py:188} INFO - [2024-04-05T15:27:11.018+0000] {dagbag.py:540} INFO - Filling up the DagBag from /home/airflow/.local/lib/python3.8/site-packages/airflow/example_dags/example_params_trigger_ui.py
[2024-04-05T15:27:12.176+0000] {processor.py:840} INFO - DAG(s) 'example_params_trigger_ui' retrieved from /home/airflow/.local/lib/python3.8/site-packages/airflow/example_dags/example_params_trigger_ui.py
[2024-04-05T15:27:18.349+0000] {logging_mixin.py:188} INFO - [2024-04-05T15:27:18.327+0000] {dag.py:3047} INFO - Sync 1 DAGs
[2024-04-05T15:27:18.974+0000] {logging_mixin.py:188} INFO - [2024-04-05T15:27:18.972+0000] {dag.py:3834} INFO - Setting next_dagrun for example_params_trigger_ui to None, run_after=None
[2024-04-05T15:27:19.641+0000] {processor.py:183} INFO - Processing /home/airflow/.local/lib/python3.8/site-packages/airflow/example_dags/example_params_trigger_ui.py took 8.844 seconds
[2024-04-05T15:29:01.358+0000] {processor.py:161} INFO - Started process (PID=939) to work on /home/airflow/.local/lib/python3.8/site-packages/airflow/example_dags/example_params_trigger_ui.py
[2024-04-05T15:29:01.422+0000] {processor.py:830} INFO - Processing file /home/airflow/.local/lib/python3.8/site-packages/airflow/example_dags/example_params_trigger_ui.py for tasks to queue
[2024-04-05T15:29:01.516+0000] {logging_mixin.py:188} INFO - [2024-04-05T15:29:01.499+0000] {dagbag.py:540} INFO - Filling up the DagBag from /home/airflow/.local/lib/python3.8/site-packages/airflow/example_dags/example_params_trigger_ui.py
[2024-04-05T15:29:02.528+0000] {processor.py:840} INFO - DAG(s) 'example_params_trigger_ui' retrieved from /home/airflow/.local/lib/python3.8/site-packages/airflow/example_dags/example_params_trigger_ui.py
[2024-04-05T15:29:08.870+0000] {logging_mixin.py:188} INFO - [2024-04-05T15:29:08.867+0000] {dag.py:3047} INFO - Sync 1 DAGs
[2024-04-05T15:29:09.487+0000] {logging_mixin.py:188} INFO - [2024-04-05T15:29:09.485+0000] {dag.py:3834} INFO - Setting next_dagrun for example_params_trigger_ui to None, run_after=None
[2024-04-05T15:29:10.014+0000] {processor.py:183} INFO - Processing /home/airflow/.local/lib/python3.8/site-packages/airflow/example_dags/example_params_trigger_ui.py took 8.890 seconds
[2024-04-05T15:30:56.037+0000] {processor.py:161} INFO - Started process (PID=1001) to work on /home/airflow/.local/lib/python3.8/site-packages/airflow/example_dags/example_params_trigger_ui.py
[2024-04-05T15:30:56.161+0000] {processor.py:830} INFO - Processing file /home/airflow/.local/lib/python3.8/site-packages/airflow/example_dags/example_params_trigger_ui.py for tasks to queue
[2024-04-05T15:30:56.327+0000] {logging_mixin.py:188} INFO - [2024-04-05T15:30:56.279+0000] {dagbag.py:540} INFO - Filling up the DagBag from /home/airflow/.local/lib/python3.8/site-packages/airflow/example_dags/example_params_trigger_ui.py
[2024-04-05T15:31:01.329+0000] {processor.py:840} INFO - DAG(s) 'example_params_trigger_ui' retrieved from /home/airflow/.local/lib/python3.8/site-packages/airflow/example_dags/example_params_trigger_ui.py
[2024-04-05T15:31:08.086+0000] {logging_mixin.py:188} INFO - [2024-04-05T15:31:08.084+0000] {dag.py:3047} INFO - Sync 1 DAGs
[2024-04-05T15:31:09.396+0000] {logging_mixin.py:188} INFO - [2024-04-05T15:31:09.334+0000] {dag.py:3834} INFO - Setting next_dagrun for example_params_trigger_ui to None, run_after=None
[2024-04-05T15:31:10.906+0000] {processor.py:183} INFO - Processing /home/airflow/.local/lib/python3.8/site-packages/airflow/example_dags/example_params_trigger_ui.py took 15.802 seconds
[2024-04-05T15:32:04.774+0000] {processor.py:161} INFO - Started process (PID=1049) to work on /home/airflow/.local/lib/python3.8/site-packages/airflow/example_dags/example_params_trigger_ui.py
[2024-04-05T15:32:04.816+0000] {processor.py:830} INFO - Processing file /home/airflow/.local/lib/python3.8/site-packages/airflow/example_dags/example_params_trigger_ui.py for tasks to queue
[2024-04-05T15:32:04.871+0000] {logging_mixin.py:188} INFO - [2024-04-05T15:32:04.858+0000] {dagbag.py:540} INFO - Filling up the DagBag from /home/airflow/.local/lib/python3.8/site-packages/airflow/example_dags/example_params_trigger_ui.py
[2024-04-05T15:32:05.909+0000] {processor.py:840} INFO - DAG(s) 'example_params_trigger_ui' retrieved from /home/airflow/.local/lib/python3.8/site-packages/airflow/example_dags/example_params_trigger_ui.py
[2024-04-05T15:32:10.197+0000] {logging_mixin.py:188} INFO - [2024-04-05T15:32:10.195+0000] {dag.py:3047} INFO - Sync 1 DAGs
[2024-04-05T15:32:11.414+0000] {logging_mixin.py:188} INFO - [2024-04-05T15:32:11.411+0000] {dag.py:3834} INFO - Setting next_dagrun for example_params_trigger_ui to None, run_after=None
[2024-04-05T15:32:12.547+0000] {processor.py:183} INFO - Processing /home/airflow/.local/lib/python3.8/site-packages/airflow/example_dags/example_params_trigger_ui.py took 8.135 seconds
[2024-04-05T15:33:32.186+0000] {processor.py:161} INFO - Started process (PID=1107) to work on /home/airflow/.local/lib/python3.8/site-packages/airflow/example_dags/example_params_trigger_ui.py
[2024-04-05T15:33:32.418+0000] {processor.py:830} INFO - Processing file /home/airflow/.local/lib/python3.8/site-packages/airflow/example_dags/example_params_trigger_ui.py for tasks to queue
[2024-04-05T15:33:32.721+0000] {logging_mixin.py:188} INFO - [2024-04-05T15:33:32.626+0000] {dagbag.py:540} INFO - Filling up the DagBag from /home/airflow/.local/lib/python3.8/site-packages/airflow/example_dags/example_params_trigger_ui.py
[2024-04-05T15:33:37.465+0000] {processor.py:840} INFO - DAG(s) 'example_params_trigger_ui' retrieved from /home/airflow/.local/lib/python3.8/site-packages/airflow/example_dags/example_params_trigger_ui.py
