[2024-04-05T15:03:55.094+0000] {processor.py:161} INFO - Started process (PID=247) to work on /home/airflow/.local/lib/python3.8/site-packages/airflow/example_dags/example_branch_datetime_operator.py
[2024-04-05T15:03:55.230+0000] {processor.py:830} INFO - Processing file /home/airflow/.local/lib/python3.8/site-packages/airflow/example_dags/example_branch_datetime_operator.py for tasks to queue
[2024-04-05T15:03:55.307+0000] {logging_mixin.py:188} INFO - [2024-04-05T15:03:55.292+0000] {dagbag.py:540} INFO - Filling up the DagBag from /home/airflow/.local/lib/python3.8/site-packages/airflow/example_dags/example_branch_datetime_operator.py
[2024-04-05T15:03:57.751+0000] {processor.py:840} INFO - DAG(s) 'example_branch_datetime_operator_2', 'example_branch_datetime_operator', 'example_branch_datetime_operator_3' retrieved from /home/airflow/.local/lib/python3.8/site-packages/airflow/example_dags/example_branch_datetime_operator.py
[2024-04-05T15:04:06.793+0000] {logging_mixin.py:188} INFO - [2024-04-05T15:04:06.775+0000] {override.py:1769} INFO - Created Permission View: can edit on DAG:example_branch_datetime_operator_2
[2024-04-05T15:04:07.298+0000] {logging_mixin.py:188} INFO - [2024-04-05T15:04:07.285+0000] {override.py:1769} INFO - Created Permission View: can read on DAG:example_branch_datetime_operator_2
[2024-04-05T15:04:07.746+0000] {logging_mixin.py:188} INFO - [2024-04-05T15:04:07.729+0000] {override.py:1769} INFO - Created Permission View: can delete on DAG:example_branch_datetime_operator_2
[2024-04-05T15:04:09.357+0000] {logging_mixin.py:188} INFO - [2024-04-05T15:04:09.332+0000] {override.py:1769} INFO - Created Permission View: can edit on DAG:example_branch_datetime_operator
[2024-04-05T15:04:09.743+0000] {logging_mixin.py:188} INFO - [2024-04-05T15:04:09.741+0000] {override.py:1769} INFO - Created Permission View: can read on DAG:example_branch_datetime_operator
[2024-04-05T15:04:10.190+0000] {logging_mixin.py:188} INFO - [2024-04-05T15:04:10.174+0000] {override.py:1769} INFO - Created Permission View: can delete on DAG:example_branch_datetime_operator
[2024-04-05T15:04:11.504+0000] {logging_mixin.py:188} INFO - [2024-04-05T15:04:11.501+0000] {override.py:1769} INFO - Created Permission View: can edit on DAG:example_branch_datetime_operator_3
[2024-04-05T15:04:12.141+0000] {logging_mixin.py:188} INFO - [2024-04-05T15:04:12.010+0000] {override.py:1769} INFO - Created Permission View: can read on DAG:example_branch_datetime_operator_3
[2024-04-05T15:04:12.556+0000] {logging_mixin.py:188} INFO - [2024-04-05T15:04:12.541+0000] {override.py:1769} INFO - Created Permission View: can delete on DAG:example_branch_datetime_operator_3
[2024-04-05T15:04:12.581+0000] {logging_mixin.py:188} INFO - [2024-04-05T15:04:12.580+0000] {dag.py:3047} INFO - Sync 3 DAGs
[2024-04-05T15:04:14.553+0000] {logging_mixin.py:188} INFO - [2024-04-05T15:04:14.552+0000] {dag.py:3069} INFO - Creating ORM DAG for example_branch_datetime_operator
[2024-04-05T15:04:14.630+0000] {logging_mixin.py:188} INFO - [2024-04-05T15:04:14.627+0000] {dag.py:3069} INFO - Creating ORM DAG for example_branch_datetime_operator_3
[2024-04-05T15:04:14.764+0000] {logging_mixin.py:188} INFO - [2024-04-05T15:04:14.733+0000] {dag.py:3069} INFO - Creating ORM DAG for example_branch_datetime_operator_2
[2024-04-05T15:04:15.948+0000] {logging_mixin.py:188} INFO - [2024-04-05T15:04:15.946+0000] {dag.py:3834} INFO - Setting next_dagrun for example_branch_datetime_operator to 2024-04-04 00:00:00+00:00, run_after=2024-04-05 00:00:00+00:00
[2024-04-05T15:04:16.397+0000] {logging_mixin.py:188} INFO - [2024-04-05T15:04:16.282+0000] {dag.py:3834} INFO - Setting next_dagrun for example_branch_datetime_operator_2 to 2024-04-04 00:00:00+00:00, run_after=2024-04-05 00:00:00+00:00
[2024-04-05T15:04:16.945+0000] {logging_mixin.py:188} INFO - [2024-04-05T15:04:16.833+0000] {dag.py:3834} INFO - Setting next_dagrun for example_branch_datetime_operator_3 to 2024-04-04 00:00:00+00:00, run_after=2024-04-05 00:00:00+00:00
[2024-04-05T15:04:19.119+0000] {processor.py:183} INFO - Processing /home/airflow/.local/lib/python3.8/site-packages/airflow/example_dags/example_branch_datetime_operator.py took 24.361 seconds
[2024-04-05T15:09:41.206+0000] {processor.py:161} INFO - Started process (PID=387) to work on /home/airflow/.local/lib/python3.8/site-packages/airflow/example_dags/example_branch_datetime_operator.py
[2024-04-05T15:09:41.252+0000] {processor.py:830} INFO - Processing file /home/airflow/.local/lib/python3.8/site-packages/airflow/example_dags/example_branch_datetime_operator.py for tasks to queue
[2024-04-05T15:09:41.420+0000] {logging_mixin.py:188} INFO - [2024-04-05T15:09:41.355+0000] {dagbag.py:540} INFO - Filling up the DagBag from /home/airflow/.local/lib/python3.8/site-packages/airflow/example_dags/example_branch_datetime_operator.py
[2024-04-05T15:09:43.245+0000] {processor.py:840} INFO - DAG(s) 'example_branch_datetime_operator', 'example_branch_datetime_operator_2', 'example_branch_datetime_operator_3' retrieved from /home/airflow/.local/lib/python3.8/site-packages/airflow/example_dags/example_branch_datetime_operator.py
[2024-04-05T15:09:47.811+0000] {logging_mixin.py:188} INFO - [2024-04-05T15:09:47.809+0000] {dag.py:3047} INFO - Sync 3 DAGs
[2024-04-05T15:09:50.718+0000] {logging_mixin.py:188} INFO - [2024-04-05T15:09:50.665+0000] {dag.py:3834} INFO - Setting next_dagrun for example_branch_datetime_operator to 2024-04-04 00:00:00+00:00, run_after=2024-04-05 00:00:00+00:00
[2024-04-05T15:09:51.542+0000] {logging_mixin.py:188} INFO - [2024-04-05T15:09:51.438+0000] {dag.py:3834} INFO - Setting next_dagrun for example_branch_datetime_operator_2 to 2024-04-04 00:00:00+00:00, run_after=2024-04-05 00:00:00+00:00
[2024-04-05T15:09:52.123+0000] {logging_mixin.py:188} INFO - [2024-04-05T15:09:52.120+0000] {dag.py:3834} INFO - Setting next_dagrun for example_branch_datetime_operator_3 to 2024-04-04 00:00:00+00:00, run_after=2024-04-05 00:00:00+00:00
[2024-04-05T15:09:54.492+0000] {processor.py:183} INFO - Processing /home/airflow/.local/lib/python3.8/site-packages/airflow/example_dags/example_branch_datetime_operator.py took 13.368 seconds
[2024-04-05T15:12:08.811+0000] {processor.py:161} INFO - Started process (PID=449) to work on /home/airflow/.local/lib/python3.8/site-packages/airflow/example_dags/example_branch_datetime_operator.py
[2024-04-05T15:12:08.997+0000] {processor.py:830} INFO - Processing file /home/airflow/.local/lib/python3.8/site-packages/airflow/example_dags/example_branch_datetime_operator.py for tasks to queue
[2024-04-05T15:12:09.436+0000] {logging_mixin.py:188} INFO - [2024-04-05T15:12:09.387+0000] {dagbag.py:540} INFO - Filling up the DagBag from /home/airflow/.local/lib/python3.8/site-packages/airflow/example_dags/example_branch_datetime_operator.py
[2024-04-05T15:12:10.493+0000] {processor.py:840} INFO - DAG(s) 'example_branch_datetime_operator_3', 'example_branch_datetime_operator', 'example_branch_datetime_operator_2' retrieved from /home/airflow/.local/lib/python3.8/site-packages/airflow/example_dags/example_branch_datetime_operator.py
[2024-04-05T15:12:15.689+0000] {logging_mixin.py:188} INFO - [2024-04-05T15:12:15.687+0000] {dag.py:3047} INFO - Sync 3 DAGs
[2024-04-05T15:12:17.094+0000] {logging_mixin.py:188} INFO - [2024-04-05T15:12:17.091+0000] {dag.py:3834} INFO - Setting next_dagrun for example_branch_datetime_operator to 2024-04-04 00:00:00+00:00, run_after=2024-04-05 00:00:00+00:00
[2024-04-05T15:12:18.473+0000] {logging_mixin.py:188} INFO - [2024-04-05T15:12:18.395+0000] {dag.py:3834} INFO - Setting next_dagrun for example_branch_datetime_operator_2 to 2024-04-04 00:00:00+00:00, run_after=2024-04-05 00:00:00+00:00
[2024-04-05T15:12:18.983+0000] {logging_mixin.py:188} INFO - [2024-04-05T15:12:18.937+0000] {dag.py:3834} INFO - Setting next_dagrun for example_branch_datetime_operator_3 to 2024-04-04 00:00:00+00:00, run_after=2024-04-05 00:00:00+00:00
[2024-04-05T15:12:20.669+0000] {processor.py:183} INFO - Processing /home/airflow/.local/lib/python3.8/site-packages/airflow/example_dags/example_branch_datetime_operator.py took 12.356 seconds
[2024-04-05T15:15:06.229+0000] {processor.py:161} INFO - Started process (PID=538) to work on /home/airflow/.local/lib/python3.8/site-packages/airflow/example_dags/example_branch_datetime_operator.py
[2024-04-05T15:15:06.253+0000] {processor.py:830} INFO - Processing file /home/airflow/.local/lib/python3.8/site-packages/airflow/example_dags/example_branch_datetime_operator.py for tasks to queue
[2024-04-05T15:15:06.301+0000] {logging_mixin.py:188} INFO - [2024-04-05T15:15:06.291+0000] {dagbag.py:540} INFO - Filling up the DagBag from /home/airflow/.local/lib/python3.8/site-packages/airflow/example_dags/example_branch_datetime_operator.py
[2024-04-05T15:15:07.117+0000] {processor.py:840} INFO - DAG(s) 'example_branch_datetime_operator_2', 'example_branch_datetime_operator_3', 'example_branch_datetime_operator' retrieved from /home/airflow/.local/lib/python3.8/site-packages/airflow/example_dags/example_branch_datetime_operator.py
[2024-04-05T15:15:09.180+0000] {logging_mixin.py:188} INFO - [2024-04-05T15:15:09.166+0000] {dag.py:3047} INFO - Sync 3 DAGs
[2024-04-05T15:15:11.876+0000] {logging_mixin.py:188} INFO - [2024-04-05T15:15:11.863+0000] {dag.py:3834} INFO - Setting next_dagrun for example_branch_datetime_operator to 2024-04-04 00:00:00+00:00, run_after=2024-04-05 00:00:00+00:00
[2024-04-05T15:15:12.793+0000] {logging_mixin.py:188} INFO - [2024-04-05T15:15:12.790+0000] {dag.py:3834} INFO - Setting next_dagrun for example_branch_datetime_operator_2 to 2024-04-04 00:00:00+00:00, run_after=2024-04-05 00:00:00+00:00
[2024-04-05T15:15:12.932+0000] {logging_mixin.py:188} INFO - [2024-04-05T15:15:12.930+0000] {dag.py:3834} INFO - Setting next_dagrun for example_branch_datetime_operator_3 to 2024-04-04 00:00:00+00:00, run_after=2024-04-05 00:00:00+00:00
[2024-04-05T15:15:15.041+0000] {processor.py:183} INFO - Processing /home/airflow/.local/lib/python3.8/site-packages/airflow/example_dags/example_branch_datetime_operator.py took 8.914 seconds
[2024-04-05T15:17:23.424+0000] {processor.py:161} INFO - Started process (PID=599) to work on /home/airflow/.local/lib/python3.8/site-packages/airflow/example_dags/example_branch_datetime_operator.py
[2024-04-05T15:17:23.474+0000] {processor.py:830} INFO - Processing file /home/airflow/.local/lib/python3.8/site-packages/airflow/example_dags/example_branch_datetime_operator.py for tasks to queue
[2024-04-05T15:17:23.584+0000] {logging_mixin.py:188} INFO - [2024-04-05T15:17:23.569+0000] {dagbag.py:540} INFO - Filling up the DagBag from /home/airflow/.local/lib/python3.8/site-packages/airflow/example_dags/example_branch_datetime_operator.py
[2024-04-05T15:17:24.903+0000] {processor.py:840} INFO - DAG(s) 'example_branch_datetime_operator_2', 'example_branch_datetime_operator', 'example_branch_datetime_operator_3' retrieved from /home/airflow/.local/lib/python3.8/site-packages/airflow/example_dags/example_branch_datetime_operator.py
[2024-04-05T15:17:29.973+0000] {logging_mixin.py:188} INFO - [2024-04-05T15:17:29.971+0000] {dag.py:3047} INFO - Sync 3 DAGs
[2024-04-05T15:17:32.967+0000] {logging_mixin.py:188} INFO - [2024-04-05T15:17:32.965+0000] {dag.py:3834} INFO - Setting next_dagrun for example_branch_datetime_operator to 2024-04-04 00:00:00+00:00, run_after=2024-04-05 00:00:00+00:00
[2024-04-05T15:17:33.604+0000] {logging_mixin.py:188} INFO - [2024-04-05T15:17:33.602+0000] {dag.py:3834} INFO - Setting next_dagrun for example_branch_datetime_operator_2 to 2024-04-04 00:00:00+00:00, run_after=2024-04-05 00:00:00+00:00
[2024-04-05T15:17:34.112+0000] {logging_mixin.py:188} INFO - [2024-04-05T15:17:34.054+0000] {dag.py:3834} INFO - Setting next_dagrun for example_branch_datetime_operator_3 to 2024-04-04 00:00:00+00:00, run_after=2024-04-05 00:00:00+00:00
[2024-04-05T15:17:36.719+0000] {processor.py:183} INFO - Processing /home/airflow/.local/lib/python3.8/site-packages/airflow/example_dags/example_branch_datetime_operator.py took 13.553 seconds
[2024-04-05T15:25:30.270+0000] {processor.py:161} INFO - Started process (PID=812) to work on /home/airflow/.local/lib/python3.8/site-packages/airflow/example_dags/example_branch_datetime_operator.py
[2024-04-05T15:25:30.324+0000] {processor.py:830} INFO - Processing file /home/airflow/.local/lib/python3.8/site-packages/airflow/example_dags/example_branch_datetime_operator.py for tasks to queue
[2024-04-05T15:25:30.421+0000] {logging_mixin.py:188} INFO - [2024-04-05T15:25:30.389+0000] {dagbag.py:540} INFO - Filling up the DagBag from /home/airflow/.local/lib/python3.8/site-packages/airflow/example_dags/example_branch_datetime_operator.py
[2024-04-05T15:25:31.415+0000] {processor.py:840} INFO - DAG(s) 'example_branch_datetime_operator', 'example_branch_datetime_operator_3', 'example_branch_datetime_operator_2' retrieved from /home/airflow/.local/lib/python3.8/site-packages/airflow/example_dags/example_branch_datetime_operator.py
[2024-04-05T15:25:33.085+0000] {logging_mixin.py:188} INFO - [2024-04-05T15:25:33.082+0000] {dag.py:3047} INFO - Sync 3 DAGs
[2024-04-05T15:25:34.569+0000] {logging_mixin.py:188} INFO - [2024-04-05T15:25:34.532+0000] {dag.py:3834} INFO - Setting next_dagrun for example_branch_datetime_operator to 2024-04-04 00:00:00+00:00, run_after=2024-04-05 00:00:00+00:00
[2024-04-05T15:25:34.787+0000] {logging_mixin.py:188} INFO - [2024-04-05T15:25:34.766+0000] {dag.py:3834} INFO - Setting next_dagrun for example_branch_datetime_operator_2 to 2024-04-04 00:00:00+00:00, run_after=2024-04-05 00:00:00+00:00
[2024-04-05T15:25:34.932+0000] {logging_mixin.py:188} INFO - [2024-04-05T15:25:34.928+0000] {dag.py:3834} INFO - Setting next_dagrun for example_branch_datetime_operator_3 to 2024-04-04 00:00:00+00:00, run_after=2024-04-05 00:00:00+00:00
[2024-04-05T15:25:35.554+0000] {processor.py:183} INFO - Processing /home/airflow/.local/lib/python3.8/site-packages/airflow/example_dags/example_branch_datetime_operator.py took 5.482 seconds
[2024-04-05T15:26:31.778+0000] {processor.py:161} INFO - Started process (PID=857) to work on /home/airflow/.local/lib/python3.8/site-packages/airflow/example_dags/example_branch_datetime_operator.py
[2024-04-05T15:26:31.994+0000] {processor.py:830} INFO - Processing file /home/airflow/.local/lib/python3.8/site-packages/airflow/example_dags/example_branch_datetime_operator.py for tasks to queue
[2024-04-05T15:26:32.066+0000] {logging_mixin.py:188} INFO - [2024-04-05T15:26:32.063+0000] {dagbag.py:540} INFO - Filling up the DagBag from /home/airflow/.local/lib/python3.8/site-packages/airflow/example_dags/example_branch_datetime_operator.py
[2024-04-05T15:26:33.320+0000] {processor.py:840} INFO - DAG(s) 'example_branch_datetime_operator', 'example_branch_datetime_operator_2', 'example_branch_datetime_operator_3' retrieved from /home/airflow/.local/lib/python3.8/site-packages/airflow/example_dags/example_branch_datetime_operator.py
[2024-04-05T15:26:34.584+0000] {logging_mixin.py:188} INFO - [2024-04-05T15:26:34.582+0000] {dag.py:3047} INFO - Sync 3 DAGs
[2024-04-05T15:26:35.582+0000] {logging_mixin.py:188} INFO - [2024-04-05T15:26:35.549+0000] {dag.py:3834} INFO - Setting next_dagrun for example_branch_datetime_operator to 2024-04-04 00:00:00+00:00, run_after=2024-04-05 00:00:00+00:00
[2024-04-05T15:26:35.791+0000] {logging_mixin.py:188} INFO - [2024-04-05T15:26:35.771+0000] {dag.py:3834} INFO - Setting next_dagrun for example_branch_datetime_operator_2 to 2024-04-04 00:00:00+00:00, run_after=2024-04-05 00:00:00+00:00
[2024-04-05T15:26:35.925+0000] {logging_mixin.py:188} INFO - [2024-04-05T15:26:35.923+0000] {dag.py:3834} INFO - Setting next_dagrun for example_branch_datetime_operator_3 to 2024-04-04 00:00:00+00:00, run_after=2024-04-05 00:00:00+00:00
[2024-04-05T15:26:36.443+0000] {processor.py:183} INFO - Processing /home/airflow/.local/lib/python3.8/site-packages/airflow/example_dags/example_branch_datetime_operator.py took 5.103 seconds
[2024-04-05T15:31:45.311+0000] {processor.py:161} INFO - Started process (PID=1028) to work on /home/airflow/.local/lib/python3.8/site-packages/airflow/example_dags/example_branch_datetime_operator.py
[2024-04-05T15:31:45.424+0000] {processor.py:830} INFO - Processing file /home/airflow/.local/lib/python3.8/site-packages/airflow/example_dags/example_branch_datetime_operator.py for tasks to queue
[2024-04-05T15:31:45.514+0000] {logging_mixin.py:188} INFO - [2024-04-05T15:31:45.443+0000] {dagbag.py:540} INFO - Filling up the DagBag from /home/airflow/.local/lib/python3.8/site-packages/airflow/example_dags/example_branch_datetime_operator.py
[2024-04-05T15:31:46.609+0000] {processor.py:840} INFO - DAG(s) 'example_branch_datetime_operator', 'example_branch_datetime_operator_3', 'example_branch_datetime_operator_2' retrieved from /home/airflow/.local/lib/python3.8/site-packages/airflow/example_dags/example_branch_datetime_operator.py
[2024-04-05T15:31:47.636+0000] {logging_mixin.py:188} INFO - [2024-04-05T15:31:47.633+0000] {dag.py:3047} INFO - Sync 3 DAGs
[2024-04-05T15:31:48.762+0000] {logging_mixin.py:188} INFO - [2024-04-05T15:31:48.754+0000] {dag.py:3834} INFO - Setting next_dagrun for example_branch_datetime_operator to 2024-04-04 00:00:00+00:00, run_after=2024-04-05 00:00:00+00:00
[2024-04-05T15:31:49.085+0000] {logging_mixin.py:188} INFO - [2024-04-05T15:31:49.080+0000] {dag.py:3834} INFO - Setting next_dagrun for example_branch_datetime_operator_2 to 2024-04-04 00:00:00+00:00, run_after=2024-04-05 00:00:00+00:00
[2024-04-05T15:31:49.275+0000] {logging_mixin.py:188} INFO - [2024-04-05T15:31:49.265+0000] {dag.py:3834} INFO - Setting next_dagrun for example_branch_datetime_operator_3 to 2024-04-04 00:00:00+00:00, run_after=2024-04-05 00:00:00+00:00
[2024-04-05T15:31:50.007+0000] {processor.py:183} INFO - Processing /home/airflow/.local/lib/python3.8/site-packages/airflow/example_dags/example_branch_datetime_operator.py took 4.958 seconds
[2024-04-05T15:32:45.555+0000] {processor.py:161} INFO - Started process (PID=1077) to work on /home/airflow/.local/lib/python3.8/site-packages/airflow/example_dags/example_branch_datetime_operator.py
[2024-04-05T15:32:45.586+0000] {processor.py:830} INFO - Processing file /home/airflow/.local/lib/python3.8/site-packages/airflow/example_dags/example_branch_datetime_operator.py for tasks to queue
[2024-04-05T15:32:45.643+0000] {logging_mixin.py:188} INFO - [2024-04-05T15:32:45.637+0000] {dagbag.py:540} INFO - Filling up the DagBag from /home/airflow/.local/lib/python3.8/site-packages/airflow/example_dags/example_branch_datetime_operator.py
[2024-04-05T15:32:46.266+0000] {processor.py:840} INFO - DAG(s) 'example_branch_datetime_operator', 'example_branch_datetime_operator_3', 'example_branch_datetime_operator_2' retrieved from /home/airflow/.local/lib/python3.8/site-packages/airflow/example_dags/example_branch_datetime_operator.py
[2024-04-05T15:32:47.120+0000] {logging_mixin.py:188} INFO - [2024-04-05T15:32:47.118+0000] {dag.py:3047} INFO - Sync 3 DAGs
[2024-04-05T15:32:48.684+0000] {logging_mixin.py:188} INFO - [2024-04-05T15:32:48.669+0000] {dag.py:3834} INFO - Setting next_dagrun for example_branch_datetime_operator to 2024-04-04 00:00:00+00:00, run_after=2024-04-05 00:00:00+00:00
[2024-04-05T15:32:49.334+0000] {logging_mixin.py:188} INFO - [2024-04-05T15:32:49.313+0000] {dag.py:3834} INFO - Setting next_dagrun for example_branch_datetime_operator_2 to 2024-04-04 00:00:00+00:00, run_after=2024-04-05 00:00:00+00:00
[2024-04-05T15:32:49.443+0000] {logging_mixin.py:188} INFO - [2024-04-05T15:32:49.441+0000] {dag.py:3834} INFO - Setting next_dagrun for example_branch_datetime_operator_3 to 2024-04-04 00:00:00+00:00, run_after=2024-04-05 00:00:00+00:00
[2024-04-05T15:32:49.994+0000] {processor.py:183} INFO - Processing /home/airflow/.local/lib/python3.8/site-packages/airflow/example_dags/example_branch_datetime_operator.py took 4.646 seconds
