[2024-04-05T15:04:55.642+0000] {processor.py:161} INFO - Started process (PID=278) to work on /home/airflow/.local/lib/python3.8/site-packages/airflow/example_dags/example_dynamic_task_mapping.py
[2024-04-05T15:04:55.720+0000] {processor.py:830} INFO - Processing file /home/airflow/.local/lib/python3.8/site-packages/airflow/example_dags/example_dynamic_task_mapping.py for tasks to queue
[2024-04-05T15:04:55.902+0000] {logging_mixin.py:188} INFO - [2024-04-05T15:04:55.895+0000] {dagbag.py:540} INFO - Filling up the DagBag from /home/airflow/.local/lib/python3.8/site-packages/airflow/example_dags/example_dynamic_task_mapping.py
[2024-04-05T15:04:57.224+0000] {processor.py:840} INFO - DAG(s) 'example_dynamic_task_mapping' retrieved from /home/airflow/.local/lib/python3.8/site-packages/airflow/example_dags/example_dynamic_task_mapping.py
[2024-04-05T15:05:14.183+0000] {logging_mixin.py:188} INFO - [2024-04-05T15:05:14.126+0000] {override.py:1769} INFO - Created Permission View: can edit on DAG:example_dynamic_task_mapping
[2024-04-05T15:05:15.995+0000] {logging_mixin.py:188} INFO - [2024-04-05T15:05:15.903+0000] {override.py:1769} INFO - Created Permission View: can read on DAG:example_dynamic_task_mapping
[2024-04-05T15:05:17.319+0000] {logging_mixin.py:188} INFO - [2024-04-05T15:05:17.316+0000] {override.py:1769} INFO - Created Permission View: can delete on DAG:example_dynamic_task_mapping
[2024-04-05T15:05:17.811+0000] {logging_mixin.py:188} INFO - [2024-04-05T15:05:17.778+0000] {dag.py:3047} INFO - Sync 1 DAGs
[2024-04-05T15:05:19.556+0000] {logging_mixin.py:188} INFO - [2024-04-05T15:05:19.553+0000] {dag.py:3069} INFO - Creating ORM DAG for example_dynamic_task_mapping
[2024-04-05T15:05:20.759+0000] {logging_mixin.py:188} INFO - [2024-04-05T15:05:20.666+0000] {dag.py:3834} INFO - Setting next_dagrun for example_dynamic_task_mapping to 2022-03-04 00:00:00+00:00, run_after=2022-03-05 00:00:00+00:00
[2024-04-05T15:05:24.666+0000] {processor.py:183} INFO - Processing /home/airflow/.local/lib/python3.8/site-packages/airflow/example_dags/example_dynamic_task_mapping.py took 29.216 seconds
[2024-04-05T15:10:11.377+0000] {processor.py:161} INFO - Started process (PID=401) to work on /home/airflow/.local/lib/python3.8/site-packages/airflow/example_dags/example_dynamic_task_mapping.py
[2024-04-05T15:10:11.427+0000] {processor.py:830} INFO - Processing file /home/airflow/.local/lib/python3.8/site-packages/airflow/example_dags/example_dynamic_task_mapping.py for tasks to queue
[2024-04-05T15:10:11.809+0000] {logging_mixin.py:188} INFO - [2024-04-05T15:10:11.793+0000] {dagbag.py:540} INFO - Filling up the DagBag from /home/airflow/.local/lib/python3.8/site-packages/airflow/example_dags/example_dynamic_task_mapping.py
[2024-04-05T15:10:14.511+0000] {processor.py:840} INFO - DAG(s) 'example_dynamic_task_mapping' retrieved from /home/airflow/.local/lib/python3.8/site-packages/airflow/example_dags/example_dynamic_task_mapping.py
[2024-04-05T15:10:16.782+0000] {logging_mixin.py:188} INFO - [2024-04-05T15:10:16.778+0000] {dag.py:3047} INFO - Sync 1 DAGs
[2024-04-05T15:10:19.961+0000] {logging_mixin.py:188} INFO - [2024-04-05T15:10:19.959+0000] {dag.py:3834} INFO - Setting next_dagrun for example_dynamic_task_mapping to 2022-03-04 00:00:00+00:00, run_after=2022-03-05 00:00:00+00:00
[2024-04-05T15:10:22.544+0000] {processor.py:183} INFO - Processing /home/airflow/.local/lib/python3.8/site-packages/airflow/example_dags/example_dynamic_task_mapping.py took 11.319 seconds
[2024-04-05T15:12:49.354+0000] {processor.py:161} INFO - Started process (PID=464) to work on /home/airflow/.local/lib/python3.8/site-packages/airflow/example_dags/example_dynamic_task_mapping.py
[2024-04-05T15:12:49.436+0000] {processor.py:830} INFO - Processing file /home/airflow/.local/lib/python3.8/site-packages/airflow/example_dags/example_dynamic_task_mapping.py for tasks to queue
[2024-04-05T15:12:49.723+0000] {logging_mixin.py:188} INFO - [2024-04-05T15:12:49.689+0000] {dagbag.py:540} INFO - Filling up the DagBag from /home/airflow/.local/lib/python3.8/site-packages/airflow/example_dags/example_dynamic_task_mapping.py
[2024-04-05T15:12:50.776+0000] {processor.py:840} INFO - DAG(s) 'example_dynamic_task_mapping' retrieved from /home/airflow/.local/lib/python3.8/site-packages/airflow/example_dags/example_dynamic_task_mapping.py
[2024-04-05T15:12:51.710+0000] {logging_mixin.py:188} INFO - [2024-04-05T15:12:51.678+0000] {dag.py:3047} INFO - Sync 1 DAGs
[2024-04-05T15:12:52.853+0000] {logging_mixin.py:188} INFO - [2024-04-05T15:12:52.851+0000] {dag.py:3834} INFO - Setting next_dagrun for example_dynamic_task_mapping to 2022-03-04 00:00:00+00:00, run_after=2022-03-05 00:00:00+00:00
[2024-04-05T15:12:54.642+0000] {processor.py:183} INFO - Processing /home/airflow/.local/lib/python3.8/site-packages/airflow/example_dags/example_dynamic_task_mapping.py took 5.677 seconds
[2024-04-05T15:15:31.321+0000] {processor.py:161} INFO - Started process (PID=548) to work on /home/airflow/.local/lib/python3.8/site-packages/airflow/example_dags/example_dynamic_task_mapping.py
[2024-04-05T15:15:31.359+0000] {processor.py:830} INFO - Processing file /home/airflow/.local/lib/python3.8/site-packages/airflow/example_dags/example_dynamic_task_mapping.py for tasks to queue
[2024-04-05T15:15:31.611+0000] {logging_mixin.py:188} INFO - [2024-04-05T15:15:31.608+0000] {dagbag.py:540} INFO - Filling up the DagBag from /home/airflow/.local/lib/python3.8/site-packages/airflow/example_dags/example_dynamic_task_mapping.py
[2024-04-05T15:15:32.576+0000] {processor.py:840} INFO - DAG(s) 'example_dynamic_task_mapping' retrieved from /home/airflow/.local/lib/python3.8/site-packages/airflow/example_dags/example_dynamic_task_mapping.py
[2024-04-05T15:15:34.399+0000] {logging_mixin.py:188} INFO - [2024-04-05T15:15:34.397+0000] {dag.py:3047} INFO - Sync 1 DAGs
[2024-04-05T15:15:35.809+0000] {logging_mixin.py:188} INFO - [2024-04-05T15:15:35.807+0000] {dag.py:3834} INFO - Setting next_dagrun for example_dynamic_task_mapping to 2022-03-04 00:00:00+00:00, run_after=2022-03-05 00:00:00+00:00
[2024-04-05T15:15:38.370+0000] {processor.py:183} INFO - Processing /home/airflow/.local/lib/python3.8/site-packages/airflow/example_dags/example_dynamic_task_mapping.py took 7.257 seconds
[2024-04-05T15:23:06.334+0000] {processor.py:161} INFO - Started process (PID=738) to work on /home/airflow/.local/lib/python3.8/site-packages/airflow/example_dags/example_dynamic_task_mapping.py
[2024-04-05T15:23:06.406+0000] {processor.py:830} INFO - Processing file /home/airflow/.local/lib/python3.8/site-packages/airflow/example_dags/example_dynamic_task_mapping.py for tasks to queue
[2024-04-05T15:23:06.456+0000] {logging_mixin.py:188} INFO - [2024-04-05T15:23:06.426+0000] {dagbag.py:540} INFO - Filling up the DagBag from /home/airflow/.local/lib/python3.8/site-packages/airflow/example_dags/example_dynamic_task_mapping.py
[2024-04-05T15:23:07.042+0000] {processor.py:840} INFO - DAG(s) 'example_dynamic_task_mapping' retrieved from /home/airflow/.local/lib/python3.8/site-packages/airflow/example_dags/example_dynamic_task_mapping.py
[2024-04-05T15:23:09.962+0000] {logging_mixin.py:188} INFO - [2024-04-05T15:23:09.959+0000] {dag.py:3047} INFO - Sync 1 DAGs
[2024-04-05T15:23:13.336+0000] {logging_mixin.py:188} INFO - [2024-04-05T15:23:13.331+0000] {dag.py:3834} INFO - Setting next_dagrun for example_dynamic_task_mapping to 2022-03-04 00:00:00+00:00, run_after=2022-03-05 00:00:00+00:00
[2024-04-05T15:23:14.156+0000] {processor.py:183} INFO - Processing /home/airflow/.local/lib/python3.8/site-packages/airflow/example_dags/example_dynamic_task_mapping.py took 8.054 seconds
[2024-04-05T15:25:48.846+0000] {processor.py:161} INFO - Started process (PID=823) to work on /home/airflow/.local/lib/python3.8/site-packages/airflow/example_dags/example_dynamic_task_mapping.py
[2024-04-05T15:25:48.883+0000] {processor.py:830} INFO - Processing file /home/airflow/.local/lib/python3.8/site-packages/airflow/example_dags/example_dynamic_task_mapping.py for tasks to queue
[2024-04-05T15:25:49.099+0000] {logging_mixin.py:188} INFO - [2024-04-05T15:25:49.015+0000] {dagbag.py:540} INFO - Filling up the DagBag from /home/airflow/.local/lib/python3.8/site-packages/airflow/example_dags/example_dynamic_task_mapping.py
[2024-04-05T15:25:49.519+0000] {processor.py:840} INFO - DAG(s) 'example_dynamic_task_mapping' retrieved from /home/airflow/.local/lib/python3.8/site-packages/airflow/example_dags/example_dynamic_task_mapping.py
[2024-04-05T15:25:52.828+0000] {logging_mixin.py:188} INFO - [2024-04-05T15:25:52.826+0000] {dag.py:3047} INFO - Sync 1 DAGs
[2024-04-05T15:25:54.733+0000] {logging_mixin.py:188} INFO - [2024-04-05T15:25:54.730+0000] {dag.py:3834} INFO - Setting next_dagrun for example_dynamic_task_mapping to 2022-03-04 00:00:00+00:00, run_after=2022-03-05 00:00:00+00:00
[2024-04-05T15:25:55.614+0000] {processor.py:183} INFO - Processing /home/airflow/.local/lib/python3.8/site-packages/airflow/example_dags/example_dynamic_task_mapping.py took 7.019 seconds
[2024-04-05T15:30:10.815+0000] {processor.py:161} INFO - Started process (PID=975) to work on /home/airflow/.local/lib/python3.8/site-packages/airflow/example_dags/example_dynamic_task_mapping.py
[2024-04-05T15:30:10.836+0000] {processor.py:830} INFO - Processing file /home/airflow/.local/lib/python3.8/site-packages/airflow/example_dags/example_dynamic_task_mapping.py for tasks to queue
[2024-04-05T15:30:10.856+0000] {logging_mixin.py:188} INFO - [2024-04-05T15:30:10.853+0000] {dagbag.py:540} INFO - Filling up the DagBag from /home/airflow/.local/lib/python3.8/site-packages/airflow/example_dags/example_dynamic_task_mapping.py
[2024-04-05T15:30:11.049+0000] {processor.py:840} INFO - DAG(s) 'example_dynamic_task_mapping' retrieved from /home/airflow/.local/lib/python3.8/site-packages/airflow/example_dags/example_dynamic_task_mapping.py
[2024-04-05T15:30:12.040+0000] {logging_mixin.py:188} INFO - [2024-04-05T15:30:12.037+0000] {dag.py:3047} INFO - Sync 1 DAGs
[2024-04-05T15:30:14.808+0000] {logging_mixin.py:188} INFO - [2024-04-05T15:30:14.713+0000] {dag.py:3834} INFO - Setting next_dagrun for example_dynamic_task_mapping to 2022-03-04 00:00:00+00:00, run_after=2022-03-05 00:00:00+00:00
[2024-04-05T15:30:17.362+0000] {processor.py:183} INFO - Processing /home/airflow/.local/lib/python3.8/site-packages/airflow/example_dags/example_dynamic_task_mapping.py took 6.698 seconds
[2024-04-05T15:31:58.311+0000] {processor.py:161} INFO - Started process (PID=1044) to work on /home/airflow/.local/lib/python3.8/site-packages/airflow/example_dags/example_dynamic_task_mapping.py
[2024-04-05T15:31:58.386+0000] {processor.py:830} INFO - Processing file /home/airflow/.local/lib/python3.8/site-packages/airflow/example_dags/example_dynamic_task_mapping.py for tasks to queue
[2024-04-05T15:31:58.398+0000] {logging_mixin.py:188} INFO - [2024-04-05T15:31:58.393+0000] {dagbag.py:540} INFO - Filling up the DagBag from /home/airflow/.local/lib/python3.8/site-packages/airflow/example_dags/example_dynamic_task_mapping.py
[2024-04-05T15:31:58.746+0000] {processor.py:840} INFO - DAG(s) 'example_dynamic_task_mapping' retrieved from /home/airflow/.local/lib/python3.8/site-packages/airflow/example_dags/example_dynamic_task_mapping.py
[2024-04-05T15:31:59.732+0000] {logging_mixin.py:188} INFO - [2024-04-05T15:31:59.709+0000] {dag.py:3047} INFO - Sync 1 DAGs
[2024-04-05T15:32:01.058+0000] {logging_mixin.py:188} INFO - [2024-04-05T15:32:01.022+0000] {dag.py:3834} INFO - Setting next_dagrun for example_dynamic_task_mapping to 2022-03-04 00:00:00+00:00, run_after=2022-03-05 00:00:00+00:00
[2024-04-05T15:32:01.608+0000] {processor.py:183} INFO - Processing /home/airflow/.local/lib/python3.8/site-packages/airflow/example_dags/example_dynamic_task_mapping.py took 3.409 seconds
