[2024-04-05T15:04:21.037+0000] {processor.py:161} INFO - Started process (PID=263) to work on /home/airflow/.local/lib/python3.8/site-packages/airflow/example_dags/example_branch_python_dop_operator_3.py
[2024-04-05T15:04:21.083+0000] {processor.py:830} INFO - Processing file /home/airflow/.local/lib/python3.8/site-packages/airflow/example_dags/example_branch_python_dop_operator_3.py for tasks to queue
[2024-04-05T15:04:21.302+0000] {logging_mixin.py:188} INFO - [2024-04-05T15:04:21.265+0000] {dagbag.py:540} INFO - Filling up the DagBag from /home/airflow/.local/lib/python3.8/site-packages/airflow/example_dags/example_branch_python_dop_operator_3.py
[2024-04-05T15:04:22.191+0000] {processor.py:840} INFO - DAG(s) 'example_branch_dop_operator_v3' retrieved from /home/airflow/.local/lib/python3.8/site-packages/airflow/example_dags/example_branch_python_dop_operator_3.py
[2024-04-05T15:04:34.609+0000] {logging_mixin.py:188} INFO - [2024-04-05T15:04:34.592+0000] {override.py:1769} INFO - Created Permission View: can edit on DAG:example_branch_dop_operator_v3
[2024-04-05T15:04:36.135+0000] {logging_mixin.py:188} INFO - [2024-04-05T15:04:36.131+0000] {override.py:1769} INFO - Created Permission View: can read on DAG:example_branch_dop_operator_v3
[2024-04-05T15:04:37.108+0000] {logging_mixin.py:188} INFO - [2024-04-05T15:04:37.042+0000] {override.py:1769} INFO - Created Permission View: can delete on DAG:example_branch_dop_operator_v3
[2024-04-05T15:04:37.113+0000] {logging_mixin.py:188} INFO - [2024-04-05T15:04:37.112+0000] {dag.py:3047} INFO - Sync 1 DAGs
[2024-04-05T15:04:40.398+0000] {logging_mixin.py:188} INFO - [2024-04-05T15:04:40.396+0000] {dag.py:3069} INFO - Creating ORM DAG for example_branch_dop_operator_v3
[2024-04-05T15:04:43.563+0000] {logging_mixin.py:188} INFO - [2024-04-05T15:04:43.378+0000] {dag.py:3834} INFO - Setting next_dagrun for example_branch_dop_operator_v3 to 2024-04-05 15:03:00+00:00, run_after=2024-04-05 15:04:00+00:00
[2024-04-05T15:04:45.740+0000] {processor.py:183} INFO - Processing /home/airflow/.local/lib/python3.8/site-packages/airflow/example_dags/example_branch_python_dop_operator_3.py took 24.905 seconds
[2024-04-05T15:09:56.054+0000] {processor.py:161} INFO - Started process (PID=391) to work on /home/airflow/.local/lib/python3.8/site-packages/airflow/example_dags/example_branch_python_dop_operator_3.py
[2024-04-05T15:09:56.112+0000] {processor.py:830} INFO - Processing file /home/airflow/.local/lib/python3.8/site-packages/airflow/example_dags/example_branch_python_dop_operator_3.py for tasks to queue
[2024-04-05T15:09:56.183+0000] {logging_mixin.py:188} INFO - [2024-04-05T15:09:56.181+0000] {dagbag.py:540} INFO - Filling up the DagBag from /home/airflow/.local/lib/python3.8/site-packages/airflow/example_dags/example_branch_python_dop_operator_3.py
[2024-04-05T15:09:57.410+0000] {processor.py:840} INFO - DAG(s) 'example_branch_dop_operator_v3' retrieved from /home/airflow/.local/lib/python3.8/site-packages/airflow/example_dags/example_branch_python_dop_operator_3.py
[2024-04-05T15:09:59.026+0000] {logging_mixin.py:188} INFO - [2024-04-05T15:09:59.007+0000] {dag.py:3047} INFO - Sync 1 DAGs
[2024-04-05T15:10:00.700+0000] {logging_mixin.py:188} INFO - [2024-04-05T15:10:00.697+0000] {dag.py:3834} INFO - Setting next_dagrun for example_branch_dop_operator_v3 to 2024-04-05 15:09:00+00:00, run_after=2024-04-05 15:10:00+00:00
[2024-04-05T15:10:03.360+0000] {processor.py:183} INFO - Processing /home/airflow/.local/lib/python3.8/site-packages/airflow/example_dags/example_branch_python_dop_operator_3.py took 7.399 seconds
[2024-04-05T15:12:25.170+0000] {processor.py:161} INFO - Started process (PID=458) to work on /home/airflow/.local/lib/python3.8/site-packages/airflow/example_dags/example_branch_python_dop_operator_3.py
[2024-04-05T15:12:25.303+0000] {processor.py:830} INFO - Processing file /home/airflow/.local/lib/python3.8/site-packages/airflow/example_dags/example_branch_python_dop_operator_3.py for tasks to queue
[2024-04-05T15:12:25.622+0000] {logging_mixin.py:188} INFO - [2024-04-05T15:12:25.574+0000] {dagbag.py:540} INFO - Filling up the DagBag from /home/airflow/.local/lib/python3.8/site-packages/airflow/example_dags/example_branch_python_dop_operator_3.py
[2024-04-05T15:12:28.168+0000] {processor.py:840} INFO - DAG(s) 'example_branch_dop_operator_v3' retrieved from /home/airflow/.local/lib/python3.8/site-packages/airflow/example_dags/example_branch_python_dop_operator_3.py
[2024-04-05T15:12:30.370+0000] {logging_mixin.py:188} INFO - [2024-04-05T15:12:30.368+0000] {dag.py:3047} INFO - Sync 1 DAGs
[2024-04-05T15:12:34.213+0000] {logging_mixin.py:188} INFO - [2024-04-05T15:12:34.197+0000] {dag.py:3834} INFO - Setting next_dagrun for example_branch_dop_operator_v3 to 2024-04-05 15:11:00+00:00, run_after=2024-04-05 15:12:00+00:00
[2024-04-05T15:12:36.751+0000] {processor.py:183} INFO - Processing /home/airflow/.local/lib/python3.8/site-packages/airflow/example_dags/example_branch_python_dop_operator_3.py took 12.231 seconds
[2024-04-05T15:15:16.701+0000] {processor.py:161} INFO - Started process (PID=542) to work on /home/airflow/.local/lib/python3.8/site-packages/airflow/example_dags/example_branch_python_dop_operator_3.py
[2024-04-05T15:15:16.756+0000] {processor.py:830} INFO - Processing file /home/airflow/.local/lib/python3.8/site-packages/airflow/example_dags/example_branch_python_dop_operator_3.py for tasks to queue
[2024-04-05T15:15:16.894+0000] {logging_mixin.py:188} INFO - [2024-04-05T15:15:16.859+0000] {dagbag.py:540} INFO - Filling up the DagBag from /home/airflow/.local/lib/python3.8/site-packages/airflow/example_dags/example_branch_python_dop_operator_3.py
[2024-04-05T15:15:17.478+0000] {processor.py:840} INFO - DAG(s) 'example_branch_dop_operator_v3' retrieved from /home/airflow/.local/lib/python3.8/site-packages/airflow/example_dags/example_branch_python_dop_operator_3.py
[2024-04-05T15:15:19.753+0000] {logging_mixin.py:188} INFO - [2024-04-05T15:15:19.751+0000] {dag.py:3047} INFO - Sync 1 DAGs
[2024-04-05T15:15:23.814+0000] {logging_mixin.py:188} INFO - [2024-04-05T15:15:23.812+0000] {dag.py:3834} INFO - Setting next_dagrun for example_branch_dop_operator_v3 to 2024-04-05 15:14:00+00:00, run_after=2024-04-05 15:15:00+00:00
[2024-04-05T15:15:26.908+0000] {processor.py:183} INFO - Processing /home/airflow/.local/lib/python3.8/site-packages/airflow/example_dags/example_branch_python_dop_operator_3.py took 10.406 seconds
[2024-04-05T15:22:53.476+0000] {processor.py:161} INFO - Started process (PID=734) to work on /home/airflow/.local/lib/python3.8/site-packages/airflow/example_dags/example_branch_python_dop_operator_3.py
[2024-04-05T15:22:53.679+0000] {processor.py:830} INFO - Processing file /home/airflow/.local/lib/python3.8/site-packages/airflow/example_dags/example_branch_python_dop_operator_3.py for tasks to queue
[2024-04-05T15:22:53.965+0000] {logging_mixin.py:188} INFO - [2024-04-05T15:22:53.871+0000] {dagbag.py:540} INFO - Filling up the DagBag from /home/airflow/.local/lib/python3.8/site-packages/airflow/example_dags/example_branch_python_dop_operator_3.py
[2024-04-05T15:22:55.262+0000] {processor.py:840} INFO - DAG(s) 'example_branch_dop_operator_v3' retrieved from /home/airflow/.local/lib/python3.8/site-packages/airflow/example_dags/example_branch_python_dop_operator_3.py
[2024-04-05T15:22:58.552+0000] {logging_mixin.py:188} INFO - [2024-04-05T15:22:58.546+0000] {dag.py:3047} INFO - Sync 1 DAGs
[2024-04-05T15:23:00.785+0000] {logging_mixin.py:188} INFO - [2024-04-05T15:23:00.779+0000] {dag.py:3834} INFO - Setting next_dagrun for example_branch_dop_operator_v3 to 2024-04-05 15:21:00+00:00, run_after=2024-04-05 15:22:00+00:00
[2024-04-05T15:23:01.808+0000] {processor.py:183} INFO - Processing /home/airflow/.local/lib/python3.8/site-packages/airflow/example_dags/example_branch_python_dop_operator_3.py took 8.943 seconds
[2024-04-05T15:25:36.578+0000] {processor.py:161} INFO - Started process (PID=817) to work on /home/airflow/.local/lib/python3.8/site-packages/airflow/example_dags/example_branch_python_dop_operator_3.py
[2024-04-05T15:25:36.613+0000] {processor.py:830} INFO - Processing file /home/airflow/.local/lib/python3.8/site-packages/airflow/example_dags/example_branch_python_dop_operator_3.py for tasks to queue
[2024-04-05T15:25:36.696+0000] {logging_mixin.py:188} INFO - [2024-04-05T15:25:36.688+0000] {dagbag.py:540} INFO - Filling up the DagBag from /home/airflow/.local/lib/python3.8/site-packages/airflow/example_dags/example_branch_python_dop_operator_3.py
[2024-04-05T15:25:37.042+0000] {processor.py:840} INFO - DAG(s) 'example_branch_dop_operator_v3' retrieved from /home/airflow/.local/lib/python3.8/site-packages/airflow/example_dags/example_branch_python_dop_operator_3.py
[2024-04-05T15:25:38.489+0000] {logging_mixin.py:188} INFO - [2024-04-05T15:25:38.476+0000] {dag.py:3047} INFO - Sync 1 DAGs
[2024-04-05T15:25:40.979+0000] {logging_mixin.py:188} INFO - [2024-04-05T15:25:40.976+0000] {dag.py:3834} INFO - Setting next_dagrun for example_branch_dop_operator_v3 to 2024-04-05 15:24:00+00:00, run_after=2024-04-05 15:25:00+00:00
[2024-04-05T15:25:42.108+0000] {processor.py:183} INFO - Processing /home/airflow/.local/lib/python3.8/site-packages/airflow/example_dags/example_branch_python_dop_operator_3.py took 5.729 seconds
[2024-04-05T15:29:58.630+0000] {processor.py:161} INFO - Started process (PID=970) to work on /home/airflow/.local/lib/python3.8/site-packages/airflow/example_dags/example_branch_python_dop_operator_3.py
[2024-04-05T15:29:58.728+0000] {processor.py:830} INFO - Processing file /home/airflow/.local/lib/python3.8/site-packages/airflow/example_dags/example_branch_python_dop_operator_3.py for tasks to queue
[2024-04-05T15:29:58.965+0000] {logging_mixin.py:188} INFO - [2024-04-05T15:29:58.928+0000] {dagbag.py:540} INFO - Filling up the DagBag from /home/airflow/.local/lib/python3.8/site-packages/airflow/example_dags/example_branch_python_dop_operator_3.py
[2024-04-05T15:29:59.979+0000] {processor.py:840} INFO - DAG(s) 'example_branch_dop_operator_v3' retrieved from /home/airflow/.local/lib/python3.8/site-packages/airflow/example_dags/example_branch_python_dop_operator_3.py
[2024-04-05T15:30:02.539+0000] {logging_mixin.py:188} INFO - [2024-04-05T15:30:02.526+0000] {dag.py:3047} INFO - Sync 1 DAGs
[2024-04-05T15:30:06.909+0000] {logging_mixin.py:188} INFO - [2024-04-05T15:30:06.906+0000] {dag.py:3834} INFO - Setting next_dagrun for example_branch_dop_operator_v3 to 2024-04-05 15:29:00+00:00, run_after=2024-04-05 15:30:00+00:00
[2024-04-05T15:30:08.760+0000] {processor.py:183} INFO - Processing /home/airflow/.local/lib/python3.8/site-packages/airflow/example_dags/example_branch_python_dop_operator_3.py took 10.849 seconds
[2024-04-05T15:31:51.595+0000] {processor.py:161} INFO - Started process (PID=1033) to work on /home/airflow/.local/lib/python3.8/site-packages/airflow/example_dags/example_branch_python_dop_operator_3.py
[2024-04-05T15:31:51.608+0000] {processor.py:830} INFO - Processing file /home/airflow/.local/lib/python3.8/site-packages/airflow/example_dags/example_branch_python_dop_operator_3.py for tasks to queue
[2024-04-05T15:31:51.629+0000] {logging_mixin.py:188} INFO - [2024-04-05T15:31:51.626+0000] {dagbag.py:540} INFO - Filling up the DagBag from /home/airflow/.local/lib/python3.8/site-packages/airflow/example_dags/example_branch_python_dop_operator_3.py
[2024-04-05T15:31:51.870+0000] {processor.py:840} INFO - DAG(s) 'example_branch_dop_operator_v3' retrieved from /home/airflow/.local/lib/python3.8/site-packages/airflow/example_dags/example_branch_python_dop_operator_3.py
[2024-04-05T15:31:52.577+0000] {logging_mixin.py:188} INFO - [2024-04-05T15:31:52.575+0000] {dag.py:3047} INFO - Sync 1 DAGs
[2024-04-05T15:31:53.190+0000] {logging_mixin.py:188} INFO - [2024-04-05T15:31:53.184+0000] {dag.py:3834} INFO - Setting next_dagrun for example_branch_dop_operator_v3 to 2024-04-05 15:30:00+00:00, run_after=2024-04-05 15:31:00+00:00
[2024-04-05T15:31:53.550+0000] {processor.py:183} INFO - Processing /home/airflow/.local/lib/python3.8/site-packages/airflow/example_dags/example_branch_python_dop_operator_3.py took 2.008 seconds
