[2024-04-05T15:05:59.813+0000] {processor.py:161} INFO - Started process (PID=298) to work on /home/airflow/.local/lib/python3.8/site-packages/airflow/example_dags/example_subdag_operator.py
[2024-04-05T15:05:59.909+0000] {processor.py:830} INFO - Processing file /home/airflow/.local/lib/python3.8/site-packages/airflow/example_dags/example_subdag_operator.py for tasks to queue
[2024-04-05T15:06:00.055+0000] {logging_mixin.py:188} INFO - [2024-04-05T15:06:00.041+0000] {dagbag.py:540} INFO - Filling up the DagBag from /home/airflow/.local/lib/python3.8/site-packages/airflow/example_dags/example_subdag_operator.py
[2024-04-05T15:06:03.813+0000] {processor.py:840} INFO - DAG(s) 'example_subdag_operator.section-1', 'example_subdag_operator.section-2', 'example_subdag_operator' retrieved from /home/airflow/.local/lib/python3.8/site-packages/airflow/example_dags/example_subdag_operator.py
[2024-04-05T15:06:19.853+0000] {logging_mixin.py:188} INFO - [2024-04-05T15:06:19.708+0000] {override.py:1769} INFO - Created Permission View: can edit on DAG:example_subdag_operator
[2024-04-05T15:06:22.108+0000] {logging_mixin.py:188} INFO - [2024-04-05T15:06:22.104+0000] {override.py:1769} INFO - Created Permission View: can read on DAG:example_subdag_operator
[2024-04-05T15:06:22.941+0000] {logging_mixin.py:188} INFO - [2024-04-05T15:06:22.938+0000] {override.py:1769} INFO - Created Permission View: can delete on DAG:example_subdag_operator
[2024-04-05T15:06:23.069+0000] {logging_mixin.py:188} INFO - [2024-04-05T15:06:23.020+0000] {dag.py:3047} INFO - Sync 3 DAGs
[2024-04-05T15:06:25.882+0000] {logging_mixin.py:188} INFO - [2024-04-05T15:06:25.772+0000] {dag.py:3069} INFO - Creating ORM DAG for example_subdag_operator.section-2
[2024-04-05T15:06:26.017+0000] {logging_mixin.py:188} INFO - [2024-04-05T15:06:25.901+0000] {dag.py:3069} INFO - Creating ORM DAG for example_subdag_operator.section-1
[2024-04-05T15:06:26.157+0000] {logging_mixin.py:188} INFO - [2024-04-05T15:06:26.152+0000] {dag.py:3069} INFO - Creating ORM DAG for example_subdag_operator
[2024-04-05T15:06:27.610+0000] {logging_mixin.py:188} INFO - [2024-04-05T15:06:27.577+0000] {dag.py:3834} INFO - Setting next_dagrun for example_subdag_operator to 2022-01-01 00:00:00+00:00, run_after=2022-01-01 00:00:00+00:00
[2024-04-05T15:06:28.126+0000] {logging_mixin.py:188} INFO - [2024-04-05T15:06:27.810+0000] {dag.py:3834} INFO - Setting next_dagrun for example_subdag_operator.section-1 to None, run_after=None
[2024-04-05T15:06:28.363+0000] {logging_mixin.py:188} INFO - [2024-04-05T15:06:28.316+0000] {dag.py:3834} INFO - Setting next_dagrun for example_subdag_operator.section-2 to None, run_after=None
[2024-04-05T15:06:30.019+0000] {logging_mixin.py:188} INFO - [2024-04-05T15:06:30.004+0000] {dag.py:3047} INFO - Sync 2 DAGs
[2024-04-05T15:06:30.760+0000] {logging_mixin.py:188} INFO - [2024-04-05T15:06:30.747+0000] {dag.py:3834} INFO - Setting next_dagrun for example_subdag_operator.section-1 to None, run_after=None
[2024-04-05T15:06:31.213+0000] {logging_mixin.py:188} INFO - [2024-04-05T15:06:31.198+0000] {dag.py:3834} INFO - Setting next_dagrun for example_subdag_operator.section-2 to None, run_after=None
[2024-04-05T15:06:33.029+0000] {processor.py:183} INFO - Processing /home/airflow/.local/lib/python3.8/site-packages/airflow/example_dags/example_subdag_operator.py took 33.465 seconds
[2024-04-05T15:10:36.041+0000] {processor.py:161} INFO - Started process (PID=410) to work on /home/airflow/.local/lib/python3.8/site-packages/airflow/example_dags/example_subdag_operator.py
[2024-04-05T15:10:36.079+0000] {processor.py:830} INFO - Processing file /home/airflow/.local/lib/python3.8/site-packages/airflow/example_dags/example_subdag_operator.py for tasks to queue
[2024-04-05T15:10:36.459+0000] {logging_mixin.py:188} INFO - [2024-04-05T15:10:36.456+0000] {dagbag.py:540} INFO - Filling up the DagBag from /home/airflow/.local/lib/python3.8/site-packages/airflow/example_dags/example_subdag_operator.py
[2024-04-05T15:10:42.941+0000] {processor.py:840} INFO - DAG(s) 'example_subdag_operator.section-1', 'example_subdag_operator.section-2', 'example_subdag_operator' retrieved from /home/airflow/.local/lib/python3.8/site-packages/airflow/example_dags/example_subdag_operator.py
[2024-04-05T15:10:44.958+0000] {logging_mixin.py:188} INFO - [2024-04-05T15:10:44.926+0000] {dag.py:3047} INFO - Sync 3 DAGs
[2024-04-05T15:10:46.913+0000] {logging_mixin.py:188} INFO - [2024-04-05T15:10:46.896+0000] {dag.py:3834} INFO - Setting next_dagrun for example_subdag_operator to 2022-01-01 00:00:00+00:00, run_after=2022-01-01 00:00:00+00:00
[2024-04-05T15:10:47.456+0000] {logging_mixin.py:188} INFO - [2024-04-05T15:10:47.442+0000] {dag.py:3834} INFO - Setting next_dagrun for example_subdag_operator.section-1 to None, run_after=None
[2024-04-05T15:10:47.753+0000] {logging_mixin.py:188} INFO - [2024-04-05T15:10:47.675+0000] {dag.py:3834} INFO - Setting next_dagrun for example_subdag_operator.section-2 to None, run_after=None
[2024-04-05T15:10:49.069+0000] {logging_mixin.py:188} INFO - [2024-04-05T15:10:49.026+0000] {dag.py:3047} INFO - Sync 2 DAGs
[2024-04-05T15:10:50.331+0000] {logging_mixin.py:188} INFO - [2024-04-05T15:10:50.328+0000] {dag.py:3834} INFO - Setting next_dagrun for example_subdag_operator.section-1 to None, run_after=None
[2024-04-05T15:10:50.483+0000] {logging_mixin.py:188} INFO - [2024-04-05T15:10:50.480+0000] {dag.py:3834} INFO - Setting next_dagrun for example_subdag_operator.section-2 to None, run_after=None
[2024-04-05T15:10:52.898+0000] {processor.py:183} INFO - Processing /home/airflow/.local/lib/python3.8/site-packages/airflow/example_dags/example_subdag_operator.py took 17.168 seconds
[2024-04-05T15:13:03.695+0000] {processor.py:161} INFO - Started process (PID=477) to work on /home/airflow/.local/lib/python3.8/site-packages/airflow/example_dags/example_subdag_operator.py
[2024-04-05T15:13:03.750+0000] {processor.py:830} INFO - Processing file /home/airflow/.local/lib/python3.8/site-packages/airflow/example_dags/example_subdag_operator.py for tasks to queue
[2024-04-05T15:13:03.801+0000] {logging_mixin.py:188} INFO - [2024-04-05T15:13:03.797+0000] {dagbag.py:540} INFO - Filling up the DagBag from /home/airflow/.local/lib/python3.8/site-packages/airflow/example_dags/example_subdag_operator.py
[2024-04-05T15:13:05.070+0000] {processor.py:840} INFO - DAG(s) 'example_subdag_operator.section-1', 'example_subdag_operator.section-2', 'example_subdag_operator' retrieved from /home/airflow/.local/lib/python3.8/site-packages/airflow/example_dags/example_subdag_operator.py
[2024-04-05T15:13:06.463+0000] {logging_mixin.py:188} INFO - [2024-04-05T15:13:06.457+0000] {dag.py:3047} INFO - Sync 3 DAGs
[2024-04-05T15:13:08.052+0000] {logging_mixin.py:188} INFO - [2024-04-05T15:13:08.049+0000] {dag.py:3834} INFO - Setting next_dagrun for example_subdag_operator to 2022-01-01 00:00:00+00:00, run_after=2022-01-01 00:00:00+00:00
[2024-04-05T15:13:08.581+0000] {logging_mixin.py:188} INFO - [2024-04-05T15:13:08.551+0000] {dag.py:3834} INFO - Setting next_dagrun for example_subdag_operator.section-1 to None, run_after=None
[2024-04-05T15:13:08.659+0000] {logging_mixin.py:188} INFO - [2024-04-05T15:13:08.657+0000] {dag.py:3834} INFO - Setting next_dagrun for example_subdag_operator.section-2 to None, run_after=None
[2024-04-05T15:13:09.728+0000] {logging_mixin.py:188} INFO - [2024-04-05T15:13:09.726+0000] {dag.py:3047} INFO - Sync 2 DAGs
[2024-04-05T15:13:10.572+0000] {logging_mixin.py:188} INFO - [2024-04-05T15:13:10.570+0000] {dag.py:3834} INFO - Setting next_dagrun for example_subdag_operator.section-1 to None, run_after=None
[2024-04-05T15:13:10.625+0000] {logging_mixin.py:188} INFO - [2024-04-05T15:13:10.622+0000] {dag.py:3834} INFO - Setting next_dagrun for example_subdag_operator.section-2 to None, run_after=None
[2024-04-05T15:13:11.769+0000] {processor.py:183} INFO - Processing /home/airflow/.local/lib/python3.8/site-packages/airflow/example_dags/example_subdag_operator.py took 8.296 seconds
[2024-04-05T15:21:03.723+0000] {processor.py:161} INFO - Started process (PID=683) to work on /home/airflow/.local/lib/python3.8/site-packages/airflow/example_dags/example_subdag_operator.py
[2024-04-05T15:21:03.788+0000] {processor.py:830} INFO - Processing file /home/airflow/.local/lib/python3.8/site-packages/airflow/example_dags/example_subdag_operator.py for tasks to queue
[2024-04-05T15:21:04.033+0000] {logging_mixin.py:188} INFO - [2024-04-05T15:21:03.929+0000] {dagbag.py:540} INFO - Filling up the DagBag from /home/airflow/.local/lib/python3.8/site-packages/airflow/example_dags/example_subdag_operator.py
[2024-04-05T15:21:06.470+0000] {processor.py:840} INFO - DAG(s) 'example_subdag_operator.section-1', 'example_subdag_operator.section-2', 'example_subdag_operator' retrieved from /home/airflow/.local/lib/python3.8/site-packages/airflow/example_dags/example_subdag_operator.py
[2024-04-05T15:21:09.689+0000] {logging_mixin.py:188} INFO - [2024-04-05T15:21:09.591+0000] {dag.py:3047} INFO - Sync 3 DAGs
[2024-04-05T15:21:13.248+0000] {logging_mixin.py:188} INFO - [2024-04-05T15:21:13.211+0000] {dag.py:3834} INFO - Setting next_dagrun for example_subdag_operator to 2022-01-01 00:00:00+00:00, run_after=2022-01-01 00:00:00+00:00
[2024-04-05T15:21:13.516+0000] {logging_mixin.py:188} INFO - [2024-04-05T15:21:13.514+0000] {dag.py:3834} INFO - Setting next_dagrun for example_subdag_operator.section-1 to None, run_after=None
[2024-04-05T15:21:13.592+0000] {logging_mixin.py:188} INFO - [2024-04-05T15:21:13.588+0000] {dag.py:3834} INFO - Setting next_dagrun for example_subdag_operator.section-2 to None, run_after=None
[2024-04-05T15:21:14.180+0000] {logging_mixin.py:188} INFO - [2024-04-05T15:21:14.138+0000] {dag.py:3047} INFO - Sync 2 DAGs
[2024-04-05T15:21:14.715+0000] {logging_mixin.py:188} INFO - [2024-04-05T15:21:14.712+0000] {dag.py:3834} INFO - Setting next_dagrun for example_subdag_operator.section-1 to None, run_after=None
[2024-04-05T15:21:14.771+0000] {logging_mixin.py:188} INFO - [2024-04-05T15:21:14.756+0000] {dag.py:3834} INFO - Setting next_dagrun for example_subdag_operator.section-2 to None, run_after=None
[2024-04-05T15:21:15.359+0000] {processor.py:183} INFO - Processing /home/airflow/.local/lib/python3.8/site-packages/airflow/example_dags/example_subdag_operator.py took 12.786 seconds
[2024-04-05T15:23:26.168+0000] {processor.py:161} INFO - Started process (PID=751) to work on /home/airflow/.local/lib/python3.8/site-packages/airflow/example_dags/example_subdag_operator.py
[2024-04-05T15:23:26.295+0000] {processor.py:830} INFO - Processing file /home/airflow/.local/lib/python3.8/site-packages/airflow/example_dags/example_subdag_operator.py for tasks to queue
[2024-04-05T15:23:26.366+0000] {logging_mixin.py:188} INFO - [2024-04-05T15:23:26.333+0000] {dagbag.py:540} INFO - Filling up the DagBag from /home/airflow/.local/lib/python3.8/site-packages/airflow/example_dags/example_subdag_operator.py
[2024-04-05T15:23:27.605+0000] {processor.py:840} INFO - DAG(s) 'example_subdag_operator.section-1', 'example_subdag_operator.section-2', 'example_subdag_operator' retrieved from /home/airflow/.local/lib/python3.8/site-packages/airflow/example_dags/example_subdag_operator.py
[2024-04-05T15:23:28.718+0000] {logging_mixin.py:188} INFO - [2024-04-05T15:23:28.715+0000] {dag.py:3047} INFO - Sync 3 DAGs
[2024-04-05T15:23:30.503+0000] {logging_mixin.py:188} INFO - [2024-04-05T15:23:30.477+0000] {dag.py:3834} INFO - Setting next_dagrun for example_subdag_operator to 2022-01-01 00:00:00+00:00, run_after=2022-01-01 00:00:00+00:00
[2024-04-05T15:23:31.192+0000] {logging_mixin.py:188} INFO - [2024-04-05T15:23:31.190+0000] {dag.py:3834} INFO - Setting next_dagrun for example_subdag_operator.section-1 to None, run_after=None
[2024-04-05T15:23:31.361+0000] {logging_mixin.py:188} INFO - [2024-04-05T15:23:31.316+0000] {dag.py:3834} INFO - Setting next_dagrun for example_subdag_operator.section-2 to None, run_after=None
[2024-04-05T15:23:32.041+0000] {logging_mixin.py:188} INFO - [2024-04-05T15:23:32.039+0000] {dag.py:3047} INFO - Sync 2 DAGs
[2024-04-05T15:23:32.438+0000] {logging_mixin.py:188} INFO - [2024-04-05T15:23:32.436+0000] {dag.py:3834} INFO - Setting next_dagrun for example_subdag_operator.section-1 to None, run_after=None
[2024-04-05T15:23:32.493+0000] {logging_mixin.py:188} INFO - [2024-04-05T15:23:32.491+0000] {dag.py:3834} INFO - Setting next_dagrun for example_subdag_operator.section-2 to None, run_after=None
[2024-04-05T15:23:32.952+0000] {processor.py:183} INFO - Processing /home/airflow/.local/lib/python3.8/site-packages/airflow/example_dags/example_subdag_operator.py took 7.174 seconds
[2024-04-05T15:28:17.958+0000] {processor.py:161} INFO - Started process (PID=916) to work on /home/airflow/.local/lib/python3.8/site-packages/airflow/example_dags/example_subdag_operator.py
[2024-04-05T15:28:18.036+0000] {processor.py:830} INFO - Processing file /home/airflow/.local/lib/python3.8/site-packages/airflow/example_dags/example_subdag_operator.py for tasks to queue
[2024-04-05T15:28:18.106+0000] {logging_mixin.py:188} INFO - [2024-04-05T15:28:18.102+0000] {dagbag.py:540} INFO - Filling up the DagBag from /home/airflow/.local/lib/python3.8/site-packages/airflow/example_dags/example_subdag_operator.py
[2024-04-05T15:28:20.301+0000] {processor.py:840} INFO - DAG(s) 'example_subdag_operator.section-1', 'example_subdag_operator.section-2', 'example_subdag_operator' retrieved from /home/airflow/.local/lib/python3.8/site-packages/airflow/example_dags/example_subdag_operator.py
[2024-04-05T15:28:21.994+0000] {logging_mixin.py:188} INFO - [2024-04-05T15:28:21.948+0000] {dag.py:3047} INFO - Sync 3 DAGs
[2024-04-05T15:28:24.427+0000] {logging_mixin.py:188} INFO - [2024-04-05T15:28:24.397+0000] {dag.py:3834} INFO - Setting next_dagrun for example_subdag_operator to 2022-01-01 00:00:00+00:00, run_after=2022-01-01 00:00:00+00:00
[2024-04-05T15:28:24.829+0000] {logging_mixin.py:188} INFO - [2024-04-05T15:28:24.767+0000] {dag.py:3834} INFO - Setting next_dagrun for example_subdag_operator.section-1 to None, run_after=None
[2024-04-05T15:28:24.895+0000] {logging_mixin.py:188} INFO - [2024-04-05T15:28:24.892+0000] {dag.py:3834} INFO - Setting next_dagrun for example_subdag_operator.section-2 to None, run_after=None
[2024-04-05T15:28:25.703+0000] {logging_mixin.py:188} INFO - [2024-04-05T15:28:25.700+0000] {dag.py:3047} INFO - Sync 2 DAGs
[2024-04-05T15:28:26.063+0000] {logging_mixin.py:188} INFO - [2024-04-05T15:28:26.049+0000] {dag.py:3834} INFO - Setting next_dagrun for example_subdag_operator.section-1 to None, run_after=None
[2024-04-05T15:28:26.142+0000] {logging_mixin.py:188} INFO - [2024-04-05T15:28:26.096+0000] {dag.py:3834} INFO - Setting next_dagrun for example_subdag_operator.section-2 to None, run_after=None
[2024-04-05T15:28:26.938+0000] {processor.py:183} INFO - Processing /home/airflow/.local/lib/python3.8/site-packages/airflow/example_dags/example_subdag_operator.py took 9.372 seconds
[2024-04-05T15:30:25.208+0000] {processor.py:161} INFO - Started process (PID=987) to work on /home/airflow/.local/lib/python3.8/site-packages/airflow/example_dags/example_subdag_operator.py
[2024-04-05T15:30:25.233+0000] {processor.py:830} INFO - Processing file /home/airflow/.local/lib/python3.8/site-packages/airflow/example_dags/example_subdag_operator.py for tasks to queue
[2024-04-05T15:30:25.301+0000] {logging_mixin.py:188} INFO - [2024-04-05T15:30:25.268+0000] {dagbag.py:540} INFO - Filling up the DagBag from /home/airflow/.local/lib/python3.8/site-packages/airflow/example_dags/example_subdag_operator.py
[2024-04-05T15:30:27.304+0000] {processor.py:840} INFO - DAG(s) 'example_subdag_operator.section-1', 'example_subdag_operator.section-2', 'example_subdag_operator' retrieved from /home/airflow/.local/lib/python3.8/site-packages/airflow/example_dags/example_subdag_operator.py
[2024-04-05T15:30:28.126+0000] {logging_mixin.py:188} INFO - [2024-04-05T15:30:28.124+0000] {dag.py:3047} INFO - Sync 3 DAGs
[2024-04-05T15:30:30.258+0000] {logging_mixin.py:188} INFO - [2024-04-05T15:30:30.234+0000] {dag.py:3834} INFO - Setting next_dagrun for example_subdag_operator to 2022-01-01 00:00:00+00:00, run_after=2022-01-01 00:00:00+00:00
[2024-04-05T15:30:30.922+0000] {logging_mixin.py:188} INFO - [2024-04-05T15:30:30.920+0000] {dag.py:3834} INFO - Setting next_dagrun for example_subdag_operator.section-1 to None, run_after=None
[2024-04-05T15:30:31.015+0000] {logging_mixin.py:188} INFO - [2024-04-05T15:30:31.013+0000] {dag.py:3834} INFO - Setting next_dagrun for example_subdag_operator.section-2 to None, run_after=None
[2024-04-05T15:30:31.268+0000] {logging_mixin.py:188} INFO - [2024-04-05T15:30:31.266+0000] {dag.py:3047} INFO - Sync 2 DAGs
[2024-04-05T15:30:31.607+0000] {logging_mixin.py:188} INFO - [2024-04-05T15:30:31.563+0000] {dag.py:3834} INFO - Setting next_dagrun for example_subdag_operator.section-1 to None, run_after=None
[2024-04-05T15:30:31.665+0000] {logging_mixin.py:188} INFO - [2024-04-05T15:30:31.663+0000] {dag.py:3834} INFO - Setting next_dagrun for example_subdag_operator.section-2 to None, run_after=None
[2024-04-05T15:30:32.187+0000] {processor.py:183} INFO - Processing /home/airflow/.local/lib/python3.8/site-packages/airflow/example_dags/example_subdag_operator.py took 7.213 seconds
