[2024-04-05T15:06:29.082+0000] {processor.py:161} INFO - Started process (PID=307) to work on /home/airflow/.local/lib/python3.8/site-packages/airflow/example_dags/example_external_task_marker_dag.py
[2024-04-05T15:06:29.113+0000] {processor.py:830} INFO - Processing file /home/airflow/.local/lib/python3.8/site-packages/airflow/example_dags/example_external_task_marker_dag.py for tasks to queue
[2024-04-05T15:06:29.194+0000] {logging_mixin.py:188} INFO - [2024-04-05T15:06:29.180+0000] {dagbag.py:540} INFO - Filling up the DagBag from /home/airflow/.local/lib/python3.8/site-packages/airflow/example_dags/example_external_task_marker_dag.py
[2024-04-05T15:06:29.915+0000] {processor.py:840} INFO - DAG(s) 'example_external_task_marker_parent', 'example_external_task_marker_child' retrieved from /home/airflow/.local/lib/python3.8/site-packages/airflow/example_dags/example_external_task_marker_dag.py
[2024-04-05T15:06:52.625+0000] {logging_mixin.py:188} INFO - [2024-04-05T15:06:52.591+0000] {override.py:1769} INFO - Created Permission View: can edit on DAG:example_external_task_marker_parent
[2024-04-05T15:06:53.227+0000] {logging_mixin.py:188} INFO - [2024-04-05T15:06:53.223+0000] {override.py:1769} INFO - Created Permission View: can read on DAG:example_external_task_marker_parent
[2024-04-05T15:06:53.794+0000] {logging_mixin.py:188} INFO - [2024-04-05T15:06:53.780+0000] {override.py:1769} INFO - Created Permission View: can delete on DAG:example_external_task_marker_parent
[2024-04-05T15:06:55.612+0000] {logging_mixin.py:188} INFO - [2024-04-05T15:06:55.609+0000] {override.py:1769} INFO - Created Permission View: can edit on DAG:example_external_task_marker_child
[2024-04-05T15:06:56.067+0000] {logging_mixin.py:188} INFO - [2024-04-05T15:06:56.039+0000] {override.py:1769} INFO - Created Permission View: can read on DAG:example_external_task_marker_child
[2024-04-05T15:06:56.577+0000] {logging_mixin.py:188} INFO - [2024-04-05T15:06:56.574+0000] {override.py:1769} INFO - Created Permission View: can delete on DAG:example_external_task_marker_child
[2024-04-05T15:06:56.610+0000] {logging_mixin.py:188} INFO - [2024-04-05T15:06:56.608+0000] {dag.py:3047} INFO - Sync 2 DAGs
[2024-04-05T15:06:58.335+0000] {logging_mixin.py:188} INFO - [2024-04-05T15:06:58.329+0000] {dag.py:3069} INFO - Creating ORM DAG for example_external_task_marker_child
[2024-04-05T15:06:58.411+0000] {logging_mixin.py:188} INFO - [2024-04-05T15:06:58.408+0000] {dag.py:3069} INFO - Creating ORM DAG for example_external_task_marker_parent
[2024-04-05T15:06:58.589+0000] {logging_mixin.py:188} INFO - [2024-04-05T15:06:58.456+0000] {dag.py:3834} INFO - Setting next_dagrun for example_external_task_marker_child to None, run_after=None
[2024-04-05T15:06:58.668+0000] {logging_mixin.py:188} INFO - [2024-04-05T15:06:58.645+0000] {dag.py:3834} INFO - Setting next_dagrun for example_external_task_marker_parent to None, run_after=None
[2024-04-05T15:07:01.061+0000] {processor.py:183} INFO - Processing /home/airflow/.local/lib/python3.8/site-packages/airflow/example_dags/example_external_task_marker_dag.py took 33.056 seconds
[2024-04-05T15:10:54.883+0000] {processor.py:161} INFO - Started process (PID=419) to work on /home/airflow/.local/lib/python3.8/site-packages/airflow/example_dags/example_external_task_marker_dag.py
[2024-04-05T15:10:55.121+0000] {processor.py:830} INFO - Processing file /home/airflow/.local/lib/python3.8/site-packages/airflow/example_dags/example_external_task_marker_dag.py for tasks to queue
[2024-04-05T15:10:55.333+0000] {logging_mixin.py:188} INFO - [2024-04-05T15:10:55.222+0000] {dagbag.py:540} INFO - Filling up the DagBag from /home/airflow/.local/lib/python3.8/site-packages/airflow/example_dags/example_external_task_marker_dag.py
[2024-04-05T15:10:56.973+0000] {processor.py:840} INFO - DAG(s) 'example_external_task_marker_parent', 'example_external_task_marker_child' retrieved from /home/airflow/.local/lib/python3.8/site-packages/airflow/example_dags/example_external_task_marker_dag.py
[2024-04-05T15:10:59.644+0000] {logging_mixin.py:188} INFO - [2024-04-05T15:10:59.518+0000] {dag.py:3047} INFO - Sync 2 DAGs
[2024-04-05T15:11:02.730+0000] {logging_mixin.py:188} INFO - [2024-04-05T15:11:02.728+0000] {dag.py:3834} INFO - Setting next_dagrun for example_external_task_marker_child to None, run_after=None
[2024-04-05T15:11:03.245+0000] {logging_mixin.py:188} INFO - [2024-04-05T15:11:03.229+0000] {dag.py:3834} INFO - Setting next_dagrun for example_external_task_marker_parent to None, run_after=None
[2024-04-05T15:11:05.795+0000] {processor.py:183} INFO - Processing /home/airflow/.local/lib/python3.8/site-packages/airflow/example_dags/example_external_task_marker_dag.py took 11.911 seconds
[2024-04-05T15:17:26.951+0000] {processor.py:161} INFO - Started process (PID=600) to work on /home/airflow/.local/lib/python3.8/site-packages/airflow/example_dags/example_external_task_marker_dag.py
[2024-04-05T15:17:27.128+0000] {processor.py:830} INFO - Processing file /home/airflow/.local/lib/python3.8/site-packages/airflow/example_dags/example_external_task_marker_dag.py for tasks to queue
[2024-04-05T15:17:27.313+0000] {logging_mixin.py:188} INFO - [2024-04-05T15:17:27.262+0000] {dagbag.py:540} INFO - Filling up the DagBag from /home/airflow/.local/lib/python3.8/site-packages/airflow/example_dags/example_external_task_marker_dag.py
[2024-04-05T15:17:28.636+0000] {processor.py:840} INFO - DAG(s) 'example_external_task_marker_parent', 'example_external_task_marker_child' retrieved from /home/airflow/.local/lib/python3.8/site-packages/airflow/example_dags/example_external_task_marker_dag.py
[2024-04-05T15:17:34.461+0000] {logging_mixin.py:188} INFO - [2024-04-05T15:17:34.383+0000] {dag.py:3047} INFO - Sync 2 DAGs
[2024-04-05T15:17:37.439+0000] {logging_mixin.py:188} INFO - [2024-04-05T15:17:37.266+0000] {dag.py:3834} INFO - Setting next_dagrun for example_external_task_marker_child to None, run_after=None
[2024-04-05T15:17:37.879+0000] {logging_mixin.py:188} INFO - [2024-04-05T15:17:37.877+0000] {dag.py:3834} INFO - Setting next_dagrun for example_external_task_marker_parent to None, run_after=None
[2024-04-05T15:17:39.492+0000] {processor.py:183} INFO - Processing /home/airflow/.local/lib/python3.8/site-packages/airflow/example_dags/example_external_task_marker_dag.py took 13.464 seconds
[2024-04-05T15:21:15.661+0000] {processor.py:161} INFO - Started process (PID=691) to work on /home/airflow/.local/lib/python3.8/site-packages/airflow/example_dags/example_external_task_marker_dag.py
[2024-04-05T15:21:15.789+0000] {processor.py:830} INFO - Processing file /home/airflow/.local/lib/python3.8/site-packages/airflow/example_dags/example_external_task_marker_dag.py for tasks to queue
[2024-04-05T15:21:15.861+0000] {logging_mixin.py:188} INFO - [2024-04-05T15:21:15.812+0000] {dagbag.py:540} INFO - Filling up the DagBag from /home/airflow/.local/lib/python3.8/site-packages/airflow/example_dags/example_external_task_marker_dag.py
[2024-04-05T15:21:16.450+0000] {processor.py:840} INFO - DAG(s) 'example_external_task_marker_child', 'example_external_task_marker_parent' retrieved from /home/airflow/.local/lib/python3.8/site-packages/airflow/example_dags/example_external_task_marker_dag.py
[2024-04-05T15:21:18.430+0000] {logging_mixin.py:188} INFO - [2024-04-05T15:21:18.381+0000] {dag.py:3047} INFO - Sync 2 DAGs
[2024-04-05T15:21:19.001+0000] {logging_mixin.py:188} INFO - [2024-04-05T15:21:18.965+0000] {dag.py:3834} INFO - Setting next_dagrun for example_external_task_marker_child to None, run_after=None
[2024-04-05T15:21:19.230+0000] {logging_mixin.py:188} INFO - [2024-04-05T15:21:19.201+0000] {dag.py:3834} INFO - Setting next_dagrun for example_external_task_marker_parent to None, run_after=None
[2024-04-05T15:21:20.621+0000] {processor.py:183} INFO - Processing /home/airflow/.local/lib/python3.8/site-packages/airflow/example_dags/example_external_task_marker_dag.py took 5.325 seconds
[2024-04-05T15:26:37.755+0000] {processor.py:161} INFO - Started process (PID=861) to work on /home/airflow/.local/lib/python3.8/site-packages/airflow/example_dags/example_external_task_marker_dag.py
[2024-04-05T15:26:37.802+0000] {processor.py:830} INFO - Processing file /home/airflow/.local/lib/python3.8/site-packages/airflow/example_dags/example_external_task_marker_dag.py for tasks to queue
[2024-04-05T15:26:37.850+0000] {logging_mixin.py:188} INFO - [2024-04-05T15:26:37.848+0000] {dagbag.py:540} INFO - Filling up the DagBag from /home/airflow/.local/lib/python3.8/site-packages/airflow/example_dags/example_external_task_marker_dag.py
[2024-04-05T15:26:38.390+0000] {processor.py:840} INFO - DAG(s) 'example_external_task_marker_parent', 'example_external_task_marker_child' retrieved from /home/airflow/.local/lib/python3.8/site-packages/airflow/example_dags/example_external_task_marker_dag.py
[2024-04-05T15:26:39.888+0000] {logging_mixin.py:188} INFO - [2024-04-05T15:26:39.884+0000] {dag.py:3047} INFO - Sync 2 DAGs
[2024-04-05T15:26:40.486+0000] {logging_mixin.py:188} INFO - [2024-04-05T15:26:40.484+0000] {dag.py:3834} INFO - Setting next_dagrun for example_external_task_marker_child to None, run_after=None
[2024-04-05T15:26:40.599+0000] {logging_mixin.py:188} INFO - [2024-04-05T15:26:40.574+0000] {dag.py:3834} INFO - Setting next_dagrun for example_external_task_marker_parent to None, run_after=None
[2024-04-05T15:26:41.044+0000] {processor.py:183} INFO - Processing /home/airflow/.local/lib/python3.8/site-packages/airflow/example_dags/example_external_task_marker_dag.py took 3.511 seconds
[2024-04-05T15:28:24.304+0000] {processor.py:161} INFO - Started process (PID=920) to work on /home/airflow/.local/lib/python3.8/site-packages/airflow/example_dags/example_external_task_marker_dag.py
[2024-04-05T15:28:24.349+0000] {processor.py:830} INFO - Processing file /home/airflow/.local/lib/python3.8/site-packages/airflow/example_dags/example_external_task_marker_dag.py for tasks to queue
[2024-04-05T15:28:24.452+0000] {logging_mixin.py:188} INFO - [2024-04-05T15:28:24.436+0000] {dagbag.py:540} INFO - Filling up the DagBag from /home/airflow/.local/lib/python3.8/site-packages/airflow/example_dags/example_external_task_marker_dag.py
[2024-04-05T15:28:24.837+0000] {processor.py:840} INFO - DAG(s) 'example_external_task_marker_child', 'example_external_task_marker_parent' retrieved from /home/airflow/.local/lib/python3.8/site-packages/airflow/example_dags/example_external_task_marker_dag.py
[2024-04-05T15:28:26.512+0000] {logging_mixin.py:188} INFO - [2024-04-05T15:28:26.510+0000] {dag.py:3047} INFO - Sync 2 DAGs
[2024-04-05T15:28:27.395+0000] {logging_mixin.py:188} INFO - [2024-04-05T15:28:27.393+0000] {dag.py:3834} INFO - Setting next_dagrun for example_external_task_marker_child to None, run_after=None
[2024-04-05T15:28:27.686+0000] {logging_mixin.py:188} INFO - [2024-04-05T15:28:27.656+0000] {dag.py:3834} INFO - Setting next_dagrun for example_external_task_marker_parent to None, run_after=None
[2024-04-05T15:28:29.084+0000] {processor.py:183} INFO - Processing /home/airflow/.local/lib/python3.8/site-packages/airflow/example_dags/example_external_task_marker_dag.py took 5.033 seconds
[2024-04-05T15:32:51.152+0000] {processor.py:161} INFO - Started process (PID=1080) to work on /home/airflow/.local/lib/python3.8/site-packages/airflow/example_dags/example_external_task_marker_dag.py
[2024-04-05T15:32:51.201+0000] {processor.py:830} INFO - Processing file /home/airflow/.local/lib/python3.8/site-packages/airflow/example_dags/example_external_task_marker_dag.py for tasks to queue
[2024-04-05T15:32:51.311+0000] {logging_mixin.py:188} INFO - [2024-04-05T15:32:51.305+0000] {dagbag.py:540} INFO - Filling up the DagBag from /home/airflow/.local/lib/python3.8/site-packages/airflow/example_dags/example_external_task_marker_dag.py
[2024-04-05T15:32:52.060+0000] {processor.py:840} INFO - DAG(s) 'example_external_task_marker_child', 'example_external_task_marker_parent' retrieved from /home/airflow/.local/lib/python3.8/site-packages/airflow/example_dags/example_external_task_marker_dag.py
[2024-04-05T15:32:53.094+0000] {logging_mixin.py:188} INFO - [2024-04-05T15:32:53.084+0000] {dag.py:3047} INFO - Sync 2 DAGs
[2024-04-05T15:32:53.852+0000] {logging_mixin.py:188} INFO - [2024-04-05T15:32:53.848+0000] {dag.py:3834} INFO - Setting next_dagrun for example_external_task_marker_child to None, run_after=None
[2024-04-05T15:32:54.249+0000] {logging_mixin.py:188} INFO - [2024-04-05T15:32:54.243+0000] {dag.py:3834} INFO - Setting next_dagrun for example_external_task_marker_parent to None, run_after=None
[2024-04-05T15:32:55.764+0000] {processor.py:183} INFO - Processing /home/airflow/.local/lib/python3.8/site-packages/airflow/example_dags/example_external_task_marker_dag.py took 4.954 seconds
