[2024-04-05T15:06:38.667+0000] {processor.py:161} INFO - Started process (PID=309) to work on /home/airflow/.local/lib/python3.8/site-packages/airflow/example_dags/example_xcomargs.py
[2024-04-05T15:06:39.059+0000] {processor.py:830} INFO - Processing file /home/airflow/.local/lib/python3.8/site-packages/airflow/example_dags/example_xcomargs.py for tasks to queue
[2024-04-05T15:06:39.240+0000] {logging_mixin.py:188} INFO - [2024-04-05T15:06:39.223+0000] {dagbag.py:540} INFO - Filling up the DagBag from /home/airflow/.local/lib/python3.8/site-packages/airflow/example_dags/example_xcomargs.py
[2024-04-05T15:06:40.995+0000] {processor.py:840} INFO - DAG(s) 'example_xcom_args_with_operators', 'example_xcom_args' retrieved from /home/airflow/.local/lib/python3.8/site-packages/airflow/example_dags/example_xcomargs.py
[2024-04-05T15:06:58.130+0000] {logging_mixin.py:188} INFO - [2024-04-05T15:06:58.114+0000] {override.py:1769} INFO - Created Permission View: can edit on DAG:example_xcom_args_with_operators
[2024-04-05T15:07:00.780+0000] {logging_mixin.py:188} INFO - [2024-04-05T15:07:00.665+0000] {override.py:1769} INFO - Created Permission View: can read on DAG:example_xcom_args_with_operators
[2024-04-05T15:07:01.650+0000] {logging_mixin.py:188} INFO - [2024-04-05T15:07:01.646+0000] {override.py:1769} INFO - Created Permission View: can delete on DAG:example_xcom_args_with_operators
[2024-04-05T15:07:04.695+0000] {logging_mixin.py:188} INFO - [2024-04-05T15:07:04.692+0000] {override.py:1769} INFO - Created Permission View: can edit on DAG:example_xcom_args
[2024-04-05T15:07:06.118+0000] {logging_mixin.py:188} INFO - [2024-04-05T15:07:06.006+0000] {override.py:1769} INFO - Created Permission View: can read on DAG:example_xcom_args
[2024-04-05T15:07:06.935+0000] {logging_mixin.py:188} INFO - [2024-04-05T15:07:06.932+0000] {override.py:1769} INFO - Created Permission View: can delete on DAG:example_xcom_args
[2024-04-05T15:07:07.035+0000] {logging_mixin.py:188} INFO - [2024-04-05T15:07:07.033+0000] {dag.py:3047} INFO - Sync 2 DAGs
[2024-04-05T15:07:09.914+0000] {logging_mixin.py:188} INFO - [2024-04-05T15:07:09.912+0000] {dag.py:3069} INFO - Creating ORM DAG for example_xcom_args
[2024-04-05T15:07:10.131+0000] {logging_mixin.py:188} INFO - [2024-04-05T15:07:10.130+0000] {dag.py:3069} INFO - Creating ORM DAG for example_xcom_args_with_operators
[2024-04-05T15:07:10.329+0000] {logging_mixin.py:188} INFO - [2024-04-05T15:07:10.297+0000] {dag.py:3834} INFO - Setting next_dagrun for example_xcom_args to None, run_after=None
[2024-04-05T15:07:10.353+0000] {logging_mixin.py:188} INFO - [2024-04-05T15:07:10.350+0000] {dag.py:3834} INFO - Setting next_dagrun for example_xcom_args_with_operators to None, run_after=None
[2024-04-05T15:07:11.631+0000] {processor.py:183} INFO - Processing /home/airflow/.local/lib/python3.8/site-packages/airflow/example_dags/example_xcomargs.py took 34.422 seconds
[2024-04-05T15:10:58.172+0000] {processor.py:161} INFO - Started process (PID=421) to work on /home/airflow/.local/lib/python3.8/site-packages/airflow/example_dags/example_xcomargs.py
[2024-04-05T15:10:58.364+0000] {processor.py:830} INFO - Processing file /home/airflow/.local/lib/python3.8/site-packages/airflow/example_dags/example_xcomargs.py for tasks to queue
[2024-04-05T15:10:58.960+0000] {logging_mixin.py:188} INFO - [2024-04-05T15:10:58.956+0000] {dagbag.py:540} INFO - Filling up the DagBag from /home/airflow/.local/lib/python3.8/site-packages/airflow/example_dags/example_xcomargs.py
[2024-04-05T15:11:00.896+0000] {processor.py:840} INFO - DAG(s) 'example_xcom_args', 'example_xcom_args_with_operators' retrieved from /home/airflow/.local/lib/python3.8/site-packages/airflow/example_dags/example_xcomargs.py
[2024-04-05T15:11:02.506+0000] {logging_mixin.py:188} INFO - [2024-04-05T15:11:02.504+0000] {dag.py:3047} INFO - Sync 2 DAGs
[2024-04-05T15:11:05.431+0000] {logging_mixin.py:188} INFO - [2024-04-05T15:11:05.337+0000] {dag.py:3834} INFO - Setting next_dagrun for example_xcom_args to None, run_after=None
[2024-04-05T15:11:06.781+0000] {logging_mixin.py:188} INFO - [2024-04-05T15:11:06.779+0000] {dag.py:3834} INFO - Setting next_dagrun for example_xcom_args_with_operators to None, run_after=None
[2024-04-05T15:11:08.149+0000] {processor.py:183} INFO - Processing /home/airflow/.local/lib/python3.8/site-packages/airflow/example_dags/example_xcomargs.py took 10.488 seconds
[2024-04-05T15:17:39.968+0000] {processor.py:161} INFO - Started process (PID=603) to work on /home/airflow/.local/lib/python3.8/site-packages/airflow/example_dags/example_xcomargs.py
[2024-04-05T15:17:40.095+0000] {processor.py:830} INFO - Processing file /home/airflow/.local/lib/python3.8/site-packages/airflow/example_dags/example_xcomargs.py for tasks to queue
[2024-04-05T15:17:40.382+0000] {logging_mixin.py:188} INFO - [2024-04-05T15:17:40.366+0000] {dagbag.py:540} INFO - Filling up the DagBag from /home/airflow/.local/lib/python3.8/site-packages/airflow/example_dags/example_xcomargs.py
[2024-04-05T15:17:41.601+0000] {processor.py:840} INFO - DAG(s) 'example_xcom_args_with_operators', 'example_xcom_args' retrieved from /home/airflow/.local/lib/python3.8/site-packages/airflow/example_dags/example_xcomargs.py
[2024-04-05T15:17:43.347+0000] {logging_mixin.py:188} INFO - [2024-04-05T15:17:43.345+0000] {dag.py:3047} INFO - Sync 2 DAGs
[2024-04-05T15:17:44.643+0000] {logging_mixin.py:188} INFO - [2024-04-05T15:17:44.641+0000] {dag.py:3834} INFO - Setting next_dagrun for example_xcom_args to None, run_after=None
[2024-04-05T15:17:45.046+0000] {logging_mixin.py:188} INFO - [2024-04-05T15:17:45.032+0000] {dag.py:3834} INFO - Setting next_dagrun for example_xcom_args_with_operators to None, run_after=None
[2024-04-05T15:17:46.376+0000] {processor.py:183} INFO - Processing /home/airflow/.local/lib/python3.8/site-packages/airflow/example_dags/example_xcomargs.py took 7.555 seconds
[2024-04-05T15:21:17.907+0000] {processor.py:161} INFO - Started process (PID=692) to work on /home/airflow/.local/lib/python3.8/site-packages/airflow/example_dags/example_xcomargs.py
[2024-04-05T15:21:17.999+0000] {processor.py:830} INFO - Processing file /home/airflow/.local/lib/python3.8/site-packages/airflow/example_dags/example_xcomargs.py for tasks to queue
[2024-04-05T15:21:18.071+0000] {logging_mixin.py:188} INFO - [2024-04-05T15:21:18.043+0000] {dagbag.py:540} INFO - Filling up the DagBag from /home/airflow/.local/lib/python3.8/site-packages/airflow/example_dags/example_xcomargs.py
[2024-04-05T15:21:18.659+0000] {processor.py:840} INFO - DAG(s) 'example_xcom_args_with_operators', 'example_xcom_args' retrieved from /home/airflow/.local/lib/python3.8/site-packages/airflow/example_dags/example_xcomargs.py
[2024-04-05T15:21:19.833+0000] {logging_mixin.py:188} INFO - [2024-04-05T15:21:19.830+0000] {dag.py:3047} INFO - Sync 2 DAGs
[2024-04-05T15:21:21.143+0000] {logging_mixin.py:188} INFO - [2024-04-05T15:21:21.141+0000] {dag.py:3834} INFO - Setting next_dagrun for example_xcom_args to None, run_after=None
[2024-04-05T15:21:21.417+0000] {logging_mixin.py:188} INFO - [2024-04-05T15:21:21.415+0000] {dag.py:3834} INFO - Setting next_dagrun for example_xcom_args_with_operators to None, run_after=None
[2024-04-05T15:21:23.334+0000] {processor.py:183} INFO - Processing /home/airflow/.local/lib/python3.8/site-packages/airflow/example_dags/example_xcomargs.py took 6.279 seconds
[2024-04-05T15:26:42.764+0000] {processor.py:161} INFO - Started process (PID=864) to work on /home/airflow/.local/lib/python3.8/site-packages/airflow/example_dags/example_xcomargs.py
[2024-04-05T15:26:42.888+0000] {processor.py:830} INFO - Processing file /home/airflow/.local/lib/python3.8/site-packages/airflow/example_dags/example_xcomargs.py for tasks to queue
[2024-04-05T15:26:43.199+0000] {logging_mixin.py:188} INFO - [2024-04-05T15:26:43.151+0000] {dagbag.py:540} INFO - Filling up the DagBag from /home/airflow/.local/lib/python3.8/site-packages/airflow/example_dags/example_xcomargs.py
[2024-04-05T15:26:43.952+0000] {processor.py:840} INFO - DAG(s) 'example_xcom_args', 'example_xcom_args_with_operators' retrieved from /home/airflow/.local/lib/python3.8/site-packages/airflow/example_dags/example_xcomargs.py
[2024-04-05T15:26:45.031+0000] {logging_mixin.py:188} INFO - [2024-04-05T15:26:44.975+0000] {dag.py:3047} INFO - Sync 2 DAGs
[2024-04-05T15:26:45.437+0000] {logging_mixin.py:188} INFO - [2024-04-05T15:26:45.435+0000] {dag.py:3834} INFO - Setting next_dagrun for example_xcom_args to None, run_after=None
[2024-04-05T15:26:45.695+0000] {logging_mixin.py:188} INFO - [2024-04-05T15:26:45.692+0000] {dag.py:3834} INFO - Setting next_dagrun for example_xcom_args_with_operators to None, run_after=None
[2024-04-05T15:26:46.497+0000] {processor.py:183} INFO - Processing /home/airflow/.local/lib/python3.8/site-packages/airflow/example_dags/example_xcomargs.py took 4.154 seconds
[2024-04-05T15:28:28.487+0000] {processor.py:161} INFO - Started process (PID=921) to work on /home/airflow/.local/lib/python3.8/site-packages/airflow/example_dags/example_xcomargs.py
[2024-04-05T15:28:28.568+0000] {processor.py:830} INFO - Processing file /home/airflow/.local/lib/python3.8/site-packages/airflow/example_dags/example_xcomargs.py for tasks to queue
[2024-04-05T15:28:28.665+0000] {logging_mixin.py:188} INFO - [2024-04-05T15:28:28.634+0000] {dagbag.py:540} INFO - Filling up the DagBag from /home/airflow/.local/lib/python3.8/site-packages/airflow/example_dags/example_xcomargs.py
[2024-04-05T15:28:29.492+0000] {processor.py:840} INFO - DAG(s) 'example_xcom_args', 'example_xcom_args_with_operators' retrieved from /home/airflow/.local/lib/python3.8/site-packages/airflow/example_dags/example_xcomargs.py
[2024-04-05T15:28:31.264+0000] {logging_mixin.py:188} INFO - [2024-04-05T15:28:31.261+0000] {dag.py:3047} INFO - Sync 2 DAGs
[2024-04-05T15:28:31.909+0000] {logging_mixin.py:188} INFO - [2024-04-05T15:28:31.906+0000] {dag.py:3834} INFO - Setting next_dagrun for example_xcom_args to None, run_after=None
[2024-04-05T15:28:32.600+0000] {logging_mixin.py:188} INFO - [2024-04-05T15:28:32.553+0000] {dag.py:3834} INFO - Setting next_dagrun for example_xcom_args_with_operators to None, run_after=None
[2024-04-05T15:28:33.972+0000] {processor.py:183} INFO - Processing /home/airflow/.local/lib/python3.8/site-packages/airflow/example_dags/example_xcomargs.py took 5.887 seconds
[2024-04-05T15:32:55.658+0000] {processor.py:161} INFO - Started process (PID=1088) to work on /home/airflow/.local/lib/python3.8/site-packages/airflow/example_dags/example_xcomargs.py
[2024-04-05T15:32:55.725+0000] {processor.py:830} INFO - Processing file /home/airflow/.local/lib/python3.8/site-packages/airflow/example_dags/example_xcomargs.py for tasks to queue
[2024-04-05T15:32:55.843+0000] {logging_mixin.py:188} INFO - [2024-04-05T15:32:55.838+0000] {dagbag.py:540} INFO - Filling up the DagBag from /home/airflow/.local/lib/python3.8/site-packages/airflow/example_dags/example_xcomargs.py
[2024-04-05T15:32:56.441+0000] {processor.py:840} INFO - DAG(s) 'example_xcom_args_with_operators', 'example_xcom_args' retrieved from /home/airflow/.local/lib/python3.8/site-packages/airflow/example_dags/example_xcomargs.py
[2024-04-05T15:32:59.540+0000] {logging_mixin.py:188} INFO - [2024-04-05T15:32:59.538+0000] {dag.py:3047} INFO - Sync 2 DAGs
[2024-04-05T15:33:01.336+0000] {logging_mixin.py:188} INFO - [2024-04-05T15:33:01.272+0000] {dag.py:3834} INFO - Setting next_dagrun for example_xcom_args to None, run_after=None
[2024-04-05T15:33:01.721+0000] {logging_mixin.py:188} INFO - [2024-04-05T15:33:01.718+0000] {dag.py:3834} INFO - Setting next_dagrun for example_xcom_args_with_operators to None, run_after=None
[2024-04-05T15:33:02.779+0000] {processor.py:183} INFO - Processing /home/airflow/.local/lib/python3.8/site-packages/airflow/example_dags/example_xcomargs.py took 7.448 seconds
