[2024-04-05T15:02:43.829+0000] {processor.py:161} INFO - Started process (PID=230) to work on /home/airflow/.local/lib/python3.8/site-packages/airflow/example_dags/example_python_operator.py
[2024-04-05T15:02:43.917+0000] {processor.py:830} INFO - Processing file /home/airflow/.local/lib/python3.8/site-packages/airflow/example_dags/example_python_operator.py for tasks to queue
[2024-04-05T15:02:44.335+0000] {logging_mixin.py:188} INFO - [2024-04-05T15:02:44.256+0000] {dagbag.py:540} INFO - Filling up the DagBag from /home/airflow/.local/lib/python3.8/site-packages/airflow/example_dags/example_python_operator.py
[2024-04-05T15:02:46.687+0000] {processor.py:840} INFO - DAG(s) 'example_python_operator' retrieved from /home/airflow/.local/lib/python3.8/site-packages/airflow/example_dags/example_python_operator.py
[2024-04-05T15:03:02.035+0000] {logging_mixin.py:188} INFO - [2024-04-05T15:03:01.987+0000] {override.py:1769} INFO - Created Permission View: can edit on DAG:example_python_operator
[2024-04-05T15:03:03.683+0000] {logging_mixin.py:188} INFO - [2024-04-05T15:03:03.666+0000] {override.py:1769} INFO - Created Permission View: can read on DAG:example_python_operator
[2024-04-05T15:03:04.600+0000] {logging_mixin.py:188} INFO - [2024-04-05T15:03:04.553+0000] {override.py:1769} INFO - Created Permission View: can delete on DAG:example_python_operator
[2024-04-05T15:03:04.647+0000] {logging_mixin.py:188} INFO - [2024-04-05T15:03:04.632+0000] {dag.py:3047} INFO - Sync 1 DAGs
[2024-04-05T15:03:06.256+0000] {logging_mixin.py:188} INFO - [2024-04-05T15:03:06.254+0000] {dag.py:3069} INFO - Creating ORM DAG for example_python_operator
[2024-04-05T15:03:06.335+0000] {logging_mixin.py:188} INFO - [2024-04-05T15:03:06.322+0000] {dag.py:3834} INFO - Setting next_dagrun for example_python_operator to None, run_after=None
[2024-04-05T15:03:09.740+0000] {processor.py:183} INFO - Processing /home/airflow/.local/lib/python3.8/site-packages/airflow/example_dags/example_python_operator.py took 26.397 seconds
[2024-04-05T15:08:51.394+0000] {processor.py:161} INFO - Started process (PID=365) to work on /home/airflow/.local/lib/python3.8/site-packages/airflow/example_dags/example_python_operator.py
[2024-04-05T15:08:51.416+0000] {processor.py:830} INFO - Processing file /home/airflow/.local/lib/python3.8/site-packages/airflow/example_dags/example_python_operator.py for tasks to queue
[2024-04-05T15:08:51.589+0000] {logging_mixin.py:188} INFO - [2024-04-05T15:08:51.556+0000] {dagbag.py:540} INFO - Filling up the DagBag from /home/airflow/.local/lib/python3.8/site-packages/airflow/example_dags/example_python_operator.py
[2024-04-05T15:08:54.300+0000] {processor.py:840} INFO - DAG(s) 'example_python_operator' retrieved from /home/airflow/.local/lib/python3.8/site-packages/airflow/example_dags/example_python_operator.py
[2024-04-05T15:09:08.471+0000] {logging_mixin.py:188} INFO - [2024-04-05T15:09:08.468+0000] {dag.py:3047} INFO - Sync 1 DAGs
[2024-04-05T15:09:09.563+0000] {logging_mixin.py:188} INFO - [2024-04-05T15:09:09.561+0000] {dag.py:3834} INFO - Setting next_dagrun for example_python_operator to None, run_after=None
[2024-04-05T15:09:11.500+0000] {processor.py:183} INFO - Processing /home/airflow/.local/lib/python3.8/site-packages/airflow/example_dags/example_python_operator.py took 20.187 seconds
[2024-04-05T15:11:03.904+0000] {processor.py:161} INFO - Started process (PID=422) to work on /home/airflow/.local/lib/python3.8/site-packages/airflow/example_dags/example_python_operator.py
[2024-04-05T15:11:03.991+0000] {processor.py:830} INFO - Processing file /home/airflow/.local/lib/python3.8/site-packages/airflow/example_dags/example_python_operator.py for tasks to queue
[2024-04-05T15:11:04.325+0000] {logging_mixin.py:188} INFO - [2024-04-05T15:11:04.231+0000] {dagbag.py:540} INFO - Filling up the DagBag from /home/airflow/.local/lib/python3.8/site-packages/airflow/example_dags/example_python_operator.py
[2024-04-05T15:11:08.766+0000] {processor.py:840} INFO - DAG(s) 'example_python_operator' retrieved from /home/airflow/.local/lib/python3.8/site-packages/airflow/example_dags/example_python_operator.py
[2024-04-05T15:11:25.272+0000] {logging_mixin.py:188} INFO - [2024-04-05T15:11:25.237+0000] {dag.py:3047} INFO - Sync 1 DAGs
[2024-04-05T15:11:26.013+0000] {logging_mixin.py:188} INFO - [2024-04-05T15:11:25.999+0000] {dag.py:3834} INFO - Setting next_dagrun for example_python_operator to None, run_after=None
[2024-04-05T15:11:29.050+0000] {processor.py:183} INFO - Processing /home/airflow/.local/lib/python3.8/site-packages/airflow/example_dags/example_python_operator.py took 25.769 seconds
[2024-04-05T15:14:22.583+0000] {processor.py:161} INFO - Started process (PID=516) to work on /home/airflow/.local/lib/python3.8/site-packages/airflow/example_dags/example_python_operator.py
[2024-04-05T15:14:22.621+0000] {processor.py:830} INFO - Processing file /home/airflow/.local/lib/python3.8/site-packages/airflow/example_dags/example_python_operator.py for tasks to queue
[2024-04-05T15:14:22.862+0000] {logging_mixin.py:188} INFO - [2024-04-05T15:14:22.830+0000] {dagbag.py:540} INFO - Filling up the DagBag from /home/airflow/.local/lib/python3.8/site-packages/airflow/example_dags/example_python_operator.py
[2024-04-05T15:14:24.569+0000] {processor.py:840} INFO - DAG(s) 'example_python_operator' retrieved from /home/airflow/.local/lib/python3.8/site-packages/airflow/example_dags/example_python_operator.py
[2024-04-05T15:14:36.308+0000] {logging_mixin.py:188} INFO - [2024-04-05T15:14:36.276+0000] {dag.py:3047} INFO - Sync 1 DAGs
[2024-04-05T15:14:36.965+0000] {logging_mixin.py:188} INFO - [2024-04-05T15:14:36.950+0000] {dag.py:3834} INFO - Setting next_dagrun for example_python_operator to None, run_after=None
[2024-04-05T15:14:38.922+0000] {processor.py:183} INFO - Processing /home/airflow/.local/lib/python3.8/site-packages/airflow/example_dags/example_python_operator.py took 16.571 seconds
[2024-04-05T15:16:26.212+0000] {processor.py:161} INFO - Started process (PID=573) to work on /home/airflow/.local/lib/python3.8/site-packages/airflow/example_dags/example_python_operator.py
[2024-04-05T15:16:26.280+0000] {processor.py:830} INFO - Processing file /home/airflow/.local/lib/python3.8/site-packages/airflow/example_dags/example_python_operator.py for tasks to queue
[2024-04-05T15:16:26.380+0000] {logging_mixin.py:188} INFO - [2024-04-05T15:16:26.373+0000] {dagbag.py:540} INFO - Filling up the DagBag from /home/airflow/.local/lib/python3.8/site-packages/airflow/example_dags/example_python_operator.py
[2024-04-05T15:16:27.414+0000] {processor.py:840} INFO - DAG(s) 'example_python_operator' retrieved from /home/airflow/.local/lib/python3.8/site-packages/airflow/example_dags/example_python_operator.py
[2024-04-05T15:16:48.158+0000] {logging_mixin.py:188} INFO - [2024-04-05T15:16:48.145+0000] {dag.py:3047} INFO - Sync 1 DAGs
[2024-04-05T15:16:48.955+0000] {logging_mixin.py:188} INFO - [2024-04-05T15:16:48.952+0000] {dag.py:3834} INFO - Setting next_dagrun for example_python_operator to None, run_after=None
[2024-04-05T15:16:50.522+0000] {processor.py:183} INFO - Processing /home/airflow/.local/lib/python3.8/site-packages/airflow/example_dags/example_python_operator.py took 24.485 seconds
[2024-04-05T15:19:44.811+0000] {processor.py:161} INFO - Started process (PID=658) to work on /home/airflow/.local/lib/python3.8/site-packages/airflow/example_dags/example_python_operator.py
[2024-04-05T15:19:45.123+0000] {processor.py:830} INFO - Processing file /home/airflow/.local/lib/python3.8/site-packages/airflow/example_dags/example_python_operator.py for tasks to queue
[2024-04-05T15:19:45.299+0000] {logging_mixin.py:188} INFO - [2024-04-05T15:19:45.266+0000] {dagbag.py:540} INFO - Filling up the DagBag from /home/airflow/.local/lib/python3.8/site-packages/airflow/example_dags/example_python_operator.py
[2024-04-05T15:19:47.621+0000] {processor.py:840} INFO - DAG(s) 'example_python_operator' retrieved from /home/airflow/.local/lib/python3.8/site-packages/airflow/example_dags/example_python_operator.py
[2024-04-05T15:20:04.215+0000] {logging_mixin.py:188} INFO - [2024-04-05T15:20:04.152+0000] {dag.py:3047} INFO - Sync 1 DAGs
[2024-04-05T15:20:05.720+0000] {logging_mixin.py:188} INFO - [2024-04-05T15:20:05.704+0000] {dag.py:3834} INFO - Setting next_dagrun for example_python_operator to None, run_after=None
[2024-04-05T15:21:55.280+0000] {processor.py:161} INFO - Started process (PID=710) to work on /home/airflow/.local/lib/python3.8/site-packages/airflow/example_dags/example_python_operator.py
[2024-04-05T15:21:55.521+0000] {processor.py:830} INFO - Processing file /home/airflow/.local/lib/python3.8/site-packages/airflow/example_dags/example_python_operator.py for tasks to queue
[2024-04-05T15:21:55.567+0000] {logging_mixin.py:188} INFO - [2024-04-05T15:21:55.553+0000] {dagbag.py:540} INFO - Filling up the DagBag from /home/airflow/.local/lib/python3.8/site-packages/airflow/example_dags/example_python_operator.py
[2024-04-05T15:21:57.981+0000] {processor.py:840} INFO - DAG(s) 'example_python_operator' retrieved from /home/airflow/.local/lib/python3.8/site-packages/airflow/example_dags/example_python_operator.py
[2024-04-05T15:22:16.342+0000] {logging_mixin.py:188} INFO - [2024-04-05T15:22:16.328+0000] {dag.py:3047} INFO - Sync 1 DAGs
[2024-04-05T15:22:17.317+0000] {logging_mixin.py:188} INFO - [2024-04-05T15:22:17.314+0000] {dag.py:3834} INFO - Setting next_dagrun for example_python_operator to None, run_after=None
[2024-04-05T15:22:19.494+0000] {processor.py:183} INFO - Processing /home/airflow/.local/lib/python3.8/site-packages/airflow/example_dags/example_python_operator.py took 24.700 seconds
[2024-04-05T15:24:52.277+0000] {processor.py:161} INFO - Started process (PID=790) to work on /home/airflow/.local/lib/python3.8/site-packages/airflow/example_dags/example_python_operator.py
[2024-04-05T15:24:52.330+0000] {processor.py:830} INFO - Processing file /home/airflow/.local/lib/python3.8/site-packages/airflow/example_dags/example_python_operator.py for tasks to queue
[2024-04-05T15:24:52.408+0000] {logging_mixin.py:188} INFO - [2024-04-05T15:24:52.383+0000] {dagbag.py:540} INFO - Filling up the DagBag from /home/airflow/.local/lib/python3.8/site-packages/airflow/example_dags/example_python_operator.py
[2024-04-05T15:24:53.549+0000] {processor.py:840} INFO - DAG(s) 'example_python_operator' retrieved from /home/airflow/.local/lib/python3.8/site-packages/airflow/example_dags/example_python_operator.py
[2024-04-05T15:25:03.376+0000] {logging_mixin.py:188} INFO - [2024-04-05T15:25:03.370+0000] {dag.py:3047} INFO - Sync 1 DAGs
[2024-04-05T15:25:04.041+0000] {logging_mixin.py:188} INFO - [2024-04-05T15:25:03.995+0000] {dag.py:3834} INFO - Setting next_dagrun for example_python_operator to None, run_after=None
[2024-04-05T15:25:08.478+0000] {processor.py:183} INFO - Processing /home/airflow/.local/lib/python3.8/site-packages/airflow/example_dags/example_python_operator.py took 16.666 seconds
[2024-04-05T15:26:11.956+0000] {processor.py:161} INFO - Started process (PID=841) to work on /home/airflow/.local/lib/python3.8/site-packages/airflow/example_dags/example_python_operator.py
[2024-04-05T15:26:12.044+0000] {processor.py:830} INFO - Processing file /home/airflow/.local/lib/python3.8/site-packages/airflow/example_dags/example_python_operator.py for tasks to queue
[2024-04-05T15:26:12.166+0000] {logging_mixin.py:188} INFO - [2024-04-05T15:26:12.114+0000] {dagbag.py:540} INFO - Filling up the DagBag from /home/airflow/.local/lib/python3.8/site-packages/airflow/example_dags/example_python_operator.py
[2024-04-05T15:26:13.343+0000] {processor.py:840} INFO - DAG(s) 'example_python_operator' retrieved from /home/airflow/.local/lib/python3.8/site-packages/airflow/example_dags/example_python_operator.py
[2024-04-05T15:26:19.931+0000] {logging_mixin.py:188} INFO - [2024-04-05T15:26:19.915+0000] {dag.py:3047} INFO - Sync 1 DAGs
[2024-04-05T15:26:20.442+0000] {logging_mixin.py:188} INFO - [2024-04-05T15:26:20.408+0000] {dag.py:3834} INFO - Setting next_dagrun for example_python_operator to None, run_after=None
[2024-04-05T15:26:21.260+0000] {processor.py:183} INFO - Processing /home/airflow/.local/lib/python3.8/site-packages/airflow/example_dags/example_python_operator.py took 9.481 seconds
[2024-04-05T15:27:45.033+0000] {processor.py:161} INFO - Started process (PID=901) to work on /home/airflow/.local/lib/python3.8/site-packages/airflow/example_dags/example_python_operator.py
[2024-04-05T15:27:45.123+0000] {processor.py:830} INFO - Processing file /home/airflow/.local/lib/python3.8/site-packages/airflow/example_dags/example_python_operator.py for tasks to queue
[2024-04-05T15:27:45.334+0000] {logging_mixin.py:188} INFO - [2024-04-05T15:27:45.237+0000] {dagbag.py:540} INFO - Filling up the DagBag from /home/airflow/.local/lib/python3.8/site-packages/airflow/example_dags/example_python_operator.py
[2024-04-05T15:27:47.259+0000] {processor.py:840} INFO - DAG(s) 'example_python_operator' retrieved from /home/airflow/.local/lib/python3.8/site-packages/airflow/example_dags/example_python_operator.py
[2024-04-05T15:27:58.501+0000] {logging_mixin.py:188} INFO - [2024-04-05T15:27:58.487+0000] {dag.py:3047} INFO - Sync 1 DAGs
[2024-04-05T15:27:59.085+0000] {logging_mixin.py:188} INFO - [2024-04-05T15:27:59.076+0000] {dag.py:3834} INFO - Setting next_dagrun for example_python_operator to None, run_after=None
[2024-04-05T15:28:00.084+0000] {processor.py:183} INFO - Processing /home/airflow/.local/lib/python3.8/site-packages/airflow/example_dags/example_python_operator.py took 15.471 seconds
[2024-04-05T15:31:38.033+0000] {processor.py:161} INFO - Started process (PID=1021) to work on /home/airflow/.local/lib/python3.8/site-packages/airflow/example_dags/example_python_operator.py
[2024-04-05T15:31:38.074+0000] {processor.py:830} INFO - Processing file /home/airflow/.local/lib/python3.8/site-packages/airflow/example_dags/example_python_operator.py for tasks to queue
[2024-04-05T15:31:38.140+0000] {logging_mixin.py:188} INFO - [2024-04-05T15:31:38.133+0000] {dagbag.py:540} INFO - Filling up the DagBag from /home/airflow/.local/lib/python3.8/site-packages/airflow/example_dags/example_python_operator.py
[2024-04-05T15:31:38.468+0000] {processor.py:840} INFO - DAG(s) 'example_python_operator' retrieved from /home/airflow/.local/lib/python3.8/site-packages/airflow/example_dags/example_python_operator.py
[2024-04-05T15:31:39.473+0000] {logging_mixin.py:188} INFO - [2024-04-05T15:31:39.470+0000] {dag.py:3047} INFO - Sync 1 DAGs
[2024-04-05T15:31:40.396+0000] {logging_mixin.py:188} INFO - [2024-04-05T15:31:40.368+0000] {dag.py:3834} INFO - Setting next_dagrun for example_python_operator to None, run_after=None
[2024-04-05T15:31:41.348+0000] {processor.py:183} INFO - Processing /home/airflow/.local/lib/python3.8/site-packages/airflow/example_dags/example_python_operator.py took 3.484 seconds
[2024-04-05T15:32:30.481+0000] {processor.py:161} INFO - Started process (PID=1070) to work on /home/airflow/.local/lib/python3.8/site-packages/airflow/example_dags/example_python_operator.py
[2024-04-05T15:32:30.546+0000] {processor.py:830} INFO - Processing file /home/airflow/.local/lib/python3.8/site-packages/airflow/example_dags/example_python_operator.py for tasks to queue
[2024-04-05T15:32:30.602+0000] {logging_mixin.py:188} INFO - [2024-04-05T15:32:30.598+0000] {dagbag.py:540} INFO - Filling up the DagBag from /home/airflow/.local/lib/python3.8/site-packages/airflow/example_dags/example_python_operator.py
[2024-04-05T15:32:32.432+0000] {processor.py:840} INFO - DAG(s) 'example_python_operator' retrieved from /home/airflow/.local/lib/python3.8/site-packages/airflow/example_dags/example_python_operator.py
[2024-04-05T15:32:39.011+0000] {logging_mixin.py:188} INFO - [2024-04-05T15:32:38.971+0000] {dag.py:3047} INFO - Sync 1 DAGs
[2024-04-05T15:32:39.540+0000] {logging_mixin.py:188} INFO - [2024-04-05T15:32:39.533+0000] {dag.py:3834} INFO - Setting next_dagrun for example_python_operator to None, run_after=None
[2024-04-05T15:32:40.181+0000] {processor.py:183} INFO - Processing /home/airflow/.local/lib/python3.8/site-packages/airflow/example_dags/example_python_operator.py took 9.998 seconds
