[2024-04-05T14:59:45.662+0000] {processor.py:161} INFO - Started process (PID=189) to work on /home/airflow/.local/lib/python3.8/site-packages/airflow/example_dags/example_complex.py
[2024-04-05T14:59:45.769+0000] {processor.py:830} INFO - Processing file /home/airflow/.local/lib/python3.8/site-packages/airflow/example_dags/example_complex.py for tasks to queue
[2024-04-05T14:59:46.112+0000] {logging_mixin.py:188} INFO - [2024-04-05T14:59:46.109+0000] {dagbag.py:540} INFO - Filling up the DagBag from /home/airflow/.local/lib/python3.8/site-packages/airflow/example_dags/example_complex.py
[2024-04-05T14:59:47.080+0000] {processor.py:840} INFO - DAG(s) 'example_complex' retrieved from /home/airflow/.local/lib/python3.8/site-packages/airflow/example_dags/example_complex.py
[2024-04-05T14:59:59.260+0000] {logging_mixin.py:188} INFO - [2024-04-05T14:59:59.196+0000] {override.py:1769} INFO - Created Permission View: can edit on DAG:example_complex
[2024-04-05T14:59:59.833+0000] {logging_mixin.py:188} INFO - [2024-04-05T14:59:59.801+0000] {override.py:1769} INFO - Created Permission View: can read on DAG:example_complex
[2024-04-05T15:00:00.753+0000] {logging_mixin.py:188} INFO - [2024-04-05T15:00:00.736+0000] {override.py:1769} INFO - Created Permission View: can delete on DAG:example_complex
[2024-04-05T15:00:00.801+0000] {logging_mixin.py:188} INFO - [2024-04-05T15:00:00.799+0000] {dag.py:3047} INFO - Sync 1 DAGs
[2024-04-05T15:00:01.574+0000] {logging_mixin.py:188} INFO - [2024-04-05T15:00:01.569+0000] {dag.py:3069} INFO - Creating ORM DAG for example_complex
[2024-04-05T15:00:01.602+0000] {logging_mixin.py:188} INFO - [2024-04-05T15:00:01.600+0000] {dag.py:3834} INFO - Setting next_dagrun for example_complex to None, run_after=None
[2024-04-05T15:00:03.948+0000] {processor.py:183} INFO - Processing /home/airflow/.local/lib/python3.8/site-packages/airflow/example_dags/example_complex.py took 18.891 seconds
[2024-04-05T15:07:27.526+0000] {processor.py:161} INFO - Started process (PID=329) to work on /home/airflow/.local/lib/python3.8/site-packages/airflow/example_dags/example_complex.py
[2024-04-05T15:07:27.616+0000] {processor.py:830} INFO - Processing file /home/airflow/.local/lib/python3.8/site-packages/airflow/example_dags/example_complex.py for tasks to queue
[2024-04-05T15:07:28.065+0000] {logging_mixin.py:188} INFO - [2024-04-05T15:07:28.032+0000] {dagbag.py:540} INFO - Filling up the DagBag from /home/airflow/.local/lib/python3.8/site-packages/airflow/example_dags/example_complex.py
[2024-04-05T15:07:29.810+0000] {processor.py:840} INFO - DAG(s) 'example_complex' retrieved from /home/airflow/.local/lib/python3.8/site-packages/airflow/example_dags/example_complex.py
[2024-04-05T15:07:36.653+0000] {logging_mixin.py:188} INFO - [2024-04-05T15:07:36.638+0000] {dag.py:3047} INFO - Sync 1 DAGs
[2024-04-05T15:07:38.976+0000] {logging_mixin.py:188} INFO - [2024-04-05T15:07:38.974+0000] {dag.py:3834} INFO - Setting next_dagrun for example_complex to None, run_after=None
[2024-04-05T15:07:41.395+0000] {processor.py:183} INFO - Processing /home/airflow/.local/lib/python3.8/site-packages/airflow/example_dags/example_complex.py took 14.563 seconds
[2024-04-05T15:09:39.297+0000] {processor.py:161} INFO - Started process (PID=386) to work on /home/airflow/.local/lib/python3.8/site-packages/airflow/example_dags/example_complex.py
[2024-04-05T15:09:39.349+0000] {processor.py:830} INFO - Processing file /home/airflow/.local/lib/python3.8/site-packages/airflow/example_dags/example_complex.py for tasks to queue
[2024-04-05T15:09:39.751+0000] {logging_mixin.py:188} INFO - [2024-04-05T15:09:39.639+0000] {dagbag.py:540} INFO - Filling up the DagBag from /home/airflow/.local/lib/python3.8/site-packages/airflow/example_dags/example_complex.py
[2024-04-05T15:09:40.824+0000] {processor.py:840} INFO - DAG(s) 'example_complex' retrieved from /home/airflow/.local/lib/python3.8/site-packages/airflow/example_dags/example_complex.py
[2024-04-05T15:09:43.071+0000] {logging_mixin.py:188} INFO - [2024-04-05T15:09:43.067+0000] {dag.py:3047} INFO - Sync 1 DAGs
[2024-04-05T15:09:45.554+0000] {logging_mixin.py:188} INFO - [2024-04-05T15:09:45.549+0000] {dag.py:3834} INFO - Setting next_dagrun for example_complex to None, run_after=None
[2024-04-05T15:09:47.399+0000] {processor.py:183} INFO - Processing /home/airflow/.local/lib/python3.8/site-packages/airflow/example_dags/example_complex.py took 8.283 seconds
[2024-04-05T15:13:32.118+0000] {processor.py:161} INFO - Started process (PID=490) to work on /home/airflow/.local/lib/python3.8/site-packages/airflow/example_dags/example_complex.py
[2024-04-05T15:13:32.143+0000] {processor.py:830} INFO - Processing file /home/airflow/.local/lib/python3.8/site-packages/airflow/example_dags/example_complex.py for tasks to queue
[2024-04-05T15:13:32.187+0000] {logging_mixin.py:188} INFO - [2024-04-05T15:13:32.183+0000] {dagbag.py:540} INFO - Filling up the DagBag from /home/airflow/.local/lib/python3.8/site-packages/airflow/example_dags/example_complex.py
[2024-04-05T15:13:33.824+0000] {processor.py:840} INFO - DAG(s) 'example_complex' retrieved from /home/airflow/.local/lib/python3.8/site-packages/airflow/example_dags/example_complex.py
[2024-04-05T15:13:37.186+0000] {logging_mixin.py:188} INFO - [2024-04-05T15:13:37.151+0000] {dag.py:3047} INFO - Sync 1 DAGs
[2024-04-05T15:13:38.083+0000] {logging_mixin.py:188} INFO - [2024-04-05T15:13:38.073+0000] {dag.py:3834} INFO - Setting next_dagrun for example_complex to None, run_after=None
[2024-04-05T15:13:39.411+0000] {processor.py:183} INFO - Processing /home/airflow/.local/lib/python3.8/site-packages/airflow/example_dags/example_complex.py took 7.388 seconds
[2024-04-05T15:15:08.388+0000] {processor.py:161} INFO - Started process (PID=539) to work on /home/airflow/.local/lib/python3.8/site-packages/airflow/example_dags/example_complex.py
[2024-04-05T15:15:08.475+0000] {processor.py:830} INFO - Processing file /home/airflow/.local/lib/python3.8/site-packages/airflow/example_dags/example_complex.py for tasks to queue
[2024-04-05T15:15:08.675+0000] {logging_mixin.py:188} INFO - [2024-04-05T15:15:08.672+0000] {dagbag.py:540} INFO - Filling up the DagBag from /home/airflow/.local/lib/python3.8/site-packages/airflow/example_dags/example_complex.py
[2024-04-05T15:15:10.355+0000] {processor.py:840} INFO - DAG(s) 'example_complex' retrieved from /home/airflow/.local/lib/python3.8/site-packages/airflow/example_dags/example_complex.py
[2024-04-05T15:15:13.057+0000] {logging_mixin.py:188} INFO - [2024-04-05T15:15:13.042+0000] {dag.py:3047} INFO - Sync 1 DAGs
[2024-04-05T15:15:14.466+0000] {logging_mixin.py:188} INFO - [2024-04-05T15:15:14.412+0000] {dag.py:3834} INFO - Setting next_dagrun for example_complex to None, run_after=None
[2024-04-05T15:15:15.579+0000] {processor.py:183} INFO - Processing /home/airflow/.local/lib/python3.8/site-packages/airflow/example_dags/example_complex.py took 7.675 seconds
[2024-04-05T15:18:03.588+0000] {processor.py:161} INFO - Started process (PID=616) to work on /home/airflow/.local/lib/python3.8/site-packages/airflow/example_dags/example_complex.py
[2024-04-05T15:18:03.741+0000] {processor.py:830} INFO - Processing file /home/airflow/.local/lib/python3.8/site-packages/airflow/example_dags/example_complex.py for tasks to queue
[2024-04-05T15:18:04.065+0000] {logging_mixin.py:188} INFO - [2024-04-05T15:18:04.048+0000] {dagbag.py:540} INFO - Filling up the DagBag from /home/airflow/.local/lib/python3.8/site-packages/airflow/example_dags/example_complex.py
[2024-04-05T15:18:06.826+0000] {processor.py:840} INFO - DAG(s) 'example_complex' retrieved from /home/airflow/.local/lib/python3.8/site-packages/airflow/example_dags/example_complex.py
[2024-04-05T15:18:10.243+0000] {logging_mixin.py:188} INFO - [2024-04-05T15:18:10.240+0000] {dag.py:3047} INFO - Sync 1 DAGs
[2024-04-05T15:18:11.717+0000] {logging_mixin.py:188} INFO - [2024-04-05T15:18:11.708+0000] {dag.py:3834} INFO - Setting next_dagrun for example_complex to None, run_after=None
[2024-04-05T15:18:13.777+0000] {processor.py:183} INFO - Processing /home/airflow/.local/lib/python3.8/site-packages/airflow/example_dags/example_complex.py took 10.914 seconds
[2024-04-05T15:20:42.364+0000] {processor.py:161} INFO - Started process (PID=676) to work on /home/airflow/.local/lib/python3.8/site-packages/airflow/example_dags/example_complex.py
[2024-04-05T15:20:42.448+0000] {processor.py:830} INFO - Processing file /home/airflow/.local/lib/python3.8/site-packages/airflow/example_dags/example_complex.py for tasks to queue
[2024-04-05T15:20:42.765+0000] {logging_mixin.py:188} INFO - [2024-04-05T15:20:42.598+0000] {dagbag.py:540} INFO - Filling up the DagBag from /home/airflow/.local/lib/python3.8/site-packages/airflow/example_dags/example_complex.py
[2024-04-05T15:20:43.523+0000] {processor.py:840} INFO - DAG(s) 'example_complex' retrieved from /home/airflow/.local/lib/python3.8/site-packages/airflow/example_dags/example_complex.py
[2024-04-05T15:20:46.439+0000] {logging_mixin.py:188} INFO - [2024-04-05T15:20:46.437+0000] {dag.py:3047} INFO - Sync 1 DAGs
[2024-04-05T15:20:48.393+0000] {logging_mixin.py:188} INFO - [2024-04-05T15:20:48.301+0000] {dag.py:3834} INFO - Setting next_dagrun for example_complex to None, run_after=None
[2024-04-05T15:20:50.926+0000] {processor.py:183} INFO - Processing /home/airflow/.local/lib/python3.8/site-packages/airflow/example_dags/example_complex.py took 9.360 seconds
[2024-04-05T15:23:52.203+0000] {processor.py:161} INFO - Started process (PID=763) to work on /home/airflow/.local/lib/python3.8/site-packages/airflow/example_dags/example_complex.py
[2024-04-05T15:23:52.301+0000] {processor.py:830} INFO - Processing file /home/airflow/.local/lib/python3.8/site-packages/airflow/example_dags/example_complex.py for tasks to queue
[2024-04-05T15:23:52.370+0000] {logging_mixin.py:188} INFO - [2024-04-05T15:23:52.348+0000] {dagbag.py:540} INFO - Filling up the DagBag from /home/airflow/.local/lib/python3.8/site-packages/airflow/example_dags/example_complex.py
[2024-04-05T15:23:54.884+0000] {processor.py:840} INFO - DAG(s) 'example_complex' retrieved from /home/airflow/.local/lib/python3.8/site-packages/airflow/example_dags/example_complex.py
[2024-04-05T15:23:57.592+0000] {logging_mixin.py:188} INFO - [2024-04-05T15:23:57.553+0000] {dag.py:3047} INFO - Sync 1 DAGs
[2024-04-05T15:23:58.639+0000] {logging_mixin.py:188} INFO - [2024-04-05T15:23:58.576+0000] {dag.py:3834} INFO - Setting next_dagrun for example_complex to None, run_after=None
[2024-04-05T15:24:00.433+0000] {processor.py:183} INFO - Processing /home/airflow/.local/lib/python3.8/site-packages/airflow/example_dags/example_complex.py took 8.405 seconds
[2024-04-05T15:25:23.047+0000] {processor.py:161} INFO - Started process (PID=803) to work on /home/airflow/.local/lib/python3.8/site-packages/airflow/example_dags/example_complex.py
[2024-04-05T15:25:23.158+0000] {processor.py:830} INFO - Processing file /home/airflow/.local/lib/python3.8/site-packages/airflow/example_dags/example_complex.py for tasks to queue
[2024-04-05T15:25:23.272+0000] {logging_mixin.py:188} INFO - [2024-04-05T15:25:23.255+0000] {dagbag.py:540} INFO - Filling up the DagBag from /home/airflow/.local/lib/python3.8/site-packages/airflow/example_dags/example_complex.py
[2024-04-05T15:25:24.705+0000] {processor.py:840} INFO - DAG(s) 'example_complex' retrieved from /home/airflow/.local/lib/python3.8/site-packages/airflow/example_dags/example_complex.py
[2024-04-05T15:25:28.122+0000] {logging_mixin.py:188} INFO - [2024-04-05T15:25:28.120+0000] {dag.py:3047} INFO - Sync 1 DAGs
[2024-04-05T15:25:29.770+0000] {logging_mixin.py:188} INFO - [2024-04-05T15:25:29.756+0000] {dag.py:3834} INFO - Setting next_dagrun for example_complex to None, run_after=None
[2024-04-05T15:25:30.993+0000] {processor.py:183} INFO - Processing /home/airflow/.local/lib/python3.8/site-packages/airflow/example_dags/example_complex.py took 8.252 seconds
[2024-04-05T15:27:02.978+0000] {processor.py:161} INFO - Started process (PID=881) to work on /home/airflow/.local/lib/python3.8/site-packages/airflow/example_dags/example_complex.py
[2024-04-05T15:27:03.045+0000] {processor.py:830} INFO - Processing file /home/airflow/.local/lib/python3.8/site-packages/airflow/example_dags/example_complex.py for tasks to queue
[2024-04-05T15:27:03.132+0000] {logging_mixin.py:188} INFO - [2024-04-05T15:27:03.064+0000] {dagbag.py:540} INFO - Filling up the DagBag from /home/airflow/.local/lib/python3.8/site-packages/airflow/example_dags/example_complex.py
[2024-04-05T15:27:03.648+0000] {processor.py:840} INFO - DAG(s) 'example_complex' retrieved from /home/airflow/.local/lib/python3.8/site-packages/airflow/example_dags/example_complex.py
[2024-04-05T15:27:05.013+0000] {logging_mixin.py:188} INFO - [2024-04-05T15:27:05.006+0000] {dag.py:3047} INFO - Sync 1 DAGs
[2024-04-05T15:27:05.853+0000] {logging_mixin.py:188} INFO - [2024-04-05T15:27:05.846+0000] {dag.py:3834} INFO - Setting next_dagrun for example_complex to None, run_after=None
[2024-04-05T15:27:06.683+0000] {processor.py:183} INFO - Processing /home/airflow/.local/lib/python3.8/site-packages/airflow/example_dags/example_complex.py took 4.106 seconds
[2024-04-05T15:28:54.577+0000] {processor.py:161} INFO - Started process (PID=936) to work on /home/airflow/.local/lib/python3.8/site-packages/airflow/example_dags/example_complex.py
[2024-04-05T15:28:54.737+0000] {processor.py:830} INFO - Processing file /home/airflow/.local/lib/python3.8/site-packages/airflow/example_dags/example_complex.py for tasks to queue
[2024-04-05T15:28:54.865+0000] {logging_mixin.py:188} INFO - [2024-04-05T15:28:54.817+0000] {dagbag.py:540} INFO - Filling up the DagBag from /home/airflow/.local/lib/python3.8/site-packages/airflow/example_dags/example_complex.py
[2024-04-05T15:28:56.580+0000] {processor.py:840} INFO - DAG(s) 'example_complex' retrieved from /home/airflow/.local/lib/python3.8/site-packages/airflow/example_dags/example_complex.py
[2024-04-05T15:28:58.285+0000] {logging_mixin.py:188} INFO - [2024-04-05T15:28:58.269+0000] {dag.py:3047} INFO - Sync 1 DAGs
[2024-04-05T15:28:58.862+0000] {logging_mixin.py:188} INFO - [2024-04-05T15:28:58.860+0000] {dag.py:3834} INFO - Setting next_dagrun for example_complex to None, run_after=None
[2024-04-05T15:28:59.644+0000] {processor.py:183} INFO - Processing /home/airflow/.local/lib/python3.8/site-packages/airflow/example_dags/example_complex.py took 5.386 seconds
[2024-04-05T15:30:36.589+0000] {processor.py:161} INFO - Started process (PID=990) to work on /home/airflow/.local/lib/python3.8/site-packages/airflow/example_dags/example_complex.py
[2024-04-05T15:30:36.665+0000] {processor.py:830} INFO - Processing file /home/airflow/.local/lib/python3.8/site-packages/airflow/example_dags/example_complex.py for tasks to queue
[2024-04-05T15:30:36.807+0000] {logging_mixin.py:188} INFO - [2024-04-05T15:30:36.714+0000] {dagbag.py:540} INFO - Filling up the DagBag from /home/airflow/.local/lib/python3.8/site-packages/airflow/example_dags/example_complex.py
[2024-04-05T15:30:39.991+0000] {processor.py:840} INFO - DAG(s) 'example_complex' retrieved from /home/airflow/.local/lib/python3.8/site-packages/airflow/example_dags/example_complex.py
[2024-04-05T15:30:43.906+0000] {logging_mixin.py:188} INFO - [2024-04-05T15:30:43.830+0000] {dag.py:3047} INFO - Sync 1 DAGs
[2024-04-05T15:30:46.578+0000] {logging_mixin.py:188} INFO - [2024-04-05T15:30:46.576+0000] {dag.py:3834} INFO - Setting next_dagrun for example_complex to None, run_after=None
[2024-04-05T15:30:48.765+0000] {processor.py:183} INFO - Processing /home/airflow/.local/lib/python3.8/site-packages/airflow/example_dags/example_complex.py took 12.410 seconds
[2024-04-05T15:31:57.414+0000] {processor.py:161} INFO - Started process (PID=1043) to work on /home/airflow/.local/lib/python3.8/site-packages/airflow/example_dags/example_complex.py
[2024-04-05T15:31:57.485+0000] {processor.py:830} INFO - Processing file /home/airflow/.local/lib/python3.8/site-packages/airflow/example_dags/example_complex.py for tasks to queue
[2024-04-05T15:31:57.538+0000] {logging_mixin.py:188} INFO - [2024-04-05T15:31:57.523+0000] {dagbag.py:540} INFO - Filling up the DagBag from /home/airflow/.local/lib/python3.8/site-packages/airflow/example_dags/example_complex.py
[2024-04-05T15:31:57.958+0000] {processor.py:840} INFO - DAG(s) 'example_complex' retrieved from /home/airflow/.local/lib/python3.8/site-packages/airflow/example_dags/example_complex.py
[2024-04-05T15:31:59.074+0000] {logging_mixin.py:188} INFO - [2024-04-05T15:31:59.059+0000] {dag.py:3047} INFO - Sync 1 DAGs
[2024-04-05T15:31:59.803+0000] {logging_mixin.py:188} INFO - [2024-04-05T15:31:59.773+0000] {dag.py:3834} INFO - Setting next_dagrun for example_complex to None, run_after=None
[2024-04-05T15:32:00.661+0000] {processor.py:183} INFO - Processing /home/airflow/.local/lib/python3.8/site-packages/airflow/example_dags/example_complex.py took 3.454 seconds
[2024-04-05T15:33:18.469+0000] {processor.py:161} INFO - Started process (PID=1099) to work on /home/airflow/.local/lib/python3.8/site-packages/airflow/example_dags/example_complex.py
[2024-04-05T15:33:18.546+0000] {processor.py:830} INFO - Processing file /home/airflow/.local/lib/python3.8/site-packages/airflow/example_dags/example_complex.py for tasks to queue
[2024-04-05T15:33:18.650+0000] {logging_mixin.py:188} INFO - [2024-04-05T15:33:18.600+0000] {dagbag.py:540} INFO - Filling up the DagBag from /home/airflow/.local/lib/python3.8/site-packages/airflow/example_dags/example_complex.py
[2024-04-05T15:33:19.687+0000] {processor.py:840} INFO - DAG(s) 'example_complex' retrieved from /home/airflow/.local/lib/python3.8/site-packages/airflow/example_dags/example_complex.py
[2024-04-05T15:33:22.338+0000] {logging_mixin.py:188} INFO - [2024-04-05T15:33:22.336+0000] {dag.py:3047} INFO - Sync 1 DAGs
[2024-04-05T15:33:23.639+0000] {logging_mixin.py:188} INFO - [2024-04-05T15:33:23.636+0000] {dag.py:3834} INFO - Setting next_dagrun for example_complex to None, run_after=None
[2024-04-05T15:33:25.004+0000] {processor.py:183} INFO - Processing /home/airflow/.local/lib/python3.8/site-packages/airflow/example_dags/example_complex.py took 6.800 seconds
