[2024-04-05T14:57:52.070+0000] {processor.py:161} INFO - Started process (PID=147) to work on /home/airflow/.local/lib/python3.8/site-packages/airflow/example_dags/example_short_circuit_operator.py
[2024-04-05T14:57:52.217+0000] {processor.py:830} INFO - Processing file /home/airflow/.local/lib/python3.8/site-packages/airflow/example_dags/example_short_circuit_operator.py for tasks to queue
[2024-04-05T14:57:52.271+0000] {logging_mixin.py:188} INFO - [2024-04-05T14:57:52.257+0000] {dagbag.py:540} INFO - Filling up the DagBag from /home/airflow/.local/lib/python3.8/site-packages/airflow/example_dags/example_short_circuit_operator.py
[2024-04-05T14:57:53.307+0000] {processor.py:840} INFO - DAG(s) 'example_short_circuit_operator' retrieved from /home/airflow/.local/lib/python3.8/site-packages/airflow/example_dags/example_short_circuit_operator.py
[2024-04-05T14:58:01.443+0000] {logging_mixin.py:188} INFO - [2024-04-05T14:58:01.360+0000] {override.py:1769} INFO - Created Permission View: can edit on DAG:example_short_circuit_operator
[2024-04-05T14:58:02.242+0000] {logging_mixin.py:188} INFO - [2024-04-05T14:58:02.225+0000] {override.py:1769} INFO - Created Permission View: can read on DAG:example_short_circuit_operator
[2024-04-05T14:58:02.973+0000] {logging_mixin.py:188} INFO - [2024-04-05T14:58:02.969+0000] {override.py:1769} INFO - Created Permission View: can delete on DAG:example_short_circuit_operator
[2024-04-05T14:58:03.027+0000] {logging_mixin.py:188} INFO - [2024-04-05T14:58:03.025+0000] {dag.py:3047} INFO - Sync 1 DAGs
[2024-04-05T14:58:04.471+0000] {logging_mixin.py:188} INFO - [2024-04-05T14:58:04.469+0000] {dag.py:3069} INFO - Creating ORM DAG for example_short_circuit_operator
[2024-04-05T14:58:04.827+0000] {logging_mixin.py:188} INFO - [2024-04-05T14:58:04.794+0000] {dag.py:3834} INFO - Setting next_dagrun for example_short_circuit_operator to 2024-04-04 00:00:00+00:00, run_after=2024-04-05 00:00:00+00:00
[2024-04-05T14:58:06.090+0000] {processor.py:183} INFO - Processing /home/airflow/.local/lib/python3.8/site-packages/airflow/example_dags/example_short_circuit_operator.py took 14.207 seconds
[2024-04-05T15:05:24.207+0000] {processor.py:161} INFO - Started process (PID=287) to work on /home/airflow/.local/lib/python3.8/site-packages/airflow/example_dags/example_short_circuit_operator.py
[2024-04-05T15:05:24.286+0000] {processor.py:830} INFO - Processing file /home/airflow/.local/lib/python3.8/site-packages/airflow/example_dags/example_short_circuit_operator.py for tasks to queue
[2024-04-05T15:05:24.368+0000] {logging_mixin.py:188} INFO - [2024-04-05T15:05:24.354+0000] {dagbag.py:540} INFO - Filling up the DagBag from /home/airflow/.local/lib/python3.8/site-packages/airflow/example_dags/example_short_circuit_operator.py
[2024-04-05T15:05:26.808+0000] {processor.py:840} INFO - DAG(s) 'example_short_circuit_operator' retrieved from /home/airflow/.local/lib/python3.8/site-packages/airflow/example_dags/example_short_circuit_operator.py
[2024-04-05T15:05:31.768+0000] {logging_mixin.py:188} INFO - [2024-04-05T15:05:31.766+0000] {dag.py:3047} INFO - Sync 1 DAGs
[2024-04-05T15:05:34.355+0000] {logging_mixin.py:188} INFO - [2024-04-05T15:05:34.353+0000] {dag.py:3834} INFO - Setting next_dagrun for example_short_circuit_operator to 2024-04-04 00:00:00+00:00, run_after=2024-04-05 00:00:00+00:00
[2024-04-05T15:05:36.895+0000] {processor.py:183} INFO - Processing /home/airflow/.local/lib/python3.8/site-packages/airflow/example_dags/example_short_circuit_operator.py took 14.165 seconds
[2024-04-05T15:08:11.362+0000] {processor.py:161} INFO - Started process (PID=344) to work on /home/airflow/.local/lib/python3.8/site-packages/airflow/example_dags/example_short_circuit_operator.py
[2024-04-05T15:08:11.398+0000] {processor.py:830} INFO - Processing file /home/airflow/.local/lib/python3.8/site-packages/airflow/example_dags/example_short_circuit_operator.py for tasks to queue
[2024-04-05T15:08:11.611+0000] {logging_mixin.py:188} INFO - [2024-04-05T15:08:11.548+0000] {dagbag.py:540} INFO - Filling up the DagBag from /home/airflow/.local/lib/python3.8/site-packages/airflow/example_dags/example_short_circuit_operator.py
[2024-04-05T15:08:13.214+0000] {processor.py:840} INFO - DAG(s) 'example_short_circuit_operator' retrieved from /home/airflow/.local/lib/python3.8/site-packages/airflow/example_dags/example_short_circuit_operator.py
[2024-04-05T15:08:17.035+0000] {logging_mixin.py:188} INFO - [2024-04-05T15:08:17.032+0000] {dag.py:3047} INFO - Sync 1 DAGs
[2024-04-05T15:08:18.290+0000] {logging_mixin.py:188} INFO - [2024-04-05T15:08:18.275+0000] {dag.py:3834} INFO - Setting next_dagrun for example_short_circuit_operator to 2024-04-04 00:00:00+00:00, run_after=2024-04-05 00:00:00+00:00
[2024-04-05T15:08:19.116+0000] {processor.py:183} INFO - Processing /home/airflow/.local/lib/python3.8/site-packages/airflow/example_dags/example_short_circuit_operator.py took 7.970 seconds
[2024-04-05T15:12:06.207+0000] {processor.py:161} INFO - Started process (PID=448) to work on /home/airflow/.local/lib/python3.8/site-packages/airflow/example_dags/example_short_circuit_operator.py
[2024-04-05T15:12:06.374+0000] {processor.py:830} INFO - Processing file /home/airflow/.local/lib/python3.8/site-packages/airflow/example_dags/example_short_circuit_operator.py for tasks to queue
[2024-04-05T15:12:06.542+0000] {logging_mixin.py:188} INFO - [2024-04-05T15:12:06.502+0000] {dagbag.py:540} INFO - Filling up the DagBag from /home/airflow/.local/lib/python3.8/site-packages/airflow/example_dags/example_short_circuit_operator.py
[2024-04-05T15:12:07.816+0000] {processor.py:840} INFO - DAG(s) 'example_short_circuit_operator' retrieved from /home/airflow/.local/lib/python3.8/site-packages/airflow/example_dags/example_short_circuit_operator.py
[2024-04-05T15:12:10.359+0000] {logging_mixin.py:188} INFO - [2024-04-05T15:12:10.355+0000] {dag.py:3047} INFO - Sync 1 DAGs
[2024-04-05T15:12:15.093+0000] {logging_mixin.py:188} INFO - [2024-04-05T15:12:15.090+0000] {dag.py:3834} INFO - Setting next_dagrun for example_short_circuit_operator to 2024-04-04 00:00:00+00:00, run_after=2024-04-05 00:00:00+00:00
[2024-04-05T15:12:17.827+0000] {processor.py:183} INFO - Processing /home/airflow/.local/lib/python3.8/site-packages/airflow/example_dags/example_short_circuit_operator.py took 12.243 seconds
[2024-04-05T15:13:42.114+0000] {processor.py:161} INFO - Started process (PID=494) to work on /home/airflow/.local/lib/python3.8/site-packages/airflow/example_dags/example_short_circuit_operator.py
[2024-04-05T15:13:42.179+0000] {processor.py:830} INFO - Processing file /home/airflow/.local/lib/python3.8/site-packages/airflow/example_dags/example_short_circuit_operator.py for tasks to queue
[2024-04-05T15:13:42.360+0000] {logging_mixin.py:188} INFO - [2024-04-05T15:13:42.298+0000] {dagbag.py:540} INFO - Filling up the DagBag from /home/airflow/.local/lib/python3.8/site-packages/airflow/example_dags/example_short_circuit_operator.py
[2024-04-05T15:13:43.735+0000] {processor.py:840} INFO - DAG(s) 'example_short_circuit_operator' retrieved from /home/airflow/.local/lib/python3.8/site-packages/airflow/example_dags/example_short_circuit_operator.py
[2024-04-05T15:13:45.862+0000] {logging_mixin.py:188} INFO - [2024-04-05T15:13:45.860+0000] {dag.py:3047} INFO - Sync 1 DAGs
[2024-04-05T15:13:48.657+0000] {logging_mixin.py:188} INFO - [2024-04-05T15:13:48.651+0000] {dag.py:3834} INFO - Setting next_dagrun for example_short_circuit_operator to 2024-04-04 00:00:00+00:00, run_after=2024-04-05 00:00:00+00:00
[2024-04-05T15:13:50.543+0000] {processor.py:183} INFO - Processing /home/airflow/.local/lib/python3.8/site-packages/airflow/example_dags/example_short_circuit_operator.py took 8.832 seconds
[2024-04-05T15:16:26.927+0000] {processor.py:161} INFO - Started process (PID=574) to work on /home/airflow/.local/lib/python3.8/site-packages/airflow/example_dags/example_short_circuit_operator.py
[2024-04-05T15:16:27.047+0000] {processor.py:830} INFO - Processing file /home/airflow/.local/lib/python3.8/site-packages/airflow/example_dags/example_short_circuit_operator.py for tasks to queue
[2024-04-05T15:16:27.153+0000] {logging_mixin.py:188} INFO - [2024-04-05T15:16:27.150+0000] {dagbag.py:540} INFO - Filling up the DagBag from /home/airflow/.local/lib/python3.8/site-packages/airflow/example_dags/example_short_circuit_operator.py
[2024-04-05T15:16:28.561+0000] {processor.py:840} INFO - DAG(s) 'example_short_circuit_operator' retrieved from /home/airflow/.local/lib/python3.8/site-packages/airflow/example_dags/example_short_circuit_operator.py
[2024-04-05T15:16:31.190+0000] {logging_mixin.py:188} INFO - [2024-04-05T15:16:30.922+0000] {dag.py:3047} INFO - Sync 1 DAGs
[2024-04-05T15:16:34.437+0000] {logging_mixin.py:188} INFO - [2024-04-05T15:16:34.424+0000] {dag.py:3834} INFO - Setting next_dagrun for example_short_circuit_operator to 2024-04-04 00:00:00+00:00, run_after=2024-04-05 00:00:00+00:00
[2024-04-05T15:16:35.855+0000] {processor.py:183} INFO - Processing /home/airflow/.local/lib/python3.8/site-packages/airflow/example_dags/example_short_circuit_operator.py took 9.313 seconds
[2024-04-05T15:18:39.756+0000] {processor.py:161} INFO - Started process (PID=630) to work on /home/airflow/.local/lib/python3.8/site-packages/airflow/example_dags/example_short_circuit_operator.py
[2024-04-05T15:18:40.384+0000] {processor.py:830} INFO - Processing file /home/airflow/.local/lib/python3.8/site-packages/airflow/example_dags/example_short_circuit_operator.py for tasks to queue
[2024-04-05T15:18:40.507+0000] {logging_mixin.py:188} INFO - [2024-04-05T15:18:40.504+0000] {dagbag.py:540} INFO - Filling up the DagBag from /home/airflow/.local/lib/python3.8/site-packages/airflow/example_dags/example_short_circuit_operator.py
[2024-04-05T15:18:42.017+0000] {processor.py:840} INFO - DAG(s) 'example_short_circuit_operator' retrieved from /home/airflow/.local/lib/python3.8/site-packages/airflow/example_dags/example_short_circuit_operator.py
[2024-04-05T15:18:43.511+0000] {logging_mixin.py:188} INFO - [2024-04-05T15:18:43.509+0000] {dag.py:3047} INFO - Sync 1 DAGs
[2024-04-05T15:18:45.219+0000] {logging_mixin.py:188} INFO - [2024-04-05T15:18:45.204+0000] {dag.py:3834} INFO - Setting next_dagrun for example_short_circuit_operator to 2024-04-04 00:00:00+00:00, run_after=2024-04-05 00:00:00+00:00
[2024-04-05T15:18:49.880+0000] {processor.py:183} INFO - Processing /home/airflow/.local/lib/python3.8/site-packages/airflow/example_dags/example_short_circuit_operator.py took 11.065 seconds
[2024-04-05T15:22:21.568+0000] {processor.py:161} INFO - Started process (PID=720) to work on /home/airflow/.local/lib/python3.8/site-packages/airflow/example_dags/example_short_circuit_operator.py
[2024-04-05T15:22:21.731+0000] {processor.py:830} INFO - Processing file /home/airflow/.local/lib/python3.8/site-packages/airflow/example_dags/example_short_circuit_operator.py for tasks to queue
[2024-04-05T15:22:21.954+0000] {logging_mixin.py:188} INFO - [2024-04-05T15:22:21.937+0000] {dagbag.py:540} INFO - Filling up the DagBag from /home/airflow/.local/lib/python3.8/site-packages/airflow/example_dags/example_short_circuit_operator.py
[2024-04-05T15:22:23.898+0000] {processor.py:840} INFO - DAG(s) 'example_short_circuit_operator' retrieved from /home/airflow/.local/lib/python3.8/site-packages/airflow/example_dags/example_short_circuit_operator.py
[2024-04-05T15:22:27.768+0000] {logging_mixin.py:188} INFO - [2024-04-05T15:22:27.683+0000] {dag.py:3047} INFO - Sync 1 DAGs
[2024-04-05T15:22:30.110+0000] {logging_mixin.py:188} INFO - [2024-04-05T15:22:30.107+0000] {dag.py:3834} INFO - Setting next_dagrun for example_short_circuit_operator to 2024-04-04 00:00:00+00:00, run_after=2024-04-05 00:00:00+00:00
[2024-04-05T15:22:32.791+0000] {processor.py:183} INFO - Processing /home/airflow/.local/lib/python3.8/site-packages/airflow/example_dags/example_short_circuit_operator.py took 11.859 seconds
[2024-04-05T15:24:06.932+0000] {processor.py:161} INFO - Started process (PID=767) to work on /home/airflow/.local/lib/python3.8/site-packages/airflow/example_dags/example_short_circuit_operator.py
[2024-04-05T15:24:07.065+0000] {processor.py:830} INFO - Processing file /home/airflow/.local/lib/python3.8/site-packages/airflow/example_dags/example_short_circuit_operator.py for tasks to queue
[2024-04-05T15:24:07.102+0000] {logging_mixin.py:188} INFO - [2024-04-05T15:24:07.099+0000] {dagbag.py:540} INFO - Filling up the DagBag from /home/airflow/.local/lib/python3.8/site-packages/airflow/example_dags/example_short_circuit_operator.py
[2024-04-05T15:24:08.999+0000] {processor.py:840} INFO - DAG(s) 'example_short_circuit_operator' retrieved from /home/airflow/.local/lib/python3.8/site-packages/airflow/example_dags/example_short_circuit_operator.py
[2024-04-05T15:24:11.050+0000] {logging_mixin.py:188} INFO - [2024-04-05T15:24:11.034+0000] {dag.py:3047} INFO - Sync 1 DAGs
[2024-04-05T15:24:12.482+0000] {logging_mixin.py:188} INFO - [2024-04-05T15:24:12.393+0000] {dag.py:3834} INFO - Setting next_dagrun for example_short_circuit_operator to 2024-04-04 00:00:00+00:00, run_after=2024-04-05 00:00:00+00:00
[2024-04-05T15:24:15.386+0000] {processor.py:183} INFO - Processing /home/airflow/.local/lib/python3.8/site-packages/airflow/example_dags/example_short_circuit_operator.py took 9.013 seconds
[2024-04-05T15:26:17.305+0000] {processor.py:161} INFO - Started process (PID=843) to work on /home/airflow/.local/lib/python3.8/site-packages/airflow/example_dags/example_short_circuit_operator.py
[2024-04-05T15:26:17.319+0000] {processor.py:830} INFO - Processing file /home/airflow/.local/lib/python3.8/site-packages/airflow/example_dags/example_short_circuit_operator.py for tasks to queue
[2024-04-05T15:26:17.337+0000] {logging_mixin.py:188} INFO - [2024-04-05T15:26:17.329+0000] {dagbag.py:540} INFO - Filling up the DagBag from /home/airflow/.local/lib/python3.8/site-packages/airflow/example_dags/example_short_circuit_operator.py
[2024-04-05T15:26:17.641+0000] {processor.py:840} INFO - DAG(s) 'example_short_circuit_operator' retrieved from /home/airflow/.local/lib/python3.8/site-packages/airflow/example_dags/example_short_circuit_operator.py
[2024-04-05T15:26:19.211+0000] {logging_mixin.py:188} INFO - [2024-04-05T15:26:19.209+0000] {dag.py:3047} INFO - Sync 1 DAGs
[2024-04-05T15:26:20.581+0000] {logging_mixin.py:188} INFO - [2024-04-05T15:26:20.567+0000] {dag.py:3834} INFO - Setting next_dagrun for example_short_circuit_operator to 2024-04-04 00:00:00+00:00, run_after=2024-04-05 00:00:00+00:00
[2024-04-05T15:26:21.544+0000] {processor.py:183} INFO - Processing /home/airflow/.local/lib/python3.8/site-packages/airflow/example_dags/example_short_circuit_operator.py took 4.346 seconds
[2024-04-05T15:27:53.301+0000] {processor.py:161} INFO - Started process (PID=903) to work on /home/airflow/.local/lib/python3.8/site-packages/airflow/example_dags/example_short_circuit_operator.py
[2024-04-05T15:27:53.365+0000] {processor.py:830} INFO - Processing file /home/airflow/.local/lib/python3.8/site-packages/airflow/example_dags/example_short_circuit_operator.py for tasks to queue
[2024-04-05T15:27:53.430+0000] {logging_mixin.py:188} INFO - [2024-04-05T15:27:53.398+0000] {dagbag.py:540} INFO - Filling up the DagBag from /home/airflow/.local/lib/python3.8/site-packages/airflow/example_dags/example_short_circuit_operator.py
[2024-04-05T15:27:55.216+0000] {processor.py:840} INFO - DAG(s) 'example_short_circuit_operator' retrieved from /home/airflow/.local/lib/python3.8/site-packages/airflow/example_dags/example_short_circuit_operator.py
[2024-04-05T15:27:57.325+0000] {logging_mixin.py:188} INFO - [2024-04-05T15:27:57.323+0000] {dag.py:3047} INFO - Sync 1 DAGs
[2024-04-05T15:27:58.424+0000] {logging_mixin.py:188} INFO - [2024-04-05T15:27:58.402+0000] {dag.py:3834} INFO - Setting next_dagrun for example_short_circuit_operator to 2024-04-04 00:00:00+00:00, run_after=2024-04-05 00:00:00+00:00
[2024-04-05T15:27:59.764+0000] {processor.py:183} INFO - Processing /home/airflow/.local/lib/python3.8/site-packages/airflow/example_dags/example_short_circuit_operator.py took 6.755 seconds
[2024-04-05T15:29:17.224+0000] {processor.py:161} INFO - Started process (PID=950) to work on /home/airflow/.local/lib/python3.8/site-packages/airflow/example_dags/example_short_circuit_operator.py
[2024-04-05T15:29:17.414+0000] {processor.py:830} INFO - Processing file /home/airflow/.local/lib/python3.8/site-packages/airflow/example_dags/example_short_circuit_operator.py for tasks to queue
[2024-04-05T15:29:17.543+0000] {logging_mixin.py:188} INFO - [2024-04-05T15:29:17.497+0000] {dagbag.py:540} INFO - Filling up the DagBag from /home/airflow/.local/lib/python3.8/site-packages/airflow/example_dags/example_short_circuit_operator.py
[2024-04-05T15:29:18.858+0000] {processor.py:840} INFO - DAG(s) 'example_short_circuit_operator' retrieved from /home/airflow/.local/lib/python3.8/site-packages/airflow/example_dags/example_short_circuit_operator.py
[2024-04-05T15:29:22.001+0000] {logging_mixin.py:188} INFO - [2024-04-05T15:29:21.971+0000] {dag.py:3047} INFO - Sync 1 DAGs
[2024-04-05T15:29:24.353+0000] {logging_mixin.py:188} INFO - [2024-04-05T15:29:24.314+0000] {dag.py:3834} INFO - Setting next_dagrun for example_short_circuit_operator to 2024-04-04 00:00:00+00:00, run_after=2024-04-05 00:00:00+00:00
[2024-04-05T15:29:26.355+0000] {processor.py:183} INFO - Processing /home/airflow/.local/lib/python3.8/site-packages/airflow/example_dags/example_short_circuit_operator.py took 9.580 seconds
[2024-04-05T15:31:12.615+0000] {processor.py:161} INFO - Started process (PID=1003) to work on /home/airflow/.local/lib/python3.8/site-packages/airflow/example_dags/example_short_circuit_operator.py
[2024-04-05T15:31:12.688+0000] {processor.py:830} INFO - Processing file /home/airflow/.local/lib/python3.8/site-packages/airflow/example_dags/example_short_circuit_operator.py for tasks to queue
[2024-04-05T15:31:12.759+0000] {logging_mixin.py:188} INFO - [2024-04-05T15:31:12.724+0000] {dagbag.py:540} INFO - Filling up the DagBag from /home/airflow/.local/lib/python3.8/site-packages/airflow/example_dags/example_short_circuit_operator.py
[2024-04-05T15:31:13.566+0000] {processor.py:840} INFO - DAG(s) 'example_short_circuit_operator' retrieved from /home/airflow/.local/lib/python3.8/site-packages/airflow/example_dags/example_short_circuit_operator.py
[2024-04-05T15:31:14.496+0000] {logging_mixin.py:188} INFO - [2024-04-05T15:31:14.487+0000] {dag.py:3047} INFO - Sync 1 DAGs
[2024-04-05T15:31:16.766+0000] {logging_mixin.py:188} INFO - [2024-04-05T15:31:16.764+0000] {dag.py:3834} INFO - Setting next_dagrun for example_short_circuit_operator to 2024-04-04 00:00:00+00:00, run_after=2024-04-05 00:00:00+00:00
[2024-04-05T15:31:17.842+0000] {processor.py:183} INFO - Processing /home/airflow/.local/lib/python3.8/site-packages/airflow/example_dags/example_short_circuit_operator.py took 5.607 seconds
[2024-04-05T15:32:20.568+0000] {processor.py:161} INFO - Started process (PID=1056) to work on /home/airflow/.local/lib/python3.8/site-packages/airflow/example_dags/example_short_circuit_operator.py
[2024-04-05T15:32:20.582+0000] {processor.py:830} INFO - Processing file /home/airflow/.local/lib/python3.8/site-packages/airflow/example_dags/example_short_circuit_operator.py for tasks to queue
[2024-04-05T15:32:20.645+0000] {logging_mixin.py:188} INFO - [2024-04-05T15:32:20.642+0000] {dagbag.py:540} INFO - Filling up the DagBag from /home/airflow/.local/lib/python3.8/site-packages/airflow/example_dags/example_short_circuit_operator.py
[2024-04-05T15:32:21.185+0000] {processor.py:840} INFO - DAG(s) 'example_short_circuit_operator' retrieved from /home/airflow/.local/lib/python3.8/site-packages/airflow/example_dags/example_short_circuit_operator.py
[2024-04-05T15:32:22.874+0000] {logging_mixin.py:188} INFO - [2024-04-05T15:32:22.868+0000] {dag.py:3047} INFO - Sync 1 DAGs
[2024-04-05T15:32:23.957+0000] {logging_mixin.py:188} INFO - [2024-04-05T15:32:23.952+0000] {dag.py:3834} INFO - Setting next_dagrun for example_short_circuit_operator to 2024-04-04 00:00:00+00:00, run_after=2024-04-05 00:00:00+00:00
[2024-04-05T15:32:24.465+0000] {processor.py:183} INFO - Processing /home/airflow/.local/lib/python3.8/site-packages/airflow/example_dags/example_short_circuit_operator.py took 4.102 seconds
