[2024-04-05T14:58:27.579+0000] {processor.py:161} INFO - Started process (PID=158) to work on /home/airflow/.local/lib/python3.8/site-packages/airflow/example_dags/example_branch_labels.py
[2024-04-05T14:58:27.691+0000] {processor.py:830} INFO - Processing file /home/airflow/.local/lib/python3.8/site-packages/airflow/example_dags/example_branch_labels.py for tasks to queue
[2024-04-05T14:58:27.915+0000] {logging_mixin.py:188} INFO - [2024-04-05T14:58:27.901+0000] {dagbag.py:540} INFO - Filling up the DagBag from /home/airflow/.local/lib/python3.8/site-packages/airflow/example_dags/example_branch_labels.py
[2024-04-05T14:58:29.939+0000] {processor.py:840} INFO - DAG(s) 'example_branch_labels' retrieved from /home/airflow/.local/lib/python3.8/site-packages/airflow/example_dags/example_branch_labels.py
[2024-04-05T14:58:41.523+0000] {logging_mixin.py:188} INFO - [2024-04-05T14:58:41.447+0000] {override.py:1769} INFO - Created Permission View: can edit on DAG:example_branch_labels
[2024-04-05T14:58:42.374+0000] {logging_mixin.py:188} INFO - [2024-04-05T14:58:42.370+0000] {override.py:1769} INFO - Created Permission View: can read on DAG:example_branch_labels
[2024-04-05T14:58:42.823+0000] {logging_mixin.py:188} INFO - [2024-04-05T14:58:42.806+0000] {override.py:1769} INFO - Created Permission View: can delete on DAG:example_branch_labels
[2024-04-05T14:58:42.868+0000] {logging_mixin.py:188} INFO - [2024-04-05T14:58:42.866+0000] {dag.py:3047} INFO - Sync 1 DAGs
[2024-04-05T14:58:43.380+0000] {logging_mixin.py:188} INFO - [2024-04-05T14:58:43.378+0000] {dag.py:3069} INFO - Creating ORM DAG for example_branch_labels
[2024-04-05T14:58:44.605+0000] {logging_mixin.py:188} INFO - [2024-04-05T14:58:44.577+0000] {dag.py:3834} INFO - Setting next_dagrun for example_branch_labels to 2024-04-04 00:00:00+00:00, run_after=2024-04-05 00:00:00+00:00
[2024-04-05T14:58:45.981+0000] {processor.py:183} INFO - Processing /home/airflow/.local/lib/python3.8/site-packages/airflow/example_dags/example_branch_labels.py took 18.805 seconds
[2024-04-05T15:06:00.961+0000] {processor.py:161} INFO - Started process (PID=299) to work on /home/airflow/.local/lib/python3.8/site-packages/airflow/example_dags/example_branch_labels.py
[2024-04-05T15:06:01.024+0000] {processor.py:830} INFO - Processing file /home/airflow/.local/lib/python3.8/site-packages/airflow/example_dags/example_branch_labels.py for tasks to queue
[2024-04-05T15:06:01.314+0000] {logging_mixin.py:188} INFO - [2024-04-05T15:06:01.282+0000] {dagbag.py:540} INFO - Filling up the DagBag from /home/airflow/.local/lib/python3.8/site-packages/airflow/example_dags/example_branch_labels.py
[2024-04-05T15:06:03.801+0000] {processor.py:840} INFO - DAG(s) 'example_branch_labels' retrieved from /home/airflow/.local/lib/python3.8/site-packages/airflow/example_dags/example_branch_labels.py
[2024-04-05T15:06:08.164+0000] {logging_mixin.py:188} INFO - [2024-04-05T15:06:08.161+0000] {dag.py:3047} INFO - Sync 1 DAGs
[2024-04-05T15:06:13.097+0000] {logging_mixin.py:188} INFO - [2024-04-05T15:06:13.083+0000] {dag.py:3834} INFO - Setting next_dagrun for example_branch_labels to 2024-04-04 00:00:00+00:00, run_after=2024-04-05 00:00:00+00:00
[2024-04-05T15:06:15.099+0000] {processor.py:183} INFO - Processing /home/airflow/.local/lib/python3.8/site-packages/airflow/example_dags/example_branch_labels.py took 14.540 seconds
[2024-04-05T15:08:34.521+0000] {processor.py:161} INFO - Started process (PID=359) to work on /home/airflow/.local/lib/python3.8/site-packages/airflow/example_dags/example_branch_labels.py
[2024-04-05T15:08:34.624+0000] {processor.py:830} INFO - Processing file /home/airflow/.local/lib/python3.8/site-packages/airflow/example_dags/example_branch_labels.py for tasks to queue
[2024-04-05T15:08:34.878+0000] {logging_mixin.py:188} INFO - [2024-04-05T15:08:34.875+0000] {dagbag.py:540} INFO - Filling up the DagBag from /home/airflow/.local/lib/python3.8/site-packages/airflow/example_dags/example_branch_labels.py
[2024-04-05T15:08:35.875+0000] {processor.py:840} INFO - DAG(s) 'example_branch_labels' retrieved from /home/airflow/.local/lib/python3.8/site-packages/airflow/example_dags/example_branch_labels.py
[2024-04-05T15:08:38.307+0000] {logging_mixin.py:188} INFO - [2024-04-05T15:08:38.234+0000] {dag.py:3047} INFO - Sync 1 DAGs
[2024-04-05T15:08:42.030+0000] {logging_mixin.py:188} INFO - [2024-04-05T15:08:42.026+0000] {dag.py:3834} INFO - Setting next_dagrun for example_branch_labels to 2024-04-04 00:00:00+00:00, run_after=2024-04-05 00:00:00+00:00
[2024-04-05T15:08:44.498+0000] {processor.py:183} INFO - Processing /home/airflow/.local/lib/python3.8/site-packages/airflow/example_dags/example_branch_labels.py took 10.185 seconds
[2024-04-05T15:12:36.267+0000] {processor.py:161} INFO - Started process (PID=460) to work on /home/airflow/.local/lib/python3.8/site-packages/airflow/example_dags/example_branch_labels.py
[2024-04-05T15:12:36.377+0000] {processor.py:830} INFO - Processing file /home/airflow/.local/lib/python3.8/site-packages/airflow/example_dags/example_branch_labels.py for tasks to queue
[2024-04-05T15:12:36.788+0000] {logging_mixin.py:188} INFO - [2024-04-05T15:12:36.703+0000] {dagbag.py:540} INFO - Filling up the DagBag from /home/airflow/.local/lib/python3.8/site-packages/airflow/example_dags/example_branch_labels.py
[2024-04-05T15:12:38.795+0000] {processor.py:840} INFO - DAG(s) 'example_branch_labels' retrieved from /home/airflow/.local/lib/python3.8/site-packages/airflow/example_dags/example_branch_labels.py
[2024-04-05T15:12:43.350+0000] {logging_mixin.py:188} INFO - [2024-04-05T15:12:43.317+0000] {dag.py:3047} INFO - Sync 1 DAGs
[2024-04-05T15:12:45.897+0000] {logging_mixin.py:188} INFO - [2024-04-05T15:12:45.894+0000] {dag.py:3834} INFO - Setting next_dagrun for example_branch_labels to 2024-04-04 00:00:00+00:00, run_after=2024-04-05 00:00:00+00:00
[2024-04-05T15:12:47.497+0000] {processor.py:183} INFO - Processing /home/airflow/.local/lib/python3.8/site-packages/airflow/example_dags/example_branch_labels.py took 11.469 seconds
[2024-04-05T15:14:09.359+0000] {processor.py:161} INFO - Started process (PID=510) to work on /home/airflow/.local/lib/python3.8/site-packages/airflow/example_dags/example_branch_labels.py
[2024-04-05T15:14:09.405+0000] {processor.py:830} INFO - Processing file /home/airflow/.local/lib/python3.8/site-packages/airflow/example_dags/example_branch_labels.py for tasks to queue
[2024-04-05T15:14:09.563+0000] {logging_mixin.py:188} INFO - [2024-04-05T15:14:09.560+0000] {dagbag.py:540} INFO - Filling up the DagBag from /home/airflow/.local/lib/python3.8/site-packages/airflow/example_dags/example_branch_labels.py
[2024-04-05T15:14:10.693+0000] {processor.py:840} INFO - DAG(s) 'example_branch_labels' retrieved from /home/airflow/.local/lib/python3.8/site-packages/airflow/example_dags/example_branch_labels.py
[2024-04-05T15:14:13.376+0000] {logging_mixin.py:188} INFO - [2024-04-05T15:14:13.270+0000] {dag.py:3047} INFO - Sync 1 DAGs
[2024-04-05T15:14:14.470+0000] {logging_mixin.py:188} INFO - [2024-04-05T15:14:14.466+0000] {dag.py:3834} INFO - Setting next_dagrun for example_branch_labels to 2024-04-04 00:00:00+00:00, run_after=2024-04-05 00:00:00+00:00
[2024-04-05T15:14:16.379+0000] {processor.py:183} INFO - Processing /home/airflow/.local/lib/python3.8/site-packages/airflow/example_dags/example_branch_labels.py took 7.314 seconds
[2024-04-05T15:16:54.293+0000] {processor.py:161} INFO - Started process (PID=586) to work on /home/airflow/.local/lib/python3.8/site-packages/airflow/example_dags/example_branch_labels.py
[2024-04-05T15:16:54.343+0000] {processor.py:830} INFO - Processing file /home/airflow/.local/lib/python3.8/site-packages/airflow/example_dags/example_branch_labels.py for tasks to queue
[2024-04-05T15:16:54.813+0000] {logging_mixin.py:188} INFO - [2024-04-05T15:16:54.765+0000] {dagbag.py:540} INFO - Filling up the DagBag from /home/airflow/.local/lib/python3.8/site-packages/airflow/example_dags/example_branch_labels.py
[2024-04-05T15:16:56.006+0000] {processor.py:840} INFO - DAG(s) 'example_branch_labels' retrieved from /home/airflow/.local/lib/python3.8/site-packages/airflow/example_dags/example_branch_labels.py
[2024-04-05T15:16:58.779+0000] {logging_mixin.py:188} INFO - [2024-04-05T15:16:58.476+0000] {dag.py:3047} INFO - Sync 1 DAGs
[2024-04-05T15:17:00.649+0000] {logging_mixin.py:188} INFO - [2024-04-05T15:17:00.646+0000] {dag.py:3834} INFO - Setting next_dagrun for example_branch_labels to 2024-04-04 00:00:00+00:00, run_after=2024-04-05 00:00:00+00:00
[2024-04-05T15:17:03.704+0000] {processor.py:183} INFO - Processing /home/airflow/.local/lib/python3.8/site-packages/airflow/example_dags/example_branch_labels.py took 9.592 seconds
[2024-04-05T15:19:03.986+0000] {processor.py:161} INFO - Started process (PID=644) to work on /home/airflow/.local/lib/python3.8/site-packages/airflow/example_dags/example_branch_labels.py
[2024-04-05T15:19:04.126+0000] {processor.py:830} INFO - Processing file /home/airflow/.local/lib/python3.8/site-packages/airflow/example_dags/example_branch_labels.py for tasks to queue
[2024-04-05T15:19:04.423+0000] {logging_mixin.py:188} INFO - [2024-04-05T15:19:04.388+0000] {dagbag.py:540} INFO - Filling up the DagBag from /home/airflow/.local/lib/python3.8/site-packages/airflow/example_dags/example_branch_labels.py
[2024-04-05T15:19:05.200+0000] {processor.py:840} INFO - DAG(s) 'example_branch_labels' retrieved from /home/airflow/.local/lib/python3.8/site-packages/airflow/example_dags/example_branch_labels.py
[2024-04-05T15:19:11.617+0000] {logging_mixin.py:188} INFO - [2024-04-05T15:19:11.534+0000] {dag.py:3047} INFO - Sync 1 DAGs
[2024-04-05T15:19:15.446+0000] {logging_mixin.py:188} INFO - [2024-04-05T15:19:15.229+0000] {dag.py:3834} INFO - Setting next_dagrun for example_branch_labels to 2024-04-04 00:00:00+00:00, run_after=2024-04-05 00:00:00+00:00
[2024-04-05T15:19:19.370+0000] {processor.py:183} INFO - Processing /home/airflow/.local/lib/python3.8/site-packages/airflow/example_dags/example_branch_labels.py took 16.067 seconds
[2024-04-05T15:22:56.595+0000] {processor.py:161} INFO - Started process (PID=735) to work on /home/airflow/.local/lib/python3.8/site-packages/airflow/example_dags/example_branch_labels.py
[2024-04-05T15:22:56.749+0000] {processor.py:830} INFO - Processing file /home/airflow/.local/lib/python3.8/site-packages/airflow/example_dags/example_branch_labels.py for tasks to queue
[2024-04-05T15:22:56.869+0000] {logging_mixin.py:188} INFO - [2024-04-05T15:22:56.836+0000] {dagbag.py:540} INFO - Filling up the DagBag from /home/airflow/.local/lib/python3.8/site-packages/airflow/example_dags/example_branch_labels.py
[2024-04-05T15:22:57.735+0000] {processor.py:840} INFO - DAG(s) 'example_branch_labels' retrieved from /home/airflow/.local/lib/python3.8/site-packages/airflow/example_dags/example_branch_labels.py
[2024-04-05T15:22:59.785+0000] {logging_mixin.py:188} INFO - [2024-04-05T15:22:59.771+0000] {dag.py:3047} INFO - Sync 1 DAGs
[2024-04-05T15:23:01.845+0000] {logging_mixin.py:188} INFO - [2024-04-05T15:23:01.842+0000] {dag.py:3834} INFO - Setting next_dagrun for example_branch_labels to 2024-04-04 00:00:00+00:00, run_after=2024-04-05 00:00:00+00:00
[2024-04-05T15:23:05.062+0000] {processor.py:183} INFO - Processing /home/airflow/.local/lib/python3.8/site-packages/airflow/example_dags/example_branch_labels.py took 9.045 seconds
[2024-04-05T15:24:39.591+0000] {processor.py:161} INFO - Started process (PID=784) to work on /home/airflow/.local/lib/python3.8/site-packages/airflow/example_dags/example_branch_labels.py
[2024-04-05T15:24:39.655+0000] {processor.py:830} INFO - Processing file /home/airflow/.local/lib/python3.8/site-packages/airflow/example_dags/example_branch_labels.py for tasks to queue
[2024-04-05T15:24:39.771+0000] {logging_mixin.py:188} INFO - [2024-04-05T15:24:39.749+0000] {dagbag.py:540} INFO - Filling up the DagBag from /home/airflow/.local/lib/python3.8/site-packages/airflow/example_dags/example_branch_labels.py
[2024-04-05T15:24:40.704+0000] {processor.py:840} INFO - DAG(s) 'example_branch_labels' retrieved from /home/airflow/.local/lib/python3.8/site-packages/airflow/example_dags/example_branch_labels.py
[2024-04-05T15:24:42.262+0000] {logging_mixin.py:188} INFO - [2024-04-05T15:24:42.260+0000] {dag.py:3047} INFO - Sync 1 DAGs
[2024-04-05T15:24:45.270+0000] {logging_mixin.py:188} INFO - [2024-04-05T15:24:45.267+0000] {dag.py:3834} INFO - Setting next_dagrun for example_branch_labels to 2024-04-04 00:00:00+00:00, run_after=2024-04-05 00:00:00+00:00
[2024-04-05T15:24:46.493+0000] {processor.py:183} INFO - Processing /home/airflow/.local/lib/python3.8/site-packages/airflow/example_dags/example_branch_labels.py took 7.864 seconds
[2024-04-05T15:26:34.326+0000] {processor.py:161} INFO - Started process (PID=859) to work on /home/airflow/.local/lib/python3.8/site-packages/airflow/example_dags/example_branch_labels.py
[2024-04-05T15:26:34.352+0000] {processor.py:830} INFO - Processing file /home/airflow/.local/lib/python3.8/site-packages/airflow/example_dags/example_branch_labels.py for tasks to queue
[2024-04-05T15:26:34.389+0000] {logging_mixin.py:188} INFO - [2024-04-05T15:26:34.365+0000] {dagbag.py:540} INFO - Filling up the DagBag from /home/airflow/.local/lib/python3.8/site-packages/airflow/example_dags/example_branch_labels.py
[2024-04-05T15:26:34.702+0000] {processor.py:840} INFO - DAG(s) 'example_branch_labels' retrieved from /home/airflow/.local/lib/python3.8/site-packages/airflow/example_dags/example_branch_labels.py
[2024-04-05T15:26:35.299+0000] {logging_mixin.py:188} INFO - [2024-04-05T15:26:35.298+0000] {dag.py:3047} INFO - Sync 1 DAGs
[2024-04-05T15:26:36.249+0000] {logging_mixin.py:188} INFO - [2024-04-05T15:26:36.244+0000] {dag.py:3834} INFO - Setting next_dagrun for example_branch_labels to 2024-04-04 00:00:00+00:00, run_after=2024-04-05 00:00:00+00:00
[2024-04-05T15:26:36.822+0000] {processor.py:183} INFO - Processing /home/airflow/.local/lib/python3.8/site-packages/airflow/example_dags/example_branch_labels.py took 2.625 seconds
[2024-04-05T15:28:11.053+0000] {processor.py:161} INFO - Started process (PID=914) to work on /home/airflow/.local/lib/python3.8/site-packages/airflow/example_dags/example_branch_labels.py
[2024-04-05T15:28:11.133+0000] {processor.py:830} INFO - Processing file /home/airflow/.local/lib/python3.8/site-packages/airflow/example_dags/example_branch_labels.py for tasks to queue
[2024-04-05T15:28:11.320+0000] {logging_mixin.py:188} INFO - [2024-04-05T15:28:11.214+0000] {dagbag.py:540} INFO - Filling up the DagBag from /home/airflow/.local/lib/python3.8/site-packages/airflow/example_dags/example_branch_labels.py
[2024-04-05T15:28:11.952+0000] {processor.py:840} INFO - DAG(s) 'example_branch_labels' retrieved from /home/airflow/.local/lib/python3.8/site-packages/airflow/example_dags/example_branch_labels.py
[2024-04-05T15:28:13.498+0000] {logging_mixin.py:188} INFO - [2024-04-05T15:28:13.457+0000] {dag.py:3047} INFO - Sync 1 DAGs
[2024-04-05T15:28:15.047+0000] {logging_mixin.py:188} INFO - [2024-04-05T15:28:15.026+0000] {dag.py:3834} INFO - Setting next_dagrun for example_branch_labels to 2024-04-04 00:00:00+00:00, run_after=2024-04-05 00:00:00+00:00
[2024-04-05T15:28:17.109+0000] {processor.py:183} INFO - Processing /home/airflow/.local/lib/python3.8/site-packages/airflow/example_dags/example_branch_labels.py took 6.272 seconds
[2024-04-05T15:29:42.547+0000] {processor.py:161} INFO - Started process (PID=966) to work on /home/airflow/.local/lib/python3.8/site-packages/airflow/example_dags/example_branch_labels.py
[2024-04-05T15:29:42.623+0000] {processor.py:830} INFO - Processing file /home/airflow/.local/lib/python3.8/site-packages/airflow/example_dags/example_branch_labels.py for tasks to queue
[2024-04-05T15:29:42.724+0000] {logging_mixin.py:188} INFO - [2024-04-05T15:29:42.656+0000] {dagbag.py:540} INFO - Filling up the DagBag from /home/airflow/.local/lib/python3.8/site-packages/airflow/example_dags/example_branch_labels.py
[2024-04-05T15:29:43.433+0000] {processor.py:840} INFO - DAG(s) 'example_branch_labels' retrieved from /home/airflow/.local/lib/python3.8/site-packages/airflow/example_dags/example_branch_labels.py
[2024-04-05T15:29:45.414+0000] {logging_mixin.py:188} INFO - [2024-04-05T15:29:45.358+0000] {dag.py:3047} INFO - Sync 1 DAGs
[2024-04-05T15:29:48.978+0000] {logging_mixin.py:188} INFO - [2024-04-05T15:29:48.969+0000] {dag.py:3834} INFO - Setting next_dagrun for example_branch_labels to 2024-04-04 00:00:00+00:00, run_after=2024-04-05 00:00:00+00:00
[2024-04-05T15:29:50.234+0000] {processor.py:183} INFO - Processing /home/airflow/.local/lib/python3.8/site-packages/airflow/example_dags/example_branch_labels.py took 8.048 seconds
[2024-04-05T15:31:34.554+0000] {processor.py:161} INFO - Started process (PID=1019) to work on /home/airflow/.local/lib/python3.8/site-packages/airflow/example_dags/example_branch_labels.py
[2024-04-05T15:31:34.638+0000] {processor.py:830} INFO - Processing file /home/airflow/.local/lib/python3.8/site-packages/airflow/example_dags/example_branch_labels.py for tasks to queue
[2024-04-05T15:31:34.676+0000] {logging_mixin.py:188} INFO - [2024-04-05T15:31:34.672+0000] {dagbag.py:540} INFO - Filling up the DagBag from /home/airflow/.local/lib/python3.8/site-packages/airflow/example_dags/example_branch_labels.py
[2024-04-05T15:31:35.353+0000] {processor.py:840} INFO - DAG(s) 'example_branch_labels' retrieved from /home/airflow/.local/lib/python3.8/site-packages/airflow/example_dags/example_branch_labels.py
[2024-04-05T15:31:36.521+0000] {logging_mixin.py:188} INFO - [2024-04-05T15:31:36.481+0000] {dag.py:3047} INFO - Sync 1 DAGs
[2024-04-05T15:31:38.513+0000] {logging_mixin.py:188} INFO - [2024-04-05T15:31:38.487+0000] {dag.py:3834} INFO - Setting next_dagrun for example_branch_labels to 2024-04-04 00:00:00+00:00, run_after=2024-04-05 00:00:00+00:00
[2024-04-05T15:31:39.456+0000] {processor.py:183} INFO - Processing /home/airflow/.local/lib/python3.8/site-packages/airflow/example_dags/example_branch_labels.py took 5.344 seconds
[2024-04-05T15:32:43.832+0000] {processor.py:161} INFO - Started process (PID=1075) to work on /home/airflow/.local/lib/python3.8/site-packages/airflow/example_dags/example_branch_labels.py
[2024-04-05T15:32:43.871+0000] {processor.py:830} INFO - Processing file /home/airflow/.local/lib/python3.8/site-packages/airflow/example_dags/example_branch_labels.py for tasks to queue
[2024-04-05T15:32:43.946+0000] {logging_mixin.py:188} INFO - [2024-04-05T15:32:43.912+0000] {dagbag.py:540} INFO - Filling up the DagBag from /home/airflow/.local/lib/python3.8/site-packages/airflow/example_dags/example_branch_labels.py
[2024-04-05T15:32:44.517+0000] {processor.py:840} INFO - DAG(s) 'example_branch_labels' retrieved from /home/airflow/.local/lib/python3.8/site-packages/airflow/example_dags/example_branch_labels.py
[2024-04-05T15:32:45.297+0000] {logging_mixin.py:188} INFO - [2024-04-05T15:32:45.294+0000] {dag.py:3047} INFO - Sync 1 DAGs
[2024-04-05T15:32:46.349+0000] {logging_mixin.py:188} INFO - [2024-04-05T15:32:46.347+0000] {dag.py:3834} INFO - Setting next_dagrun for example_branch_labels to 2024-04-04 00:00:00+00:00, run_after=2024-04-05 00:00:00+00:00
[2024-04-05T15:32:47.045+0000] {processor.py:183} INFO - Processing /home/airflow/.local/lib/python3.8/site-packages/airflow/example_dags/example_branch_labels.py took 3.300 seconds
