[2024-04-05T15:01:09.654+0000] {processor.py:161} INFO - Started process (PID=205) to work on /home/airflow/.local/lib/python3.8/site-packages/airflow/example_dags/example_sensor_decorator.py
[2024-04-05T15:01:09.702+0000] {processor.py:830} INFO - Processing file /home/airflow/.local/lib/python3.8/site-packages/airflow/example_dags/example_sensor_decorator.py for tasks to queue
[2024-04-05T15:01:10.074+0000] {logging_mixin.py:188} INFO - [2024-04-05T15:01:10.025+0000] {dagbag.py:540} INFO - Filling up the DagBag from /home/airflow/.local/lib/python3.8/site-packages/airflow/example_dags/example_sensor_decorator.py
[2024-04-05T15:01:10.759+0000] {processor.py:840} INFO - DAG(s) 'example_sensor_decorator' retrieved from /home/airflow/.local/lib/python3.8/site-packages/airflow/example_dags/example_sensor_decorator.py
[2024-04-05T15:01:21.979+0000] {logging_mixin.py:188} INFO - [2024-04-05T15:01:21.957+0000] {override.py:1769} INFO - Created Permission View: can edit on DAG:example_sensor_decorator
[2024-04-05T15:01:22.701+0000] {logging_mixin.py:188} INFO - [2024-04-05T15:01:22.697+0000] {override.py:1769} INFO - Created Permission View: can read on DAG:example_sensor_decorator
[2024-04-05T15:01:23.149+0000] {logging_mixin.py:188} INFO - [2024-04-05T15:01:23.140+0000] {override.py:1769} INFO - Created Permission View: can delete on DAG:example_sensor_decorator
[2024-04-05T15:01:23.256+0000] {logging_mixin.py:188} INFO - [2024-04-05T15:01:23.254+0000] {dag.py:3047} INFO - Sync 1 DAGs
[2024-04-05T15:01:24.329+0000] {logging_mixin.py:188} INFO - [2024-04-05T15:01:24.326+0000] {dag.py:3069} INFO - Creating ORM DAG for example_sensor_decorator
[2024-04-05T15:01:24.352+0000] {logging_mixin.py:188} INFO - [2024-04-05T15:01:24.350+0000] {dag.py:3834} INFO - Setting next_dagrun for example_sensor_decorator to None, run_after=None
[2024-04-05T15:01:25.056+0000] {processor.py:183} INFO - Processing /home/airflow/.local/lib/python3.8/site-packages/airflow/example_dags/example_sensor_decorator.py took 15.864 seconds
[2024-04-05T15:08:06.097+0000] {processor.py:161} INFO - Started process (PID=343) to work on /home/airflow/.local/lib/python3.8/site-packages/airflow/example_dags/example_sensor_decorator.py
[2024-04-05T15:08:06.132+0000] {processor.py:830} INFO - Processing file /home/airflow/.local/lib/python3.8/site-packages/airflow/example_dags/example_sensor_decorator.py for tasks to queue
[2024-04-05T15:08:06.234+0000] {logging_mixin.py:188} INFO - [2024-04-05T15:08:06.204+0000] {dagbag.py:540} INFO - Filling up the DagBag from /home/airflow/.local/lib/python3.8/site-packages/airflow/example_dags/example_sensor_decorator.py
[2024-04-05T15:08:06.575+0000] {processor.py:840} INFO - DAG(s) 'example_sensor_decorator' retrieved from /home/airflow/.local/lib/python3.8/site-packages/airflow/example_dags/example_sensor_decorator.py
[2024-04-05T15:08:09.676+0000] {logging_mixin.py:188} INFO - [2024-04-05T15:08:09.588+0000] {dag.py:3047} INFO - Sync 1 DAGs
[2024-04-05T15:08:11.616+0000] {logging_mixin.py:188} INFO - [2024-04-05T15:08:11.569+0000] {dag.py:3834} INFO - Setting next_dagrun for example_sensor_decorator to None, run_after=None
[2024-04-05T15:08:14.159+0000] {processor.py:183} INFO - Processing /home/airflow/.local/lib/python3.8/site-packages/airflow/example_dags/example_sensor_decorator.py took 8.393 seconds
[2024-04-05T15:10:16.439+0000] {processor.py:161} INFO - Started process (PID=403) to work on /home/airflow/.local/lib/python3.8/site-packages/airflow/example_dags/example_sensor_decorator.py
[2024-04-05T15:10:16.550+0000] {processor.py:830} INFO - Processing file /home/airflow/.local/lib/python3.8/site-packages/airflow/example_dags/example_sensor_decorator.py for tasks to queue
[2024-04-05T15:10:16.844+0000] {logging_mixin.py:188} INFO - [2024-04-05T15:10:16.837+0000] {dagbag.py:540} INFO - Filling up the DagBag from /home/airflow/.local/lib/python3.8/site-packages/airflow/example_dags/example_sensor_decorator.py
[2024-04-05T15:10:17.386+0000] {processor.py:840} INFO - DAG(s) 'example_sensor_decorator' retrieved from /home/airflow/.local/lib/python3.8/site-packages/airflow/example_dags/example_sensor_decorator.py
[2024-04-05T15:10:18.852+0000] {logging_mixin.py:188} INFO - [2024-04-05T15:10:18.850+0000] {dag.py:3047} INFO - Sync 1 DAGs
[2024-04-05T15:10:20.125+0000] {logging_mixin.py:188} INFO - [2024-04-05T15:10:20.114+0000] {dag.py:3834} INFO - Setting next_dagrun for example_sensor_decorator to None, run_after=None
[2024-04-05T15:10:22.830+0000] {processor.py:183} INFO - Processing /home/airflow/.local/lib/python3.8/site-packages/airflow/example_dags/example_sensor_decorator.py took 6.903 seconds
[2024-04-05T15:13:50.551+0000] {processor.py:161} INFO - Started process (PID=496) to work on /home/airflow/.local/lib/python3.8/site-packages/airflow/example_dags/example_sensor_decorator.py
[2024-04-05T15:13:50.604+0000] {processor.py:830} INFO - Processing file /home/airflow/.local/lib/python3.8/site-packages/airflow/example_dags/example_sensor_decorator.py for tasks to queue
[2024-04-05T15:13:50.857+0000] {logging_mixin.py:188} INFO - [2024-04-05T15:13:50.785+0000] {dagbag.py:540} INFO - Filling up the DagBag from /home/airflow/.local/lib/python3.8/site-packages/airflow/example_dags/example_sensor_decorator.py
[2024-04-05T15:13:51.409+0000] {processor.py:840} INFO - DAG(s) 'example_sensor_decorator' retrieved from /home/airflow/.local/lib/python3.8/site-packages/airflow/example_dags/example_sensor_decorator.py
[2024-04-05T15:13:53.228+0000] {logging_mixin.py:188} INFO - [2024-04-05T15:13:53.212+0000] {dag.py:3047} INFO - Sync 1 DAGs
[2024-04-05T15:13:55.221+0000] {logging_mixin.py:188} INFO - [2024-04-05T15:13:55.219+0000] {dag.py:3834} INFO - Setting next_dagrun for example_sensor_decorator to None, run_after=None
[2024-04-05T15:13:56.525+0000] {processor.py:183} INFO - Processing /home/airflow/.local/lib/python3.8/site-packages/airflow/example_dags/example_sensor_decorator.py took 6.358 seconds
[2024-04-05T15:15:35.645+0000] {processor.py:161} INFO - Started process (PID=549) to work on /home/airflow/.local/lib/python3.8/site-packages/airflow/example_dags/example_sensor_decorator.py
[2024-04-05T15:15:35.664+0000] {processor.py:830} INFO - Processing file /home/airflow/.local/lib/python3.8/site-packages/airflow/example_dags/example_sensor_decorator.py for tasks to queue
[2024-04-05T15:15:35.937+0000] {logging_mixin.py:188} INFO - [2024-04-05T15:15:35.921+0000] {dagbag.py:540} INFO - Filling up the DagBag from /home/airflow/.local/lib/python3.8/site-packages/airflow/example_dags/example_sensor_decorator.py
[2024-04-05T15:15:36.523+0000] {processor.py:840} INFO - DAG(s) 'example_sensor_decorator' retrieved from /home/airflow/.local/lib/python3.8/site-packages/airflow/example_dags/example_sensor_decorator.py
[2024-04-05T15:15:37.818+0000] {logging_mixin.py:188} INFO - [2024-04-05T15:15:37.816+0000] {dag.py:3047} INFO - Sync 1 DAGs
[2024-04-05T15:15:39.846+0000] {logging_mixin.py:188} INFO - [2024-04-05T15:15:39.831+0000] {dag.py:3834} INFO - Setting next_dagrun for example_sensor_decorator to None, run_after=None
[2024-04-05T15:15:42.283+0000] {processor.py:183} INFO - Processing /home/airflow/.local/lib/python3.8/site-packages/airflow/example_dags/example_sensor_decorator.py took 7.038 seconds
[2024-04-05T15:18:42.364+0000] {processor.py:161} INFO - Started process (PID=631) to work on /home/airflow/.local/lib/python3.8/site-packages/airflow/example_dags/example_sensor_decorator.py
[2024-04-05T15:18:42.516+0000] {processor.py:830} INFO - Processing file /home/airflow/.local/lib/python3.8/site-packages/airflow/example_dags/example_sensor_decorator.py for tasks to queue
[2024-04-05T15:18:42.823+0000] {logging_mixin.py:188} INFO - [2024-04-05T15:18:42.804+0000] {dagbag.py:540} INFO - Filling up the DagBag from /home/airflow/.local/lib/python3.8/site-packages/airflow/example_dags/example_sensor_decorator.py
[2024-04-05T15:18:43.926+0000] {processor.py:840} INFO - DAG(s) 'example_sensor_decorator' retrieved from /home/airflow/.local/lib/python3.8/site-packages/airflow/example_dags/example_sensor_decorator.py
[2024-04-05T15:18:45.095+0000] {logging_mixin.py:188} INFO - [2024-04-05T15:18:45.093+0000] {dag.py:3047} INFO - Sync 1 DAGs
[2024-04-05T15:18:48.390+0000] {logging_mixin.py:188} INFO - [2024-04-05T15:18:48.375+0000] {dag.py:3834} INFO - Setting next_dagrun for example_sensor_decorator to None, run_after=None
[2024-04-05T15:18:52.831+0000] {processor.py:183} INFO - Processing /home/airflow/.local/lib/python3.8/site-packages/airflow/example_dags/example_sensor_decorator.py took 11.301 seconds
[2024-04-05T15:21:12.786+0000] {processor.py:161} INFO - Started process (PID=689) to work on /home/airflow/.local/lib/python3.8/site-packages/airflow/example_dags/example_sensor_decorator.py
[2024-04-05T15:21:12.832+0000] {processor.py:830} INFO - Processing file /home/airflow/.local/lib/python3.8/site-packages/airflow/example_dags/example_sensor_decorator.py for tasks to queue
[2024-04-05T15:21:12.951+0000] {logging_mixin.py:188} INFO - [2024-04-05T15:21:12.921+0000] {dagbag.py:540} INFO - Filling up the DagBag from /home/airflow/.local/lib/python3.8/site-packages/airflow/example_dags/example_sensor_decorator.py
[2024-04-05T15:21:13.417+0000] {processor.py:840} INFO - DAG(s) 'example_sensor_decorator' retrieved from /home/airflow/.local/lib/python3.8/site-packages/airflow/example_dags/example_sensor_decorator.py
[2024-04-05T15:21:14.999+0000] {logging_mixin.py:188} INFO - [2024-04-05T15:21:14.943+0000] {dag.py:3047} INFO - Sync 1 DAGs
[2024-04-05T15:21:16.463+0000] {logging_mixin.py:188} INFO - [2024-04-05T15:21:16.461+0000] {dag.py:3834} INFO - Setting next_dagrun for example_sensor_decorator to None, run_after=None
[2024-04-05T15:21:17.321+0000] {processor.py:183} INFO - Processing /home/airflow/.local/lib/python3.8/site-packages/airflow/example_dags/example_sensor_decorator.py took 4.864 seconds
[2024-04-05T15:24:19.202+0000] {processor.py:161} INFO - Started process (PID=770) to work on /home/airflow/.local/lib/python3.8/site-packages/airflow/example_dags/example_sensor_decorator.py
[2024-04-05T15:24:19.279+0000] {processor.py:830} INFO - Processing file /home/airflow/.local/lib/python3.8/site-packages/airflow/example_dags/example_sensor_decorator.py for tasks to queue
[2024-04-05T15:24:19.344+0000] {logging_mixin.py:188} INFO - [2024-04-05T15:24:19.307+0000] {dagbag.py:540} INFO - Filling up the DagBag from /home/airflow/.local/lib/python3.8/site-packages/airflow/example_dags/example_sensor_decorator.py
[2024-04-05T15:24:20.561+0000] {processor.py:840} INFO - DAG(s) 'example_sensor_decorator' retrieved from /home/airflow/.local/lib/python3.8/site-packages/airflow/example_dags/example_sensor_decorator.py
[2024-04-05T15:24:22.662+0000] {logging_mixin.py:188} INFO - [2024-04-05T15:24:22.631+0000] {dag.py:3047} INFO - Sync 1 DAGs
[2024-04-05T15:24:24.047+0000] {logging_mixin.py:188} INFO - [2024-04-05T15:24:24.032+0000] {dag.py:3834} INFO - Setting next_dagrun for example_sensor_decorator to None, run_after=None
[2024-04-05T15:24:25.213+0000] {processor.py:183} INFO - Processing /home/airflow/.local/lib/python3.8/site-packages/airflow/example_dags/example_sensor_decorator.py took 6.278 seconds
[2024-04-05T15:25:45.811+0000] {processor.py:161} INFO - Started process (PID=821) to work on /home/airflow/.local/lib/python3.8/site-packages/airflow/example_dags/example_sensor_decorator.py
[2024-04-05T15:25:45.911+0000] {processor.py:830} INFO - Processing file /home/airflow/.local/lib/python3.8/site-packages/airflow/example_dags/example_sensor_decorator.py for tasks to queue
[2024-04-05T15:25:46.040+0000] {logging_mixin.py:188} INFO - [2024-04-05T15:25:46.037+0000] {dagbag.py:540} INFO - Filling up the DagBag from /home/airflow/.local/lib/python3.8/site-packages/airflow/example_dags/example_sensor_decorator.py
[2024-04-05T15:25:46.389+0000] {processor.py:840} INFO - DAG(s) 'example_sensor_decorator' retrieved from /home/airflow/.local/lib/python3.8/site-packages/airflow/example_dags/example_sensor_decorator.py
[2024-04-05T15:25:47.520+0000] {logging_mixin.py:188} INFO - [2024-04-05T15:25:47.518+0000] {dag.py:3047} INFO - Sync 1 DAGs
[2024-04-05T15:25:48.809+0000] {logging_mixin.py:188} INFO - [2024-04-05T15:25:48.760+0000] {dag.py:3834} INFO - Setting next_dagrun for example_sensor_decorator to None, run_after=None
[2024-04-05T15:25:50.315+0000] {processor.py:183} INFO - Processing /home/airflow/.local/lib/python3.8/site-packages/airflow/example_dags/example_sensor_decorator.py took 4.700 seconds
[2024-04-05T15:27:21.294+0000] {processor.py:161} INFO - Started process (PID=886) to work on /home/airflow/.local/lib/python3.8/site-packages/airflow/example_dags/example_sensor_decorator.py
[2024-04-05T15:27:21.313+0000] {processor.py:830} INFO - Processing file /home/airflow/.local/lib/python3.8/site-packages/airflow/example_dags/example_sensor_decorator.py for tasks to queue
[2024-04-05T15:27:21.360+0000] {logging_mixin.py:188} INFO - [2024-04-05T15:27:21.334+0000] {dagbag.py:540} INFO - Filling up the DagBag from /home/airflow/.local/lib/python3.8/site-packages/airflow/example_dags/example_sensor_decorator.py
[2024-04-05T15:27:21.627+0000] {processor.py:840} INFO - DAG(s) 'example_sensor_decorator' retrieved from /home/airflow/.local/lib/python3.8/site-packages/airflow/example_dags/example_sensor_decorator.py
[2024-04-05T15:27:22.481+0000] {logging_mixin.py:188} INFO - [2024-04-05T15:27:22.431+0000] {dag.py:3047} INFO - Sync 1 DAGs
[2024-04-05T15:27:23.331+0000] {logging_mixin.py:188} INFO - [2024-04-05T15:27:23.320+0000] {dag.py:3834} INFO - Setting next_dagrun for example_sensor_decorator to None, run_after=None
[2024-04-05T15:27:24.357+0000] {processor.py:183} INFO - Processing /home/airflow/.local/lib/python3.8/site-packages/airflow/example_dags/example_sensor_decorator.py took 3.248 seconds
[2024-04-05T15:29:11.907+0000] {processor.py:161} INFO - Started process (PID=948) to work on /home/airflow/.local/lib/python3.8/site-packages/airflow/example_dags/example_sensor_decorator.py
[2024-04-05T15:29:12.040+0000] {processor.py:830} INFO - Processing file /home/airflow/.local/lib/python3.8/site-packages/airflow/example_dags/example_sensor_decorator.py for tasks to queue
[2024-04-05T15:29:12.182+0000] {logging_mixin.py:188} INFO - [2024-04-05T15:29:12.179+0000] {dagbag.py:540} INFO - Filling up the DagBag from /home/airflow/.local/lib/python3.8/site-packages/airflow/example_dags/example_sensor_decorator.py
[2024-04-05T15:29:12.824+0000] {processor.py:840} INFO - DAG(s) 'example_sensor_decorator' retrieved from /home/airflow/.local/lib/python3.8/site-packages/airflow/example_dags/example_sensor_decorator.py
[2024-04-05T15:29:14.829+0000] {logging_mixin.py:188} INFO - [2024-04-05T15:29:14.827+0000] {dag.py:3047} INFO - Sync 1 DAGs
[2024-04-05T15:29:15.896+0000] {logging_mixin.py:188} INFO - [2024-04-05T15:29:15.849+0000] {dag.py:3834} INFO - Setting next_dagrun for example_sensor_decorator to None, run_after=None
[2024-04-05T15:29:17.182+0000] {processor.py:183} INFO - Processing /home/airflow/.local/lib/python3.8/site-packages/airflow/example_dags/example_sensor_decorator.py took 5.706 seconds
[2024-04-05T15:31:13.582+0000] {processor.py:161} INFO - Started process (PID=1004) to work on /home/airflow/.local/lib/python3.8/site-packages/airflow/example_dags/example_sensor_decorator.py
[2024-04-05T15:31:13.701+0000] {processor.py:830} INFO - Processing file /home/airflow/.local/lib/python3.8/site-packages/airflow/example_dags/example_sensor_decorator.py for tasks to queue
[2024-04-05T15:31:13.786+0000] {logging_mixin.py:188} INFO - [2024-04-05T15:31:13.754+0000] {dagbag.py:540} INFO - Filling up the DagBag from /home/airflow/.local/lib/python3.8/site-packages/airflow/example_dags/example_sensor_decorator.py
[2024-04-05T15:31:14.212+0000] {processor.py:840} INFO - DAG(s) 'example_sensor_decorator' retrieved from /home/airflow/.local/lib/python3.8/site-packages/airflow/example_dags/example_sensor_decorator.py
[2024-04-05T15:31:16.221+0000] {logging_mixin.py:188} INFO - [2024-04-05T15:31:16.170+0000] {dag.py:3047} INFO - Sync 1 DAGs
[2024-04-05T15:31:16.916+0000] {logging_mixin.py:188} INFO - [2024-04-05T15:31:16.914+0000] {dag.py:3834} INFO - Setting next_dagrun for example_sensor_decorator to None, run_after=None
[2024-04-05T15:31:18.083+0000] {processor.py:183} INFO - Processing /home/airflow/.local/lib/python3.8/site-packages/airflow/example_dags/example_sensor_decorator.py took 4.909 seconds
[2024-04-05T15:32:15.981+0000] {processor.py:161} INFO - Started process (PID=1054) to work on /home/airflow/.local/lib/python3.8/site-packages/airflow/example_dags/example_sensor_decorator.py
[2024-04-05T15:32:16.159+0000] {processor.py:830} INFO - Processing file /home/airflow/.local/lib/python3.8/site-packages/airflow/example_dags/example_sensor_decorator.py for tasks to queue
[2024-04-05T15:32:16.240+0000] {logging_mixin.py:188} INFO - [2024-04-05T15:32:16.226+0000] {dagbag.py:540} INFO - Filling up the DagBag from /home/airflow/.local/lib/python3.8/site-packages/airflow/example_dags/example_sensor_decorator.py
[2024-04-05T15:32:17.009+0000] {processor.py:840} INFO - DAG(s) 'example_sensor_decorator' retrieved from /home/airflow/.local/lib/python3.8/site-packages/airflow/example_dags/example_sensor_decorator.py
[2024-04-05T15:32:18.264+0000] {logging_mixin.py:188} INFO - [2024-04-05T15:32:18.249+0000] {dag.py:3047} INFO - Sync 1 DAGs
[2024-04-05T15:32:19.133+0000] {logging_mixin.py:188} INFO - [2024-04-05T15:32:19.126+0000] {dag.py:3834} INFO - Setting next_dagrun for example_sensor_decorator to None, run_after=None
[2024-04-05T15:32:19.746+0000] {processor.py:183} INFO - Processing /home/airflow/.local/lib/python3.8/site-packages/airflow/example_dags/example_sensor_decorator.py took 4.063 seconds
