[2024-04-05T14:57:49.139+0000] {processor.py:161} INFO - Started process (PID=146) to work on /home/airflow/.local/lib/python3.8/site-packages/airflow/example_dags/example_params_ui_tutorial.py
[2024-04-05T14:57:49.196+0000] {processor.py:830} INFO - Processing file /home/airflow/.local/lib/python3.8/site-packages/airflow/example_dags/example_params_ui_tutorial.py for tasks to queue
[2024-04-05T14:57:49.384+0000] {logging_mixin.py:188} INFO - [2024-04-05T14:57:49.374+0000] {dagbag.py:540} INFO - Filling up the DagBag from /home/airflow/.local/lib/python3.8/site-packages/airflow/example_dags/example_params_ui_tutorial.py
[2024-04-05T14:57:50.206+0000] {processor.py:840} INFO - DAG(s) 'example_params_ui_tutorial' retrieved from /home/airflow/.local/lib/python3.8/site-packages/airflow/example_dags/example_params_ui_tutorial.py
[2024-04-05T14:58:02.166+0000] {logging_mixin.py:188} INFO - [2024-04-05T14:58:02.150+0000] {override.py:1769} INFO - Created Permission View: can edit on DAG:example_params_ui_tutorial
[2024-04-05T14:58:03.389+0000] {logging_mixin.py:188} INFO - [2024-04-05T14:58:03.386+0000] {override.py:1769} INFO - Created Permission View: can read on DAG:example_params_ui_tutorial
[2024-04-05T14:58:03.796+0000] {logging_mixin.py:188} INFO - [2024-04-05T14:58:03.794+0000] {override.py:1769} INFO - Created Permission View: can delete on DAG:example_params_ui_tutorial
[2024-04-05T14:58:03.865+0000] {logging_mixin.py:188} INFO - [2024-04-05T14:58:03.832+0000] {dag.py:3047} INFO - Sync 1 DAGs
[2024-04-05T14:58:05.222+0000] {logging_mixin.py:188} INFO - [2024-04-05T14:58:05.208+0000] {dag.py:3069} INFO - Creating ORM DAG for example_params_ui_tutorial
[2024-04-05T14:58:05.294+0000] {logging_mixin.py:188} INFO - [2024-04-05T14:58:05.261+0000] {dag.py:3834} INFO - Setting next_dagrun for example_params_ui_tutorial to None, run_after=None
[2024-04-05T14:58:06.016+0000] {processor.py:183} INFO - Processing /home/airflow/.local/lib/python3.8/site-packages/airflow/example_dags/example_params_ui_tutorial.py took 17.060 seconds
[2024-04-05T15:05:04.146+0000] {processor.py:161} INFO - Started process (PID=279) to work on /home/airflow/.local/lib/python3.8/site-packages/airflow/example_dags/example_params_ui_tutorial.py
[2024-04-05T15:05:04.213+0000] {processor.py:830} INFO - Processing file /home/airflow/.local/lib/python3.8/site-packages/airflow/example_dags/example_params_ui_tutorial.py for tasks to queue
[2024-04-05T15:05:04.548+0000] {logging_mixin.py:188} INFO - [2024-04-05T15:05:04.452+0000] {dagbag.py:540} INFO - Filling up the DagBag from /home/airflow/.local/lib/python3.8/site-packages/airflow/example_dags/example_params_ui_tutorial.py
[2024-04-05T15:05:08.080+0000] {processor.py:840} INFO - DAG(s) 'example_params_ui_tutorial' retrieved from /home/airflow/.local/lib/python3.8/site-packages/airflow/example_dags/example_params_ui_tutorial.py
[2024-04-05T15:05:18.336+0000] {logging_mixin.py:188} INFO - [2024-04-05T15:05:18.334+0000] {dag.py:3047} INFO - Sync 1 DAGs
[2024-04-05T15:05:20.695+0000] {logging_mixin.py:188} INFO - [2024-04-05T15:05:20.682+0000] {dag.py:3834} INFO - Setting next_dagrun for example_params_ui_tutorial to None, run_after=None
[2024-04-05T15:05:24.097+0000] {processor.py:183} INFO - Processing /home/airflow/.local/lib/python3.8/site-packages/airflow/example_dags/example_params_ui_tutorial.py took 20.244 seconds
[2024-04-05T15:08:02.338+0000] {processor.py:161} INFO - Started process (PID=342) to work on /home/airflow/.local/lib/python3.8/site-packages/airflow/example_dags/example_params_ui_tutorial.py
[2024-04-05T15:08:02.562+0000] {processor.py:830} INFO - Processing file /home/airflow/.local/lib/python3.8/site-packages/airflow/example_dags/example_params_ui_tutorial.py for tasks to queue
[2024-04-05T15:08:03.191+0000] {logging_mixin.py:188} INFO - [2024-04-05T15:08:02.623+0000] {dagbag.py:540} INFO - Filling up the DagBag from /home/airflow/.local/lib/python3.8/site-packages/airflow/example_dags/example_params_ui_tutorial.py
[2024-04-05T15:08:05.882+0000] {processor.py:840} INFO - DAG(s) 'example_params_ui_tutorial' retrieved from /home/airflow/.local/lib/python3.8/site-packages/airflow/example_dags/example_params_ui_tutorial.py
[2024-04-05T15:08:15.060+0000] {logging_mixin.py:188} INFO - [2024-04-05T15:08:15.058+0000] {dag.py:3047} INFO - Sync 1 DAGs
[2024-04-05T15:08:17.400+0000] {logging_mixin.py:188} INFO - [2024-04-05T15:08:17.398+0000] {dag.py:3834} INFO - Setting next_dagrun for example_params_ui_tutorial to None, run_after=None
[2024-04-05T15:08:18.767+0000] {processor.py:183} INFO - Processing /home/airflow/.local/lib/python3.8/site-packages/airflow/example_dags/example_params_ui_tutorial.py took 17.750 seconds
[2024-04-05T15:12:03.655+0000] {processor.py:161} INFO - Started process (PID=447) to work on /home/airflow/.local/lib/python3.8/site-packages/airflow/example_dags/example_params_ui_tutorial.py
[2024-04-05T15:12:03.832+0000] {processor.py:830} INFO - Processing file /home/airflow/.local/lib/python3.8/site-packages/airflow/example_dags/example_params_ui_tutorial.py for tasks to queue
[2024-04-05T15:12:04.005+0000] {logging_mixin.py:188} INFO - [2024-04-05T15:12:03.990+0000] {dagbag.py:540} INFO - Filling up the DagBag from /home/airflow/.local/lib/python3.8/site-packages/airflow/example_dags/example_params_ui_tutorial.py
[2024-04-05T15:12:06.723+0000] {processor.py:840} INFO - DAG(s) 'example_params_ui_tutorial' retrieved from /home/airflow/.local/lib/python3.8/site-packages/airflow/example_dags/example_params_ui_tutorial.py
[2024-04-05T15:12:18.808+0000] {logging_mixin.py:188} INFO - [2024-04-05T15:12:18.805+0000] {dag.py:3047} INFO - Sync 1 DAGs
[2024-04-05T15:12:19.901+0000] {logging_mixin.py:188} INFO - [2024-04-05T15:12:19.891+0000] {dag.py:3834} INFO - Setting next_dagrun for example_params_ui_tutorial to None, run_after=None
[2024-04-05T15:12:21.445+0000] {processor.py:183} INFO - Processing /home/airflow/.local/lib/python3.8/site-packages/airflow/example_dags/example_params_ui_tutorial.py took 18.733 seconds
[2024-04-05T15:13:28.554+0000] {processor.py:161} INFO - Started process (PID=489) to work on /home/airflow/.local/lib/python3.8/site-packages/airflow/example_dags/example_params_ui_tutorial.py
[2024-04-05T15:13:28.610+0000] {processor.py:830} INFO - Processing file /home/airflow/.local/lib/python3.8/site-packages/airflow/example_dags/example_params_ui_tutorial.py for tasks to queue
[2024-04-05T15:13:28.824+0000] {logging_mixin.py:188} INFO - [2024-04-05T15:13:28.816+0000] {dagbag.py:540} INFO - Filling up the DagBag from /home/airflow/.local/lib/python3.8/site-packages/airflow/example_dags/example_params_ui_tutorial.py
[2024-04-05T15:13:29.536+0000] {processor.py:840} INFO - DAG(s) 'example_params_ui_tutorial' retrieved from /home/airflow/.local/lib/python3.8/site-packages/airflow/example_dags/example_params_ui_tutorial.py
[2024-04-05T15:13:37.744+0000] {logging_mixin.py:188} INFO - [2024-04-05T15:13:37.741+0000] {dag.py:3047} INFO - Sync 1 DAGs
[2024-04-05T15:13:39.255+0000] {logging_mixin.py:188} INFO - [2024-04-05T15:13:39.253+0000] {dag.py:3834} INFO - Setting next_dagrun for example_params_ui_tutorial to None, run_after=None
[2024-04-05T15:13:39.978+0000] {processor.py:183} INFO - Processing /home/airflow/.local/lib/python3.8/site-packages/airflow/example_dags/example_params_ui_tutorial.py took 11.699 seconds
[2024-04-05T15:16:13.613+0000] {processor.py:161} INFO - Started process (PID=570) to work on /home/airflow/.local/lib/python3.8/site-packages/airflow/example_dags/example_params_ui_tutorial.py
[2024-04-05T15:16:14.147+0000] {processor.py:830} INFO - Processing file /home/airflow/.local/lib/python3.8/site-packages/airflow/example_dags/example_params_ui_tutorial.py for tasks to queue
[2024-04-05T15:16:14.623+0000] {logging_mixin.py:188} INFO - [2024-04-05T15:16:14.594+0000] {dagbag.py:540} INFO - Filling up the DagBag from /home/airflow/.local/lib/python3.8/site-packages/airflow/example_dags/example_params_ui_tutorial.py
[2024-04-05T15:16:18.023+0000] {processor.py:840} INFO - DAG(s) 'example_params_ui_tutorial' retrieved from /home/airflow/.local/lib/python3.8/site-packages/airflow/example_dags/example_params_ui_tutorial.py
[2024-04-05T15:16:25.771+0000] {logging_mixin.py:188} INFO - [2024-04-05T15:16:25.769+0000] {dag.py:3047} INFO - Sync 1 DAGs
[2024-04-05T15:16:27.408+0000] {logging_mixin.py:188} INFO - [2024-04-05T15:16:27.326+0000] {dag.py:3834} INFO - Setting next_dagrun for example_params_ui_tutorial to None, run_after=None
[2024-04-05T15:16:28.873+0000] {processor.py:183} INFO - Processing /home/airflow/.local/lib/python3.8/site-packages/airflow/example_dags/example_params_ui_tutorial.py took 15.604 seconds
[2024-04-05T15:18:31.000+0000] {processor.py:161} INFO - Started process (PID=629) to work on /home/airflow/.local/lib/python3.8/site-packages/airflow/example_dags/example_params_ui_tutorial.py
[2024-04-05T15:18:31.334+0000] {processor.py:830} INFO - Processing file /home/airflow/.local/lib/python3.8/site-packages/airflow/example_dags/example_params_ui_tutorial.py for tasks to queue
[2024-04-05T15:18:31.963+0000] {logging_mixin.py:188} INFO - [2024-04-05T15:18:31.786+0000] {dagbag.py:540} INFO - Filling up the DagBag from /home/airflow/.local/lib/python3.8/site-packages/airflow/example_dags/example_params_ui_tutorial.py
[2024-04-05T15:18:33.205+0000] {processor.py:840} INFO - DAG(s) 'example_params_ui_tutorial' retrieved from /home/airflow/.local/lib/python3.8/site-packages/airflow/example_dags/example_params_ui_tutorial.py
[2024-04-05T15:18:43.637+0000] {logging_mixin.py:188} INFO - [2024-04-05T15:18:43.614+0000] {dag.py:3047} INFO - Sync 1 DAGs
[2024-04-05T15:18:45.803+0000] {logging_mixin.py:188} INFO - [2024-04-05T15:18:45.801+0000] {dag.py:3834} INFO - Setting next_dagrun for example_params_ui_tutorial to None, run_after=None
[2024-04-05T15:18:48.338+0000] {processor.py:183} INFO - Processing /home/airflow/.local/lib/python3.8/site-packages/airflow/example_dags/example_params_ui_tutorial.py took 17.586 seconds
[2024-04-05T15:22:20.892+0000] {processor.py:161} INFO - Started process (PID=719) to work on /home/airflow/.local/lib/python3.8/site-packages/airflow/example_dags/example_params_ui_tutorial.py
[2024-04-05T15:22:20.973+0000] {processor.py:830} INFO - Processing file /home/airflow/.local/lib/python3.8/site-packages/airflow/example_dags/example_params_ui_tutorial.py for tasks to queue
[2024-04-05T15:22:21.042+0000] {logging_mixin.py:188} INFO - [2024-04-05T15:22:21.039+0000] {dagbag.py:540} INFO - Filling up the DagBag from /home/airflow/.local/lib/python3.8/site-packages/airflow/example_dags/example_params_ui_tutorial.py
[2024-04-05T15:22:24.413+0000] {processor.py:840} INFO - DAG(s) 'example_params_ui_tutorial' retrieved from /home/airflow/.local/lib/python3.8/site-packages/airflow/example_dags/example_params_ui_tutorial.py
[2024-04-05T15:22:35.978+0000] {logging_mixin.py:188} INFO - [2024-04-05T15:22:35.976+0000] {dag.py:3047} INFO - Sync 1 DAGs
[2024-04-05T15:22:37.813+0000] {logging_mixin.py:188} INFO - [2024-04-05T15:22:37.811+0000] {dag.py:3834} INFO - Setting next_dagrun for example_params_ui_tutorial to None, run_after=None
[2024-04-05T15:22:38.968+0000] {processor.py:183} INFO - Processing /home/airflow/.local/lib/python3.8/site-packages/airflow/example_dags/example_params_ui_tutorial.py took 18.498 seconds
[2024-04-05T15:23:49.440+0000] {processor.py:161} INFO - Started process (PID=757) to work on /home/airflow/.local/lib/python3.8/site-packages/airflow/example_dags/example_params_ui_tutorial.py
[2024-04-05T15:23:49.544+0000] {processor.py:830} INFO - Processing file /home/airflow/.local/lib/python3.8/site-packages/airflow/example_dags/example_params_ui_tutorial.py for tasks to queue
[2024-04-05T15:23:49.738+0000] {logging_mixin.py:188} INFO - [2024-04-05T15:23:49.624+0000] {dagbag.py:540} INFO - Filling up the DagBag from /home/airflow/.local/lib/python3.8/site-packages/airflow/example_dags/example_params_ui_tutorial.py
[2024-04-05T15:23:51.663+0000] {processor.py:840} INFO - DAG(s) 'example_params_ui_tutorial' retrieved from /home/airflow/.local/lib/python3.8/site-packages/airflow/example_dags/example_params_ui_tutorial.py
[2024-04-05T15:24:00.498+0000] {logging_mixin.py:188} INFO - [2024-04-05T15:24:00.496+0000] {dag.py:3047} INFO - Sync 1 DAGs
[2024-04-05T15:24:02.035+0000] {logging_mixin.py:188} INFO - [2024-04-05T15:24:02.027+0000] {dag.py:3834} INFO - Setting next_dagrun for example_params_ui_tutorial to None, run_after=None
[2024-04-05T15:24:04.378+0000] {processor.py:183} INFO - Processing /home/airflow/.local/lib/python3.8/site-packages/airflow/example_dags/example_params_ui_tutorial.py took 15.408 seconds
[2024-04-05T15:26:07.884+0000] {processor.py:161} INFO - Started process (PID=839) to work on /home/airflow/.local/lib/python3.8/site-packages/airflow/example_dags/example_params_ui_tutorial.py
[2024-04-05T15:26:07.917+0000] {processor.py:830} INFO - Processing file /home/airflow/.local/lib/python3.8/site-packages/airflow/example_dags/example_params_ui_tutorial.py for tasks to queue
[2024-04-05T15:26:07.953+0000] {logging_mixin.py:188} INFO - [2024-04-05T15:26:07.938+0000] {dagbag.py:540} INFO - Filling up the DagBag from /home/airflow/.local/lib/python3.8/site-packages/airflow/example_dags/example_params_ui_tutorial.py
[2024-04-05T15:26:08.897+0000] {processor.py:840} INFO - DAG(s) 'example_params_ui_tutorial' retrieved from /home/airflow/.local/lib/python3.8/site-packages/airflow/example_dags/example_params_ui_tutorial.py
[2024-04-05T15:26:14.936+0000] {logging_mixin.py:188} INFO - [2024-04-05T15:26:14.931+0000] {dag.py:3047} INFO - Sync 1 DAGs
[2024-04-05T15:26:16.020+0000] {logging_mixin.py:188} INFO - [2024-04-05T15:26:16.017+0000] {dag.py:3834} INFO - Setting next_dagrun for example_params_ui_tutorial to None, run_after=None
[2024-04-05T15:26:16.623+0000] {processor.py:183} INFO - Processing /home/airflow/.local/lib/python3.8/site-packages/airflow/example_dags/example_params_ui_tutorial.py took 8.892 seconds
[2024-04-05T15:27:43.495+0000] {processor.py:161} INFO - Started process (PID=900) to work on /home/airflow/.local/lib/python3.8/site-packages/airflow/example_dags/example_params_ui_tutorial.py
[2024-04-05T15:27:43.556+0000] {processor.py:830} INFO - Processing file /home/airflow/.local/lib/python3.8/site-packages/airflow/example_dags/example_params_ui_tutorial.py for tasks to queue
[2024-04-05T15:27:43.621+0000] {logging_mixin.py:188} INFO - [2024-04-05T15:27:43.619+0000] {dagbag.py:540} INFO - Filling up the DagBag from /home/airflow/.local/lib/python3.8/site-packages/airflow/example_dags/example_params_ui_tutorial.py
[2024-04-05T15:27:44.943+0000] {processor.py:840} INFO - DAG(s) 'example_params_ui_tutorial' retrieved from /home/airflow/.local/lib/python3.8/site-packages/airflow/example_dags/example_params_ui_tutorial.py
[2024-04-05T15:27:53.639+0000] {logging_mixin.py:188} INFO - [2024-04-05T15:27:53.562+0000] {dag.py:3047} INFO - Sync 1 DAGs
[2024-04-05T15:27:55.428+0000] {logging_mixin.py:188} INFO - [2024-04-05T15:27:55.414+0000] {dag.py:3834} INFO - Setting next_dagrun for example_params_ui_tutorial to None, run_after=None
[2024-04-05T15:27:57.590+0000] {processor.py:183} INFO - Processing /home/airflow/.local/lib/python3.8/site-packages/airflow/example_dags/example_params_ui_tutorial.py took 14.595 seconds
[2024-04-05T15:29:14.334+0000] {processor.py:161} INFO - Started process (PID=949) to work on /home/airflow/.local/lib/python3.8/site-packages/airflow/example_dags/example_params_ui_tutorial.py
[2024-04-05T15:29:14.572+0000] {processor.py:830} INFO - Processing file /home/airflow/.local/lib/python3.8/site-packages/airflow/example_dags/example_params_ui_tutorial.py for tasks to queue
[2024-04-05T15:29:14.776+0000] {logging_mixin.py:188} INFO - [2024-04-05T15:29:14.772+0000] {dagbag.py:540} INFO - Filling up the DagBag from /home/airflow/.local/lib/python3.8/site-packages/airflow/example_dags/example_params_ui_tutorial.py
[2024-04-05T15:29:15.390+0000] {processor.py:840} INFO - DAG(s) 'example_params_ui_tutorial' retrieved from /home/airflow/.local/lib/python3.8/site-packages/airflow/example_dags/example_params_ui_tutorial.py
[2024-04-05T15:29:22.992+0000] {logging_mixin.py:188} INFO - [2024-04-05T15:29:22.987+0000] {dag.py:3047} INFO - Sync 1 DAGs
[2024-04-05T15:29:23.662+0000] {logging_mixin.py:188} INFO - [2024-04-05T15:29:23.660+0000] {dag.py:3834} INFO - Setting next_dagrun for example_params_ui_tutorial to None, run_after=None
[2024-04-05T15:29:24.371+0000] {processor.py:183} INFO - Processing /home/airflow/.local/lib/python3.8/site-packages/airflow/example_dags/example_params_ui_tutorial.py took 10.644 seconds
[2024-04-05T15:30:51.697+0000] {processor.py:161} INFO - Started process (PID=999) to work on /home/airflow/.local/lib/python3.8/site-packages/airflow/example_dags/example_params_ui_tutorial.py
[2024-04-05T15:30:51.766+0000] {processor.py:830} INFO - Processing file /home/airflow/.local/lib/python3.8/site-packages/airflow/example_dags/example_params_ui_tutorial.py for tasks to queue
[2024-04-05T15:30:51.879+0000] {logging_mixin.py:188} INFO - [2024-04-05T15:30:51.876+0000] {dagbag.py:540} INFO - Filling up the DagBag from /home/airflow/.local/lib/python3.8/site-packages/airflow/example_dags/example_params_ui_tutorial.py
[2024-04-05T15:30:53.280+0000] {processor.py:840} INFO - DAG(s) 'example_params_ui_tutorial' retrieved from /home/airflow/.local/lib/python3.8/site-packages/airflow/example_dags/example_params_ui_tutorial.py
[2024-04-05T15:31:05.932+0000] {logging_mixin.py:188} INFO - [2024-04-05T15:31:05.870+0000] {dag.py:3047} INFO - Sync 1 DAGs
[2024-04-05T15:31:07.666+0000] {logging_mixin.py:188} INFO - [2024-04-05T15:31:07.664+0000] {dag.py:3834} INFO - Setting next_dagrun for example_params_ui_tutorial to None, run_after=None
[2024-04-05T15:31:10.420+0000] {processor.py:183} INFO - Processing /home/airflow/.local/lib/python3.8/site-packages/airflow/example_dags/example_params_ui_tutorial.py took 19.227 seconds
[2024-04-05T15:32:13.672+0000] {processor.py:161} INFO - Started process (PID=1053) to work on /home/airflow/.local/lib/python3.8/site-packages/airflow/example_dags/example_params_ui_tutorial.py
[2024-04-05T15:32:13.777+0000] {processor.py:830} INFO - Processing file /home/airflow/.local/lib/python3.8/site-packages/airflow/example_dags/example_params_ui_tutorial.py for tasks to queue
[2024-04-05T15:32:13.881+0000] {logging_mixin.py:188} INFO - [2024-04-05T15:32:13.820+0000] {dagbag.py:540} INFO - Filling up the DagBag from /home/airflow/.local/lib/python3.8/site-packages/airflow/example_dags/example_params_ui_tutorial.py
[2024-04-05T15:32:14.720+0000] {processor.py:840} INFO - DAG(s) 'example_params_ui_tutorial' retrieved from /home/airflow/.local/lib/python3.8/site-packages/airflow/example_dags/example_params_ui_tutorial.py
[2024-04-05T15:32:18.211+0000] {logging_mixin.py:188} INFO - [2024-04-05T15:32:18.199+0000] {dag.py:3047} INFO - Sync 1 DAGs
[2024-04-05T15:32:18.862+0000] {logging_mixin.py:188} INFO - [2024-04-05T15:32:18.859+0000] {dag.py:3834} INFO - Setting next_dagrun for example_params_ui_tutorial to None, run_after=None
[2024-04-05T15:32:19.633+0000] {processor.py:183} INFO - Processing /home/airflow/.local/lib/python3.8/site-packages/airflow/example_dags/example_params_ui_tutorial.py took 6.206 seconds
