[2024-04-05T15:00:07.242+0000] {processor.py:161} INFO - Started process (PID=196) to work on /home/airflow/.local/lib/python3.8/site-packages/airflow/example_dags/example_skip_dag.py
[2024-04-05T15:00:07.389+0000] {processor.py:830} INFO - Processing file /home/airflow/.local/lib/python3.8/site-packages/airflow/example_dags/example_skip_dag.py for tasks to queue
[2024-04-05T15:00:07.595+0000] {logging_mixin.py:188} INFO - [2024-04-05T15:00:07.590+0000] {dagbag.py:540} INFO - Filling up the DagBag from /home/airflow/.local/lib/python3.8/site-packages/airflow/example_dags/example_skip_dag.py
[2024-04-05T15:00:09.156+0000] {processor.py:840} INFO - DAG(s) 'example_skip_dag' retrieved from /home/airflow/.local/lib/python3.8/site-packages/airflow/example_dags/example_skip_dag.py
[2024-04-05T15:00:30.852+0000] {logging_mixin.py:188} INFO - [2024-04-05T15:00:30.819+0000] {override.py:1769} INFO - Created Permission View: can edit on DAG:example_skip_dag
[2024-04-05T15:00:31.312+0000] {logging_mixin.py:188} INFO - [2024-04-05T15:00:31.309+0000] {override.py:1769} INFO - Created Permission View: can read on DAG:example_skip_dag
[2024-04-05T15:00:32.049+0000] {logging_mixin.py:188} INFO - [2024-04-05T15:00:32.046+0000] {override.py:1769} INFO - Created Permission View: can delete on DAG:example_skip_dag
[2024-04-05T15:00:32.083+0000] {logging_mixin.py:188} INFO - [2024-04-05T15:00:32.081+0000] {dag.py:3047} INFO - Sync 1 DAGs
[2024-04-05T15:00:33.238+0000] {logging_mixin.py:188} INFO - [2024-04-05T15:00:33.236+0000] {dag.py:3069} INFO - Creating ORM DAG for example_skip_dag
[2024-04-05T15:00:35.258+0000] {logging_mixin.py:188} INFO - [2024-04-05T15:00:35.226+0000] {dag.py:3834} INFO - Setting next_dagrun for example_skip_dag to 2024-04-04 00:00:00+00:00, run_after=2024-04-05 00:00:00+00:00
[2024-04-05T15:00:36.717+0000] {processor.py:183} INFO - Processing /home/airflow/.local/lib/python3.8/site-packages/airflow/example_dags/example_skip_dag.py took 29.910 seconds
[2024-04-05T15:07:28.352+0000] {processor.py:161} INFO - Started process (PID=331) to work on /home/airflow/.local/lib/python3.8/site-packages/airflow/example_dags/example_skip_dag.py
[2024-04-05T15:07:28.415+0000] {processor.py:830} INFO - Processing file /home/airflow/.local/lib/python3.8/site-packages/airflow/example_dags/example_skip_dag.py for tasks to queue
[2024-04-05T15:07:28.683+0000] {logging_mixin.py:188} INFO - [2024-04-05T15:07:28.615+0000] {dagbag.py:540} INFO - Filling up the DagBag from /home/airflow/.local/lib/python3.8/site-packages/airflow/example_dags/example_skip_dag.py
[2024-04-05T15:07:29.417+0000] {processor.py:840} INFO - DAG(s) 'example_skip_dag' retrieved from /home/airflow/.local/lib/python3.8/site-packages/airflow/example_dags/example_skip_dag.py
[2024-04-05T15:07:35.007+0000] {logging_mixin.py:188} INFO - [2024-04-05T15:07:34.997+0000] {dag.py:3047} INFO - Sync 1 DAGs
[2024-04-05T15:07:38.635+0000] {logging_mixin.py:188} INFO - [2024-04-05T15:07:38.590+0000] {dag.py:3834} INFO - Setting next_dagrun for example_skip_dag to 2024-04-04 00:00:00+00:00, run_after=2024-04-05 00:00:00+00:00
[2024-04-05T15:07:40.685+0000] {processor.py:183} INFO - Processing /home/airflow/.local/lib/python3.8/site-packages/airflow/example_dags/example_skip_dag.py took 12.656 seconds
[2024-04-05T15:09:49.742+0000] {processor.py:161} INFO - Started process (PID=389) to work on /home/airflow/.local/lib/python3.8/site-packages/airflow/example_dags/example_skip_dag.py
[2024-04-05T15:09:49.917+0000] {processor.py:830} INFO - Processing file /home/airflow/.local/lib/python3.8/site-packages/airflow/example_dags/example_skip_dag.py for tasks to queue
[2024-04-05T15:09:50.172+0000] {logging_mixin.py:188} INFO - [2024-04-05T15:09:50.133+0000] {dagbag.py:540} INFO - Filling up the DagBag from /home/airflow/.local/lib/python3.8/site-packages/airflow/example_dags/example_skip_dag.py
[2024-04-05T15:09:51.236+0000] {processor.py:840} INFO - DAG(s) 'example_skip_dag' retrieved from /home/airflow/.local/lib/python3.8/site-packages/airflow/example_dags/example_skip_dag.py
[2024-04-05T15:09:53.584+0000] {logging_mixin.py:188} INFO - [2024-04-05T15:09:53.568+0000] {dag.py:3047} INFO - Sync 1 DAGs
[2024-04-05T15:09:56.834+0000] {logging_mixin.py:188} INFO - [2024-04-05T15:09:56.823+0000] {dag.py:3834} INFO - Setting next_dagrun for example_skip_dag to 2024-04-04 00:00:00+00:00, run_after=2024-04-05 00:00:00+00:00
[2024-04-05T15:09:58.855+0000] {processor.py:183} INFO - Processing /home/airflow/.local/lib/python3.8/site-packages/airflow/example_dags/example_skip_dag.py took 9.872 seconds
[2024-04-05T15:13:33.574+0000] {processor.py:161} INFO - Started process (PID=491) to work on /home/airflow/.local/lib/python3.8/site-packages/airflow/example_dags/example_skip_dag.py
[2024-04-05T15:13:33.620+0000] {processor.py:830} INFO - Processing file /home/airflow/.local/lib/python3.8/site-packages/airflow/example_dags/example_skip_dag.py for tasks to queue
[2024-04-05T15:13:33.749+0000] {logging_mixin.py:188} INFO - [2024-04-05T15:13:33.731+0000] {dagbag.py:540} INFO - Filling up the DagBag from /home/airflow/.local/lib/python3.8/site-packages/airflow/example_dags/example_skip_dag.py
[2024-04-05T15:13:34.615+0000] {processor.py:840} INFO - DAG(s) 'example_skip_dag' retrieved from /home/airflow/.local/lib/python3.8/site-packages/airflow/example_dags/example_skip_dag.py
[2024-04-05T15:13:36.090+0000] {logging_mixin.py:188} INFO - [2024-04-05T15:13:36.075+0000] {dag.py:3047} INFO - Sync 1 DAGs
[2024-04-05T15:13:38.264+0000] {logging_mixin.py:188} INFO - [2024-04-05T15:13:38.262+0000] {dag.py:3834} INFO - Setting next_dagrun for example_skip_dag to 2024-04-04 00:00:00+00:00, run_after=2024-04-05 00:00:00+00:00
[2024-04-05T15:13:38.731+0000] {processor.py:183} INFO - Processing /home/airflow/.local/lib/python3.8/site-packages/airflow/example_dags/example_skip_dag.py took 5.537 seconds
[2024-04-05T15:15:12.180+0000] {processor.py:161} INFO - Started process (PID=540) to work on /home/airflow/.local/lib/python3.8/site-packages/airflow/example_dags/example_skip_dag.py
[2024-04-05T15:15:12.289+0000] {processor.py:830} INFO - Processing file /home/airflow/.local/lib/python3.8/site-packages/airflow/example_dags/example_skip_dag.py for tasks to queue
[2024-04-05T15:15:12.423+0000] {logging_mixin.py:188} INFO - [2024-04-05T15:15:12.420+0000] {dagbag.py:540} INFO - Filling up the DagBag from /home/airflow/.local/lib/python3.8/site-packages/airflow/example_dags/example_skip_dag.py
[2024-04-05T15:15:13.608+0000] {processor.py:840} INFO - DAG(s) 'example_skip_dag' retrieved from /home/airflow/.local/lib/python3.8/site-packages/airflow/example_dags/example_skip_dag.py
[2024-04-05T15:15:14.968+0000] {logging_mixin.py:188} INFO - [2024-04-05T15:15:14.965+0000] {dag.py:3047} INFO - Sync 1 DAGs
[2024-04-05T15:15:16.846+0000] {logging_mixin.py:188} INFO - [2024-04-05T15:15:16.811+0000] {dag.py:3834} INFO - Setting next_dagrun for example_skip_dag to 2024-04-04 00:00:00+00:00, run_after=2024-04-05 00:00:00+00:00
[2024-04-05T15:15:18.978+0000] {processor.py:183} INFO - Processing /home/airflow/.local/lib/python3.8/site-packages/airflow/example_dags/example_skip_dag.py took 7.328 seconds
[2024-04-05T15:18:08.123+0000] {processor.py:161} INFO - Started process (PID=618) to work on /home/airflow/.local/lib/python3.8/site-packages/airflow/example_dags/example_skip_dag.py
[2024-04-05T15:18:08.219+0000] {processor.py:830} INFO - Processing file /home/airflow/.local/lib/python3.8/site-packages/airflow/example_dags/example_skip_dag.py for tasks to queue
[2024-04-05T15:18:08.648+0000] {logging_mixin.py:188} INFO - [2024-04-05T15:18:08.572+0000] {dagbag.py:540} INFO - Filling up the DagBag from /home/airflow/.local/lib/python3.8/site-packages/airflow/example_dags/example_skip_dag.py
[2024-04-05T15:18:10.620+0000] {processor.py:840} INFO - DAG(s) 'example_skip_dag' retrieved from /home/airflow/.local/lib/python3.8/site-packages/airflow/example_dags/example_skip_dag.py
[2024-04-05T15:18:12.412+0000] {logging_mixin.py:188} INFO - [2024-04-05T15:18:12.377+0000] {dag.py:3047} INFO - Sync 1 DAGs
[2024-04-05T15:18:16.721+0000] {logging_mixin.py:188} INFO - [2024-04-05T15:18:16.603+0000] {dag.py:3834} INFO - Setting next_dagrun for example_skip_dag to 2024-04-04 00:00:00+00:00, run_after=2024-04-05 00:00:00+00:00
[2024-04-05T15:18:19.278+0000] {processor.py:183} INFO - Processing /home/airflow/.local/lib/python3.8/site-packages/airflow/example_dags/example_skip_dag.py took 11.310 seconds
[2024-04-05T15:20:43.743+0000] {processor.py:161} INFO - Started process (PID=677) to work on /home/airflow/.local/lib/python3.8/site-packages/airflow/example_dags/example_skip_dag.py
[2024-04-05T15:20:43.790+0000] {processor.py:830} INFO - Processing file /home/airflow/.local/lib/python3.8/site-packages/airflow/example_dags/example_skip_dag.py for tasks to queue
[2024-04-05T15:20:43.848+0000] {logging_mixin.py:188} INFO - [2024-04-05T15:20:43.815+0000] {dagbag.py:540} INFO - Filling up the DagBag from /home/airflow/.local/lib/python3.8/site-packages/airflow/example_dags/example_skip_dag.py
[2024-04-05T15:20:44.239+0000] {processor.py:840} INFO - DAG(s) 'example_skip_dag' retrieved from /home/airflow/.local/lib/python3.8/site-packages/airflow/example_dags/example_skip_dag.py
[2024-04-05T15:20:45.583+0000] {logging_mixin.py:188} INFO - [2024-04-05T15:20:45.581+0000] {dag.py:3047} INFO - Sync 1 DAGs
[2024-04-05T15:20:47.088+0000] {logging_mixin.py:188} INFO - [2024-04-05T15:20:47.086+0000] {dag.py:3834} INFO - Setting next_dagrun for example_skip_dag to 2024-04-04 00:00:00+00:00, run_after=2024-04-05 00:00:00+00:00
[2024-04-05T15:20:48.698+0000] {processor.py:183} INFO - Processing /home/airflow/.local/lib/python3.8/site-packages/airflow/example_dags/example_skip_dag.py took 5.171 seconds
[2024-04-05T15:23:54.444+0000] {processor.py:161} INFO - Started process (PID=764) to work on /home/airflow/.local/lib/python3.8/site-packages/airflow/example_dags/example_skip_dag.py
[2024-04-05T15:23:54.605+0000] {processor.py:830} INFO - Processing file /home/airflow/.local/lib/python3.8/site-packages/airflow/example_dags/example_skip_dag.py for tasks to queue
[2024-04-05T15:23:54.854+0000] {logging_mixin.py:188} INFO - [2024-04-05T15:23:54.836+0000] {dagbag.py:540} INFO - Filling up the DagBag from /home/airflow/.local/lib/python3.8/site-packages/airflow/example_dags/example_skip_dag.py
[2024-04-05T15:23:56.014+0000] {processor.py:840} INFO - DAG(s) 'example_skip_dag' retrieved from /home/airflow/.local/lib/python3.8/site-packages/airflow/example_dags/example_skip_dag.py
[2024-04-05T15:23:58.396+0000] {logging_mixin.py:188} INFO - [2024-04-05T15:23:58.269+0000] {dag.py:3047} INFO - Sync 1 DAGs
[2024-04-05T15:24:01.602+0000] {logging_mixin.py:188} INFO - [2024-04-05T15:24:01.588+0000] {dag.py:3834} INFO - Setting next_dagrun for example_skip_dag to 2024-04-04 00:00:00+00:00, run_after=2024-04-05 00:00:00+00:00
[2024-04-05T15:24:03.436+0000] {processor.py:183} INFO - Processing /home/airflow/.local/lib/python3.8/site-packages/airflow/example_dags/example_skip_dag.py took 9.794 seconds
[2024-04-05T15:25:30.304+0000] {processor.py:161} INFO - Started process (PID=813) to work on /home/airflow/.local/lib/python3.8/site-packages/airflow/example_dags/example_skip_dag.py
[2024-04-05T15:25:30.342+0000] {processor.py:830} INFO - Processing file /home/airflow/.local/lib/python3.8/site-packages/airflow/example_dags/example_skip_dag.py for tasks to queue
[2024-04-05T15:25:30.375+0000] {logging_mixin.py:188} INFO - [2024-04-05T15:25:30.372+0000] {dagbag.py:540} INFO - Filling up the DagBag from /home/airflow/.local/lib/python3.8/site-packages/airflow/example_dags/example_skip_dag.py
[2024-04-05T15:25:30.968+0000] {processor.py:840} INFO - DAG(s) 'example_skip_dag' retrieved from /home/airflow/.local/lib/python3.8/site-packages/airflow/example_dags/example_skip_dag.py
[2024-04-05T15:25:32.684+0000] {logging_mixin.py:188} INFO - [2024-04-05T15:25:32.682+0000] {dag.py:3047} INFO - Sync 1 DAGs
[2024-04-05T15:25:34.091+0000] {logging_mixin.py:188} INFO - [2024-04-05T15:25:34.088+0000] {dag.py:3834} INFO - Setting next_dagrun for example_skip_dag to 2024-04-04 00:00:00+00:00, run_after=2024-04-05 00:00:00+00:00
[2024-04-05T15:25:35.017+0000] {processor.py:183} INFO - Processing /home/airflow/.local/lib/python3.8/site-packages/airflow/example_dags/example_skip_dag.py took 4.825 seconds
[2024-04-05T15:27:04.788+0000] {processor.py:161} INFO - Started process (PID=882) to work on /home/airflow/.local/lib/python3.8/site-packages/airflow/example_dags/example_skip_dag.py
[2024-04-05T15:27:04.855+0000] {processor.py:830} INFO - Processing file /home/airflow/.local/lib/python3.8/site-packages/airflow/example_dags/example_skip_dag.py for tasks to queue
[2024-04-05T15:27:04.867+0000] {logging_mixin.py:188} INFO - [2024-04-05T15:27:04.864+0000] {dagbag.py:540} INFO - Filling up the DagBag from /home/airflow/.local/lib/python3.8/site-packages/airflow/example_dags/example_skip_dag.py
[2024-04-05T15:27:05.341+0000] {processor.py:840} INFO - DAG(s) 'example_skip_dag' retrieved from /home/airflow/.local/lib/python3.8/site-packages/airflow/example_dags/example_skip_dag.py
[2024-04-05T15:27:06.603+0000] {logging_mixin.py:188} INFO - [2024-04-05T15:27:06.593+0000] {dag.py:3047} INFO - Sync 1 DAGs
[2024-04-05T15:27:07.884+0000] {logging_mixin.py:188} INFO - [2024-04-05T15:27:07.869+0000] {dag.py:3834} INFO - Setting next_dagrun for example_skip_dag to 2024-04-04 00:00:00+00:00, run_after=2024-04-05 00:00:00+00:00
[2024-04-05T15:27:09.386+0000] {processor.py:183} INFO - Processing /home/airflow/.local/lib/python3.8/site-packages/airflow/example_dags/example_skip_dag.py took 4.690 seconds
[2024-04-05T15:28:56.149+0000] {processor.py:161} INFO - Started process (PID=937) to work on /home/airflow/.local/lib/python3.8/site-packages/airflow/example_dags/example_skip_dag.py
[2024-04-05T15:28:56.213+0000] {processor.py:830} INFO - Processing file /home/airflow/.local/lib/python3.8/site-packages/airflow/example_dags/example_skip_dag.py for tasks to queue
[2024-04-05T15:28:56.309+0000] {logging_mixin.py:188} INFO - [2024-04-05T15:28:56.246+0000] {dagbag.py:540} INFO - Filling up the DagBag from /home/airflow/.local/lib/python3.8/site-packages/airflow/example_dags/example_skip_dag.py
[2024-04-05T15:28:57.157+0000] {processor.py:840} INFO - DAG(s) 'example_skip_dag' retrieved from /home/airflow/.local/lib/python3.8/site-packages/airflow/example_dags/example_skip_dag.py
[2024-04-05T15:28:58.008+0000] {logging_mixin.py:188} INFO - [2024-04-05T15:28:58.006+0000] {dag.py:3047} INFO - Sync 1 DAGs
[2024-04-05T15:28:58.776+0000] {logging_mixin.py:188} INFO - [2024-04-05T15:28:58.767+0000] {dag.py:3834} INFO - Setting next_dagrun for example_skip_dag to 2024-04-04 00:00:00+00:00, run_after=2024-04-05 00:00:00+00:00
[2024-04-05T15:28:59.266+0000] {processor.py:183} INFO - Processing /home/airflow/.local/lib/python3.8/site-packages/airflow/example_dags/example_skip_dag.py took 3.339 seconds
[2024-04-05T15:30:44.717+0000] {processor.py:161} INFO - Started process (PID=992) to work on /home/airflow/.local/lib/python3.8/site-packages/airflow/example_dags/example_skip_dag.py
[2024-04-05T15:30:44.829+0000] {processor.py:830} INFO - Processing file /home/airflow/.local/lib/python3.8/site-packages/airflow/example_dags/example_skip_dag.py for tasks to queue
[2024-04-05T15:30:44.945+0000] {logging_mixin.py:188} INFO - [2024-04-05T15:30:44.942+0000] {dagbag.py:540} INFO - Filling up the DagBag from /home/airflow/.local/lib/python3.8/site-packages/airflow/example_dags/example_skip_dag.py
[2024-04-05T15:30:46.846+0000] {processor.py:840} INFO - DAG(s) 'example_skip_dag' retrieved from /home/airflow/.local/lib/python3.8/site-packages/airflow/example_dags/example_skip_dag.py
[2024-04-05T15:30:48.752+0000] {logging_mixin.py:188} INFO - [2024-04-05T15:30:48.750+0000] {dag.py:3047} INFO - Sync 1 DAGs
[2024-04-05T15:30:50.786+0000] {logging_mixin.py:188} INFO - [2024-04-05T15:30:50.784+0000] {dag.py:3834} INFO - Setting next_dagrun for example_skip_dag to 2024-04-04 00:00:00+00:00, run_after=2024-04-05 00:00:00+00:00
[2024-04-05T15:30:52.057+0000] {processor.py:183} INFO - Processing /home/airflow/.local/lib/python3.8/site-packages/airflow/example_dags/example_skip_dag.py took 7.727 seconds
[2024-04-05T15:31:58.576+0000] {processor.py:161} INFO - Started process (PID=1045) to work on /home/airflow/.local/lib/python3.8/site-packages/airflow/example_dags/example_skip_dag.py
[2024-04-05T15:31:58.643+0000] {processor.py:830} INFO - Processing file /home/airflow/.local/lib/python3.8/site-packages/airflow/example_dags/example_skip_dag.py for tasks to queue
[2024-04-05T15:31:58.655+0000] {logging_mixin.py:188} INFO - [2024-04-05T15:31:58.651+0000] {dagbag.py:540} INFO - Filling up the DagBag from /home/airflow/.local/lib/python3.8/site-packages/airflow/example_dags/example_skip_dag.py
[2024-04-05T15:31:59.117+0000] {processor.py:840} INFO - DAG(s) 'example_skip_dag' retrieved from /home/airflow/.local/lib/python3.8/site-packages/airflow/example_dags/example_skip_dag.py
[2024-04-05T15:32:00.087+0000] {logging_mixin.py:188} INFO - [2024-04-05T15:32:00.084+0000] {dag.py:3047} INFO - Sync 1 DAGs
[2024-04-05T15:32:01.738+0000] {logging_mixin.py:188} INFO - [2024-04-05T15:32:01.736+0000] {dag.py:3834} INFO - Setting next_dagrun for example_skip_dag to 2024-04-04 00:00:00+00:00, run_after=2024-04-05 00:00:00+00:00
[2024-04-05T15:32:03.359+0000] {processor.py:183} INFO - Processing /home/airflow/.local/lib/python3.8/site-packages/airflow/example_dags/example_skip_dag.py took 5.001 seconds
[2024-04-05T15:33:21.109+0000] {processor.py:161} INFO - Started process (PID=1100) to work on /home/airflow/.local/lib/python3.8/site-packages/airflow/example_dags/example_skip_dag.py
[2024-04-05T15:33:21.238+0000] {processor.py:830} INFO - Processing file /home/airflow/.local/lib/python3.8/site-packages/airflow/example_dags/example_skip_dag.py for tasks to queue
[2024-04-05T15:33:21.330+0000] {logging_mixin.py:188} INFO - [2024-04-05T15:33:21.327+0000] {dagbag.py:540} INFO - Filling up the DagBag from /home/airflow/.local/lib/python3.8/site-packages/airflow/example_dags/example_skip_dag.py
[2024-04-05T15:33:22.615+0000] {processor.py:840} INFO - DAG(s) 'example_skip_dag' retrieved from /home/airflow/.local/lib/python3.8/site-packages/airflow/example_dags/example_skip_dag.py
[2024-04-05T15:33:24.794+0000] {logging_mixin.py:188} INFO - [2024-04-05T15:33:24.763+0000] {dag.py:3047} INFO - Sync 1 DAGs
[2024-04-05T15:33:28.037+0000] {logging_mixin.py:188} INFO - [2024-04-05T15:33:28.034+0000] {dag.py:3834} INFO - Setting next_dagrun for example_skip_dag to 2024-04-04 00:00:00+00:00, run_after=2024-04-05 00:00:00+00:00
[2024-04-05T15:33:29.495+0000] {processor.py:183} INFO - Processing /home/airflow/.local/lib/python3.8/site-packages/airflow/example_dags/example_skip_dag.py took 8.895 seconds
