[2024-04-05T15:04:02.986+0000] {processor.py:161} INFO - Started process (PID=260) to work on /home/airflow/.local/lib/python3.8/site-packages/airflow/example_dags/example_task_group_decorator.py
[2024-04-05T15:04:03.039+0000] {processor.py:830} INFO - Processing file /home/airflow/.local/lib/python3.8/site-packages/airflow/example_dags/example_task_group_decorator.py for tasks to queue
[2024-04-05T15:04:03.585+0000] {logging_mixin.py:188} INFO - [2024-04-05T15:04:03.430+0000] {dagbag.py:540} INFO - Filling up the DagBag from /home/airflow/.local/lib/python3.8/site-packages/airflow/example_dags/example_task_group_decorator.py
[2024-04-05T15:04:06.809+0000] {processor.py:840} INFO - DAG(s) 'example_task_group_decorator' retrieved from /home/airflow/.local/lib/python3.8/site-packages/airflow/example_dags/example_task_group_decorator.py
[2024-04-05T15:04:18.768+0000] {logging_mixin.py:188} INFO - [2024-04-05T15:04:18.594+0000] {override.py:1769} INFO - Created Permission View: can edit on DAG:example_task_group_decorator
[2024-04-05T15:04:19.568+0000] {logging_mixin.py:188} INFO - [2024-04-05T15:04:19.566+0000] {override.py:1769} INFO - Created Permission View: can read on DAG:example_task_group_decorator
[2024-04-05T15:04:19.947+0000] {logging_mixin.py:188} INFO - [2024-04-05T15:04:19.869+0000] {override.py:1769} INFO - Created Permission View: can delete on DAG:example_task_group_decorator
[2024-04-05T15:04:19.982+0000] {logging_mixin.py:188} INFO - [2024-04-05T15:04:19.979+0000] {dag.py:3047} INFO - Sync 1 DAGs
[2024-04-05T15:04:20.855+0000] {logging_mixin.py:188} INFO - [2024-04-05T15:04:20.827+0000] {dag.py:3069} INFO - Creating ORM DAG for example_task_group_decorator
[2024-04-05T15:04:22.569+0000] {logging_mixin.py:188} INFO - [2024-04-05T15:04:22.555+0000] {dag.py:3834} INFO - Setting next_dagrun for example_task_group_decorator to 2024-04-04 00:00:00+00:00, run_after=2024-04-05 00:00:00+00:00
[2024-04-05T15:04:23.899+0000] {processor.py:183} INFO - Processing /home/airflow/.local/lib/python3.8/site-packages/airflow/example_dags/example_task_group_decorator.py took 21.580 seconds
[2024-04-05T15:09:45.256+0000] {processor.py:161} INFO - Started process (PID=388) to work on /home/airflow/.local/lib/python3.8/site-packages/airflow/example_dags/example_task_group_decorator.py
[2024-04-05T15:09:45.422+0000] {processor.py:830} INFO - Processing file /home/airflow/.local/lib/python3.8/site-packages/airflow/example_dags/example_task_group_decorator.py for tasks to queue
[2024-04-05T15:09:45.712+0000] {logging_mixin.py:188} INFO - [2024-04-05T15:09:45.625+0000] {dagbag.py:540} INFO - Filling up the DagBag from /home/airflow/.local/lib/python3.8/site-packages/airflow/example_dags/example_task_group_decorator.py
[2024-04-05T15:09:49.540+0000] {processor.py:840} INFO - DAG(s) 'example_task_group_decorator' retrieved from /home/airflow/.local/lib/python3.8/site-packages/airflow/example_dags/example_task_group_decorator.py
[2024-04-05T15:09:52.646+0000] {logging_mixin.py:188} INFO - [2024-04-05T15:09:52.468+0000] {dag.py:3047} INFO - Sync 1 DAGs
[2024-04-05T15:09:55.971+0000] {logging_mixin.py:188} INFO - [2024-04-05T15:09:55.968+0000] {dag.py:3834} INFO - Setting next_dagrun for example_task_group_decorator to 2024-04-04 00:00:00+00:00, run_after=2024-04-05 00:00:00+00:00
[2024-04-05T15:09:57.482+0000] {processor.py:183} INFO - Processing /home/airflow/.local/lib/python3.8/site-packages/airflow/example_dags/example_task_group_decorator.py took 13.029 seconds
[2024-04-05T15:12:24.120+0000] {processor.py:161} INFO - Started process (PID=457) to work on /home/airflow/.local/lib/python3.8/site-packages/airflow/example_dags/example_task_group_decorator.py
[2024-04-05T15:12:24.253+0000] {processor.py:830} INFO - Processing file /home/airflow/.local/lib/python3.8/site-packages/airflow/example_dags/example_task_group_decorator.py for tasks to queue
[2024-04-05T15:12:24.530+0000] {logging_mixin.py:188} INFO - [2024-04-05T15:12:24.528+0000] {dagbag.py:540} INFO - Filling up the DagBag from /home/airflow/.local/lib/python3.8/site-packages/airflow/example_dags/example_task_group_decorator.py
[2024-04-05T15:12:27.707+0000] {processor.py:840} INFO - DAG(s) 'example_task_group_decorator' retrieved from /home/airflow/.local/lib/python3.8/site-packages/airflow/example_dags/example_task_group_decorator.py
[2024-04-05T15:12:31.261+0000] {logging_mixin.py:188} INFO - [2024-04-05T15:12:31.235+0000] {dag.py:3047} INFO - Sync 1 DAGs
[2024-04-05T15:12:33.176+0000] {logging_mixin.py:188} INFO - [2024-04-05T15:12:33.119+0000] {dag.py:3834} INFO - Setting next_dagrun for example_task_group_decorator to 2024-04-04 00:00:00+00:00, run_after=2024-04-05 00:00:00+00:00
[2024-04-05T15:12:35.088+0000] {processor.py:183} INFO - Processing /home/airflow/.local/lib/python3.8/site-packages/airflow/example_dags/example_task_group_decorator.py took 11.225 seconds
[2024-04-05T15:15:12.493+0000] {processor.py:161} INFO - Started process (PID=541) to work on /home/airflow/.local/lib/python3.8/site-packages/airflow/example_dags/example_task_group_decorator.py
[2024-04-05T15:15:12.610+0000] {processor.py:830} INFO - Processing file /home/airflow/.local/lib/python3.8/site-packages/airflow/example_dags/example_task_group_decorator.py for tasks to queue
[2024-04-05T15:15:12.811+0000] {logging_mixin.py:188} INFO - [2024-04-05T15:15:12.808+0000] {dagbag.py:540} INFO - Filling up the DagBag from /home/airflow/.local/lib/python3.8/site-packages/airflow/example_dags/example_task_group_decorator.py
[2024-04-05T15:15:15.127+0000] {processor.py:840} INFO - DAG(s) 'example_task_group_decorator' retrieved from /home/airflow/.local/lib/python3.8/site-packages/airflow/example_dags/example_task_group_decorator.py
[2024-04-05T15:15:16.495+0000] {logging_mixin.py:188} INFO - [2024-04-05T15:15:16.492+0000] {dag.py:3047} INFO - Sync 1 DAGs
[2024-04-05T15:15:18.483+0000] {logging_mixin.py:188} INFO - [2024-04-05T15:15:18.480+0000] {dag.py:3834} INFO - Setting next_dagrun for example_task_group_decorator to 2024-04-04 00:00:00+00:00, run_after=2024-04-05 00:00:00+00:00
[2024-04-05T15:15:19.977+0000] {processor.py:183} INFO - Processing /home/airflow/.local/lib/python3.8/site-packages/airflow/example_dags/example_task_group_decorator.py took 7.955 seconds
[2024-04-05T15:22:46.876+0000] {processor.py:161} INFO - Started process (PID=732) to work on /home/airflow/.local/lib/python3.8/site-packages/airflow/example_dags/example_task_group_decorator.py
[2024-04-05T15:22:46.919+0000] {processor.py:830} INFO - Processing file /home/airflow/.local/lib/python3.8/site-packages/airflow/example_dags/example_task_group_decorator.py for tasks to queue
[2024-04-05T15:22:46.981+0000] {logging_mixin.py:188} INFO - [2024-04-05T15:22:46.946+0000] {dagbag.py:540} INFO - Filling up the DagBag from /home/airflow/.local/lib/python3.8/site-packages/airflow/example_dags/example_task_group_decorator.py
[2024-04-05T15:22:48.794+0000] {processor.py:840} INFO - DAG(s) 'example_task_group_decorator' retrieved from /home/airflow/.local/lib/python3.8/site-packages/airflow/example_dags/example_task_group_decorator.py
[2024-04-05T15:22:51.124+0000] {logging_mixin.py:188} INFO - [2024-04-05T15:22:51.121+0000] {dag.py:3047} INFO - Sync 1 DAGs
[2024-04-05T15:22:53.040+0000] {logging_mixin.py:188} INFO - [2024-04-05T15:22:53.036+0000] {dag.py:3834} INFO - Setting next_dagrun for example_task_group_decorator to 2024-04-04 00:00:00+00:00, run_after=2024-04-05 00:00:00+00:00
[2024-04-05T15:22:54.929+0000] {processor.py:183} INFO - Processing /home/airflow/.local/lib/python3.8/site-packages/airflow/example_dags/example_task_group_decorator.py took 8.739 seconds
[2024-04-05T15:25:36.140+0000] {processor.py:161} INFO - Started process (PID=815) to work on /home/airflow/.local/lib/python3.8/site-packages/airflow/example_dags/example_task_group_decorator.py
[2024-04-05T15:25:36.219+0000] {processor.py:830} INFO - Processing file /home/airflow/.local/lib/python3.8/site-packages/airflow/example_dags/example_task_group_decorator.py for tasks to queue
[2024-04-05T15:25:36.321+0000] {logging_mixin.py:188} INFO - [2024-04-05T15:25:36.318+0000] {dagbag.py:540} INFO - Filling up the DagBag from /home/airflow/.local/lib/python3.8/site-packages/airflow/example_dags/example_task_group_decorator.py
[2024-04-05T15:25:37.212+0000] {processor.py:840} INFO - DAG(s) 'example_task_group_decorator' retrieved from /home/airflow/.local/lib/python3.8/site-packages/airflow/example_dags/example_task_group_decorator.py
[2024-04-05T15:25:38.244+0000] {logging_mixin.py:188} INFO - [2024-04-05T15:25:38.229+0000] {dag.py:3047} INFO - Sync 1 DAGs
[2024-04-05T15:25:39.427+0000] {logging_mixin.py:188} INFO - [2024-04-05T15:25:39.422+0000] {dag.py:3834} INFO - Setting next_dagrun for example_task_group_decorator to 2024-04-04 00:00:00+00:00, run_after=2024-04-05 00:00:00+00:00
[2024-04-05T15:25:40.938+0000] {processor.py:183} INFO - Processing /home/airflow/.local/lib/python3.8/site-packages/airflow/example_dags/example_task_group_decorator.py took 5.025 seconds
[2024-04-05T15:26:36.806+0000] {processor.py:161} INFO - Started process (PID=860) to work on /home/airflow/.local/lib/python3.8/site-packages/airflow/example_dags/example_task_group_decorator.py
[2024-04-05T15:26:36.840+0000] {processor.py:830} INFO - Processing file /home/airflow/.local/lib/python3.8/site-packages/airflow/example_dags/example_task_group_decorator.py for tasks to queue
[2024-04-05T15:26:36.893+0000] {logging_mixin.py:188} INFO - [2024-04-05T15:26:36.860+0000] {dagbag.py:540} INFO - Filling up the DagBag from /home/airflow/.local/lib/python3.8/site-packages/airflow/example_dags/example_task_group_decorator.py
[2024-04-05T15:26:38.352+0000] {processor.py:840} INFO - DAG(s) 'example_task_group_decorator' retrieved from /home/airflow/.local/lib/python3.8/site-packages/airflow/example_dags/example_task_group_decorator.py
[2024-04-05T15:26:40.255+0000] {logging_mixin.py:188} INFO - [2024-04-05T15:26:40.253+0000] {dag.py:3047} INFO - Sync 1 DAGs
[2024-04-05T15:26:41.332+0000] {logging_mixin.py:188} INFO - [2024-04-05T15:26:41.240+0000] {dag.py:3834} INFO - Setting next_dagrun for example_task_group_decorator to 2024-04-04 00:00:00+00:00, run_after=2024-04-05 00:00:00+00:00
[2024-04-05T15:26:43.239+0000] {processor.py:183} INFO - Processing /home/airflow/.local/lib/python3.8/site-packages/airflow/example_dags/example_task_group_decorator.py took 6.544 seconds
[2024-04-05T15:31:50.878+0000] {processor.py:161} INFO - Started process (PID=1031) to work on /home/airflow/.local/lib/python3.8/site-packages/airflow/example_dags/example_task_group_decorator.py
[2024-04-05T15:31:50.908+0000] {processor.py:830} INFO - Processing file /home/airflow/.local/lib/python3.8/site-packages/airflow/example_dags/example_task_group_decorator.py for tasks to queue
[2024-04-05T15:31:50.975+0000] {logging_mixin.py:188} INFO - [2024-04-05T15:31:50.951+0000] {dagbag.py:540} INFO - Filling up the DagBag from /home/airflow/.local/lib/python3.8/site-packages/airflow/example_dags/example_task_group_decorator.py
[2024-04-05T15:31:51.559+0000] {processor.py:840} INFO - DAG(s) 'example_task_group_decorator' retrieved from /home/airflow/.local/lib/python3.8/site-packages/airflow/example_dags/example_task_group_decorator.py
[2024-04-05T15:31:52.537+0000] {logging_mixin.py:188} INFO - [2024-04-05T15:31:52.520+0000] {dag.py:3047} INFO - Sync 1 DAGs
[2024-04-05T15:31:53.388+0000] {logging_mixin.py:188} INFO - [2024-04-05T15:31:53.385+0000] {dag.py:3834} INFO - Setting next_dagrun for example_task_group_decorator to 2024-04-04 00:00:00+00:00, run_after=2024-04-05 00:00:00+00:00
[2024-04-05T15:31:54.260+0000] {processor.py:183} INFO - Processing /home/airflow/.local/lib/python3.8/site-packages/airflow/example_dags/example_task_group_decorator.py took 3.582 seconds
[2024-04-05T15:32:49.954+0000] {processor.py:161} INFO - Started process (PID=1079) to work on /home/airflow/.local/lib/python3.8/site-packages/airflow/example_dags/example_task_group_decorator.py
[2024-04-05T15:32:49.983+0000] {processor.py:830} INFO - Processing file /home/airflow/.local/lib/python3.8/site-packages/airflow/example_dags/example_task_group_decorator.py for tasks to queue
[2024-04-05T15:32:50.004+0000] {logging_mixin.py:188} INFO - [2024-04-05T15:32:49.999+0000] {dagbag.py:540} INFO - Filling up the DagBag from /home/airflow/.local/lib/python3.8/site-packages/airflow/example_dags/example_task_group_decorator.py
[2024-04-05T15:32:50.478+0000] {processor.py:840} INFO - DAG(s) 'example_task_group_decorator' retrieved from /home/airflow/.local/lib/python3.8/site-packages/airflow/example_dags/example_task_group_decorator.py
[2024-04-05T15:32:51.486+0000] {logging_mixin.py:188} INFO - [2024-04-05T15:32:51.483+0000] {dag.py:3047} INFO - Sync 1 DAGs
[2024-04-05T15:32:52.773+0000] {logging_mixin.py:188} INFO - [2024-04-05T15:32:52.769+0000] {dag.py:3834} INFO - Setting next_dagrun for example_task_group_decorator to 2024-04-04 00:00:00+00:00, run_after=2024-04-05 00:00:00+00:00
[2024-04-05T15:32:53.862+0000] {processor.py:183} INFO - Processing /home/airflow/.local/lib/python3.8/site-packages/airflow/example_dags/example_task_group_decorator.py took 4.085 seconds
