[2024-04-05T15:05:55.691+0000] {processor.py:161} INFO - Started process (PID=297) to work on /home/airflow/.local/lib/python3.8/site-packages/airflow/example_dags/example_python_decorator.py
[2024-04-05T15:05:55.863+0000] {processor.py:830} INFO - Processing file /home/airflow/.local/lib/python3.8/site-packages/airflow/example_dags/example_python_decorator.py for tasks to queue
[2024-04-05T15:05:56.314+0000] {logging_mixin.py:188} INFO - [2024-04-05T15:05:56.267+0000] {dagbag.py:540} INFO - Filling up the DagBag from /home/airflow/.local/lib/python3.8/site-packages/airflow/example_dags/example_python_decorator.py
[2024-04-05T15:06:00.345+0000] {processor.py:840} INFO - DAG(s) 'example_python_decorator' retrieved from /home/airflow/.local/lib/python3.8/site-packages/airflow/example_dags/example_python_decorator.py
[2024-04-05T15:06:16.413+0000] {logging_mixin.py:188} INFO - [2024-04-05T15:06:16.380+0000] {override.py:1769} INFO - Created Permission View: can edit on DAG:example_python_decorator
[2024-04-05T15:06:18.025+0000] {logging_mixin.py:188} INFO - [2024-04-05T15:06:17.812+0000] {override.py:1769} INFO - Created Permission View: can read on DAG:example_python_decorator
[2024-04-05T15:06:20.155+0000] {logging_mixin.py:188} INFO - [2024-04-05T15:06:19.840+0000] {override.py:1769} INFO - Created Permission View: can delete on DAG:example_python_decorator
[2024-04-05T15:06:20.204+0000] {logging_mixin.py:188} INFO - [2024-04-05T15:06:20.202+0000] {dag.py:3047} INFO - Sync 1 DAGs
[2024-04-05T15:06:23.414+0000] {logging_mixin.py:188} INFO - [2024-04-05T15:06:23.412+0000] {dag.py:3069} INFO - Creating ORM DAG for example_python_decorator
[2024-04-05T15:06:23.777+0000] {logging_mixin.py:188} INFO - [2024-04-05T15:06:23.774+0000] {dag.py:3834} INFO - Setting next_dagrun for example_python_decorator to None, run_after=None
[2024-04-05T15:06:25.627+0000] {processor.py:183} INFO - Processing /home/airflow/.local/lib/python3.8/site-packages/airflow/example_dags/example_python_decorator.py took 30.504 seconds
[2024-04-05T15:10:29.253+0000] {processor.py:161} INFO - Started process (PID=408) to work on /home/airflow/.local/lib/python3.8/site-packages/airflow/example_dags/example_python_decorator.py
[2024-04-05T15:10:29.370+0000] {processor.py:830} INFO - Processing file /home/airflow/.local/lib/python3.8/site-packages/airflow/example_dags/example_python_decorator.py for tasks to queue
[2024-04-05T15:10:29.600+0000] {logging_mixin.py:188} INFO - [2024-04-05T15:10:29.571+0000] {dagbag.py:540} INFO - Filling up the DagBag from /home/airflow/.local/lib/python3.8/site-packages/airflow/example_dags/example_python_decorator.py
[2024-04-05T15:10:32.017+0000] {processor.py:840} INFO - DAG(s) 'example_python_decorator' retrieved from /home/airflow/.local/lib/python3.8/site-packages/airflow/example_dags/example_python_decorator.py
[2024-04-05T15:10:47.239+0000] {logging_mixin.py:188} INFO - [2024-04-05T15:10:47.236+0000] {dag.py:3047} INFO - Sync 1 DAGs
[2024-04-05T15:10:48.808+0000] {logging_mixin.py:188} INFO - [2024-04-05T15:10:48.766+0000] {dag.py:3834} INFO - Setting next_dagrun for example_python_decorator to None, run_after=None
[2024-04-05T15:10:50.852+0000] {processor.py:183} INFO - Processing /home/airflow/.local/lib/python3.8/site-packages/airflow/example_dags/example_python_decorator.py took 21.885 seconds
[2024-04-05T15:12:57.054+0000] {processor.py:161} INFO - Started process (PID=475) to work on /home/airflow/.local/lib/python3.8/site-packages/airflow/example_dags/example_python_decorator.py
[2024-04-05T15:12:57.162+0000] {processor.py:830} INFO - Processing file /home/airflow/.local/lib/python3.8/site-packages/airflow/example_dags/example_python_decorator.py for tasks to queue
[2024-04-05T15:12:57.490+0000] {logging_mixin.py:188} INFO - [2024-04-05T15:12:57.488+0000] {dagbag.py:540} INFO - Filling up the DagBag from /home/airflow/.local/lib/python3.8/site-packages/airflow/example_dags/example_python_decorator.py
[2024-04-05T15:13:01.435+0000] {processor.py:840} INFO - DAG(s) 'example_python_decorator' retrieved from /home/airflow/.local/lib/python3.8/site-packages/airflow/example_dags/example_python_decorator.py
[2024-04-05T15:13:12.508+0000] {logging_mixin.py:188} INFO - [2024-04-05T15:13:12.506+0000] {dag.py:3047} INFO - Sync 1 DAGs
[2024-04-05T15:13:13.289+0000] {logging_mixin.py:188} INFO - [2024-04-05T15:13:13.263+0000] {dag.py:3834} INFO - Setting next_dagrun for example_python_decorator to None, run_after=None
[2024-04-05T15:13:14.227+0000] {processor.py:183} INFO - Processing /home/airflow/.local/lib/python3.8/site-packages/airflow/example_dags/example_python_decorator.py took 17.290 seconds
[2024-04-05T15:20:51.450+0000] {processor.py:161} INFO - Started process (PID=680) to work on /home/airflow/.local/lib/python3.8/site-packages/airflow/example_dags/example_python_decorator.py
[2024-04-05T15:20:51.505+0000] {processor.py:830} INFO - Processing file /home/airflow/.local/lib/python3.8/site-packages/airflow/example_dags/example_python_decorator.py for tasks to queue
[2024-04-05T15:20:51.636+0000] {logging_mixin.py:188} INFO - [2024-04-05T15:20:51.633+0000] {dagbag.py:540} INFO - Filling up the DagBag from /home/airflow/.local/lib/python3.8/site-packages/airflow/example_dags/example_python_decorator.py
[2024-04-05T15:20:53.728+0000] {processor.py:840} INFO - DAG(s) 'example_python_decorator' retrieved from /home/airflow/.local/lib/python3.8/site-packages/airflow/example_dags/example_python_decorator.py
[2024-04-05T15:21:10.883+0000] {logging_mixin.py:188} INFO - [2024-04-05T15:21:10.880+0000] {dag.py:3047} INFO - Sync 1 DAGs
[2024-04-05T15:21:12.265+0000] {logging_mixin.py:188} INFO - [2024-04-05T15:21:12.262+0000] {dag.py:3834} INFO - Setting next_dagrun for example_python_decorator to None, run_after=None
[2024-04-05T15:21:13.762+0000] {processor.py:183} INFO - Processing /home/airflow/.local/lib/python3.8/site-packages/airflow/example_dags/example_python_decorator.py took 22.678 seconds
[2024-04-05T15:23:20.825+0000] {processor.py:161} INFO - Started process (PID=750) to work on /home/airflow/.local/lib/python3.8/site-packages/airflow/example_dags/example_python_decorator.py
[2024-04-05T15:23:20.913+0000] {processor.py:830} INFO - Processing file /home/airflow/.local/lib/python3.8/site-packages/airflow/example_dags/example_python_decorator.py for tasks to queue
[2024-04-05T15:23:21.044+0000] {logging_mixin.py:188} INFO - [2024-04-05T15:23:20.975+0000] {dagbag.py:540} INFO - Filling up the DagBag from /home/airflow/.local/lib/python3.8/site-packages/airflow/example_dags/example_python_decorator.py
[2024-04-05T15:23:23.224+0000] {processor.py:840} INFO - DAG(s) 'example_python_decorator' retrieved from /home/airflow/.local/lib/python3.8/site-packages/airflow/example_dags/example_python_decorator.py
[2024-04-05T15:23:30.121+0000] {logging_mixin.py:188} INFO - [2024-04-05T15:23:30.105+0000] {dag.py:3047} INFO - Sync 1 DAGs
[2024-04-05T15:23:31.252+0000] {logging_mixin.py:188} INFO - [2024-04-05T15:23:31.250+0000] {dag.py:3834} INFO - Setting next_dagrun for example_python_decorator to None, run_after=None
[2024-04-05T15:23:32.872+0000] {processor.py:183} INFO - Processing /home/airflow/.local/lib/python3.8/site-packages/airflow/example_dags/example_python_decorator.py took 12.618 seconds
[2024-04-05T15:28:12.946+0000] {processor.py:161} INFO - Started process (PID=915) to work on /home/airflow/.local/lib/python3.8/site-packages/airflow/example_dags/example_python_decorator.py
[2024-04-05T15:28:12.998+0000] {processor.py:830} INFO - Processing file /home/airflow/.local/lib/python3.8/site-packages/airflow/example_dags/example_python_decorator.py for tasks to queue
[2024-04-05T15:28:13.045+0000] {logging_mixin.py:188} INFO - [2024-04-05T15:28:13.042+0000] {dagbag.py:540} INFO - Filling up the DagBag from /home/airflow/.local/lib/python3.8/site-packages/airflow/example_dags/example_python_decorator.py
[2024-04-05T15:28:13.887+0000] {processor.py:840} INFO - DAG(s) 'example_python_decorator' retrieved from /home/airflow/.local/lib/python3.8/site-packages/airflow/example_dags/example_python_decorator.py
[2024-04-05T15:28:20.567+0000] {logging_mixin.py:188} INFO - [2024-04-05T15:28:20.514+0000] {dag.py:3047} INFO - Sync 1 DAGs
[2024-04-05T15:28:21.613+0000] {logging_mixin.py:188} INFO - [2024-04-05T15:28:21.610+0000] {dag.py:3834} INFO - Setting next_dagrun for example_python_decorator to None, run_after=None
[2024-04-05T15:28:22.619+0000] {processor.py:183} INFO - Processing /home/airflow/.local/lib/python3.8/site-packages/airflow/example_dags/example_python_decorator.py took 10.250 seconds
[2024-04-05T15:30:23.899+0000] {processor.py:161} INFO - Started process (PID=986) to work on /home/airflow/.local/lib/python3.8/site-packages/airflow/example_dags/example_python_decorator.py
[2024-04-05T15:30:23.920+0000] {processor.py:830} INFO - Processing file /home/airflow/.local/lib/python3.8/site-packages/airflow/example_dags/example_python_decorator.py for tasks to queue
[2024-04-05T15:30:23.969+0000] {logging_mixin.py:188} INFO - [2024-04-05T15:30:23.956+0000] {dagbag.py:540} INFO - Filling up the DagBag from /home/airflow/.local/lib/python3.8/site-packages/airflow/example_dags/example_python_decorator.py
[2024-04-05T15:30:24.554+0000] {processor.py:840} INFO - DAG(s) 'example_python_decorator' retrieved from /home/airflow/.local/lib/python3.8/site-packages/airflow/example_dags/example_python_decorator.py
[2024-04-05T15:30:32.837+0000] {logging_mixin.py:188} INFO - [2024-04-05T15:30:32.835+0000] {dag.py:3047} INFO - Sync 1 DAGs
[2024-04-05T15:30:33.579+0000] {logging_mixin.py:188} INFO - [2024-04-05T15:30:33.565+0000] {dag.py:3834} INFO - Setting next_dagrun for example_python_decorator to None, run_after=None
[2024-04-05T15:30:35.808+0000] {processor.py:183} INFO - Processing /home/airflow/.local/lib/python3.8/site-packages/airflow/example_dags/example_python_decorator.py took 12.030 seconds
