[2024-04-05T15:05:17.277+0000] {processor.py:161} INFO - Started process (PID=286) to work on /home/airflow/.local/lib/python3.8/site-packages/airflow/example_dags/example_latest_only_with_trigger.py
[2024-04-05T15:05:17.764+0000] {processor.py:830} INFO - Processing file /home/airflow/.local/lib/python3.8/site-packages/airflow/example_dags/example_latest_only_with_trigger.py for tasks to queue
[2024-04-05T15:05:18.044+0000] {logging_mixin.py:188} INFO - [2024-04-05T15:05:17.946+0000] {dagbag.py:540} INFO - Filling up the DagBag from /home/airflow/.local/lib/python3.8/site-packages/airflow/example_dags/example_latest_only_with_trigger.py
[2024-04-05T15:05:20.549+0000] {processor.py:840} INFO - DAG(s) 'latest_only_with_trigger' retrieved from /home/airflow/.local/lib/python3.8/site-packages/airflow/example_dags/example_latest_only_with_trigger.py
[2024-04-05T15:05:40.617+0000] {logging_mixin.py:188} INFO - [2024-04-05T15:05:40.168+0000] {override.py:1769} INFO - Created Permission View: can edit on DAG:latest_only_with_trigger
[2024-04-05T15:05:42.022+0000] {logging_mixin.py:188} INFO - [2024-04-05T15:05:42.019+0000] {override.py:1769} INFO - Created Permission View: can read on DAG:latest_only_with_trigger
[2024-04-05T15:05:43.229+0000] {logging_mixin.py:188} INFO - [2024-04-05T15:05:43.197+0000] {override.py:1769} INFO - Created Permission View: can delete on DAG:latest_only_with_trigger
[2024-04-05T15:05:43.361+0000] {logging_mixin.py:188} INFO - [2024-04-05T15:05:43.358+0000] {dag.py:3047} INFO - Sync 1 DAGs
[2024-04-05T15:05:46.266+0000] {logging_mixin.py:188} INFO - [2024-04-05T15:05:46.263+0000] {dag.py:3069} INFO - Creating ORM DAG for latest_only_with_trigger
[2024-04-05T15:05:48.507+0000] {logging_mixin.py:188} INFO - [2024-04-05T15:05:48.505+0000] {dag.py:3834} INFO - Setting next_dagrun for latest_only_with_trigger to 2024-04-05 08:00:00+00:00, run_after=2024-04-05 12:00:00+00:00
[2024-04-05T15:05:50.996+0000] {processor.py:183} INFO - Processing /home/airflow/.local/lib/python3.8/site-packages/airflow/example_dags/example_latest_only_with_trigger.py took 34.351 seconds
[2024-04-05T15:10:15.760+0000] {processor.py:161} INFO - Started process (PID=402) to work on /home/airflow/.local/lib/python3.8/site-packages/airflow/example_dags/example_latest_only_with_trigger.py
[2024-04-05T15:10:15.968+0000] {processor.py:830} INFO - Processing file /home/airflow/.local/lib/python3.8/site-packages/airflow/example_dags/example_latest_only_with_trigger.py for tasks to queue
[2024-04-05T15:10:16.313+0000] {logging_mixin.py:188} INFO - [2024-04-05T15:10:16.310+0000] {dagbag.py:540} INFO - Filling up the DagBag from /home/airflow/.local/lib/python3.8/site-packages/airflow/example_dags/example_latest_only_with_trigger.py
[2024-04-05T15:10:17.517+0000] {processor.py:840} INFO - DAG(s) 'latest_only_with_trigger' retrieved from /home/airflow/.local/lib/python3.8/site-packages/airflow/example_dags/example_latest_only_with_trigger.py
[2024-04-05T15:10:20.010+0000] {logging_mixin.py:188} INFO - [2024-04-05T15:10:20.007+0000] {dag.py:3047} INFO - Sync 1 DAGs
[2024-04-05T15:10:23.106+0000] {logging_mixin.py:188} INFO - [2024-04-05T15:10:23.101+0000] {dag.py:3834} INFO - Setting next_dagrun for latest_only_with_trigger to 2024-04-05 08:00:00+00:00, run_after=2024-04-05 12:00:00+00:00
[2024-04-05T15:10:25.612+0000] {processor.py:183} INFO - Processing /home/airflow/.local/lib/python3.8/site-packages/airflow/example_dags/example_latest_only_with_trigger.py took 10.548 seconds
[2024-04-05T15:12:50.494+0000] {processor.py:161} INFO - Started process (PID=466) to work on /home/airflow/.local/lib/python3.8/site-packages/airflow/example_dags/example_latest_only_with_trigger.py
[2024-04-05T15:12:50.624+0000] {processor.py:830} INFO - Processing file /home/airflow/.local/lib/python3.8/site-packages/airflow/example_dags/example_latest_only_with_trigger.py for tasks to queue
[2024-04-05T15:12:50.846+0000] {logging_mixin.py:188} INFO - [2024-04-05T15:12:50.747+0000] {dagbag.py:540} INFO - Filling up the DagBag from /home/airflow/.local/lib/python3.8/site-packages/airflow/example_dags/example_latest_only_with_trigger.py
[2024-04-05T15:12:51.405+0000] {processor.py:840} INFO - DAG(s) 'latest_only_with_trigger' retrieved from /home/airflow/.local/lib/python3.8/site-packages/airflow/example_dags/example_latest_only_with_trigger.py
[2024-04-05T15:12:52.688+0000] {logging_mixin.py:188} INFO - [2024-04-05T15:12:52.685+0000] {dag.py:3047} INFO - Sync 1 DAGs
[2024-04-05T15:12:54.365+0000] {logging_mixin.py:188} INFO - [2024-04-05T15:12:54.308+0000] {dag.py:3834} INFO - Setting next_dagrun for latest_only_with_trigger to 2024-04-05 08:00:00+00:00, run_after=2024-04-05 12:00:00+00:00
[2024-04-05T15:12:55.676+0000] {processor.py:183} INFO - Processing /home/airflow/.local/lib/python3.8/site-packages/airflow/example_dags/example_latest_only_with_trigger.py took 5.800 seconds
[2024-04-05T15:15:40.402+0000] {processor.py:161} INFO - Started process (PID=557) to work on /home/airflow/.local/lib/python3.8/site-packages/airflow/example_dags/example_latest_only_with_trigger.py
[2024-04-05T15:15:40.644+0000] {processor.py:830} INFO - Processing file /home/airflow/.local/lib/python3.8/site-packages/airflow/example_dags/example_latest_only_with_trigger.py for tasks to queue
[2024-04-05T15:15:40.947+0000] {logging_mixin.py:188} INFO - [2024-04-05T15:15:40.913+0000] {dagbag.py:540} INFO - Filling up the DagBag from /home/airflow/.local/lib/python3.8/site-packages/airflow/example_dags/example_latest_only_with_trigger.py
[2024-04-05T15:15:42.046+0000] {processor.py:840} INFO - DAG(s) 'latest_only_with_trigger' retrieved from /home/airflow/.local/lib/python3.8/site-packages/airflow/example_dags/example_latest_only_with_trigger.py
[2024-04-05T15:15:43.949+0000] {logging_mixin.py:188} INFO - [2024-04-05T15:15:43.893+0000] {dag.py:3047} INFO - Sync 1 DAGs
[2024-04-05T15:15:48.405+0000] {logging_mixin.py:188} INFO - [2024-04-05T15:15:48.372+0000] {dag.py:3834} INFO - Setting next_dagrun for latest_only_with_trigger to 2024-04-05 08:00:00+00:00, run_after=2024-04-05 12:00:00+00:00
[2024-04-05T15:15:50.237+0000] {processor.py:183} INFO - Processing /home/airflow/.local/lib/python3.8/site-packages/airflow/example_dags/example_latest_only_with_trigger.py took 10.211 seconds
[2024-04-05T15:23:12.842+0000] {processor.py:161} INFO - Started process (PID=741) to work on /home/airflow/.local/lib/python3.8/site-packages/airflow/example_dags/example_latest_only_with_trigger.py
[2024-04-05T15:23:13.044+0000] {processor.py:830} INFO - Processing file /home/airflow/.local/lib/python3.8/site-packages/airflow/example_dags/example_latest_only_with_trigger.py for tasks to queue
[2024-04-05T15:23:13.154+0000] {logging_mixin.py:188} INFO - [2024-04-05T15:23:13.120+0000] {dagbag.py:540} INFO - Filling up the DagBag from /home/airflow/.local/lib/python3.8/site-packages/airflow/example_dags/example_latest_only_with_trigger.py
[2024-04-05T15:23:13.744+0000] {processor.py:840} INFO - DAG(s) 'latest_only_with_trigger' retrieved from /home/airflow/.local/lib/python3.8/site-packages/airflow/example_dags/example_latest_only_with_trigger.py
[2024-04-05T15:23:16.092+0000] {logging_mixin.py:188} INFO - [2024-04-05T15:23:15.969+0000] {dag.py:3047} INFO - Sync 1 DAGs
[2024-04-05T15:23:18.129+0000] {logging_mixin.py:188} INFO - [2024-04-05T15:23:18.126+0000] {dag.py:3834} INFO - Setting next_dagrun for latest_only_with_trigger to 2024-04-05 08:00:00+00:00, run_after=2024-04-05 12:00:00+00:00
[2024-04-05T15:23:18.602+0000] {processor.py:183} INFO - Processing /home/airflow/.local/lib/python3.8/site-packages/airflow/example_dags/example_latest_only_with_trigger.py took 6.268 seconds
[2024-04-05T15:25:50.550+0000] {processor.py:161} INFO - Started process (PID=824) to work on /home/airflow/.local/lib/python3.8/site-packages/airflow/example_dags/example_latest_only_with_trigger.py
[2024-04-05T15:25:50.816+0000] {processor.py:830} INFO - Processing file /home/airflow/.local/lib/python3.8/site-packages/airflow/example_dags/example_latest_only_with_trigger.py for tasks to queue
[2024-04-05T15:25:50.907+0000] {logging_mixin.py:188} INFO - [2024-04-05T15:25:50.904+0000] {dagbag.py:540} INFO - Filling up the DagBag from /home/airflow/.local/lib/python3.8/site-packages/airflow/example_dags/example_latest_only_with_trigger.py
[2024-04-05T15:25:51.316+0000] {processor.py:840} INFO - DAG(s) 'latest_only_with_trigger' retrieved from /home/airflow/.local/lib/python3.8/site-packages/airflow/example_dags/example_latest_only_with_trigger.py
[2024-04-05T15:25:52.166+0000] {logging_mixin.py:188} INFO - [2024-04-05T15:25:52.153+0000] {dag.py:3047} INFO - Sync 1 DAGs
[2024-04-05T15:25:54.280+0000] {logging_mixin.py:188} INFO - [2024-04-05T15:25:54.277+0000] {dag.py:3834} INFO - Setting next_dagrun for latest_only_with_trigger to 2024-04-05 08:00:00+00:00, run_after=2024-04-05 12:00:00+00:00
[2024-04-05T15:25:55.740+0000] {processor.py:183} INFO - Processing /home/airflow/.local/lib/python3.8/site-packages/airflow/example_dags/example_latest_only_with_trigger.py took 5.563 seconds
[2024-04-05T15:30:18.737+0000] {processor.py:161} INFO - Started process (PID=983) to work on /home/airflow/.local/lib/python3.8/site-packages/airflow/example_dags/example_latest_only_with_trigger.py
[2024-04-05T15:30:18.865+0000] {processor.py:830} INFO - Processing file /home/airflow/.local/lib/python3.8/site-packages/airflow/example_dags/example_latest_only_with_trigger.py for tasks to queue
[2024-04-05T15:30:19.077+0000] {logging_mixin.py:188} INFO - [2024-04-05T15:30:18.997+0000] {dagbag.py:540} INFO - Filling up the DagBag from /home/airflow/.local/lib/python3.8/site-packages/airflow/example_dags/example_latest_only_with_trigger.py
[2024-04-05T15:30:19.807+0000] {processor.py:840} INFO - DAG(s) 'latest_only_with_trigger' retrieved from /home/airflow/.local/lib/python3.8/site-packages/airflow/example_dags/example_latest_only_with_trigger.py
[2024-04-05T15:30:20.831+0000] {logging_mixin.py:188} INFO - [2024-04-05T15:30:20.828+0000] {dag.py:3047} INFO - Sync 1 DAGs
[2024-04-05T15:30:22.898+0000] {logging_mixin.py:188} INFO - [2024-04-05T15:30:22.896+0000] {dag.py:3834} INFO - Setting next_dagrun for latest_only_with_trigger to 2024-04-05 08:00:00+00:00, run_after=2024-04-05 12:00:00+00:00
[2024-04-05T15:30:23.513+0000] {processor.py:183} INFO - Processing /home/airflow/.local/lib/python3.8/site-packages/airflow/example_dags/example_latest_only_with_trigger.py took 5.207 seconds
[2024-04-05T15:31:58.901+0000] {processor.py:161} INFO - Started process (PID=1046) to work on /home/airflow/.local/lib/python3.8/site-packages/airflow/example_dags/example_latest_only_with_trigger.py
[2024-04-05T15:31:58.926+0000] {processor.py:830} INFO - Processing file /home/airflow/.local/lib/python3.8/site-packages/airflow/example_dags/example_latest_only_with_trigger.py for tasks to queue
[2024-04-05T15:31:58.949+0000] {logging_mixin.py:188} INFO - [2024-04-05T15:31:58.946+0000] {dagbag.py:540} INFO - Filling up the DagBag from /home/airflow/.local/lib/python3.8/site-packages/airflow/example_dags/example_latest_only_with_trigger.py
[2024-04-05T15:31:59.224+0000] {processor.py:840} INFO - DAG(s) 'latest_only_with_trigger' retrieved from /home/airflow/.local/lib/python3.8/site-packages/airflow/example_dags/example_latest_only_with_trigger.py
[2024-04-05T15:31:59.978+0000] {logging_mixin.py:188} INFO - [2024-04-05T15:31:59.958+0000] {dag.py:3047} INFO - Sync 1 DAGs
[2024-04-05T15:32:01.613+0000] {logging_mixin.py:188} INFO - [2024-04-05T15:32:01.610+0000] {dag.py:3834} INFO - Setting next_dagrun for latest_only_with_trigger to 2024-04-05 08:00:00+00:00, run_after=2024-04-05 12:00:00+00:00
[2024-04-05T15:32:03.226+0000] {processor.py:183} INFO - Processing /home/airflow/.local/lib/python3.8/site-packages/airflow/example_dags/example_latest_only_with_trigger.py took 4.406 seconds
