[2024-04-05T15:03:41.863+0000] {processor.py:161} INFO - Started process (PID=245) to work on /home/airflow/.local/lib/python3.8/site-packages/airflow/example_dags/example_time_delta_sensor_async.py
[2024-04-05T15:03:41.906+0000] {processor.py:830} INFO - Processing file /home/airflow/.local/lib/python3.8/site-packages/airflow/example_dags/example_time_delta_sensor_async.py for tasks to queue
[2024-04-05T15:03:41.995+0000] {logging_mixin.py:188} INFO - [2024-04-05T15:03:41.974+0000] {dagbag.py:540} INFO - Filling up the DagBag from /home/airflow/.local/lib/python3.8/site-packages/airflow/example_dags/example_time_delta_sensor_async.py
[2024-04-05T15:03:42.371+0000] {processor.py:840} INFO - DAG(s) 'example_time_delta_sensor_async' retrieved from /home/airflow/.local/lib/python3.8/site-packages/airflow/example_dags/example_time_delta_sensor_async.py
[2024-04-05T15:03:50.144+0000] {logging_mixin.py:188} INFO - [2024-04-05T15:03:50.100+0000] {override.py:1769} INFO - Created Permission View: can edit on DAG:example_time_delta_sensor_async
[2024-04-05T15:03:51.204+0000] {logging_mixin.py:188} INFO - [2024-04-05T15:03:51.200+0000] {override.py:1769} INFO - Created Permission View: can read on DAG:example_time_delta_sensor_async
[2024-04-05T15:03:51.405+0000] {logging_mixin.py:188} INFO - [2024-04-05T15:03:51.402+0000] {override.py:1769} INFO - Created Permission View: can delete on DAG:example_time_delta_sensor_async
[2024-04-05T15:03:51.421+0000] {logging_mixin.py:188} INFO - [2024-04-05T15:03:51.420+0000] {dag.py:3047} INFO - Sync 1 DAGs
[2024-04-05T15:03:52.287+0000] {logging_mixin.py:188} INFO - [2024-04-05T15:03:52.285+0000] {dag.py:3069} INFO - Creating ORM DAG for example_time_delta_sensor_async
[2024-04-05T15:03:52.310+0000] {logging_mixin.py:188} INFO - [2024-04-05T15:03:52.307+0000] {dag.py:3834} INFO - Setting next_dagrun for example_time_delta_sensor_async to None, run_after=None
[2024-04-05T15:03:53.473+0000] {processor.py:183} INFO - Processing /home/airflow/.local/lib/python3.8/site-packages/airflow/example_dags/example_time_delta_sensor_async.py took 12.051 seconds
[2024-04-05T15:09:20.204+0000] {processor.py:161} INFO - Started process (PID=377) to work on /home/airflow/.local/lib/python3.8/site-packages/airflow/example_dags/example_time_delta_sensor_async.py
[2024-04-05T15:09:20.223+0000] {processor.py:830} INFO - Processing file /home/airflow/.local/lib/python3.8/site-packages/airflow/example_dags/example_time_delta_sensor_async.py for tasks to queue
[2024-04-05T15:09:20.441+0000] {logging_mixin.py:188} INFO - [2024-04-05T15:09:20.438+0000] {dagbag.py:540} INFO - Filling up the DagBag from /home/airflow/.local/lib/python3.8/site-packages/airflow/example_dags/example_time_delta_sensor_async.py
[2024-04-05T15:09:20.882+0000] {processor.py:840} INFO - DAG(s) 'example_time_delta_sensor_async' retrieved from /home/airflow/.local/lib/python3.8/site-packages/airflow/example_dags/example_time_delta_sensor_async.py
[2024-04-05T15:09:23.231+0000] {logging_mixin.py:188} INFO - [2024-04-05T15:09:23.183+0000] {dag.py:3047} INFO - Sync 1 DAGs
[2024-04-05T15:09:25.114+0000] {logging_mixin.py:188} INFO - [2024-04-05T15:09:24.874+0000] {dag.py:3834} INFO - Setting next_dagrun for example_time_delta_sensor_async to None, run_after=None
[2024-04-05T15:09:27.581+0000] {processor.py:183} INFO - Processing /home/airflow/.local/lib/python3.8/site-packages/airflow/example_dags/example_time_delta_sensor_async.py took 7.778 seconds
[2024-04-05T15:11:52.604+0000] {processor.py:161} INFO - Started process (PID=444) to work on /home/airflow/.local/lib/python3.8/site-packages/airflow/example_dags/example_time_delta_sensor_async.py
[2024-04-05T15:11:52.877+0000] {processor.py:830} INFO - Processing file /home/airflow/.local/lib/python3.8/site-packages/airflow/example_dags/example_time_delta_sensor_async.py for tasks to queue
[2024-04-05T15:11:53.129+0000] {logging_mixin.py:188} INFO - [2024-04-05T15:11:53.062+0000] {dagbag.py:540} INFO - Filling up the DagBag from /home/airflow/.local/lib/python3.8/site-packages/airflow/example_dags/example_time_delta_sensor_async.py
[2024-04-05T15:11:54.432+0000] {processor.py:840} INFO - DAG(s) 'example_time_delta_sensor_async' retrieved from /home/airflow/.local/lib/python3.8/site-packages/airflow/example_dags/example_time_delta_sensor_async.py
[2024-04-05T15:11:55.475+0000] {logging_mixin.py:188} INFO - [2024-04-05T15:11:55.470+0000] {dag.py:3047} INFO - Sync 1 DAGs
[2024-04-05T15:11:56.669+0000] {logging_mixin.py:188} INFO - [2024-04-05T15:11:56.651+0000] {dag.py:3834} INFO - Setting next_dagrun for example_time_delta_sensor_async to None, run_after=None
[2024-04-05T15:11:57.942+0000] {processor.py:183} INFO - Processing /home/airflow/.local/lib/python3.8/site-packages/airflow/example_dags/example_time_delta_sensor_async.py took 6.287 seconds
[2024-04-05T15:14:56.556+0000] {processor.py:161} INFO - Started process (PID=529) to work on /home/airflow/.local/lib/python3.8/site-packages/airflow/example_dags/example_time_delta_sensor_async.py
[2024-04-05T15:14:56.678+0000] {processor.py:830} INFO - Processing file /home/airflow/.local/lib/python3.8/site-packages/airflow/example_dags/example_time_delta_sensor_async.py for tasks to queue
[2024-04-05T15:14:56.960+0000] {logging_mixin.py:188} INFO - [2024-04-05T15:14:56.957+0000] {dagbag.py:540} INFO - Filling up the DagBag from /home/airflow/.local/lib/python3.8/site-packages/airflow/example_dags/example_time_delta_sensor_async.py
[2024-04-05T15:14:58.023+0000] {processor.py:840} INFO - DAG(s) 'example_time_delta_sensor_async' retrieved from /home/airflow/.local/lib/python3.8/site-packages/airflow/example_dags/example_time_delta_sensor_async.py
[2024-04-05T15:14:59.323+0000] {logging_mixin.py:188} INFO - [2024-04-05T15:14:59.321+0000] {dag.py:3047} INFO - Sync 1 DAGs
[2024-04-05T15:15:02.004+0000] {logging_mixin.py:188} INFO - [2024-04-05T15:15:02.002+0000] {dag.py:3834} INFO - Setting next_dagrun for example_time_delta_sensor_async to None, run_after=None
[2024-04-05T15:15:04.360+0000] {processor.py:183} INFO - Processing /home/airflow/.local/lib/python3.8/site-packages/airflow/example_dags/example_time_delta_sensor_async.py took 8.507 seconds
[2024-04-05T15:17:05.816+0000] {processor.py:161} INFO - Started process (PID=587) to work on /home/airflow/.local/lib/python3.8/site-packages/airflow/example_dags/example_time_delta_sensor_async.py
[2024-04-05T15:17:05.964+0000] {processor.py:830} INFO - Processing file /home/airflow/.local/lib/python3.8/site-packages/airflow/example_dags/example_time_delta_sensor_async.py for tasks to queue
[2024-04-05T15:17:06.402+0000] {logging_mixin.py:188} INFO - [2024-04-05T15:17:06.340+0000] {dagbag.py:540} INFO - Filling up the DagBag from /home/airflow/.local/lib/python3.8/site-packages/airflow/example_dags/example_time_delta_sensor_async.py
[2024-04-05T15:17:06.876+0000] {processor.py:840} INFO - DAG(s) 'example_time_delta_sensor_async' retrieved from /home/airflow/.local/lib/python3.8/site-packages/airflow/example_dags/example_time_delta_sensor_async.py
[2024-04-05T15:17:08.814+0000] {logging_mixin.py:188} INFO - [2024-04-05T15:17:08.719+0000] {dag.py:3047} INFO - Sync 1 DAGs
[2024-04-05T15:17:10.901+0000] {logging_mixin.py:188} INFO - [2024-04-05T15:17:10.741+0000] {dag.py:3834} INFO - Setting next_dagrun for example_time_delta_sensor_async to None, run_after=None
[2024-04-05T15:17:13.207+0000] {processor.py:183} INFO - Processing /home/airflow/.local/lib/python3.8/site-packages/airflow/example_dags/example_time_delta_sensor_async.py took 7.800 seconds
[2024-04-05T15:20:40.871+0000] {processor.py:161} INFO - Started process (PID=675) to work on /home/airflow/.local/lib/python3.8/site-packages/airflow/example_dags/example_time_delta_sensor_async.py
[2024-04-05T15:20:41.397+0000] {processor.py:830} INFO - Processing file /home/airflow/.local/lib/python3.8/site-packages/airflow/example_dags/example_time_delta_sensor_async.py for tasks to queue
[2024-04-05T15:20:42.311+0000] {logging_mixin.py:188} INFO - [2024-04-05T15:20:42.194+0000] {dagbag.py:540} INFO - Filling up the DagBag from /home/airflow/.local/lib/python3.8/site-packages/airflow/example_dags/example_time_delta_sensor_async.py
[2024-04-05T15:20:43.129+0000] {processor.py:840} INFO - DAG(s) 'example_time_delta_sensor_async' retrieved from /home/airflow/.local/lib/python3.8/site-packages/airflow/example_dags/example_time_delta_sensor_async.py
[2024-04-05T15:20:44.739+0000] {logging_mixin.py:188} INFO - [2024-04-05T15:20:44.724+0000] {dag.py:3047} INFO - Sync 1 DAGs
[2024-04-05T15:20:47.380+0000] {logging_mixin.py:188} INFO - [2024-04-05T15:20:47.365+0000] {dag.py:3834} INFO - Setting next_dagrun for example_time_delta_sensor_async to None, run_after=None
[2024-04-05T15:20:49.585+0000] {processor.py:183} INFO - Processing /home/airflow/.local/lib/python3.8/site-packages/airflow/example_dags/example_time_delta_sensor_async.py took 9.809 seconds
[2024-04-05T15:22:38.172+0000] {processor.py:161} INFO - Started process (PID=724) to work on /home/airflow/.local/lib/python3.8/site-packages/airflow/example_dags/example_time_delta_sensor_async.py
[2024-04-05T15:22:38.222+0000] {processor.py:830} INFO - Processing file /home/airflow/.local/lib/python3.8/site-packages/airflow/example_dags/example_time_delta_sensor_async.py for tasks to queue
[2024-04-05T15:22:38.320+0000] {logging_mixin.py:188} INFO - [2024-04-05T15:22:38.288+0000] {dagbag.py:540} INFO - Filling up the DagBag from /home/airflow/.local/lib/python3.8/site-packages/airflow/example_dags/example_time_delta_sensor_async.py
[2024-04-05T15:22:38.876+0000] {processor.py:840} INFO - DAG(s) 'example_time_delta_sensor_async' retrieved from /home/airflow/.local/lib/python3.8/site-packages/airflow/example_dags/example_time_delta_sensor_async.py
[2024-04-05T15:22:40.331+0000] {logging_mixin.py:188} INFO - [2024-04-05T15:22:40.329+0000] {dag.py:3047} INFO - Sync 1 DAGs
[2024-04-05T15:22:42.128+0000] {logging_mixin.py:188} INFO - [2024-04-05T15:22:42.054+0000] {dag.py:3834} INFO - Setting next_dagrun for example_time_delta_sensor_async to None, run_after=None
[2024-04-05T15:22:43.712+0000] {processor.py:183} INFO - Processing /home/airflow/.local/lib/python3.8/site-packages/airflow/example_dags/example_time_delta_sensor_async.py took 5.853 seconds
[2024-04-05T15:25:24.236+0000] {processor.py:161} INFO - Started process (PID=804) to work on /home/airflow/.local/lib/python3.8/site-packages/airflow/example_dags/example_time_delta_sensor_async.py
[2024-04-05T15:25:24.317+0000] {processor.py:830} INFO - Processing file /home/airflow/.local/lib/python3.8/site-packages/airflow/example_dags/example_time_delta_sensor_async.py for tasks to queue
[2024-04-05T15:25:24.413+0000] {logging_mixin.py:188} INFO - [2024-04-05T15:25:24.351+0000] {dagbag.py:540} INFO - Filling up the DagBag from /home/airflow/.local/lib/python3.8/site-packages/airflow/example_dags/example_time_delta_sensor_async.py
[2024-04-05T15:25:25.177+0000] {processor.py:840} INFO - DAG(s) 'example_time_delta_sensor_async' retrieved from /home/airflow/.local/lib/python3.8/site-packages/airflow/example_dags/example_time_delta_sensor_async.py
[2024-04-05T15:25:26.431+0000] {logging_mixin.py:188} INFO - [2024-04-05T15:25:26.429+0000] {dag.py:3047} INFO - Sync 1 DAGs
[2024-04-05T15:25:27.020+0000] {logging_mixin.py:188} INFO - [2024-04-05T15:25:27.016+0000] {dag.py:3834} INFO - Setting next_dagrun for example_time_delta_sensor_async to None, run_after=None
[2024-04-05T15:25:28.422+0000] {processor.py:183} INFO - Processing /home/airflow/.local/lib/python3.8/site-packages/airflow/example_dags/example_time_delta_sensor_async.py took 4.410 seconds
[2024-04-05T15:26:28.548+0000] {processor.py:161} INFO - Started process (PID=855) to work on /home/airflow/.local/lib/python3.8/site-packages/airflow/example_dags/example_time_delta_sensor_async.py
[2024-04-05T15:26:28.666+0000] {processor.py:830} INFO - Processing file /home/airflow/.local/lib/python3.8/site-packages/airflow/example_dags/example_time_delta_sensor_async.py for tasks to queue
[2024-04-05T15:26:28.758+0000] {logging_mixin.py:188} INFO - [2024-04-05T15:26:28.720+0000] {dagbag.py:540} INFO - Filling up the DagBag from /home/airflow/.local/lib/python3.8/site-packages/airflow/example_dags/example_time_delta_sensor_async.py
[2024-04-05T15:26:28.993+0000] {processor.py:840} INFO - DAG(s) 'example_time_delta_sensor_async' retrieved from /home/airflow/.local/lib/python3.8/site-packages/airflow/example_dags/example_time_delta_sensor_async.py
[2024-04-05T15:26:29.565+0000] {logging_mixin.py:188} INFO - [2024-04-05T15:26:29.563+0000] {dag.py:3047} INFO - Sync 1 DAGs
[2024-04-05T15:26:30.061+0000] {logging_mixin.py:188} INFO - [2024-04-05T15:26:30.058+0000] {dag.py:3834} INFO - Setting next_dagrun for example_time_delta_sensor_async to None, run_after=None
[2024-04-05T15:26:30.637+0000] {processor.py:183} INFO - Processing /home/airflow/.local/lib/python3.8/site-packages/airflow/example_dags/example_time_delta_sensor_async.py took 2.268 seconds
[2024-04-05T15:31:41.965+0000] {processor.py:161} INFO - Started process (PID=1025) to work on /home/airflow/.local/lib/python3.8/site-packages/airflow/example_dags/example_time_delta_sensor_async.py
[2024-04-05T15:31:42.001+0000] {processor.py:830} INFO - Processing file /home/airflow/.local/lib/python3.8/site-packages/airflow/example_dags/example_time_delta_sensor_async.py for tasks to queue
[2024-04-05T15:31:42.084+0000] {logging_mixin.py:188} INFO - [2024-04-05T15:31:42.054+0000] {dagbag.py:540} INFO - Filling up the DagBag from /home/airflow/.local/lib/python3.8/site-packages/airflow/example_dags/example_time_delta_sensor_async.py
[2024-04-05T15:31:42.353+0000] {processor.py:840} INFO - DAG(s) 'example_time_delta_sensor_async' retrieved from /home/airflow/.local/lib/python3.8/site-packages/airflow/example_dags/example_time_delta_sensor_async.py
[2024-04-05T15:31:43.145+0000] {logging_mixin.py:188} INFO - [2024-04-05T15:31:43.142+0000] {dag.py:3047} INFO - Sync 1 DAGs
[2024-04-05T15:31:43.493+0000] {logging_mixin.py:188} INFO - [2024-04-05T15:31:43.490+0000] {dag.py:3834} INFO - Setting next_dagrun for example_time_delta_sensor_async to None, run_after=None
[2024-04-05T15:31:43.963+0000] {processor.py:183} INFO - Processing /home/airflow/.local/lib/python3.8/site-packages/airflow/example_dags/example_time_delta_sensor_async.py took 2.078 seconds
[2024-04-05T15:32:42.148+0000] {processor.py:161} INFO - Started process (PID=1074) to work on /home/airflow/.local/lib/python3.8/site-packages/airflow/example_dags/example_time_delta_sensor_async.py
[2024-04-05T15:32:42.187+0000] {processor.py:830} INFO - Processing file /home/airflow/.local/lib/python3.8/site-packages/airflow/example_dags/example_time_delta_sensor_async.py for tasks to queue
[2024-04-05T15:32:42.213+0000] {logging_mixin.py:188} INFO - [2024-04-05T15:32:42.210+0000] {dagbag.py:540} INFO - Filling up the DagBag from /home/airflow/.local/lib/python3.8/site-packages/airflow/example_dags/example_time_delta_sensor_async.py
[2024-04-05T15:32:42.513+0000] {processor.py:840} INFO - DAG(s) 'example_time_delta_sensor_async' retrieved from /home/airflow/.local/lib/python3.8/site-packages/airflow/example_dags/example_time_delta_sensor_async.py
[2024-04-05T15:32:43.192+0000] {logging_mixin.py:188} INFO - [2024-04-05T15:32:43.190+0000] {dag.py:3047} INFO - Sync 1 DAGs
[2024-04-05T15:32:43.742+0000] {logging_mixin.py:188} INFO - [2024-04-05T15:32:43.740+0000] {dag.py:3834} INFO - Setting next_dagrun for example_time_delta_sensor_async to None, run_after=None
[2024-04-05T15:32:44.722+0000] {processor.py:183} INFO - Processing /home/airflow/.local/lib/python3.8/site-packages/airflow/example_dags/example_time_delta_sensor_async.py took 2.831 seconds
