[2024-04-05T15:03:13.639+0000] {processor.py:161} INFO - Started process (PID=237) to work on /home/airflow/.local/lib/python3.8/site-packages/airflow/example_dags/example_branch_operator.py
[2024-04-05T15:03:13.779+0000] {processor.py:830} INFO - Processing file /home/airflow/.local/lib/python3.8/site-packages/airflow/example_dags/example_branch_operator.py for tasks to queue
[2024-04-05T15:03:14.267+0000] {logging_mixin.py:188} INFO - [2024-04-05T15:03:14.224+0000] {dagbag.py:540} INFO - Filling up the DagBag from /home/airflow/.local/lib/python3.8/site-packages/airflow/example_dags/example_branch_operator.py
[2024-04-05T15:03:17.815+0000] {processor.py:840} INFO - DAG(s) 'example_branch_operator' retrieved from /home/airflow/.local/lib/python3.8/site-packages/airflow/example_dags/example_branch_operator.py
[2024-04-05T15:03:34.135+0000] {logging_mixin.py:188} INFO - [2024-04-05T15:03:34.103+0000] {override.py:1769} INFO - Created Permission View: can edit on DAG:example_branch_operator
[2024-04-05T15:03:35.244+0000] {logging_mixin.py:188} INFO - [2024-04-05T15:03:35.240+0000] {override.py:1769} INFO - Created Permission View: can read on DAG:example_branch_operator
[2024-04-05T15:03:35.601+0000] {logging_mixin.py:188} INFO - [2024-04-05T15:03:35.598+0000] {override.py:1769} INFO - Created Permission View: can delete on DAG:example_branch_operator
[2024-04-05T15:03:35.623+0000] {logging_mixin.py:188} INFO - [2024-04-05T15:03:35.621+0000] {dag.py:3047} INFO - Sync 1 DAGs
[2024-04-05T15:03:36.250+0000] {logging_mixin.py:188} INFO - [2024-04-05T15:03:36.247+0000] {dag.py:3069} INFO - Creating ORM DAG for example_branch_operator
[2024-04-05T15:03:38.059+0000] {logging_mixin.py:188} INFO - [2024-04-05T15:03:38.056+0000] {dag.py:3834} INFO - Setting next_dagrun for example_branch_operator to 2024-04-04 00:00:00+00:00, run_after=2024-04-05 00:00:00+00:00
[2024-04-05T15:03:39.230+0000] {processor.py:183} INFO - Processing /home/airflow/.local/lib/python3.8/site-packages/airflow/example_dags/example_branch_operator.py took 26.098 seconds
[2024-04-05T15:09:11.400+0000] {processor.py:161} INFO - Started process (PID=375) to work on /home/airflow/.local/lib/python3.8/site-packages/airflow/example_dags/example_branch_operator.py
[2024-04-05T15:09:11.573+0000] {processor.py:830} INFO - Processing file /home/airflow/.local/lib/python3.8/site-packages/airflow/example_dags/example_branch_operator.py for tasks to queue
[2024-04-05T15:09:12.331+0000] {logging_mixin.py:188} INFO - [2024-04-05T15:09:12.216+0000] {dagbag.py:540} INFO - Filling up the DagBag from /home/airflow/.local/lib/python3.8/site-packages/airflow/example_dags/example_branch_operator.py
[2024-04-05T15:09:13.660+0000] {processor.py:840} INFO - DAG(s) 'example_branch_operator' retrieved from /home/airflow/.local/lib/python3.8/site-packages/airflow/example_dags/example_branch_operator.py
[2024-04-05T15:09:28.326+0000] {logging_mixin.py:188} INFO - [2024-04-05T15:09:28.324+0000] {dag.py:3047} INFO - Sync 1 DAGs
[2024-04-05T15:09:31.478+0000] {logging_mixin.py:188} INFO - [2024-04-05T15:09:31.476+0000] {dag.py:3834} INFO - Setting next_dagrun for example_branch_operator to 2024-04-04 00:00:00+00:00, run_after=2024-04-05 00:00:00+00:00
[2024-04-05T15:09:36.180+0000] {processor.py:183} INFO - Processing /home/airflow/.local/lib/python3.8/site-packages/airflow/example_dags/example_branch_operator.py took 25.298 seconds
[2024-04-05T15:11:32.719+0000] {processor.py:161} INFO - Started process (PID=436) to work on /home/airflow/.local/lib/python3.8/site-packages/airflow/example_dags/example_branch_operator.py
[2024-04-05T15:11:32.837+0000] {processor.py:830} INFO - Processing file /home/airflow/.local/lib/python3.8/site-packages/airflow/example_dags/example_branch_operator.py for tasks to queue
[2024-04-05T15:11:33.036+0000] {logging_mixin.py:188} INFO - [2024-04-05T15:11:33.012+0000] {dagbag.py:540} INFO - Filling up the DagBag from /home/airflow/.local/lib/python3.8/site-packages/airflow/example_dags/example_branch_operator.py
[2024-04-05T15:11:36.778+0000] {processor.py:840} INFO - DAG(s) 'example_branch_operator' retrieved from /home/airflow/.local/lib/python3.8/site-packages/airflow/example_dags/example_branch_operator.py
[2024-04-05T15:11:57.789+0000] {logging_mixin.py:188} INFO - [2024-04-05T15:11:57.758+0000] {dag.py:3047} INFO - Sync 1 DAGs
[2024-04-05T15:12:02.055+0000] {logging_mixin.py:188} INFO - [2024-04-05T15:12:02.022+0000] {dag.py:3834} INFO - Setting next_dagrun for example_branch_operator to 2024-04-04 00:00:00+00:00, run_after=2024-04-05 00:00:00+00:00
[2024-04-05T15:12:05.280+0000] {processor.py:183} INFO - Processing /home/airflow/.local/lib/python3.8/site-packages/airflow/example_dags/example_branch_operator.py took 33.687 seconds
[2024-04-05T15:14:44.005+0000] {processor.py:161} INFO - Started process (PID=526) to work on /home/airflow/.local/lib/python3.8/site-packages/airflow/example_dags/example_branch_operator.py
[2024-04-05T15:14:44.108+0000] {processor.py:830} INFO - Processing file /home/airflow/.local/lib/python3.8/site-packages/airflow/example_dags/example_branch_operator.py for tasks to queue
[2024-04-05T15:14:44.321+0000] {logging_mixin.py:188} INFO - [2024-04-05T15:14:44.318+0000] {dagbag.py:540} INFO - Filling up the DagBag from /home/airflow/.local/lib/python3.8/site-packages/airflow/example_dags/example_branch_operator.py
[2024-04-05T15:14:46.238+0000] {processor.py:840} INFO - DAG(s) 'example_branch_operator' retrieved from /home/airflow/.local/lib/python3.8/site-packages/airflow/example_dags/example_branch_operator.py
[2024-04-05T15:14:58.411+0000] {logging_mixin.py:188} INFO - [2024-04-05T15:14:58.409+0000] {dag.py:3047} INFO - Sync 1 DAGs
[2024-04-05T15:15:01.888+0000] {logging_mixin.py:188} INFO - [2024-04-05T15:15:01.742+0000] {dag.py:3834} INFO - Setting next_dagrun for example_branch_operator to 2024-04-04 00:00:00+00:00, run_after=2024-04-05 00:00:00+00:00
[2024-04-05T15:15:03.765+0000] {processor.py:183} INFO - Processing /home/airflow/.local/lib/python3.8/site-packages/airflow/example_dags/example_branch_operator.py took 20.350 seconds
[2024-04-05T15:16:47.422+0000] {processor.py:161} INFO - Started process (PID=584) to work on /home/airflow/.local/lib/python3.8/site-packages/airflow/example_dags/example_branch_operator.py
[2024-04-05T15:16:47.488+0000] {processor.py:830} INFO - Processing file /home/airflow/.local/lib/python3.8/site-packages/airflow/example_dags/example_branch_operator.py for tasks to queue
[2024-04-05T15:16:47.604+0000] {logging_mixin.py:188} INFO - [2024-04-05T15:16:47.598+0000] {dagbag.py:540} INFO - Filling up the DagBag from /home/airflow/.local/lib/python3.8/site-packages/airflow/example_dags/example_branch_operator.py
[2024-04-05T15:16:50.072+0000] {processor.py:840} INFO - DAG(s) 'example_branch_operator' retrieved from /home/airflow/.local/lib/python3.8/site-packages/airflow/example_dags/example_branch_operator.py
[2024-04-05T15:17:00.396+0000] {logging_mixin.py:188} INFO - [2024-04-05T15:17:00.381+0000] {dag.py:3047} INFO - Sync 1 DAGs
[2024-04-05T15:17:03.376+0000] {logging_mixin.py:188} INFO - [2024-04-05T15:17:03.373+0000] {dag.py:3834} INFO - Setting next_dagrun for example_branch_operator to 2024-04-04 00:00:00+00:00, run_after=2024-04-05 00:00:00+00:00
[2024-04-05T15:17:05.503+0000] {processor.py:183} INFO - Processing /home/airflow/.local/lib/python3.8/site-packages/airflow/example_dags/example_branch_operator.py took 18.203 seconds
[2024-04-05T15:19:56.297+0000] {processor.py:161} INFO - Started process (PID=661) to work on /home/airflow/.local/lib/python3.8/site-packages/airflow/example_dags/example_branch_operator.py
[2024-04-05T15:19:56.362+0000] {processor.py:830} INFO - Processing file /home/airflow/.local/lib/python3.8/site-packages/airflow/example_dags/example_branch_operator.py for tasks to queue
[2024-04-05T15:19:56.630+0000] {logging_mixin.py:188} INFO - [2024-04-05T15:19:56.547+0000] {dagbag.py:540} INFO - Filling up the DagBag from /home/airflow/.local/lib/python3.8/site-packages/airflow/example_dags/example_branch_operator.py
[2024-04-05T15:19:59.970+0000] {processor.py:840} INFO - DAG(s) 'example_branch_operator' retrieved from /home/airflow/.local/lib/python3.8/site-packages/airflow/example_dags/example_branch_operator.py
[2024-04-05T15:20:10.762+0000] {logging_mixin.py:188} INFO - [2024-04-05T15:20:10.758+0000] {dag.py:3047} INFO - Sync 1 DAGs
[2024-04-05T15:20:12.558+0000] {logging_mixin.py:188} INFO - [2024-04-05T15:20:12.511+0000] {dag.py:3834} INFO - Setting next_dagrun for example_branch_operator to 2024-04-04 00:00:00+00:00, run_after=2024-04-05 00:00:00+00:00
[2024-04-05T15:20:36.679+0000] {processor.py:183} INFO - Processing /home/airflow/.local/lib/python3.8/site-packages/airflow/example_dags/example_branch_operator.py took 40.902 seconds
[2024-04-05T15:22:23.003+0000] {processor.py:161} INFO - Started process (PID=721) to work on /home/airflow/.local/lib/python3.8/site-packages/airflow/example_dags/example_branch_operator.py
[2024-04-05T15:22:23.477+0000] {processor.py:830} INFO - Processing file /home/airflow/.local/lib/python3.8/site-packages/airflow/example_dags/example_branch_operator.py for tasks to queue
[2024-04-05T15:22:23.575+0000] {logging_mixin.py:188} INFO - [2024-04-05T15:22:23.559+0000] {dagbag.py:540} INFO - Filling up the DagBag from /home/airflow/.local/lib/python3.8/site-packages/airflow/example_dags/example_branch_operator.py
[2024-04-05T15:22:26.872+0000] {processor.py:840} INFO - DAG(s) 'example_branch_operator' retrieved from /home/airflow/.local/lib/python3.8/site-packages/airflow/example_dags/example_branch_operator.py
[2024-04-05T15:22:46.882+0000] {logging_mixin.py:188} INFO - [2024-04-05T15:22:46.867+0000] {dag.py:3047} INFO - Sync 1 DAGs
[2024-04-05T15:22:49.051+0000] {logging_mixin.py:188} INFO - [2024-04-05T15:22:49.037+0000] {dag.py:3834} INFO - Setting next_dagrun for example_branch_operator to 2024-04-04 00:00:00+00:00, run_after=2024-04-05 00:00:00+00:00
[2024-04-05T15:22:50.745+0000] {processor.py:183} INFO - Processing /home/airflow/.local/lib/python3.8/site-packages/airflow/example_dags/example_branch_operator.py took 28.405 seconds
[2024-04-05T15:25:10.447+0000] {processor.py:161} INFO - Started process (PID=800) to work on /home/airflow/.local/lib/python3.8/site-packages/airflow/example_dags/example_branch_operator.py
[2024-04-05T15:25:10.610+0000] {processor.py:830} INFO - Processing file /home/airflow/.local/lib/python3.8/site-packages/airflow/example_dags/example_branch_operator.py for tasks to queue
[2024-04-05T15:25:10.754+0000] {logging_mixin.py:188} INFO - [2024-04-05T15:25:10.743+0000] {dagbag.py:540} INFO - Filling up the DagBag from /home/airflow/.local/lib/python3.8/site-packages/airflow/example_dags/example_branch_operator.py
[2024-04-05T15:25:12.488+0000] {processor.py:840} INFO - DAG(s) 'example_branch_operator' retrieved from /home/airflow/.local/lib/python3.8/site-packages/airflow/example_dags/example_branch_operator.py
[2024-04-05T15:25:22.791+0000] {logging_mixin.py:188} INFO - [2024-04-05T15:25:22.766+0000] {dag.py:3047} INFO - Sync 1 DAGs
[2024-04-05T15:25:24.120+0000] {logging_mixin.py:188} INFO - [2024-04-05T15:25:24.106+0000] {dag.py:3834} INFO - Setting next_dagrun for example_branch_operator to 2024-04-04 00:00:00+00:00, run_after=2024-04-05 00:00:00+00:00
[2024-04-05T15:25:25.310+0000] {processor.py:183} INFO - Processing /home/airflow/.local/lib/python3.8/site-packages/airflow/example_dags/example_branch_operator.py took 15.128 seconds
[2024-04-05T15:26:18.256+0000] {processor.py:161} INFO - Started process (PID=844) to work on /home/airflow/.local/lib/python3.8/site-packages/airflow/example_dags/example_branch_operator.py
[2024-04-05T15:26:18.349+0000] {processor.py:830} INFO - Processing file /home/airflow/.local/lib/python3.8/site-packages/airflow/example_dags/example_branch_operator.py for tasks to queue
[2024-04-05T15:26:18.432+0000] {logging_mixin.py:188} INFO - [2024-04-05T15:26:18.392+0000] {dagbag.py:540} INFO - Filling up the DagBag from /home/airflow/.local/lib/python3.8/site-packages/airflow/example_dags/example_branch_operator.py
[2024-04-05T15:26:19.636+0000] {processor.py:840} INFO - DAG(s) 'example_branch_operator' retrieved from /home/airflow/.local/lib/python3.8/site-packages/airflow/example_dags/example_branch_operator.py
[2024-04-05T15:26:26.987+0000] {logging_mixin.py:188} INFO - [2024-04-05T15:26:26.985+0000] {dag.py:3047} INFO - Sync 1 DAGs
[2024-04-05T15:26:28.460+0000] {logging_mixin.py:188} INFO - [2024-04-05T15:26:28.437+0000] {dag.py:3834} INFO - Setting next_dagrun for example_branch_operator to 2024-04-04 00:00:00+00:00, run_after=2024-04-05 00:00:00+00:00
[2024-04-05T15:26:29.322+0000] {processor.py:183} INFO - Processing /home/airflow/.local/lib/python3.8/site-packages/airflow/example_dags/example_branch_operator.py took 11.354 seconds
[2024-04-05T15:27:59.220+0000] {processor.py:161} INFO - Started process (PID=904) to work on /home/airflow/.local/lib/python3.8/site-packages/airflow/example_dags/example_branch_operator.py
[2024-04-05T15:27:59.379+0000] {processor.py:830} INFO - Processing file /home/airflow/.local/lib/python3.8/site-packages/airflow/example_dags/example_branch_operator.py for tasks to queue
[2024-04-05T15:27:59.507+0000] {logging_mixin.py:188} INFO - [2024-04-05T15:27:59.491+0000] {dagbag.py:540} INFO - Filling up the DagBag from /home/airflow/.local/lib/python3.8/site-packages/airflow/example_dags/example_branch_operator.py
[2024-04-05T15:28:00.728+0000] {processor.py:840} INFO - DAG(s) 'example_branch_operator' retrieved from /home/airflow/.local/lib/python3.8/site-packages/airflow/example_dags/example_branch_operator.py
[2024-04-05T15:28:14.000+0000] {logging_mixin.py:188} INFO - [2024-04-05T15:28:13.969+0000] {dag.py:3047} INFO - Sync 1 DAGs
[2024-04-05T15:28:15.379+0000] {logging_mixin.py:188} INFO - [2024-04-05T15:28:15.377+0000] {dag.py:3834} INFO - Setting next_dagrun for example_branch_operator to 2024-04-04 00:00:00+00:00, run_after=2024-04-05 00:00:00+00:00
[2024-04-05T15:28:16.530+0000] {processor.py:183} INFO - Processing /home/airflow/.local/lib/python3.8/site-packages/airflow/example_dags/example_branch_operator.py took 17.469 seconds
[2024-04-05T15:32:33.439+0000] {processor.py:161} INFO - Started process (PID=1071) to work on /home/airflow/.local/lib/python3.8/site-packages/airflow/example_dags/example_branch_operator.py
[2024-04-05T15:32:33.519+0000] {processor.py:830} INFO - Processing file /home/airflow/.local/lib/python3.8/site-packages/airflow/example_dags/example_branch_operator.py for tasks to queue
[2024-04-05T15:32:33.586+0000] {logging_mixin.py:188} INFO - [2024-04-05T15:32:33.557+0000] {dagbag.py:540} INFO - Filling up the DagBag from /home/airflow/.local/lib/python3.8/site-packages/airflow/example_dags/example_branch_operator.py
[2024-04-05T15:32:35.775+0000] {processor.py:840} INFO - DAG(s) 'example_branch_operator' retrieved from /home/airflow/.local/lib/python3.8/site-packages/airflow/example_dags/example_branch_operator.py
[2024-04-05T15:32:39.526+0000] {logging_mixin.py:188} INFO - [2024-04-05T15:32:39.521+0000] {dag.py:3047} INFO - Sync 1 DAGs
[2024-04-05T15:32:40.412+0000] {logging_mixin.py:188} INFO - [2024-04-05T15:32:40.410+0000] {dag.py:3834} INFO - Setting next_dagrun for example_branch_operator to 2024-04-04 00:00:00+00:00, run_after=2024-04-05 00:00:00+00:00
[2024-04-05T15:32:41.152+0000] {processor.py:183} INFO - Processing /home/airflow/.local/lib/python3.8/site-packages/airflow/example_dags/example_branch_operator.py took 7.956 seconds
