[2024-04-05T14:59:41.304+0000] {processor.py:161} INFO - Started process (PID=188) to work on /home/airflow/.local/lib/python3.8/site-packages/airflow/example_dags/example_datasets.py
[2024-04-05T14:59:41.423+0000] {processor.py:830} INFO - Processing file /home/airflow/.local/lib/python3.8/site-packages/airflow/example_dags/example_datasets.py for tasks to queue
[2024-04-05T14:59:41.679+0000] {logging_mixin.py:188} INFO - [2024-04-05T14:59:41.608+0000] {dagbag.py:540} INFO - Filling up the DagBag from /home/airflow/.local/lib/python3.8/site-packages/airflow/example_dags/example_datasets.py
[2024-04-05T14:59:42.970+0000] {processor.py:840} INFO - DAG(s) 'dataset_consumes_1', 'dataset_produces_1', 'dataset_consumes_1_and_2', 'dataset_consumes_1_never_scheduled', 'dataset_consumes_unknown_never_scheduled', 'dataset_produces_2' retrieved from /home/airflow/.local/lib/python3.8/site-packages/airflow/example_dags/example_datasets.py
[2024-04-05T14:59:49.120+0000] {logging_mixin.py:188} INFO - [2024-04-05T14:59:49.115+0000] {override.py:1769} INFO - Created Permission View: can edit on DAG:dataset_consumes_1
[2024-04-05T14:59:49.780+0000] {logging_mixin.py:188} INFO - [2024-04-05T14:59:49.777+0000] {override.py:1769} INFO - Created Permission View: can read on DAG:dataset_consumes_1
[2024-04-05T14:59:50.093+0000] {logging_mixin.py:188} INFO - [2024-04-05T14:59:50.062+0000] {override.py:1769} INFO - Created Permission View: can delete on DAG:dataset_consumes_1
[2024-04-05T14:59:50.955+0000] {logging_mixin.py:188} INFO - [2024-04-05T14:59:50.951+0000] {override.py:1769} INFO - Created Permission View: can edit on DAG:dataset_produces_1
[2024-04-05T14:59:52.588+0000] {logging_mixin.py:188} INFO - [2024-04-05T14:59:52.586+0000] {override.py:1769} INFO - Created Permission View: can read on DAG:dataset_produces_1
[2024-04-05T14:59:53.289+0000] {logging_mixin.py:188} INFO - [2024-04-05T14:59:53.286+0000] {override.py:1769} INFO - Created Permission View: can delete on DAG:dataset_produces_1
[2024-04-05T14:59:54.686+0000] {logging_mixin.py:188} INFO - [2024-04-05T14:59:54.639+0000] {override.py:1769} INFO - Created Permission View: can edit on DAG:dataset_consumes_1_and_2
[2024-04-05T14:59:55.432+0000] {logging_mixin.py:188} INFO - [2024-04-05T14:59:55.429+0000] {override.py:1769} INFO - Created Permission View: can read on DAG:dataset_consumes_1_and_2
[2024-04-05T14:59:56.564+0000] {logging_mixin.py:188} INFO - [2024-04-05T14:59:56.556+0000] {override.py:1769} INFO - Created Permission View: can delete on DAG:dataset_consumes_1_and_2
[2024-04-05T14:59:58.866+0000] {logging_mixin.py:188} INFO - [2024-04-05T14:59:58.834+0000] {override.py:1769} INFO - Created Permission View: can edit on DAG:dataset_consumes_1_never_scheduled
[2024-04-05T14:59:59.645+0000] {logging_mixin.py:188} INFO - [2024-04-05T14:59:59.603+0000] {override.py:1769} INFO - Created Permission View: can read on DAG:dataset_consumes_1_never_scheduled
[2024-04-05T15:00:00.397+0000] {logging_mixin.py:188} INFO - [2024-04-05T15:00:00.381+0000] {override.py:1769} INFO - Created Permission View: can delete on DAG:dataset_consumes_1_never_scheduled
[2024-04-05T15:00:01.328+0000] {logging_mixin.py:188} INFO - [2024-04-05T15:00:01.325+0000] {override.py:1769} INFO - Created Permission View: can edit on DAG:dataset_consumes_unknown_never_scheduled
[2024-04-05T15:00:01.892+0000] {logging_mixin.py:188} INFO - [2024-04-05T15:00:01.888+0000] {override.py:1769} INFO - Created Permission View: can read on DAG:dataset_consumes_unknown_never_scheduled
[2024-04-05T15:00:02.556+0000] {logging_mixin.py:188} INFO - [2024-04-05T15:00:02.526+0000] {override.py:1769} INFO - Created Permission View: can delete on DAG:dataset_consumes_unknown_never_scheduled
[2024-04-05T15:00:03.929+0000] {logging_mixin.py:188} INFO - [2024-04-05T15:00:03.898+0000] {override.py:1769} INFO - Created Permission View: can edit on DAG:dataset_produces_2
[2024-04-05T15:00:04.793+0000] {logging_mixin.py:188} INFO - [2024-04-05T15:00:04.742+0000] {override.py:1769} INFO - Created Permission View: can read on DAG:dataset_produces_2
[2024-04-05T15:00:05.778+0000] {logging_mixin.py:188} INFO - [2024-04-05T15:00:05.775+0000] {override.py:1769} INFO - Created Permission View: can delete on DAG:dataset_produces_2
[2024-04-05T15:00:06.049+0000] {logging_mixin.py:188} INFO - [2024-04-05T15:00:06.014+0000] {dag.py:3047} INFO - Sync 6 DAGs
[2024-04-05T15:00:07.854+0000] {logging_mixin.py:188} INFO - [2024-04-05T15:00:07.851+0000] {dag.py:3069} INFO - Creating ORM DAG for dataset_consumes_1
[2024-04-05T15:00:07.960+0000] {logging_mixin.py:188} INFO - [2024-04-05T15:00:07.958+0000] {dag.py:3069} INFO - Creating ORM DAG for dataset_produces_1
[2024-04-05T15:00:08.043+0000] {logging_mixin.py:188} INFO - [2024-04-05T15:00:08.019+0000] {dag.py:3069} INFO - Creating ORM DAG for dataset_consumes_1_never_scheduled
[2024-04-05T15:00:08.184+0000] {logging_mixin.py:188} INFO - [2024-04-05T15:00:08.182+0000] {dag.py:3069} INFO - Creating ORM DAG for dataset_consumes_unknown_never_scheduled
[2024-04-05T15:00:08.332+0000] {logging_mixin.py:188} INFO - [2024-04-05T15:00:08.242+0000] {dag.py:3069} INFO - Creating ORM DAG for dataset_produces_2
[2024-04-05T15:00:08.533+0000] {logging_mixin.py:188} INFO - [2024-04-05T15:00:08.443+0000] {dag.py:3069} INFO - Creating ORM DAG for dataset_consumes_1_and_2
[2024-04-05T15:00:10.137+0000] {logging_mixin.py:188} INFO - [2024-04-05T15:00:10.134+0000] {dag.py:3834} INFO - Setting next_dagrun for dataset_consumes_1 to None, run_after=None
[2024-04-05T15:00:10.262+0000] {logging_mixin.py:188} INFO - [2024-04-05T15:00:10.224+0000] {dag.py:3834} INFO - Setting next_dagrun for dataset_consumes_1_and_2 to None, run_after=None
[2024-04-05T15:00:10.288+0000] {logging_mixin.py:188} INFO - [2024-04-05T15:00:10.280+0000] {dag.py:3834} INFO - Setting next_dagrun for dataset_consumes_1_never_scheduled to None, run_after=None
[2024-04-05T15:00:10.376+0000] {logging_mixin.py:188} INFO - [2024-04-05T15:00:10.373+0000] {dag.py:3834} INFO - Setting next_dagrun for dataset_consumes_unknown_never_scheduled to None, run_after=None
[2024-04-05T15:00:10.615+0000] {logging_mixin.py:188} INFO - [2024-04-05T15:00:10.580+0000] {dag.py:3834} INFO - Setting next_dagrun for dataset_produces_1 to 2024-04-04 00:00:00+00:00, run_after=2024-04-05 00:00:00+00:00
[2024-04-05T15:00:10.637+0000] {logging_mixin.py:188} INFO - [2024-04-05T15:00:10.636+0000] {dag.py:3834} INFO - Setting next_dagrun for dataset_produces_2 to None, run_after=None
[2024-04-05T15:00:13.558+0000] {processor.py:183} INFO - Processing /home/airflow/.local/lib/python3.8/site-packages/airflow/example_dags/example_datasets.py took 32.509 seconds
[2024-04-05T15:07:11.675+0000] {processor.py:161} INFO - Started process (PID=320) to work on /home/airflow/.local/lib/python3.8/site-packages/airflow/example_dags/example_datasets.py
[2024-04-05T15:07:11.831+0000] {processor.py:830} INFO - Processing file /home/airflow/.local/lib/python3.8/site-packages/airflow/example_dags/example_datasets.py for tasks to queue
[2024-04-05T15:07:12.014+0000] {logging_mixin.py:188} INFO - [2024-04-05T15:07:11.981+0000] {dagbag.py:540} INFO - Filling up the DagBag from /home/airflow/.local/lib/python3.8/site-packages/airflow/example_dags/example_datasets.py
[2024-04-05T15:07:13.753+0000] {processor.py:840} INFO - DAG(s) 'dataset_consumes_unknown_never_scheduled', 'dataset_produces_1', 'dataset_consumes_1_and_2', 'dataset_produces_2', 'dataset_consumes_1_never_scheduled', 'dataset_consumes_1' retrieved from /home/airflow/.local/lib/python3.8/site-packages/airflow/example_dags/example_datasets.py
[2024-04-05T15:07:17.331+0000] {logging_mixin.py:188} INFO - [2024-04-05T15:07:17.329+0000] {dag.py:3047} INFO - Sync 6 DAGs
[2024-04-05T15:07:19.176+0000] {logging_mixin.py:188} INFO - [2024-04-05T15:07:19.158+0000] {dag.py:3834} INFO - Setting next_dagrun for dataset_consumes_1 to None, run_after=None
[2024-04-05T15:07:19.909+0000] {logging_mixin.py:188} INFO - [2024-04-05T15:07:19.907+0000] {dag.py:3834} INFO - Setting next_dagrun for dataset_consumes_1_and_2 to None, run_after=None
[2024-04-05T15:07:20.165+0000] {logging_mixin.py:188} INFO - [2024-04-05T15:07:20.162+0000] {dag.py:3834} INFO - Setting next_dagrun for dataset_consumes_1_never_scheduled to None, run_after=None
[2024-04-05T15:07:20.382+0000] {logging_mixin.py:188} INFO - [2024-04-05T15:07:20.374+0000] {dag.py:3834} INFO - Setting next_dagrun for dataset_consumes_unknown_never_scheduled to None, run_after=None
[2024-04-05T15:07:20.547+0000] {logging_mixin.py:188} INFO - [2024-04-05T15:07:20.540+0000] {dag.py:3834} INFO - Setting next_dagrun for dataset_produces_1 to 2024-04-04 00:00:00+00:00, run_after=2024-04-05 00:00:00+00:00
[2024-04-05T15:07:20.818+0000] {logging_mixin.py:188} INFO - [2024-04-05T15:07:20.816+0000] {dag.py:3834} INFO - Setting next_dagrun for dataset_produces_2 to None, run_after=None
[2024-04-05T15:07:26.747+0000] {processor.py:183} INFO - Processing /home/airflow/.local/lib/python3.8/site-packages/airflow/example_dags/example_datasets.py took 15.345 seconds
[2024-04-05T15:09:33.822+0000] {processor.py:161} INFO - Started process (PID=385) to work on /home/airflow/.local/lib/python3.8/site-packages/airflow/example_dags/example_datasets.py
[2024-04-05T15:09:34.265+0000] {processor.py:830} INFO - Processing file /home/airflow/.local/lib/python3.8/site-packages/airflow/example_dags/example_datasets.py for tasks to queue
[2024-04-05T15:09:34.902+0000] {logging_mixin.py:188} INFO - [2024-04-05T15:09:34.883+0000] {dagbag.py:540} INFO - Filling up the DagBag from /home/airflow/.local/lib/python3.8/site-packages/airflow/example_dags/example_datasets.py
[2024-04-05T15:09:36.300+0000] {processor.py:840} INFO - DAG(s) 'dataset_produces_1', 'dataset_consumes_1_never_scheduled', 'dataset_consumes_unknown_never_scheduled', 'dataset_consumes_1_and_2', 'dataset_consumes_1', 'dataset_produces_2' retrieved from /home/airflow/.local/lib/python3.8/site-packages/airflow/example_dags/example_datasets.py
[2024-04-05T15:09:40.556+0000] {logging_mixin.py:188} INFO - [2024-04-05T15:09:40.550+0000] {dag.py:3047} INFO - Sync 6 DAGs
[2024-04-05T15:09:43.268+0000] {logging_mixin.py:188} INFO - [2024-04-05T15:09:43.174+0000] {dag.py:3834} INFO - Setting next_dagrun for dataset_consumes_1 to None, run_after=None
[2024-04-05T15:09:43.888+0000] {logging_mixin.py:188} INFO - [2024-04-05T15:09:43.855+0000] {dag.py:3834} INFO - Setting next_dagrun for dataset_consumes_1_and_2 to None, run_after=None
[2024-04-05T15:09:44.105+0000] {logging_mixin.py:188} INFO - [2024-04-05T15:09:44.002+0000] {dag.py:3834} INFO - Setting next_dagrun for dataset_consumes_1_never_scheduled to None, run_after=None
[2024-04-05T15:09:44.311+0000] {logging_mixin.py:188} INFO - [2024-04-05T15:09:44.308+0000] {dag.py:3834} INFO - Setting next_dagrun for dataset_consumes_unknown_never_scheduled to None, run_after=None
[2024-04-05T15:09:44.675+0000] {logging_mixin.py:188} INFO - [2024-04-05T15:09:44.672+0000] {dag.py:3834} INFO - Setting next_dagrun for dataset_produces_1 to 2024-04-04 00:00:00+00:00, run_after=2024-04-05 00:00:00+00:00
[2024-04-05T15:09:44.770+0000] {logging_mixin.py:188} INFO - [2024-04-05T15:09:44.753+0000] {dag.py:3834} INFO - Setting next_dagrun for dataset_produces_2 to None, run_after=None
[2024-04-05T15:09:48.610+0000] {processor.py:183} INFO - Processing /home/airflow/.local/lib/python3.8/site-packages/airflow/example_dags/example_datasets.py took 15.546 seconds
[2024-04-05T15:13:20.526+0000] {processor.py:161} INFO - Started process (PID=482) to work on /home/airflow/.local/lib/python3.8/site-packages/airflow/example_dags/example_datasets.py
[2024-04-05T15:13:20.567+0000] {processor.py:830} INFO - Processing file /home/airflow/.local/lib/python3.8/site-packages/airflow/example_dags/example_datasets.py for tasks to queue
[2024-04-05T15:13:20.669+0000] {logging_mixin.py:188} INFO - [2024-04-05T15:13:20.640+0000] {dagbag.py:540} INFO - Filling up the DagBag from /home/airflow/.local/lib/python3.8/site-packages/airflow/example_dags/example_datasets.py
[2024-04-05T15:13:21.036+0000] {processor.py:840} INFO - DAG(s) 'dataset_consumes_1_and_2', 'dataset_produces_2', 'dataset_consumes_1_never_scheduled', 'dataset_consumes_1', 'dataset_produces_1', 'dataset_consumes_unknown_never_scheduled' retrieved from /home/airflow/.local/lib/python3.8/site-packages/airflow/example_dags/example_datasets.py
[2024-04-05T15:13:23.479+0000] {logging_mixin.py:188} INFO - [2024-04-05T15:13:23.432+0000] {dag.py:3047} INFO - Sync 6 DAGs
[2024-04-05T15:13:25.731+0000] {logging_mixin.py:188} INFO - [2024-04-05T15:13:25.729+0000] {dag.py:3834} INFO - Setting next_dagrun for dataset_consumes_1 to None, run_after=None
[2024-04-05T15:13:26.487+0000] {logging_mixin.py:188} INFO - [2024-04-05T15:13:26.401+0000] {dag.py:3834} INFO - Setting next_dagrun for dataset_consumes_1_and_2 to None, run_after=None
[2024-04-05T15:13:26.633+0000] {logging_mixin.py:188} INFO - [2024-04-05T15:13:26.597+0000] {dag.py:3834} INFO - Setting next_dagrun for dataset_consumes_1_never_scheduled to None, run_after=None
[2024-04-05T15:13:26.730+0000] {logging_mixin.py:188} INFO - [2024-04-05T15:13:26.704+0000] {dag.py:3834} INFO - Setting next_dagrun for dataset_consumes_unknown_never_scheduled to None, run_after=None
[2024-04-05T15:13:26.956+0000] {logging_mixin.py:188} INFO - [2024-04-05T15:13:26.943+0000] {dag.py:3834} INFO - Setting next_dagrun for dataset_produces_1 to 2024-04-04 00:00:00+00:00, run_after=2024-04-05 00:00:00+00:00
[2024-04-05T15:13:27.019+0000] {logging_mixin.py:188} INFO - [2024-04-05T15:13:27.018+0000] {dag.py:3834} INFO - Setting next_dagrun for dataset_produces_2 to None, run_after=None
[2024-04-05T15:13:29.469+0000] {processor.py:183} INFO - Processing /home/airflow/.local/lib/python3.8/site-packages/airflow/example_dags/example_datasets.py took 9.576 seconds
[2024-04-05T15:14:57.830+0000] {processor.py:161} INFO - Started process (PID=530) to work on /home/airflow/.local/lib/python3.8/site-packages/airflow/example_dags/example_datasets.py
[2024-04-05T15:14:57.919+0000] {processor.py:830} INFO - Processing file /home/airflow/.local/lib/python3.8/site-packages/airflow/example_dags/example_datasets.py for tasks to queue
[2024-04-05T15:14:58.374+0000] {logging_mixin.py:188} INFO - [2024-04-05T15:14:58.319+0000] {dagbag.py:540} INFO - Filling up the DagBag from /home/airflow/.local/lib/python3.8/site-packages/airflow/example_dags/example_datasets.py
[2024-04-05T15:14:59.822+0000] {processor.py:840} INFO - DAG(s) 'dataset_consumes_1', 'dataset_produces_2', 'dataset_produces_1', 'dataset_consumes_1_never_scheduled', 'dataset_consumes_unknown_never_scheduled', 'dataset_consumes_1_and_2' retrieved from /home/airflow/.local/lib/python3.8/site-packages/airflow/example_dags/example_datasets.py
[2024-04-05T15:15:04.732+0000] {logging_mixin.py:188} INFO - [2024-04-05T15:15:04.730+0000] {dag.py:3047} INFO - Sync 6 DAGs
[2024-04-05T15:15:06.935+0000] {logging_mixin.py:188} INFO - [2024-04-05T15:15:06.933+0000] {dag.py:3834} INFO - Setting next_dagrun for dataset_consumes_1 to None, run_after=None
[2024-04-05T15:15:07.116+0000] {logging_mixin.py:188} INFO - [2024-04-05T15:15:07.114+0000] {dag.py:3834} INFO - Setting next_dagrun for dataset_consumes_1_and_2 to None, run_after=None
[2024-04-05T15:15:07.177+0000] {logging_mixin.py:188} INFO - [2024-04-05T15:15:07.158+0000] {dag.py:3834} INFO - Setting next_dagrun for dataset_consumes_1_never_scheduled to None, run_after=None
[2024-04-05T15:15:07.218+0000] {logging_mixin.py:188} INFO - [2024-04-05T15:15:07.217+0000] {dag.py:3834} INFO - Setting next_dagrun for dataset_consumes_unknown_never_scheduled to None, run_after=None
[2024-04-05T15:15:07.432+0000] {logging_mixin.py:188} INFO - [2024-04-05T15:15:07.429+0000] {dag.py:3834} INFO - Setting next_dagrun for dataset_produces_1 to 2024-04-04 00:00:00+00:00, run_after=2024-04-05 00:00:00+00:00
[2024-04-05T15:15:07.587+0000] {logging_mixin.py:188} INFO - [2024-04-05T15:15:07.561+0000] {dag.py:3834} INFO - Setting next_dagrun for dataset_produces_2 to None, run_after=None
[2024-04-05T15:15:09.768+0000] {processor.py:183} INFO - Processing /home/airflow/.local/lib/python3.8/site-packages/airflow/example_dags/example_datasets.py took 12.004 seconds
[2024-04-05T15:17:49.467+0000] {processor.py:161} INFO - Started process (PID=612) to work on /home/airflow/.local/lib/python3.8/site-packages/airflow/example_dags/example_datasets.py
[2024-04-05T15:17:49.830+0000] {processor.py:830} INFO - Processing file /home/airflow/.local/lib/python3.8/site-packages/airflow/example_dags/example_datasets.py for tasks to queue
[2024-04-05T15:17:50.224+0000] {logging_mixin.py:188} INFO - [2024-04-05T15:17:50.176+0000] {dagbag.py:540} INFO - Filling up the DagBag from /home/airflow/.local/lib/python3.8/site-packages/airflow/example_dags/example_datasets.py
[2024-04-05T15:17:51.669+0000] {processor.py:840} INFO - DAG(s) 'dataset_consumes_1_never_scheduled', 'dataset_consumes_1', 'dataset_consumes_unknown_never_scheduled', 'dataset_produces_1', 'dataset_consumes_1_and_2', 'dataset_produces_2' retrieved from /home/airflow/.local/lib/python3.8/site-packages/airflow/example_dags/example_datasets.py
[2024-04-05T15:17:54.064+0000] {logging_mixin.py:188} INFO - [2024-04-05T15:17:54.030+0000] {dag.py:3047} INFO - Sync 6 DAGs
[2024-04-05T15:17:56.970+0000] {logging_mixin.py:188} INFO - [2024-04-05T15:17:56.945+0000] {dag.py:3834} INFO - Setting next_dagrun for dataset_consumes_1 to None, run_after=None
[2024-04-05T15:17:57.355+0000] {logging_mixin.py:188} INFO - [2024-04-05T15:17:57.353+0000] {dag.py:3834} INFO - Setting next_dagrun for dataset_consumes_1_and_2 to None, run_after=None
[2024-04-05T15:17:57.497+0000] {logging_mixin.py:188} INFO - [2024-04-05T15:17:57.435+0000] {dag.py:3834} INFO - Setting next_dagrun for dataset_consumes_1_never_scheduled to None, run_after=None
[2024-04-05T15:17:57.616+0000] {logging_mixin.py:188} INFO - [2024-04-05T15:17:57.551+0000] {dag.py:3834} INFO - Setting next_dagrun for dataset_consumes_unknown_never_scheduled to None, run_after=None
[2024-04-05T15:17:58.370+0000] {logging_mixin.py:188} INFO - [2024-04-05T15:17:58.309+0000] {dag.py:3834} INFO - Setting next_dagrun for dataset_produces_1 to 2024-04-04 00:00:00+00:00, run_after=2024-04-05 00:00:00+00:00
[2024-04-05T15:17:58.465+0000] {logging_mixin.py:188} INFO - [2024-04-05T15:17:58.463+0000] {dag.py:3834} INFO - Setting next_dagrun for dataset_produces_2 to None, run_after=None
[2024-04-05T15:18:00.858+0000] {processor.py:183} INFO - Processing /home/airflow/.local/lib/python3.8/site-packages/airflow/example_dags/example_datasets.py took 11.720 seconds
[2024-04-05T15:20:28.490+0000] {processor.py:161} INFO - Started process (PID=668) to work on /home/airflow/.local/lib/python3.8/site-packages/airflow/example_dags/example_datasets.py
[2024-04-05T15:20:28.513+0000] {processor.py:830} INFO - Processing file /home/airflow/.local/lib/python3.8/site-packages/airflow/example_dags/example_datasets.py for tasks to queue
[2024-04-05T15:20:28.550+0000] {logging_mixin.py:188} INFO - [2024-04-05T15:20:28.547+0000] {dagbag.py:540} INFO - Filling up the DagBag from /home/airflow/.local/lib/python3.8/site-packages/airflow/example_dags/example_datasets.py
[2024-04-05T15:20:29.336+0000] {processor.py:840} INFO - DAG(s) 'dataset_consumes_1_never_scheduled', 'dataset_consumes_unknown_never_scheduled', 'dataset_produces_2', 'dataset_consumes_1_and_2', 'dataset_consumes_1', 'dataset_produces_1' retrieved from /home/airflow/.local/lib/python3.8/site-packages/airflow/example_dags/example_datasets.py
[2024-04-05T15:20:32.073+0000] {logging_mixin.py:188} INFO - [2024-04-05T15:20:32.059+0000] {dag.py:3047} INFO - Sync 6 DAGs
[2024-04-05T15:20:35.305+0000] {logging_mixin.py:188} INFO - [2024-04-05T15:20:35.276+0000] {dag.py:3834} INFO - Setting next_dagrun for dataset_consumes_1 to None, run_after=None
[2024-04-05T15:20:35.885+0000] {logging_mixin.py:188} INFO - [2024-04-05T15:20:35.805+0000] {dag.py:3834} INFO - Setting next_dagrun for dataset_consumes_1_and_2 to None, run_after=None
[2024-04-05T15:20:36.006+0000] {logging_mixin.py:188} INFO - [2024-04-05T15:20:36.004+0000] {dag.py:3834} INFO - Setting next_dagrun for dataset_consumes_1_never_scheduled to None, run_after=None
[2024-04-05T15:20:36.195+0000] {logging_mixin.py:188} INFO - [2024-04-05T15:20:36.150+0000] {dag.py:3834} INFO - Setting next_dagrun for dataset_consumes_unknown_never_scheduled to None, run_after=None
[2024-04-05T15:20:36.517+0000] {logging_mixin.py:188} INFO - [2024-04-05T15:20:36.507+0000] {dag.py:3834} INFO - Setting next_dagrun for dataset_produces_1 to 2024-04-04 00:00:00+00:00, run_after=2024-04-05 00:00:00+00:00
[2024-04-05T15:20:36.580+0000] {logging_mixin.py:188} INFO - [2024-04-05T15:20:36.578+0000] {dag.py:3834} INFO - Setting next_dagrun for dataset_produces_2 to None, run_after=None
[2024-04-05T15:20:41.033+0000] {processor.py:183} INFO - Processing /home/airflow/.local/lib/python3.8/site-packages/airflow/example_dags/example_datasets.py took 12.837 seconds
[2024-04-05T15:23:37.079+0000] {processor.py:161} INFO - Started process (PID=756) to work on /home/airflow/.local/lib/python3.8/site-packages/airflow/example_dags/example_datasets.py
[2024-04-05T15:23:37.190+0000] {processor.py:830} INFO - Processing file /home/airflow/.local/lib/python3.8/site-packages/airflow/example_dags/example_datasets.py for tasks to queue
[2024-04-05T15:23:37.395+0000] {logging_mixin.py:188} INFO - [2024-04-05T15:23:37.317+0000] {dagbag.py:540} INFO - Filling up the DagBag from /home/airflow/.local/lib/python3.8/site-packages/airflow/example_dags/example_datasets.py
[2024-04-05T15:23:40.222+0000] {processor.py:840} INFO - DAG(s) 'dataset_consumes_1', 'dataset_consumes_1_never_scheduled', 'dataset_produces_1', 'dataset_consumes_unknown_never_scheduled', 'dataset_produces_2', 'dataset_consumes_1_and_2' retrieved from /home/airflow/.local/lib/python3.8/site-packages/airflow/example_dags/example_datasets.py
[2024-04-05T15:23:43.003+0000] {logging_mixin.py:188} INFO - [2024-04-05T15:23:42.974+0000] {dag.py:3047} INFO - Sync 6 DAGs
[2024-04-05T15:23:46.075+0000] {logging_mixin.py:188} INFO - [2024-04-05T15:23:46.073+0000] {dag.py:3834} INFO - Setting next_dagrun for dataset_consumes_1 to None, run_after=None
[2024-04-05T15:23:46.588+0000] {logging_mixin.py:188} INFO - [2024-04-05T15:23:46.586+0000] {dag.py:3834} INFO - Setting next_dagrun for dataset_consumes_1_and_2 to None, run_after=None
[2024-04-05T15:23:46.932+0000] {logging_mixin.py:188} INFO - [2024-04-05T15:23:46.875+0000] {dag.py:3834} INFO - Setting next_dagrun for dataset_consumes_1_never_scheduled to None, run_after=None
[2024-04-05T15:23:47.029+0000] {logging_mixin.py:188} INFO - [2024-04-05T15:23:47.024+0000] {dag.py:3834} INFO - Setting next_dagrun for dataset_consumes_unknown_never_scheduled to None, run_after=None
[2024-04-05T15:23:47.334+0000] {logging_mixin.py:188} INFO - [2024-04-05T15:23:47.331+0000] {dag.py:3834} INFO - Setting next_dagrun for dataset_produces_1 to 2024-04-04 00:00:00+00:00, run_after=2024-04-05 00:00:00+00:00
[2024-04-05T15:23:47.408+0000] {logging_mixin.py:188} INFO - [2024-04-05T15:23:47.380+0000] {dag.py:3834} INFO - Setting next_dagrun for dataset_produces_2 to None, run_after=None
[2024-04-05T15:23:50.574+0000] {processor.py:183} INFO - Processing /home/airflow/.local/lib/python3.8/site-packages/airflow/example_dags/example_datasets.py took 14.164 seconds
[2024-04-05T15:25:18.843+0000] {processor.py:161} INFO - Started process (PID=802) to work on /home/airflow/.local/lib/python3.8/site-packages/airflow/example_dags/example_datasets.py
[2024-04-05T15:25:18.875+0000] {processor.py:830} INFO - Processing file /home/airflow/.local/lib/python3.8/site-packages/airflow/example_dags/example_datasets.py for tasks to queue
[2024-04-05T15:25:18.924+0000] {logging_mixin.py:188} INFO - [2024-04-05T15:25:18.909+0000] {dagbag.py:540} INFO - Filling up the DagBag from /home/airflow/.local/lib/python3.8/site-packages/airflow/example_dags/example_datasets.py
[2024-04-05T15:25:20.039+0000] {processor.py:840} INFO - DAG(s) 'dataset_consumes_1', 'dataset_produces_2', 'dataset_consumes_1_never_scheduled', 'dataset_consumes_1_and_2', 'dataset_consumes_unknown_never_scheduled', 'dataset_produces_1' retrieved from /home/airflow/.local/lib/python3.8/site-packages/airflow/example_dags/example_datasets.py
[2024-04-05T15:25:23.287+0000] {logging_mixin.py:188} INFO - [2024-04-05T15:25:23.276+0000] {dag.py:3047} INFO - Sync 6 DAGs
[2024-04-05T15:25:25.107+0000] {logging_mixin.py:188} INFO - [2024-04-05T15:25:25.103+0000] {dag.py:3834} INFO - Setting next_dagrun for dataset_consumes_1 to None, run_after=None
[2024-04-05T15:25:25.473+0000] {logging_mixin.py:188} INFO - [2024-04-05T15:25:25.470+0000] {dag.py:3834} INFO - Setting next_dagrun for dataset_consumes_1_and_2 to None, run_after=None
[2024-04-05T15:25:25.594+0000] {logging_mixin.py:188} INFO - [2024-04-05T15:25:25.592+0000] {dag.py:3834} INFO - Setting next_dagrun for dataset_consumes_1_never_scheduled to None, run_after=None
[2024-04-05T15:25:25.771+0000] {logging_mixin.py:188} INFO - [2024-04-05T15:25:25.769+0000] {dag.py:3834} INFO - Setting next_dagrun for dataset_consumes_unknown_never_scheduled to None, run_after=None
[2024-04-05T15:25:26.366+0000] {logging_mixin.py:188} INFO - [2024-04-05T15:25:26.288+0000] {dag.py:3834} INFO - Setting next_dagrun for dataset_produces_1 to 2024-04-04 00:00:00+00:00, run_after=2024-04-05 00:00:00+00:00
[2024-04-05T15:25:26.567+0000] {logging_mixin.py:188} INFO - [2024-04-05T15:25:26.486+0000] {dag.py:3834} INFO - Setting next_dagrun for dataset_produces_2 to None, run_after=None
[2024-04-05T15:25:28.783+0000] {processor.py:183} INFO - Processing /home/airflow/.local/lib/python3.8/site-packages/airflow/example_dags/example_datasets.py took 10.357 seconds
[2024-04-05T15:26:56.476+0000] {processor.py:161} INFO - Started process (PID=874) to work on /home/airflow/.local/lib/python3.8/site-packages/airflow/example_dags/example_datasets.py
[2024-04-05T15:26:56.509+0000] {processor.py:830} INFO - Processing file /home/airflow/.local/lib/python3.8/site-packages/airflow/example_dags/example_datasets.py for tasks to queue
[2024-04-05T15:26:56.656+0000] {logging_mixin.py:188} INFO - [2024-04-05T15:26:56.653+0000] {dagbag.py:540} INFO - Filling up the DagBag from /home/airflow/.local/lib/python3.8/site-packages/airflow/example_dags/example_datasets.py
[2024-04-05T15:26:58.253+0000] {processor.py:840} INFO - DAG(s) 'dataset_consumes_unknown_never_scheduled', 'dataset_consumes_1_never_scheduled', 'dataset_consumes_1_and_2', 'dataset_consumes_1', 'dataset_produces_1', 'dataset_produces_2' retrieved from /home/airflow/.local/lib/python3.8/site-packages/airflow/example_dags/example_datasets.py
[2024-04-05T15:27:00.092+0000] {logging_mixin.py:188} INFO - [2024-04-05T15:27:00.090+0000] {dag.py:3047} INFO - Sync 6 DAGs
[2024-04-05T15:27:01.333+0000] {logging_mixin.py:188} INFO - [2024-04-05T15:27:01.290+0000] {dag.py:3834} INFO - Setting next_dagrun for dataset_consumes_1 to None, run_after=None
[2024-04-05T15:27:01.537+0000] {logging_mixin.py:188} INFO - [2024-04-05T15:27:01.535+0000] {dag.py:3834} INFO - Setting next_dagrun for dataset_consumes_1_and_2 to None, run_after=None
[2024-04-05T15:27:01.600+0000] {logging_mixin.py:188} INFO - [2024-04-05T15:27:01.596+0000] {dag.py:3834} INFO - Setting next_dagrun for dataset_consumes_1_never_scheduled to None, run_after=None
[2024-04-05T15:27:01.660+0000] {logging_mixin.py:188} INFO - [2024-04-05T15:27:01.650+0000] {dag.py:3834} INFO - Setting next_dagrun for dataset_consumes_unknown_never_scheduled to None, run_after=None
[2024-04-05T15:27:02.246+0000] {logging_mixin.py:188} INFO - [2024-04-05T15:27:02.243+0000] {dag.py:3834} INFO - Setting next_dagrun for dataset_produces_1 to 2024-04-04 00:00:00+00:00, run_after=2024-04-05 00:00:00+00:00
[2024-04-05T15:27:02.400+0000] {logging_mixin.py:188} INFO - [2024-04-05T15:27:02.346+0000] {dag.py:3834} INFO - Setting next_dagrun for dataset_produces_2 to None, run_after=None
[2024-04-05T15:27:03.758+0000] {processor.py:183} INFO - Processing /home/airflow/.local/lib/python3.8/site-packages/airflow/example_dags/example_datasets.py took 7.470 seconds
[2024-04-05T15:28:44.619+0000] {processor.py:161} INFO - Started process (PID=935) to work on /home/airflow/.local/lib/python3.8/site-packages/airflow/example_dags/example_datasets.py
[2024-04-05T15:28:44.651+0000] {processor.py:830} INFO - Processing file /home/airflow/.local/lib/python3.8/site-packages/airflow/example_dags/example_datasets.py for tasks to queue
[2024-04-05T15:28:44.685+0000] {logging_mixin.py:188} INFO - [2024-04-05T15:28:44.670+0000] {dagbag.py:540} INFO - Filling up the DagBag from /home/airflow/.local/lib/python3.8/site-packages/airflow/example_dags/example_datasets.py
[2024-04-05T15:28:45.635+0000] {processor.py:840} INFO - DAG(s) 'dataset_consumes_unknown_never_scheduled', 'dataset_consumes_1', 'dataset_produces_1', 'dataset_consumes_1_never_scheduled', 'dataset_consumes_1_and_2', 'dataset_produces_2' retrieved from /home/airflow/.local/lib/python3.8/site-packages/airflow/example_dags/example_datasets.py
[2024-04-05T15:28:47.958+0000] {logging_mixin.py:188} INFO - [2024-04-05T15:28:47.956+0000] {dag.py:3047} INFO - Sync 6 DAGs
[2024-04-05T15:28:49.234+0000] {logging_mixin.py:188} INFO - [2024-04-05T15:28:49.233+0000] {dag.py:3834} INFO - Setting next_dagrun for dataset_consumes_1 to None, run_after=None
[2024-04-05T15:28:49.346+0000] {logging_mixin.py:188} INFO - [2024-04-05T15:28:49.343+0000] {dag.py:3834} INFO - Setting next_dagrun for dataset_consumes_1_and_2 to None, run_after=None
[2024-04-05T15:28:49.384+0000] {logging_mixin.py:188} INFO - [2024-04-05T15:28:49.372+0000] {dag.py:3834} INFO - Setting next_dagrun for dataset_consumes_1_never_scheduled to None, run_after=None
[2024-04-05T15:28:49.429+0000] {logging_mixin.py:188} INFO - [2024-04-05T15:28:49.427+0000] {dag.py:3834} INFO - Setting next_dagrun for dataset_consumes_unknown_never_scheduled to None, run_after=None
[2024-04-05T15:28:49.629+0000] {logging_mixin.py:188} INFO - [2024-04-05T15:28:49.624+0000] {dag.py:3834} INFO - Setting next_dagrun for dataset_produces_1 to 2024-04-04 00:00:00+00:00, run_after=2024-04-05 00:00:00+00:00
[2024-04-05T15:28:49.708+0000] {logging_mixin.py:188} INFO - [2024-04-05T15:28:49.706+0000] {dag.py:3834} INFO - Setting next_dagrun for dataset_produces_2 to None, run_after=None
[2024-04-05T15:28:51.475+0000] {processor.py:183} INFO - Processing /home/airflow/.local/lib/python3.8/site-packages/airflow/example_dags/example_datasets.py took 7.315 seconds
[2024-04-05T15:30:30.344+0000] {processor.py:161} INFO - Started process (PID=988) to work on /home/airflow/.local/lib/python3.8/site-packages/airflow/example_dags/example_datasets.py
[2024-04-05T15:30:30.376+0000] {processor.py:830} INFO - Processing file /home/airflow/.local/lib/python3.8/site-packages/airflow/example_dags/example_datasets.py for tasks to queue
[2024-04-05T15:30:30.427+0000] {logging_mixin.py:188} INFO - [2024-04-05T15:30:30.412+0000] {dagbag.py:540} INFO - Filling up the DagBag from /home/airflow/.local/lib/python3.8/site-packages/airflow/example_dags/example_datasets.py
[2024-04-05T15:30:30.921+0000] {processor.py:840} INFO - DAG(s) 'dataset_produces_2', 'dataset_consumes_1_never_scheduled', 'dataset_produces_1', 'dataset_consumes_unknown_never_scheduled', 'dataset_consumes_1', 'dataset_consumes_1_and_2' retrieved from /home/airflow/.local/lib/python3.8/site-packages/airflow/example_dags/example_datasets.py
[2024-04-05T15:30:33.595+0000] {logging_mixin.py:188} INFO - [2024-04-05T15:30:33.592+0000] {dag.py:3047} INFO - Sync 6 DAGs
[2024-04-05T15:30:36.270+0000] {logging_mixin.py:188} INFO - [2024-04-05T15:30:36.268+0000] {dag.py:3834} INFO - Setting next_dagrun for dataset_consumes_1 to None, run_after=None
[2024-04-05T15:30:36.552+0000] {logging_mixin.py:188} INFO - [2024-04-05T15:30:36.550+0000] {dag.py:3834} INFO - Setting next_dagrun for dataset_consumes_1_and_2 to None, run_after=None
[2024-04-05T15:30:36.760+0000] {logging_mixin.py:188} INFO - [2024-04-05T15:30:36.758+0000] {dag.py:3834} INFO - Setting next_dagrun for dataset_consumes_1_never_scheduled to None, run_after=None
[2024-04-05T15:30:36.841+0000] {logging_mixin.py:188} INFO - [2024-04-05T15:30:36.825+0000] {dag.py:3834} INFO - Setting next_dagrun for dataset_consumes_unknown_never_scheduled to None, run_after=None
[2024-04-05T15:30:37.330+0000] {logging_mixin.py:188} INFO - [2024-04-05T15:30:37.213+0000] {dag.py:3834} INFO - Setting next_dagrun for dataset_produces_1 to 2024-04-04 00:00:00+00:00, run_after=2024-04-05 00:00:00+00:00
[2024-04-05T15:30:37.595+0000] {logging_mixin.py:188} INFO - [2024-04-05T15:30:37.518+0000] {dag.py:3834} INFO - Setting next_dagrun for dataset_produces_2 to None, run_after=None
[2024-04-05T15:30:42.607+0000] {processor.py:183} INFO - Processing /home/airflow/.local/lib/python3.8/site-packages/airflow/example_dags/example_datasets.py took 12.401 seconds
[2024-04-05T15:31:53.582+0000] {processor.py:161} INFO - Started process (PID=1040) to work on /home/airflow/.local/lib/python3.8/site-packages/airflow/example_dags/example_datasets.py
[2024-04-05T15:31:53.608+0000] {processor.py:830} INFO - Processing file /home/airflow/.local/lib/python3.8/site-packages/airflow/example_dags/example_datasets.py for tasks to queue
[2024-04-05T15:31:53.665+0000] {logging_mixin.py:188} INFO - [2024-04-05T15:31:53.641+0000] {dagbag.py:540} INFO - Filling up the DagBag from /home/airflow/.local/lib/python3.8/site-packages/airflow/example_dags/example_datasets.py
[2024-04-05T15:31:53.918+0000] {processor.py:840} INFO - DAG(s) 'dataset_consumes_unknown_never_scheduled', 'dataset_consumes_1_never_scheduled', 'dataset_produces_2', 'dataset_consumes_1_and_2', 'dataset_consumes_1', 'dataset_produces_1' retrieved from /home/airflow/.local/lib/python3.8/site-packages/airflow/example_dags/example_datasets.py
[2024-04-05T15:31:54.684+0000] {logging_mixin.py:188} INFO - [2024-04-05T15:31:54.680+0000] {dag.py:3047} INFO - Sync 6 DAGs
[2024-04-05T15:31:55.391+0000] {logging_mixin.py:188} INFO - [2024-04-05T15:31:55.389+0000] {dag.py:3834} INFO - Setting next_dagrun for dataset_consumes_1 to None, run_after=None
[2024-04-05T15:31:55.510+0000] {logging_mixin.py:188} INFO - [2024-04-05T15:31:55.500+0000] {dag.py:3834} INFO - Setting next_dagrun for dataset_consumes_1_and_2 to None, run_after=None
[2024-04-05T15:31:55.535+0000] {logging_mixin.py:188} INFO - [2024-04-05T15:31:55.532+0000] {dag.py:3834} INFO - Setting next_dagrun for dataset_consumes_1_never_scheduled to None, run_after=None
[2024-04-05T15:31:55.607+0000] {logging_mixin.py:188} INFO - [2024-04-05T15:31:55.605+0000] {dag.py:3834} INFO - Setting next_dagrun for dataset_consumes_unknown_never_scheduled to None, run_after=None
[2024-04-05T15:31:55.660+0000] {logging_mixin.py:188} INFO - [2024-04-05T15:31:55.658+0000] {dag.py:3834} INFO - Setting next_dagrun for dataset_produces_1 to 2024-04-04 00:00:00+00:00, run_after=2024-04-05 00:00:00+00:00
[2024-04-05T15:31:55.701+0000] {logging_mixin.py:188} INFO - [2024-04-05T15:31:55.695+0000] {dag.py:3834} INFO - Setting next_dagrun for dataset_produces_2 to None, run_after=None
[2024-04-05T15:31:56.527+0000] {processor.py:183} INFO - Processing /home/airflow/.local/lib/python3.8/site-packages/airflow/example_dags/example_datasets.py took 3.089 seconds
[2024-04-05T15:33:09.895+0000] {processor.py:161} INFO - Started process (PID=1098) to work on /home/airflow/.local/lib/python3.8/site-packages/airflow/example_dags/example_datasets.py
[2024-04-05T15:33:09.962+0000] {processor.py:830} INFO - Processing file /home/airflow/.local/lib/python3.8/site-packages/airflow/example_dags/example_datasets.py for tasks to queue
[2024-04-05T15:33:10.003+0000] {logging_mixin.py:188} INFO - [2024-04-05T15:33:10.000+0000] {dagbag.py:540} INFO - Filling up the DagBag from /home/airflow/.local/lib/python3.8/site-packages/airflow/example_dags/example_datasets.py
[2024-04-05T15:33:10.745+0000] {processor.py:840} INFO - DAG(s) 'dataset_produces_1', 'dataset_consumes_1_never_scheduled', 'dataset_consumes_unknown_never_scheduled', 'dataset_consumes_1_and_2', 'dataset_consumes_1', 'dataset_produces_2' retrieved from /home/airflow/.local/lib/python3.8/site-packages/airflow/example_dags/example_datasets.py
[2024-04-05T15:33:12.717+0000] {logging_mixin.py:188} INFO - [2024-04-05T15:33:12.715+0000] {dag.py:3047} INFO - Sync 6 DAGs
[2024-04-05T15:33:14.103+0000] {logging_mixin.py:188} INFO - [2024-04-05T15:33:14.101+0000] {dag.py:3834} INFO - Setting next_dagrun for dataset_consumes_1 to None, run_after=None
[2024-04-05T15:33:14.269+0000] {logging_mixin.py:188} INFO - [2024-04-05T15:33:14.261+0000] {dag.py:3834} INFO - Setting next_dagrun for dataset_consumes_1_and_2 to None, run_after=None
[2024-04-05T15:33:14.309+0000] {logging_mixin.py:188} INFO - [2024-04-05T15:33:14.307+0000] {dag.py:3834} INFO - Setting next_dagrun for dataset_consumes_1_never_scheduled to None, run_after=None
[2024-04-05T15:33:14.396+0000] {logging_mixin.py:188} INFO - [2024-04-05T15:33:14.381+0000] {dag.py:3834} INFO - Setting next_dagrun for dataset_consumes_unknown_never_scheduled to None, run_after=None
[2024-04-05T15:33:14.559+0000] {logging_mixin.py:188} INFO - [2024-04-05T15:33:14.541+0000] {dag.py:3834} INFO - Setting next_dagrun for dataset_produces_1 to 2024-04-04 00:00:00+00:00, run_after=2024-04-05 00:00:00+00:00
[2024-04-05T15:33:14.819+0000] {logging_mixin.py:188} INFO - [2024-04-05T15:33:14.772+0000] {dag.py:3834} INFO - Setting next_dagrun for dataset_produces_2 to None, run_after=None
[2024-04-05T15:33:16.966+0000] {processor.py:183} INFO - Processing /home/airflow/.local/lib/python3.8/site-packages/airflow/example_dags/example_datasets.py took 7.194 seconds
