[2024-04-05T15:00:19.650+0000] {processor.py:161} INFO - Started process (PID=197) to work on /home/airflow/.local/lib/python3.8/site-packages/airflow/example_dags/example_sensors.py
[2024-04-05T15:00:19.999+0000] {processor.py:830} INFO - Processing file /home/airflow/.local/lib/python3.8/site-packages/airflow/example_dags/example_sensors.py for tasks to queue
[2024-04-05T15:00:20.387+0000] {logging_mixin.py:188} INFO - [2024-04-05T15:00:20.328+0000] {dagbag.py:540} INFO - Filling up the DagBag from /home/airflow/.local/lib/python3.8/site-packages/airflow/example_dags/example_sensors.py
[2024-04-05T15:00:23.253+0000] {processor.py:840} INFO - DAG(s) 'example_sensors' retrieved from /home/airflow/.local/lib/python3.8/site-packages/airflow/example_dags/example_sensors.py
[2024-04-05T15:00:40.816+0000] {logging_mixin.py:188} INFO - [2024-04-05T15:00:40.811+0000] {override.py:1769} INFO - Created Permission View: can edit on DAG:example_sensors
[2024-04-05T15:00:41.902+0000] {logging_mixin.py:188} INFO - [2024-04-05T15:00:41.895+0000] {override.py:1769} INFO - Created Permission View: can read on DAG:example_sensors
[2024-04-05T15:00:42.767+0000] {logging_mixin.py:188} INFO - [2024-04-05T15:00:42.699+0000] {override.py:1769} INFO - Created Permission View: can delete on DAG:example_sensors
[2024-04-05T15:00:42.889+0000] {logging_mixin.py:188} INFO - [2024-04-05T15:00:42.887+0000] {dag.py:3047} INFO - Sync 1 DAGs
[2024-04-05T15:00:43.413+0000] {logging_mixin.py:188} INFO - [2024-04-05T15:00:43.410+0000] {dag.py:3069} INFO - Creating ORM DAG for example_sensors
[2024-04-05T15:00:43.640+0000] {logging_mixin.py:188} INFO - [2024-04-05T15:00:43.499+0000] {dag.py:3834} INFO - Setting next_dagrun for example_sensors to None, run_after=None
[2024-04-05T15:00:46.653+0000] {processor.py:183} INFO - Processing /home/airflow/.local/lib/python3.8/site-packages/airflow/example_dags/example_sensors.py took 27.648 seconds
[2024-04-05T15:07:45.417+0000] {processor.py:161} INFO - Started process (PID=333) to work on /home/airflow/.local/lib/python3.8/site-packages/airflow/example_dags/example_sensors.py
[2024-04-05T15:07:45.475+0000] {processor.py:830} INFO - Processing file /home/airflow/.local/lib/python3.8/site-packages/airflow/example_dags/example_sensors.py for tasks to queue
[2024-04-05T15:07:46.081+0000] {logging_mixin.py:188} INFO - [2024-04-05T15:07:45.819+0000] {dagbag.py:540} INFO - Filling up the DagBag from /home/airflow/.local/lib/python3.8/site-packages/airflow/example_dags/example_sensors.py
[2024-04-05T15:07:48.409+0000] {processor.py:840} INFO - DAG(s) 'example_sensors' retrieved from /home/airflow/.local/lib/python3.8/site-packages/airflow/example_dags/example_sensors.py
[2024-04-05T15:07:54.614+0000] {logging_mixin.py:188} INFO - [2024-04-05T15:07:54.611+0000] {dag.py:3047} INFO - Sync 1 DAGs
[2024-04-05T15:07:56.241+0000] {logging_mixin.py:188} INFO - [2024-04-05T15:07:56.187+0000] {dag.py:3834} INFO - Setting next_dagrun for example_sensors to None, run_after=None
[2024-04-05T15:07:58.378+0000] {processor.py:183} INFO - Processing /home/airflow/.local/lib/python3.8/site-packages/airflow/example_dags/example_sensors.py took 13.803 seconds
[2024-04-05T15:09:51.434+0000] {processor.py:161} INFO - Started process (PID=390) to work on /home/airflow/.local/lib/python3.8/site-packages/airflow/example_dags/example_sensors.py
[2024-04-05T15:09:51.753+0000] {processor.py:830} INFO - Processing file /home/airflow/.local/lib/python3.8/site-packages/airflow/example_dags/example_sensors.py for tasks to queue
[2024-04-05T15:09:52.253+0000] {logging_mixin.py:188} INFO - [2024-04-05T15:09:52.034+0000] {dagbag.py:540} INFO - Filling up the DagBag from /home/airflow/.local/lib/python3.8/site-packages/airflow/example_dags/example_sensors.py
[2024-04-05T15:09:52.832+0000] {processor.py:840} INFO - DAG(s) 'example_sensors' retrieved from /home/airflow/.local/lib/python3.8/site-packages/airflow/example_dags/example_sensors.py
[2024-04-05T15:09:55.543+0000] {logging_mixin.py:188} INFO - [2024-04-05T15:09:55.524+0000] {dag.py:3047} INFO - Sync 1 DAGs
[2024-04-05T15:09:57.580+0000] {logging_mixin.py:188} INFO - [2024-04-05T15:09:57.364+0000] {dag.py:3834} INFO - Setting next_dagrun for example_sensors to None, run_after=None
[2024-04-05T15:09:59.545+0000] {processor.py:183} INFO - Processing /home/airflow/.local/lib/python3.8/site-packages/airflow/example_dags/example_sensors.py took 8.730 seconds
[2024-04-05T15:13:40.418+0000] {processor.py:161} INFO - Started process (PID=492) to work on /home/airflow/.local/lib/python3.8/site-packages/airflow/example_dags/example_sensors.py
[2024-04-05T15:13:40.517+0000] {processor.py:830} INFO - Processing file /home/airflow/.local/lib/python3.8/site-packages/airflow/example_dags/example_sensors.py for tasks to queue
[2024-04-05T15:13:40.625+0000] {logging_mixin.py:188} INFO - [2024-04-05T15:13:40.610+0000] {dagbag.py:540} INFO - Filling up the DagBag from /home/airflow/.local/lib/python3.8/site-packages/airflow/example_dags/example_sensors.py
[2024-04-05T15:13:41.568+0000] {processor.py:840} INFO - DAG(s) 'example_sensors' retrieved from /home/airflow/.local/lib/python3.8/site-packages/airflow/example_dags/example_sensors.py
[2024-04-05T15:13:44.546+0000] {logging_mixin.py:188} INFO - [2024-04-05T15:13:44.544+0000] {dag.py:3047} INFO - Sync 1 DAGs
[2024-04-05T15:13:46.206+0000] {logging_mixin.py:188} INFO - [2024-04-05T15:13:46.204+0000] {dag.py:3834} INFO - Setting next_dagrun for example_sensors to None, run_after=None
[2024-04-05T15:13:47.292+0000] {processor.py:183} INFO - Processing /home/airflow/.local/lib/python3.8/site-packages/airflow/example_dags/example_sensors.py took 6.972 seconds
[2024-04-05T15:15:18.408+0000] {processor.py:161} INFO - Started process (PID=543) to work on /home/airflow/.local/lib/python3.8/site-packages/airflow/example_dags/example_sensors.py
[2024-04-05T15:15:18.441+0000] {processor.py:830} INFO - Processing file /home/airflow/.local/lib/python3.8/site-packages/airflow/example_dags/example_sensors.py for tasks to queue
[2024-04-05T15:15:18.538+0000] {logging_mixin.py:188} INFO - [2024-04-05T15:15:18.535+0000] {dagbag.py:540} INFO - Filling up the DagBag from /home/airflow/.local/lib/python3.8/site-packages/airflow/example_dags/example_sensors.py
[2024-04-05T15:15:19.927+0000] {processor.py:840} INFO - DAG(s) 'example_sensors' retrieved from /home/airflow/.local/lib/python3.8/site-packages/airflow/example_dags/example_sensors.py
[2024-04-05T15:15:22.406+0000] {logging_mixin.py:188} INFO - [2024-04-05T15:15:22.404+0000] {dag.py:3047} INFO - Sync 1 DAGs
[2024-04-05T15:15:23.561+0000] {logging_mixin.py:188} INFO - [2024-04-05T15:15:23.510+0000] {dag.py:3834} INFO - Setting next_dagrun for example_sensors to None, run_after=None
[2024-04-05T15:15:25.576+0000] {processor.py:183} INFO - Processing /home/airflow/.local/lib/python3.8/site-packages/airflow/example_dags/example_sensors.py took 7.364 seconds
[2024-04-05T15:18:18.841+0000] {processor.py:161} INFO - Started process (PID=619) to work on /home/airflow/.local/lib/python3.8/site-packages/airflow/example_dags/example_sensors.py
[2024-04-05T15:18:18.991+0000] {processor.py:830} INFO - Processing file /home/airflow/.local/lib/python3.8/site-packages/airflow/example_dags/example_sensors.py for tasks to queue
[2024-04-05T15:18:19.300+0000] {logging_mixin.py:188} INFO - [2024-04-05T15:18:19.296+0000] {dagbag.py:540} INFO - Filling up the DagBag from /home/airflow/.local/lib/python3.8/site-packages/airflow/example_dags/example_sensors.py
[2024-04-05T15:18:20.023+0000] {processor.py:840} INFO - DAG(s) 'example_sensors' retrieved from /home/airflow/.local/lib/python3.8/site-packages/airflow/example_dags/example_sensors.py
[2024-04-05T15:18:23.470+0000] {logging_mixin.py:188} INFO - [2024-04-05T15:18:23.467+0000] {dag.py:3047} INFO - Sync 1 DAGs
[2024-04-05T15:18:25.063+0000] {logging_mixin.py:188} INFO - [2024-04-05T15:18:25.045+0000] {dag.py:3834} INFO - Setting next_dagrun for example_sensors to None, run_after=None
[2024-04-05T15:18:27.278+0000] {processor.py:183} INFO - Processing /home/airflow/.local/lib/python3.8/site-packages/airflow/example_dags/example_sensors.py took 8.915 seconds
[2024-04-05T15:20:51.728+0000] {processor.py:161} INFO - Started process (PID=679) to work on /home/airflow/.local/lib/python3.8/site-packages/airflow/example_dags/example_sensors.py
[2024-04-05T15:20:51.860+0000] {processor.py:830} INFO - Processing file /home/airflow/.local/lib/python3.8/site-packages/airflow/example_dags/example_sensors.py for tasks to queue
[2024-04-05T15:20:51.968+0000] {logging_mixin.py:188} INFO - [2024-04-05T15:20:51.939+0000] {dagbag.py:540} INFO - Filling up the DagBag from /home/airflow/.local/lib/python3.8/site-packages/airflow/example_dags/example_sensors.py
[2024-04-05T15:20:53.034+0000] {processor.py:840} INFO - DAG(s) 'example_sensors' retrieved from /home/airflow/.local/lib/python3.8/site-packages/airflow/example_dags/example_sensors.py
[2024-04-05T15:20:55.204+0000] {logging_mixin.py:188} INFO - [2024-04-05T15:20:55.158+0000] {dag.py:3047} INFO - Sync 1 DAGs
[2024-04-05T15:20:56.075+0000] {logging_mixin.py:188} INFO - [2024-04-05T15:20:56.073+0000] {dag.py:3834} INFO - Setting next_dagrun for example_sensors to None, run_after=None
[2024-04-05T15:20:57.998+0000] {processor.py:183} INFO - Processing /home/airflow/.local/lib/python3.8/site-packages/airflow/example_dags/example_sensors.py took 6.843 seconds
[2024-04-05T15:24:03.028+0000] {processor.py:161} INFO - Started process (PID=765) to work on /home/airflow/.local/lib/python3.8/site-packages/airflow/example_dags/example_sensors.py
[2024-04-05T15:24:03.066+0000] {processor.py:830} INFO - Processing file /home/airflow/.local/lib/python3.8/site-packages/airflow/example_dags/example_sensors.py for tasks to queue
[2024-04-05T15:24:03.207+0000] {logging_mixin.py:188} INFO - [2024-04-05T15:24:03.162+0000] {dagbag.py:540} INFO - Filling up the DagBag from /home/airflow/.local/lib/python3.8/site-packages/airflow/example_dags/example_sensors.py
[2024-04-05T15:24:04.506+0000] {processor.py:840} INFO - DAG(s) 'example_sensors' retrieved from /home/airflow/.local/lib/python3.8/site-packages/airflow/example_dags/example_sensors.py
[2024-04-05T15:24:06.624+0000] {logging_mixin.py:188} INFO - [2024-04-05T15:24:06.622+0000] {dag.py:3047} INFO - Sync 1 DAGs
[2024-04-05T15:24:08.684+0000] {logging_mixin.py:188} INFO - [2024-04-05T15:24:08.670+0000] {dag.py:3834} INFO - Setting next_dagrun for example_sensors to None, run_after=None
[2024-04-05T15:24:10.443+0000] {processor.py:183} INFO - Processing /home/airflow/.local/lib/python3.8/site-packages/airflow/example_dags/example_sensors.py took 7.714 seconds
[2024-04-05T15:25:32.928+0000] {processor.py:161} INFO - Started process (PID=814) to work on /home/airflow/.local/lib/python3.8/site-packages/airflow/example_dags/example_sensors.py
[2024-04-05T15:25:33.162+0000] {processor.py:830} INFO - Processing file /home/airflow/.local/lib/python3.8/site-packages/airflow/example_dags/example_sensors.py for tasks to queue
[2024-04-05T15:25:33.279+0000] {logging_mixin.py:188} INFO - [2024-04-05T15:25:33.247+0000] {dagbag.py:540} INFO - Filling up the DagBag from /home/airflow/.local/lib/python3.8/site-packages/airflow/example_dags/example_sensors.py
[2024-04-05T15:25:34.245+0000] {processor.py:840} INFO - DAG(s) 'example_sensors' retrieved from /home/airflow/.local/lib/python3.8/site-packages/airflow/example_dags/example_sensors.py
[2024-04-05T15:25:35.560+0000] {logging_mixin.py:188} INFO - [2024-04-05T15:25:35.513+0000] {dag.py:3047} INFO - Sync 1 DAGs
[2024-04-05T15:25:37.097+0000] {logging_mixin.py:188} INFO - [2024-04-05T15:25:37.062+0000] {dag.py:3834} INFO - Setting next_dagrun for example_sensors to None, run_after=None
[2024-04-05T15:25:38.026+0000] {processor.py:183} INFO - Processing /home/airflow/.local/lib/python3.8/site-packages/airflow/example_dags/example_sensors.py took 5.723 seconds
[2024-04-05T15:27:08.582+0000] {processor.py:161} INFO - Started process (PID=883) to work on /home/airflow/.local/lib/python3.8/site-packages/airflow/example_dags/example_sensors.py
[2024-04-05T15:27:08.622+0000] {processor.py:830} INFO - Processing file /home/airflow/.local/lib/python3.8/site-packages/airflow/example_dags/example_sensors.py for tasks to queue
[2024-04-05T15:27:08.696+0000] {logging_mixin.py:188} INFO - [2024-04-05T15:27:08.649+0000] {dagbag.py:540} INFO - Filling up the DagBag from /home/airflow/.local/lib/python3.8/site-packages/airflow/example_dags/example_sensors.py
[2024-04-05T15:27:09.663+0000] {processor.py:840} INFO - DAG(s) 'example_sensors' retrieved from /home/airflow/.local/lib/python3.8/site-packages/airflow/example_dags/example_sensors.py
[2024-04-05T15:27:10.755+0000] {logging_mixin.py:188} INFO - [2024-04-05T15:27:10.753+0000] {dag.py:3047} INFO - Sync 1 DAGs
[2024-04-05T15:27:11.941+0000] {logging_mixin.py:188} INFO - [2024-04-05T15:27:11.828+0000] {dag.py:3834} INFO - Setting next_dagrun for example_sensors to None, run_after=None
[2024-04-05T15:27:13.523+0000] {processor.py:183} INFO - Processing /home/airflow/.local/lib/python3.8/site-packages/airflow/example_dags/example_sensors.py took 5.397 seconds
[2024-04-05T15:29:00.679+0000] {processor.py:161} INFO - Started process (PID=938) to work on /home/airflow/.local/lib/python3.8/site-packages/airflow/example_dags/example_sensors.py
[2024-04-05T15:29:00.778+0000] {processor.py:830} INFO - Processing file /home/airflow/.local/lib/python3.8/site-packages/airflow/example_dags/example_sensors.py for tasks to queue
[2024-04-05T15:29:00.862+0000] {logging_mixin.py:188} INFO - [2024-04-05T15:29:00.795+0000] {dagbag.py:540} INFO - Filling up the DagBag from /home/airflow/.local/lib/python3.8/site-packages/airflow/example_dags/example_sensors.py
[2024-04-05T15:29:02.414+0000] {processor.py:840} INFO - DAG(s) 'example_sensors' retrieved from /home/airflow/.local/lib/python3.8/site-packages/airflow/example_dags/example_sensors.py
[2024-04-05T15:29:04.450+0000] {logging_mixin.py:188} INFO - [2024-04-05T15:29:04.448+0000] {dag.py:3047} INFO - Sync 1 DAGs
[2024-04-05T15:29:05.134+0000] {logging_mixin.py:188} INFO - [2024-04-05T15:29:05.111+0000] {dag.py:3834} INFO - Setting next_dagrun for example_sensors to None, run_after=None
[2024-04-05T15:29:06.162+0000] {processor.py:183} INFO - Processing /home/airflow/.local/lib/python3.8/site-packages/airflow/example_dags/example_sensors.py took 5.751 seconds
[2024-04-05T15:30:51.635+0000] {processor.py:161} INFO - Started process (PID=1000) to work on /home/airflow/.local/lib/python3.8/site-packages/airflow/example_dags/example_sensors.py
[2024-04-05T15:30:51.806+0000] {processor.py:830} INFO - Processing file /home/airflow/.local/lib/python3.8/site-packages/airflow/example_dags/example_sensors.py for tasks to queue
[2024-04-05T15:30:51.899+0000] {logging_mixin.py:188} INFO - [2024-04-05T15:30:51.896+0000] {dagbag.py:540} INFO - Filling up the DagBag from /home/airflow/.local/lib/python3.8/site-packages/airflow/example_dags/example_sensors.py
[2024-04-05T15:30:53.434+0000] {processor.py:840} INFO - DAG(s) 'example_sensors' retrieved from /home/airflow/.local/lib/python3.8/site-packages/airflow/example_dags/example_sensors.py
[2024-04-05T15:30:55.751+0000] {logging_mixin.py:188} INFO - [2024-04-05T15:30:55.749+0000] {dag.py:3047} INFO - Sync 1 DAGs
[2024-04-05T15:30:58.885+0000] {logging_mixin.py:188} INFO - [2024-04-05T15:30:58.870+0000] {dag.py:3834} INFO - Setting next_dagrun for example_sensors to None, run_after=None
[2024-04-05T15:31:01.594+0000] {processor.py:183} INFO - Processing /home/airflow/.local/lib/python3.8/site-packages/airflow/example_dags/example_sensors.py took 10.652 seconds
[2024-04-05T15:32:02.115+0000] {processor.py:161} INFO - Started process (PID=1047) to work on /home/airflow/.local/lib/python3.8/site-packages/airflow/example_dags/example_sensors.py
[2024-04-05T15:32:02.136+0000] {processor.py:830} INFO - Processing file /home/airflow/.local/lib/python3.8/site-packages/airflow/example_dags/example_sensors.py for tasks to queue
[2024-04-05T15:32:02.256+0000] {logging_mixin.py:188} INFO - [2024-04-05T15:32:02.253+0000] {dagbag.py:540} INFO - Filling up the DagBag from /home/airflow/.local/lib/python3.8/site-packages/airflow/example_dags/example_sensors.py
[2024-04-05T15:32:03.540+0000] {processor.py:840} INFO - DAG(s) 'example_sensors' retrieved from /home/airflow/.local/lib/python3.8/site-packages/airflow/example_dags/example_sensors.py
[2024-04-05T15:32:04.829+0000] {logging_mixin.py:188} INFO - [2024-04-05T15:32:04.827+0000] {dag.py:3047} INFO - Sync 1 DAGs
[2024-04-05T15:32:05.476+0000] {logging_mixin.py:188} INFO - [2024-04-05T15:32:05.472+0000] {dag.py:3834} INFO - Setting next_dagrun for example_sensors to None, run_after=None
[2024-04-05T15:32:06.178+0000] {processor.py:183} INFO - Processing /home/airflow/.local/lib/python3.8/site-packages/airflow/example_dags/example_sensors.py took 4.289 seconds
[2024-04-05T15:33:27.076+0000] {processor.py:161} INFO - Started process (PID=1101) to work on /home/airflow/.local/lib/python3.8/site-packages/airflow/example_dags/example_sensors.py
[2024-04-05T15:33:27.253+0000] {processor.py:830} INFO - Processing file /home/airflow/.local/lib/python3.8/site-packages/airflow/example_dags/example_sensors.py for tasks to queue
[2024-04-05T15:33:27.430+0000] {logging_mixin.py:188} INFO - [2024-04-05T15:33:27.364+0000] {dagbag.py:540} INFO - Filling up the DagBag from /home/airflow/.local/lib/python3.8/site-packages/airflow/example_dags/example_sensors.py
[2024-04-05T15:33:28.373+0000] {processor.py:840} INFO - DAG(s) 'example_sensors' retrieved from /home/airflow/.local/lib/python3.8/site-packages/airflow/example_dags/example_sensors.py
[2024-04-05T15:33:29.930+0000] {logging_mixin.py:188} INFO - [2024-04-05T15:33:29.928+0000] {dag.py:3047} INFO - Sync 1 DAGs
[2024-04-05T15:33:31.640+0000] {logging_mixin.py:188} INFO - [2024-04-05T15:33:31.638+0000] {dag.py:3834} INFO - Setting next_dagrun for example_sensors to None, run_after=None
