[2024-04-05T15:05:28.199+0000] {processor.py:161} INFO - Started process (PID=289) to work on /home/airflow/.local/lib/python3.8/site-packages/airflow/example_dags/example_trigger_target_dag.py
[2024-04-05T15:05:28.320+0000] {processor.py:830} INFO - Processing file /home/airflow/.local/lib/python3.8/site-packages/airflow/example_dags/example_trigger_target_dag.py for tasks to queue
[2024-04-05T15:05:28.599+0000] {logging_mixin.py:188} INFO - [2024-04-05T15:05:28.583+0000] {dagbag.py:540} INFO - Filling up the DagBag from /home/airflow/.local/lib/python3.8/site-packages/airflow/example_dags/example_trigger_target_dag.py
[2024-04-05T15:05:29.574+0000] {processor.py:840} INFO - DAG(s) 'example_trigger_target_dag' retrieved from /home/airflow/.local/lib/python3.8/site-packages/airflow/example_dags/example_trigger_target_dag.py
[2024-04-05T15:05:47.844+0000] {logging_mixin.py:188} INFO - [2024-04-05T15:05:47.585+0000] {override.py:1769} INFO - Created Permission View: can edit on DAG:example_trigger_target_dag
[2024-04-05T15:05:48.803+0000] {logging_mixin.py:188} INFO - [2024-04-05T15:05:48.741+0000] {override.py:1769} INFO - Created Permission View: can read on DAG:example_trigger_target_dag
[2024-04-05T15:05:49.839+0000] {logging_mixin.py:188} INFO - [2024-04-05T15:05:49.720+0000] {override.py:1769} INFO - Created Permission View: can delete on DAG:example_trigger_target_dag
[2024-04-05T15:05:50.096+0000] {logging_mixin.py:188} INFO - [2024-04-05T15:05:50.094+0000] {dag.py:3047} INFO - Sync 1 DAGs
[2024-04-05T15:05:52.491+0000] {logging_mixin.py:188} INFO - [2024-04-05T15:05:52.436+0000] {dag.py:3069} INFO - Creating ORM DAG for example_trigger_target_dag
[2024-04-05T15:05:52.645+0000] {logging_mixin.py:188} INFO - [2024-04-05T15:05:52.643+0000] {dag.py:3834} INFO - Setting next_dagrun for example_trigger_target_dag to None, run_after=None
[2024-04-05T15:05:56.507+0000] {processor.py:183} INFO - Processing /home/airflow/.local/lib/python3.8/site-packages/airflow/example_dags/example_trigger_target_dag.py took 28.642 seconds
[2024-04-05T15:10:24.103+0000] {processor.py:161} INFO - Started process (PID=405) to work on /home/airflow/.local/lib/python3.8/site-packages/airflow/example_dags/example_trigger_target_dag.py
[2024-04-05T15:10:24.312+0000] {processor.py:830} INFO - Processing file /home/airflow/.local/lib/python3.8/site-packages/airflow/example_dags/example_trigger_target_dag.py for tasks to queue
[2024-04-05T15:10:24.867+0000] {logging_mixin.py:188} INFO - [2024-04-05T15:10:24.676+0000] {dagbag.py:540} INFO - Filling up the DagBag from /home/airflow/.local/lib/python3.8/site-packages/airflow/example_dags/example_trigger_target_dag.py
[2024-04-05T15:10:26.680+0000] {processor.py:840} INFO - DAG(s) 'example_trigger_target_dag' retrieved from /home/airflow/.local/lib/python3.8/site-packages/airflow/example_dags/example_trigger_target_dag.py
[2024-04-05T15:10:29.817+0000] {logging_mixin.py:188} INFO - [2024-04-05T15:10:29.754+0000] {dag.py:3047} INFO - Sync 1 DAGs
[2024-04-05T15:10:32.326+0000] {logging_mixin.py:188} INFO - [2024-04-05T15:10:32.286+0000] {dag.py:3834} INFO - Setting next_dagrun for example_trigger_target_dag to None, run_after=None
[2024-04-05T15:10:33.191+0000] {processor.py:183} INFO - Processing /home/airflow/.local/lib/python3.8/site-packages/airflow/example_dags/example_trigger_target_dag.py took 9.590 seconds
[2024-04-05T15:12:57.006+0000] {processor.py:161} INFO - Started process (PID=474) to work on /home/airflow/.local/lib/python3.8/site-packages/airflow/example_dags/example_trigger_target_dag.py
[2024-04-05T15:12:57.089+0000] {processor.py:830} INFO - Processing file /home/airflow/.local/lib/python3.8/site-packages/airflow/example_dags/example_trigger_target_dag.py for tasks to queue
[2024-04-05T15:12:57.207+0000] {logging_mixin.py:188} INFO - [2024-04-05T15:12:57.201+0000] {dagbag.py:540} INFO - Filling up the DagBag from /home/airflow/.local/lib/python3.8/site-packages/airflow/example_dags/example_trigger_target_dag.py
[2024-04-05T15:12:58.506+0000] {processor.py:840} INFO - DAG(s) 'example_trigger_target_dag' retrieved from /home/airflow/.local/lib/python3.8/site-packages/airflow/example_dags/example_trigger_target_dag.py
[2024-04-05T15:12:59.197+0000] {logging_mixin.py:188} INFO - [2024-04-05T15:12:59.181+0000] {dag.py:3047} INFO - Sync 1 DAGs
[2024-04-05T15:13:00.009+0000] {logging_mixin.py:188} INFO - [2024-04-05T15:13:00.001+0000] {dag.py:3834} INFO - Setting next_dagrun for example_trigger_target_dag to None, run_after=None
[2024-04-05T15:13:02.212+0000] {processor.py:183} INFO - Processing /home/airflow/.local/lib/python3.8/site-packages/airflow/example_dags/example_trigger_target_dag.py took 5.612 seconds
[2024-04-05T15:15:42.755+0000] {processor.py:161} INFO - Started process (PID=558) to work on /home/airflow/.local/lib/python3.8/site-packages/airflow/example_dags/example_trigger_target_dag.py
[2024-04-05T15:15:42.781+0000] {processor.py:830} INFO - Processing file /home/airflow/.local/lib/python3.8/site-packages/airflow/example_dags/example_trigger_target_dag.py for tasks to queue
[2024-04-05T15:15:43.325+0000] {logging_mixin.py:188} INFO - [2024-04-05T15:15:43.244+0000] {dagbag.py:540} INFO - Filling up the DagBag from /home/airflow/.local/lib/python3.8/site-packages/airflow/example_dags/example_trigger_target_dag.py
[2024-04-05T15:15:44.932+0000] {processor.py:840} INFO - DAG(s) 'example_trigger_target_dag' retrieved from /home/airflow/.local/lib/python3.8/site-packages/airflow/example_dags/example_trigger_target_dag.py
[2024-04-05T15:15:47.365+0000] {logging_mixin.py:188} INFO - [2024-04-05T15:15:47.354+0000] {dag.py:3047} INFO - Sync 1 DAGs
[2024-04-05T15:15:49.091+0000] {logging_mixin.py:188} INFO - [2024-04-05T15:15:49.089+0000] {dag.py:3834} INFO - Setting next_dagrun for example_trigger_target_dag to None, run_after=None
[2024-04-05T15:15:51.395+0000] {processor.py:183} INFO - Processing /home/airflow/.local/lib/python3.8/site-packages/airflow/example_dags/example_trigger_target_dag.py took 9.094 seconds
[2024-04-05T15:23:16.895+0000] {processor.py:161} INFO - Started process (PID=742) to work on /home/airflow/.local/lib/python3.8/site-packages/airflow/example_dags/example_trigger_target_dag.py
[2024-04-05T15:23:16.975+0000] {processor.py:830} INFO - Processing file /home/airflow/.local/lib/python3.8/site-packages/airflow/example_dags/example_trigger_target_dag.py for tasks to queue
[2024-04-05T15:23:17.231+0000] {logging_mixin.py:188} INFO - [2024-04-05T15:23:17.171+0000] {dagbag.py:540} INFO - Filling up the DagBag from /home/airflow/.local/lib/python3.8/site-packages/airflow/example_dags/example_trigger_target_dag.py
[2024-04-05T15:23:17.876+0000] {processor.py:840} INFO - DAG(s) 'example_trigger_target_dag' retrieved from /home/airflow/.local/lib/python3.8/site-packages/airflow/example_dags/example_trigger_target_dag.py
[2024-04-05T15:23:19.825+0000] {logging_mixin.py:188} INFO - [2024-04-05T15:23:19.824+0000] {dag.py:3047} INFO - Sync 1 DAGs
[2024-04-05T15:23:21.606+0000] {logging_mixin.py:188} INFO - [2024-04-05T15:23:21.604+0000] {dag.py:3834} INFO - Setting next_dagrun for example_trigger_target_dag to None, run_after=None
[2024-04-05T15:23:24.274+0000] {processor.py:183} INFO - Processing /home/airflow/.local/lib/python3.8/site-packages/airflow/example_dags/example_trigger_target_dag.py took 8.151 seconds
[2024-04-05T15:25:57.729+0000] {processor.py:161} INFO - Started process (PID=833) to work on /home/airflow/.local/lib/python3.8/site-packages/airflow/example_dags/example_trigger_target_dag.py
[2024-04-05T15:25:57.815+0000] {processor.py:830} INFO - Processing file /home/airflow/.local/lib/python3.8/site-packages/airflow/example_dags/example_trigger_target_dag.py for tasks to queue
[2024-04-05T15:25:57.988+0000] {logging_mixin.py:188} INFO - [2024-04-05T15:25:57.879+0000] {dagbag.py:540} INFO - Filling up the DagBag from /home/airflow/.local/lib/python3.8/site-packages/airflow/example_dags/example_trigger_target_dag.py
[2024-04-05T15:25:58.594+0000] {processor.py:840} INFO - DAG(s) 'example_trigger_target_dag' retrieved from /home/airflow/.local/lib/python3.8/site-packages/airflow/example_dags/example_trigger_target_dag.py
[2024-04-05T15:26:00.531+0000] {logging_mixin.py:188} INFO - [2024-04-05T15:26:00.496+0000] {dag.py:3047} INFO - Sync 1 DAGs
[2024-04-05T15:26:01.145+0000] {logging_mixin.py:188} INFO - [2024-04-05T15:26:01.131+0000] {dag.py:3834} INFO - Setting next_dagrun for example_trigger_target_dag to None, run_after=None
[2024-04-05T15:26:01.524+0000] {processor.py:183} INFO - Processing /home/airflow/.local/lib/python3.8/site-packages/airflow/example_dags/example_trigger_target_dag.py took 4.066 seconds
[2024-04-05T15:30:20.143+0000] {processor.py:161} INFO - Started process (PID=984) to work on /home/airflow/.local/lib/python3.8/site-packages/airflow/example_dags/example_trigger_target_dag.py
[2024-04-05T15:30:20.230+0000] {processor.py:830} INFO - Processing file /home/airflow/.local/lib/python3.8/site-packages/airflow/example_dags/example_trigger_target_dag.py for tasks to queue
[2024-04-05T15:30:20.257+0000] {logging_mixin.py:188} INFO - [2024-04-05T15:30:20.254+0000] {dagbag.py:540} INFO - Filling up the DagBag from /home/airflow/.local/lib/python3.8/site-packages/airflow/example_dags/example_trigger_target_dag.py
[2024-04-05T15:30:20.644+0000] {processor.py:840} INFO - DAG(s) 'example_trigger_target_dag' retrieved from /home/airflow/.local/lib/python3.8/site-packages/airflow/example_dags/example_trigger_target_dag.py
[2024-04-05T15:30:21.507+0000] {logging_mixin.py:188} INFO - [2024-04-05T15:30:21.495+0000] {dag.py:3047} INFO - Sync 1 DAGs
[2024-04-05T15:30:22.071+0000] {logging_mixin.py:188} INFO - [2024-04-05T15:30:22.069+0000] {dag.py:3834} INFO - Setting next_dagrun for example_trigger_target_dag to None, run_after=None
[2024-04-05T15:30:23.080+0000] {processor.py:183} INFO - Processing /home/airflow/.local/lib/python3.8/site-packages/airflow/example_dags/example_trigger_target_dag.py took 3.161 seconds
[2024-04-05T15:32:02.981+0000] {processor.py:161} INFO - Started process (PID=1048) to work on /home/airflow/.local/lib/python3.8/site-packages/airflow/example_dags/example_trigger_target_dag.py
[2024-04-05T15:32:03.096+0000] {processor.py:830} INFO - Processing file /home/airflow/.local/lib/python3.8/site-packages/airflow/example_dags/example_trigger_target_dag.py for tasks to queue
[2024-04-05T15:32:03.130+0000] {logging_mixin.py:188} INFO - [2024-04-05T15:32:03.113+0000] {dagbag.py:540} INFO - Filling up the DagBag from /home/airflow/.local/lib/python3.8/site-packages/airflow/example_dags/example_trigger_target_dag.py
[2024-04-05T15:32:03.758+0000] {processor.py:840} INFO - DAG(s) 'example_trigger_target_dag' retrieved from /home/airflow/.local/lib/python3.8/site-packages/airflow/example_dags/example_trigger_target_dag.py
[2024-04-05T15:32:04.369+0000] {logging_mixin.py:188} INFO - [2024-04-05T15:32:04.366+0000] {dag.py:3047} INFO - Sync 1 DAGs
[2024-04-05T15:32:05.228+0000] {logging_mixin.py:188} INFO - [2024-04-05T15:32:05.208+0000] {dag.py:3834} INFO - Setting next_dagrun for example_trigger_target_dag to None, run_after=None
[2024-04-05T15:32:06.388+0000] {processor.py:183} INFO - Processing /home/airflow/.local/lib/python3.8/site-packages/airflow/example_dags/example_trigger_target_dag.py took 3.818 seconds
