[2024-04-05T15:01:16.766+0000] {processor.py:161} INFO - Started process (PID=212) to work on /home/airflow/.local/lib/python3.8/site-packages/airflow/example_dags/tutorial.py
[2024-04-05T15:01:16.925+0000] {processor.py:830} INFO - Processing file /home/airflow/.local/lib/python3.8/site-packages/airflow/example_dags/tutorial.py for tasks to queue
[2024-04-05T15:01:17.148+0000] {logging_mixin.py:188} INFO - [2024-04-05T15:01:17.100+0000] {dagbag.py:540} INFO - Filling up the DagBag from /home/airflow/.local/lib/python3.8/site-packages/airflow/example_dags/tutorial.py
[2024-04-05T15:01:17.757+0000] {processor.py:840} INFO - DAG(s) 'tutorial' retrieved from /home/airflow/.local/lib/python3.8/site-packages/airflow/example_dags/tutorial.py
[2024-04-05T15:01:28.126+0000] {logging_mixin.py:188} INFO - [2024-04-05T15:01:28.057+0000] {override.py:1769} INFO - Created Permission View: can edit on DAG:tutorial
[2024-04-05T15:01:29.499+0000] {logging_mixin.py:188} INFO - [2024-04-05T15:01:29.484+0000] {override.py:1769} INFO - Created Permission View: can read on DAG:tutorial
[2024-04-05T15:01:29.934+0000] {logging_mixin.py:188} INFO - [2024-04-05T15:01:29.913+0000] {override.py:1769} INFO - Created Permission View: can delete on DAG:tutorial
[2024-04-05T15:01:29.966+0000] {logging_mixin.py:188} INFO - [2024-04-05T15:01:29.964+0000] {dag.py:3047} INFO - Sync 1 DAGs
[2024-04-05T15:01:31.108+0000] {logging_mixin.py:188} INFO - [2024-04-05T15:01:31.106+0000] {dag.py:3069} INFO - Creating ORM DAG for tutorial
[2024-04-05T15:01:32.136+0000] {logging_mixin.py:188} INFO - [2024-04-05T15:01:32.118+0000] {dag.py:3834} INFO - Setting next_dagrun for tutorial to 2024-04-04 00:00:00+00:00, run_after=2024-04-05 00:00:00+00:00
[2024-04-05T15:01:32.751+0000] {processor.py:183} INFO - Processing /home/airflow/.local/lib/python3.8/site-packages/airflow/example_dags/tutorial.py took 16.394 seconds
[2024-04-05T15:08:16.860+0000] {processor.py:161} INFO - Started process (PID=345) to work on /home/airflow/.local/lib/python3.8/site-packages/airflow/example_dags/tutorial.py
[2024-04-05T15:08:16.926+0000] {processor.py:830} INFO - Processing file /home/airflow/.local/lib/python3.8/site-packages/airflow/example_dags/tutorial.py for tasks to queue
[2024-04-05T15:08:17.020+0000] {logging_mixin.py:188} INFO - [2024-04-05T15:08:17.017+0000] {dagbag.py:540} INFO - Filling up the DagBag from /home/airflow/.local/lib/python3.8/site-packages/airflow/example_dags/tutorial.py
[2024-04-05T15:08:17.943+0000] {processor.py:840} INFO - DAG(s) 'tutorial' retrieved from /home/airflow/.local/lib/python3.8/site-packages/airflow/example_dags/tutorial.py
[2024-04-05T15:08:19.228+0000] {logging_mixin.py:188} INFO - [2024-04-05T15:08:19.196+0000] {dag.py:3047} INFO - Sync 1 DAGs
[2024-04-05T15:08:22.255+0000] {logging_mixin.py:188} INFO - [2024-04-05T15:08:22.252+0000] {dag.py:3834} INFO - Setting next_dagrun for tutorial to 2024-04-04 00:00:00+00:00, run_after=2024-04-05 00:00:00+00:00
[2024-04-05T15:08:24.497+0000] {processor.py:183} INFO - Processing /home/airflow/.local/lib/python3.8/site-packages/airflow/example_dags/tutorial.py took 8.456 seconds
[2024-04-05T15:10:18.314+0000] {processor.py:161} INFO - Started process (PID=404) to work on /home/airflow/.local/lib/python3.8/site-packages/airflow/example_dags/tutorial.py
[2024-04-05T15:10:18.358+0000] {processor.py:830} INFO - Processing file /home/airflow/.local/lib/python3.8/site-packages/airflow/example_dags/tutorial.py for tasks to queue
[2024-04-05T15:10:18.626+0000] {logging_mixin.py:188} INFO - [2024-04-05T15:10:18.623+0000] {dagbag.py:540} INFO - Filling up the DagBag from /home/airflow/.local/lib/python3.8/site-packages/airflow/example_dags/tutorial.py
[2024-04-05T15:10:19.543+0000] {processor.py:840} INFO - DAG(s) 'tutorial' retrieved from /home/airflow/.local/lib/python3.8/site-packages/airflow/example_dags/tutorial.py
[2024-04-05T15:10:21.642+0000] {logging_mixin.py:188} INFO - [2024-04-05T15:10:21.624+0000] {dag.py:3047} INFO - Sync 1 DAGs
[2024-04-05T15:10:24.688+0000] {logging_mixin.py:188} INFO - [2024-04-05T15:10:24.686+0000] {dag.py:3834} INFO - Setting next_dagrun for tutorial to 2024-04-04 00:00:00+00:00, run_after=2024-04-05 00:00:00+00:00
[2024-04-05T15:10:25.359+0000] {processor.py:183} INFO - Processing /home/airflow/.local/lib/python3.8/site-packages/airflow/example_dags/tutorial.py took 7.106 seconds
[2024-04-05T15:13:58.510+0000] {processor.py:161} INFO - Started process (PID=498) to work on /home/airflow/.local/lib/python3.8/site-packages/airflow/example_dags/tutorial.py
[2024-04-05T15:13:58.606+0000] {processor.py:830} INFO - Processing file /home/airflow/.local/lib/python3.8/site-packages/airflow/example_dags/tutorial.py for tasks to queue
[2024-04-05T15:13:59.104+0000] {logging_mixin.py:188} INFO - [2024-04-05T15:13:59.089+0000] {dagbag.py:540} INFO - Filling up the DagBag from /home/airflow/.local/lib/python3.8/site-packages/airflow/example_dags/tutorial.py
[2024-04-05T15:13:59.734+0000] {processor.py:840} INFO - DAG(s) 'tutorial' retrieved from /home/airflow/.local/lib/python3.8/site-packages/airflow/example_dags/tutorial.py
[2024-04-05T15:14:01.066+0000] {logging_mixin.py:188} INFO - [2024-04-05T15:14:01.064+0000] {dag.py:3047} INFO - Sync 1 DAGs
[2024-04-05T15:14:02.250+0000] {logging_mixin.py:188} INFO - [2024-04-05T15:14:02.236+0000] {dag.py:3834} INFO - Setting next_dagrun for tutorial to 2024-04-04 00:00:00+00:00, run_after=2024-04-05 00:00:00+00:00
[2024-04-05T15:14:03.040+0000] {processor.py:183} INFO - Processing /home/airflow/.local/lib/python3.8/site-packages/airflow/example_dags/tutorial.py took 4.770 seconds
[2024-04-05T15:15:36.758+0000] {processor.py:161} INFO - Started process (PID=556) to work on /home/airflow/.local/lib/python3.8/site-packages/airflow/example_dags/tutorial.py
[2024-04-05T15:15:36.829+0000] {processor.py:830} INFO - Processing file /home/airflow/.local/lib/python3.8/site-packages/airflow/example_dags/tutorial.py for tasks to queue
[2024-04-05T15:15:37.015+0000] {logging_mixin.py:188} INFO - [2024-04-05T15:15:36.995+0000] {dagbag.py:540} INFO - Filling up the DagBag from /home/airflow/.local/lib/python3.8/site-packages/airflow/example_dags/tutorial.py
[2024-04-05T15:15:37.703+0000] {processor.py:840} INFO - DAG(s) 'tutorial' retrieved from /home/airflow/.local/lib/python3.8/site-packages/airflow/example_dags/tutorial.py
[2024-04-05T15:15:40.037+0000] {logging_mixin.py:188} INFO - [2024-04-05T15:15:40.023+0000] {dag.py:3047} INFO - Sync 1 DAGs
[2024-04-05T15:15:43.083+0000] {logging_mixin.py:188} INFO - [2024-04-05T15:15:43.058+0000] {dag.py:3834} INFO - Setting next_dagrun for tutorial to 2024-04-04 00:00:00+00:00, run_after=2024-04-05 00:00:00+00:00
[2024-04-05T15:15:46.100+0000] {processor.py:183} INFO - Processing /home/airflow/.local/lib/python3.8/site-packages/airflow/example_dags/tutorial.py took 9.853 seconds
[2024-04-05T15:18:43.854+0000] {processor.py:161} INFO - Started process (PID=632) to work on /home/airflow/.local/lib/python3.8/site-packages/airflow/example_dags/tutorial.py
[2024-04-05T15:18:43.912+0000] {processor.py:830} INFO - Processing file /home/airflow/.local/lib/python3.8/site-packages/airflow/example_dags/tutorial.py for tasks to queue
[2024-04-05T15:18:44.240+0000] {logging_mixin.py:188} INFO - [2024-04-05T15:18:44.157+0000] {dagbag.py:540} INFO - Filling up the DagBag from /home/airflow/.local/lib/python3.8/site-packages/airflow/example_dags/tutorial.py
[2024-04-05T15:18:45.293+0000] {processor.py:840} INFO - DAG(s) 'tutorial' retrieved from /home/airflow/.local/lib/python3.8/site-packages/airflow/example_dags/tutorial.py
[2024-04-05T15:18:48.037+0000] {logging_mixin.py:188} INFO - [2024-04-05T15:18:47.906+0000] {dag.py:3047} INFO - Sync 1 DAGs
[2024-04-05T15:18:53.362+0000] {logging_mixin.py:188} INFO - [2024-04-05T15:18:53.360+0000] {dag.py:3834} INFO - Setting next_dagrun for tutorial to 2024-04-04 00:00:00+00:00, run_after=2024-04-05 00:00:00+00:00
[2024-04-05T15:18:54.609+0000] {processor.py:183} INFO - Processing /home/airflow/.local/lib/python3.8/site-packages/airflow/example_dags/tutorial.py took 10.963 seconds
[2024-04-05T15:21:14.703+0000] {processor.py:161} INFO - Started process (PID=690) to work on /home/airflow/.local/lib/python3.8/site-packages/airflow/example_dags/tutorial.py
[2024-04-05T15:21:14.965+0000] {processor.py:830} INFO - Processing file /home/airflow/.local/lib/python3.8/site-packages/airflow/example_dags/tutorial.py for tasks to queue
[2024-04-05T15:21:15.076+0000] {logging_mixin.py:188} INFO - [2024-04-05T15:21:15.024+0000] {dagbag.py:540} INFO - Filling up the DagBag from /home/airflow/.local/lib/python3.8/site-packages/airflow/example_dags/tutorial.py
[2024-04-05T15:21:15.697+0000] {processor.py:840} INFO - DAG(s) 'tutorial' retrieved from /home/airflow/.local/lib/python3.8/site-packages/airflow/example_dags/tutorial.py
[2024-04-05T15:21:17.210+0000] {logging_mixin.py:188} INFO - [2024-04-05T15:21:17.196+0000] {dag.py:3047} INFO - Sync 1 DAGs
[2024-04-05T15:21:19.163+0000] {logging_mixin.py:188} INFO - [2024-04-05T15:21:19.161+0000] {dag.py:3834} INFO - Setting next_dagrun for tutorial to 2024-04-04 00:00:00+00:00, run_after=2024-04-05 00:00:00+00:00
[2024-04-05T15:21:20.774+0000] {processor.py:183} INFO - Processing /home/airflow/.local/lib/python3.8/site-packages/airflow/example_dags/tutorial.py took 6.588 seconds
[2024-04-05T15:24:21.575+0000] {processor.py:161} INFO - Started process (PID=771) to work on /home/airflow/.local/lib/python3.8/site-packages/airflow/example_dags/tutorial.py
[2024-04-05T15:24:21.673+0000] {processor.py:830} INFO - Processing file /home/airflow/.local/lib/python3.8/site-packages/airflow/example_dags/tutorial.py for tasks to queue
[2024-04-05T15:24:21.855+0000] {logging_mixin.py:188} INFO - [2024-04-05T15:24:21.852+0000] {dagbag.py:540} INFO - Filling up the DagBag from /home/airflow/.local/lib/python3.8/site-packages/airflow/example_dags/tutorial.py
[2024-04-05T15:24:22.865+0000] {processor.py:840} INFO - DAG(s) 'tutorial' retrieved from /home/airflow/.local/lib/python3.8/site-packages/airflow/example_dags/tutorial.py
[2024-04-05T15:24:24.014+0000] {logging_mixin.py:188} INFO - [2024-04-05T15:24:24.011+0000] {dag.py:3047} INFO - Sync 1 DAGs
[2024-04-05T15:24:25.716+0000] {logging_mixin.py:188} INFO - [2024-04-05T15:24:25.709+0000] {dag.py:3834} INFO - Setting next_dagrun for tutorial to 2024-04-04 00:00:00+00:00, run_after=2024-04-05 00:00:00+00:00
[2024-04-05T15:24:27.196+0000] {processor.py:183} INFO - Processing /home/airflow/.local/lib/python3.8/site-packages/airflow/example_dags/tutorial.py took 6.262 seconds
[2024-04-05T15:25:47.397+0000] {processor.py:161} INFO - Started process (PID=822) to work on /home/airflow/.local/lib/python3.8/site-packages/airflow/example_dags/tutorial.py
[2024-04-05T15:25:47.499+0000] {processor.py:830} INFO - Processing file /home/airflow/.local/lib/python3.8/site-packages/airflow/example_dags/tutorial.py for tasks to queue
[2024-04-05T15:25:47.589+0000] {logging_mixin.py:188} INFO - [2024-04-05T15:25:47.584+0000] {dagbag.py:540} INFO - Filling up the DagBag from /home/airflow/.local/lib/python3.8/site-packages/airflow/example_dags/tutorial.py
[2024-04-05T15:25:48.044+0000] {processor.py:840} INFO - DAG(s) 'tutorial' retrieved from /home/airflow/.local/lib/python3.8/site-packages/airflow/example_dags/tutorial.py
[2024-04-05T15:25:49.275+0000] {logging_mixin.py:188} INFO - [2024-04-05T15:25:49.272+0000] {dag.py:3047} INFO - Sync 1 DAGs
[2024-04-05T15:25:51.364+0000] {logging_mixin.py:188} INFO - [2024-04-05T15:25:51.277+0000] {dag.py:3834} INFO - Setting next_dagrun for tutorial to 2024-04-04 00:00:00+00:00, run_after=2024-04-05 00:00:00+00:00
[2024-04-05T15:25:53.639+0000] {processor.py:183} INFO - Processing /home/airflow/.local/lib/python3.8/site-packages/airflow/example_dags/tutorial.py took 6.778 seconds
[2024-04-05T15:27:22.411+0000] {processor.py:161} INFO - Started process (PID=887) to work on /home/airflow/.local/lib/python3.8/site-packages/airflow/example_dags/tutorial.py
[2024-04-05T15:27:22.446+0000] {processor.py:830} INFO - Processing file /home/airflow/.local/lib/python3.8/site-packages/airflow/example_dags/tutorial.py for tasks to queue
[2024-04-05T15:27:22.477+0000] {logging_mixin.py:188} INFO - [2024-04-05T15:27:22.469+0000] {dagbag.py:540} INFO - Filling up the DagBag from /home/airflow/.local/lib/python3.8/site-packages/airflow/example_dags/tutorial.py
[2024-04-05T15:27:22.716+0000] {processor.py:840} INFO - DAG(s) 'tutorial' retrieved from /home/airflow/.local/lib/python3.8/site-packages/airflow/example_dags/tutorial.py
[2024-04-05T15:27:23.300+0000] {logging_mixin.py:188} INFO - [2024-04-05T15:27:23.298+0000] {dag.py:3047} INFO - Sync 1 DAGs
[2024-04-05T15:27:24.781+0000] {logging_mixin.py:188} INFO - [2024-04-05T15:27:24.770+0000] {dag.py:3834} INFO - Setting next_dagrun for tutorial to 2024-04-04 00:00:00+00:00, run_after=2024-04-05 00:00:00+00:00
[2024-04-05T15:27:25.697+0000] {processor.py:183} INFO - Processing /home/airflow/.local/lib/python3.8/site-packages/airflow/example_dags/tutorial.py took 3.423 seconds
[2024-04-05T15:29:17.560+0000] {processor.py:161} INFO - Started process (PID=951) to work on /home/airflow/.local/lib/python3.8/site-packages/airflow/example_dags/tutorial.py
[2024-04-05T15:29:17.625+0000] {processor.py:830} INFO - Processing file /home/airflow/.local/lib/python3.8/site-packages/airflow/example_dags/tutorial.py for tasks to queue
[2024-04-05T15:29:17.673+0000] {logging_mixin.py:188} INFO - [2024-04-05T15:29:17.658+0000] {dagbag.py:540} INFO - Filling up the DagBag from /home/airflow/.local/lib/python3.8/site-packages/airflow/example_dags/tutorial.py
[2024-04-05T15:29:18.538+0000] {processor.py:840} INFO - DAG(s) 'tutorial' retrieved from /home/airflow/.local/lib/python3.8/site-packages/airflow/example_dags/tutorial.py
[2024-04-05T15:29:21.119+0000] {logging_mixin.py:188} INFO - [2024-04-05T15:29:21.057+0000] {dag.py:3047} INFO - Sync 1 DAGs
[2024-04-05T15:29:23.978+0000] {logging_mixin.py:188} INFO - [2024-04-05T15:29:23.975+0000] {dag.py:3834} INFO - Setting next_dagrun for tutorial to 2024-04-04 00:00:00+00:00, run_after=2024-04-05 00:00:00+00:00
[2024-04-05T15:29:25.231+0000] {processor.py:183} INFO - Processing /home/airflow/.local/lib/python3.8/site-packages/airflow/example_dags/tutorial.py took 8.195 seconds
[2024-04-05T15:31:14.555+0000] {processor.py:161} INFO - Started process (PID=1005) to work on /home/airflow/.local/lib/python3.8/site-packages/airflow/example_dags/tutorial.py
[2024-04-05T15:31:14.634+0000] {processor.py:830} INFO - Processing file /home/airflow/.local/lib/python3.8/site-packages/airflow/example_dags/tutorial.py for tasks to queue
[2024-04-05T15:31:14.721+0000] {logging_mixin.py:188} INFO - [2024-04-05T15:31:14.654+0000] {dagbag.py:540} INFO - Filling up the DagBag from /home/airflow/.local/lib/python3.8/site-packages/airflow/example_dags/tutorial.py
[2024-04-05T15:31:15.312+0000] {processor.py:840} INFO - DAG(s) 'tutorial' retrieved from /home/airflow/.local/lib/python3.8/site-packages/airflow/example_dags/tutorial.py
[2024-04-05T15:31:16.596+0000] {logging_mixin.py:188} INFO - [2024-04-05T15:31:16.565+0000] {dag.py:3047} INFO - Sync 1 DAGs
[2024-04-05T15:31:17.379+0000] {logging_mixin.py:188} INFO - [2024-04-05T15:31:17.365+0000] {dag.py:3834} INFO - Setting next_dagrun for tutorial to 2024-04-04 00:00:00+00:00, run_after=2024-04-05 00:00:00+00:00
[2024-04-05T15:31:18.747+0000] {processor.py:183} INFO - Processing /home/airflow/.local/lib/python3.8/site-packages/airflow/example_dags/tutorial.py took 4.304 seconds
[2024-04-05T15:32:16.208+0000] {processor.py:161} INFO - Started process (PID=1055) to work on /home/airflow/.local/lib/python3.8/site-packages/airflow/example_dags/tutorial.py
[2024-04-05T15:32:16.234+0000] {processor.py:830} INFO - Processing file /home/airflow/.local/lib/python3.8/site-packages/airflow/example_dags/tutorial.py for tasks to queue
[2024-04-05T15:32:16.255+0000] {logging_mixin.py:188} INFO - [2024-04-05T15:32:16.251+0000] {dagbag.py:540} INFO - Filling up the DagBag from /home/airflow/.local/lib/python3.8/site-packages/airflow/example_dags/tutorial.py
[2024-04-05T15:32:16.952+0000] {processor.py:840} INFO - DAG(s) 'tutorial' retrieved from /home/airflow/.local/lib/python3.8/site-packages/airflow/example_dags/tutorial.py
[2024-04-05T15:32:18.324+0000] {logging_mixin.py:188} INFO - [2024-04-05T15:32:18.322+0000] {dag.py:3047} INFO - Sync 1 DAGs
[2024-04-05T15:32:19.445+0000] {logging_mixin.py:188} INFO - [2024-04-05T15:32:19.441+0000] {dag.py:3834} INFO - Setting next_dagrun for tutorial to 2024-04-04 00:00:00+00:00, run_after=2024-04-05 00:00:00+00:00
[2024-04-05T15:32:20.052+0000] {processor.py:183} INFO - Processing /home/airflow/.local/lib/python3.8/site-packages/airflow/example_dags/tutorial.py took 4.002 seconds
