[2024-04-05T15:02:21.058+0000] {processor.py:161} INFO - Started process (PID=228) to work on /home/airflow/.local/lib/python3.8/site-packages/airflow/example_dags/tutorial_taskflow_api.py
[2024-04-05T15:02:21.136+0000] {processor.py:830} INFO - Processing file /home/airflow/.local/lib/python3.8/site-packages/airflow/example_dags/tutorial_taskflow_api.py for tasks to queue
[2024-04-05T15:02:21.444+0000] {logging_mixin.py:188} INFO - [2024-04-05T15:02:21.347+0000] {dagbag.py:540} INFO - Filling up the DagBag from /home/airflow/.local/lib/python3.8/site-packages/airflow/example_dags/tutorial_taskflow_api.py
[2024-04-05T15:02:22.063+0000] {processor.py:840} INFO - DAG(s) 'tutorial_taskflow_api' retrieved from /home/airflow/.local/lib/python3.8/site-packages/airflow/example_dags/tutorial_taskflow_api.py
[2024-04-05T15:02:35.266+0000] {logging_mixin.py:188} INFO - [2024-04-05T15:02:35.076+0000] {override.py:1769} INFO - Created Permission View: can edit on DAG:tutorial_taskflow_api
[2024-04-05T15:02:36.519+0000] {logging_mixin.py:188} INFO - [2024-04-05T15:02:36.516+0000] {override.py:1769} INFO - Created Permission View: can read on DAG:tutorial_taskflow_api
[2024-04-05T15:02:37.121+0000] {logging_mixin.py:188} INFO - [2024-04-05T15:02:37.110+0000] {override.py:1769} INFO - Created Permission View: can delete on DAG:tutorial_taskflow_api
[2024-04-05T15:02:37.215+0000] {logging_mixin.py:188} INFO - [2024-04-05T15:02:37.213+0000] {dag.py:3047} INFO - Sync 1 DAGs
[2024-04-05T15:02:38.761+0000] {logging_mixin.py:188} INFO - [2024-04-05T15:02:38.754+0000] {dag.py:3069} INFO - Creating ORM DAG for tutorial_taskflow_api
[2024-04-05T15:02:38.945+0000] {logging_mixin.py:188} INFO - [2024-04-05T15:02:38.943+0000] {dag.py:3834} INFO - Setting next_dagrun for tutorial_taskflow_api to None, run_after=None
[2024-04-05T15:02:41.281+0000] {processor.py:183} INFO - Processing /home/airflow/.local/lib/python3.8/site-packages/airflow/example_dags/tutorial_taskflow_api.py took 20.680 seconds
[2024-04-05T15:08:40.900+0000] {processor.py:161} INFO - Started process (PID=361) to work on /home/airflow/.local/lib/python3.8/site-packages/airflow/example_dags/tutorial_taskflow_api.py
[2024-04-05T15:08:41.042+0000] {processor.py:830} INFO - Processing file /home/airflow/.local/lib/python3.8/site-packages/airflow/example_dags/tutorial_taskflow_api.py for tasks to queue
[2024-04-05T15:08:41.225+0000] {logging_mixin.py:188} INFO - [2024-04-05T15:08:41.221+0000] {dagbag.py:540} INFO - Filling up the DagBag from /home/airflow/.local/lib/python3.8/site-packages/airflow/example_dags/tutorial_taskflow_api.py
[2024-04-05T15:08:42.697+0000] {processor.py:840} INFO - DAG(s) 'tutorial_taskflow_api' retrieved from /home/airflow/.local/lib/python3.8/site-packages/airflow/example_dags/tutorial_taskflow_api.py
[2024-04-05T15:08:46.236+0000] {logging_mixin.py:188} INFO - [2024-04-05T15:08:46.234+0000] {dag.py:3047} INFO - Sync 1 DAGs
[2024-04-05T15:08:47.433+0000] {logging_mixin.py:188} INFO - [2024-04-05T15:08:47.417+0000] {dag.py:3834} INFO - Setting next_dagrun for tutorial_taskflow_api to None, run_after=None
[2024-04-05T15:08:48.893+0000] {processor.py:183} INFO - Processing /home/airflow/.local/lib/python3.8/site-packages/airflow/example_dags/tutorial_taskflow_api.py took 8.825 seconds
[2024-04-05T15:10:50.412+0000] {processor.py:161} INFO - Started process (PID=418) to work on /home/airflow/.local/lib/python3.8/site-packages/airflow/example_dags/tutorial_taskflow_api.py
[2024-04-05T15:10:50.550+0000] {processor.py:830} INFO - Processing file /home/airflow/.local/lib/python3.8/site-packages/airflow/example_dags/tutorial_taskflow_api.py for tasks to queue
[2024-04-05T15:10:51.149+0000] {logging_mixin.py:188} INFO - [2024-04-05T15:10:51.145+0000] {dagbag.py:540} INFO - Filling up the DagBag from /home/airflow/.local/lib/python3.8/site-packages/airflow/example_dags/tutorial_taskflow_api.py
[2024-04-05T15:10:52.901+0000] {processor.py:840} INFO - DAG(s) 'tutorial_taskflow_api' retrieved from /home/airflow/.local/lib/python3.8/site-packages/airflow/example_dags/tutorial_taskflow_api.py
[2024-04-05T15:10:57.239+0000] {logging_mixin.py:188} INFO - [2024-04-05T15:10:57.231+0000] {dag.py:3047} INFO - Sync 1 DAGs
[2024-04-05T15:10:58.486+0000] {logging_mixin.py:188} INFO - [2024-04-05T15:10:58.471+0000] {dag.py:3834} INFO - Setting next_dagrun for tutorial_taskflow_api to None, run_after=None
[2024-04-05T15:11:00.175+0000] {processor.py:183} INFO - Processing /home/airflow/.local/lib/python3.8/site-packages/airflow/example_dags/tutorial_taskflow_api.py took 10.375 seconds
[2024-04-05T15:14:13.102+0000] {processor.py:161} INFO - Started process (PID=512) to work on /home/airflow/.local/lib/python3.8/site-packages/airflow/example_dags/tutorial_taskflow_api.py
[2024-04-05T15:14:13.209+0000] {processor.py:830} INFO - Processing file /home/airflow/.local/lib/python3.8/site-packages/airflow/example_dags/tutorial_taskflow_api.py for tasks to queue
[2024-04-05T15:14:13.361+0000] {logging_mixin.py:188} INFO - [2024-04-05T15:14:13.327+0000] {dagbag.py:540} INFO - Filling up the DagBag from /home/airflow/.local/lib/python3.8/site-packages/airflow/example_dags/tutorial_taskflow_api.py
[2024-04-05T15:14:14.069+0000] {processor.py:840} INFO - DAG(s) 'tutorial_taskflow_api' retrieved from /home/airflow/.local/lib/python3.8/site-packages/airflow/example_dags/tutorial_taskflow_api.py
[2024-04-05T15:14:15.404+0000] {logging_mixin.py:188} INFO - [2024-04-05T15:14:15.349+0000] {dag.py:3047} INFO - Sync 1 DAGs
[2024-04-05T15:14:16.388+0000] {logging_mixin.py:188} INFO - [2024-04-05T15:14:16.386+0000] {dag.py:3834} INFO - Setting next_dagrun for tutorial_taskflow_api to None, run_after=None
[2024-04-05T15:14:18.037+0000] {processor.py:183} INFO - Processing /home/airflow/.local/lib/python3.8/site-packages/airflow/example_dags/tutorial_taskflow_api.py took 5.414 seconds
[2024-04-05T15:16:13.647+0000] {processor.py:161} INFO - Started process (PID=571) to work on /home/airflow/.local/lib/python3.8/site-packages/airflow/example_dags/tutorial_taskflow_api.py
[2024-04-05T15:16:13.730+0000] {processor.py:830} INFO - Processing file /home/airflow/.local/lib/python3.8/site-packages/airflow/example_dags/tutorial_taskflow_api.py for tasks to queue
[2024-04-05T15:16:14.556+0000] {logging_mixin.py:188} INFO - [2024-04-05T15:16:14.551+0000] {dagbag.py:540} INFO - Filling up the DagBag from /home/airflow/.local/lib/python3.8/site-packages/airflow/example_dags/tutorial_taskflow_api.py
[2024-04-05T15:16:16.147+0000] {processor.py:840} INFO - DAG(s) 'tutorial_taskflow_api' retrieved from /home/airflow/.local/lib/python3.8/site-packages/airflow/example_dags/tutorial_taskflow_api.py
[2024-04-05T15:16:18.997+0000] {logging_mixin.py:188} INFO - [2024-04-05T15:16:18.995+0000] {dag.py:3047} INFO - Sync 1 DAGs
[2024-04-05T15:16:21.610+0000] {logging_mixin.py:188} INFO - [2024-04-05T15:16:21.607+0000] {dag.py:3834} INFO - Setting next_dagrun for tutorial_taskflow_api to None, run_after=None
[2024-04-05T15:16:23.872+0000] {processor.py:183} INFO - Processing /home/airflow/.local/lib/python3.8/site-packages/airflow/example_dags/tutorial_taskflow_api.py took 10.643 seconds
[2024-04-05T15:19:25.994+0000] {processor.py:161} INFO - Started process (PID=654) to work on /home/airflow/.local/lib/python3.8/site-packages/airflow/example_dags/tutorial_taskflow_api.py
[2024-04-05T15:19:26.390+0000] {processor.py:830} INFO - Processing file /home/airflow/.local/lib/python3.8/site-packages/airflow/example_dags/tutorial_taskflow_api.py for tasks to queue
[2024-04-05T15:19:26.987+0000] {logging_mixin.py:188} INFO - [2024-04-05T15:19:26.892+0000] {dagbag.py:540} INFO - Filling up the DagBag from /home/airflow/.local/lib/python3.8/site-packages/airflow/example_dags/tutorial_taskflow_api.py
[2024-04-05T15:19:28.605+0000] {processor.py:840} INFO - DAG(s) 'tutorial_taskflow_api' retrieved from /home/airflow/.local/lib/python3.8/site-packages/airflow/example_dags/tutorial_taskflow_api.py
[2024-04-05T15:19:31.896+0000] {logging_mixin.py:188} INFO - [2024-04-05T15:19:31.847+0000] {dag.py:3047} INFO - Sync 1 DAGs
[2024-04-05T15:19:35.548+0000] {logging_mixin.py:188} INFO - [2024-04-05T15:19:35.356+0000] {dag.py:3834} INFO - Setting next_dagrun for tutorial_taskflow_api to None, run_after=None
[2024-04-05T15:19:37.989+0000] {processor.py:183} INFO - Processing /home/airflow/.local/lib/python3.8/site-packages/airflow/example_dags/tutorial_taskflow_api.py took 12.909 seconds
[2024-04-05T15:21:43.126+0000] {processor.py:161} INFO - Started process (PID=706) to work on /home/airflow/.local/lib/python3.8/site-packages/airflow/example_dags/tutorial_taskflow_api.py
[2024-04-05T15:21:43.231+0000] {processor.py:830} INFO - Processing file /home/airflow/.local/lib/python3.8/site-packages/airflow/example_dags/tutorial_taskflow_api.py for tasks to queue
[2024-04-05T15:21:43.571+0000] {logging_mixin.py:188} INFO - [2024-04-05T15:21:43.440+0000] {dagbag.py:540} INFO - Filling up the DagBag from /home/airflow/.local/lib/python3.8/site-packages/airflow/example_dags/tutorial_taskflow_api.py
[2024-04-05T15:21:45.206+0000] {processor.py:840} INFO - DAG(s) 'tutorial_taskflow_api' retrieved from /home/airflow/.local/lib/python3.8/site-packages/airflow/example_dags/tutorial_taskflow_api.py
[2024-04-05T15:21:47.746+0000] {logging_mixin.py:188} INFO - [2024-04-05T15:21:47.744+0000] {dag.py:3047} INFO - Sync 1 DAGs
[2024-04-05T15:21:49.979+0000] {logging_mixin.py:188} INFO - [2024-04-05T15:21:49.962+0000] {dag.py:3834} INFO - Setting next_dagrun for tutorial_taskflow_api to None, run_after=None
[2024-04-05T15:21:51.959+0000] {processor.py:183} INFO - Processing /home/airflow/.local/lib/python3.8/site-packages/airflow/example_dags/tutorial_taskflow_api.py took 9.266 seconds
[2024-04-05T15:24:44.771+0000] {processor.py:161} INFO - Started process (PID=786) to work on /home/airflow/.local/lib/python3.8/site-packages/airflow/example_dags/tutorial_taskflow_api.py
[2024-04-05T15:24:44.818+0000] {processor.py:830} INFO - Processing file /home/airflow/.local/lib/python3.8/site-packages/airflow/example_dags/tutorial_taskflow_api.py for tasks to queue
[2024-04-05T15:24:44.914+0000] {logging_mixin.py:188} INFO - [2024-04-05T15:24:44.882+0000] {dagbag.py:540} INFO - Filling up the DagBag from /home/airflow/.local/lib/python3.8/site-packages/airflow/example_dags/tutorial_taskflow_api.py
[2024-04-05T15:24:45.567+0000] {processor.py:840} INFO - DAG(s) 'tutorial_taskflow_api' retrieved from /home/airflow/.local/lib/python3.8/site-packages/airflow/example_dags/tutorial_taskflow_api.py
[2024-04-05T15:24:47.183+0000] {logging_mixin.py:188} INFO - [2024-04-05T15:24:47.170+0000] {dag.py:3047} INFO - Sync 1 DAGs
[2024-04-05T15:24:48.865+0000] {logging_mixin.py:188} INFO - [2024-04-05T15:24:48.863+0000] {dag.py:3834} INFO - Setting next_dagrun for tutorial_taskflow_api to None, run_after=None
[2024-04-05T15:24:50.400+0000] {processor.py:183} INFO - Processing /home/airflow/.local/lib/python3.8/site-packages/airflow/example_dags/tutorial_taskflow_api.py took 5.833 seconds
[2024-04-05T15:26:04.880+0000] {processor.py:161} INFO - Started process (PID=838) to work on /home/airflow/.local/lib/python3.8/site-packages/airflow/example_dags/tutorial_taskflow_api.py
[2024-04-05T15:26:04.912+0000] {processor.py:830} INFO - Processing file /home/airflow/.local/lib/python3.8/site-packages/airflow/example_dags/tutorial_taskflow_api.py for tasks to queue
[2024-04-05T15:26:04.932+0000] {logging_mixin.py:188} INFO - [2024-04-05T15:26:04.929+0000] {dagbag.py:540} INFO - Filling up the DagBag from /home/airflow/.local/lib/python3.8/site-packages/airflow/example_dags/tutorial_taskflow_api.py
[2024-04-05T15:26:05.514+0000] {processor.py:840} INFO - DAG(s) 'tutorial_taskflow_api' retrieved from /home/airflow/.local/lib/python3.8/site-packages/airflow/example_dags/tutorial_taskflow_api.py
[2024-04-05T15:26:07.750+0000] {logging_mixin.py:188} INFO - [2024-04-05T15:26:07.748+0000] {dag.py:3047} INFO - Sync 1 DAGs
[2024-04-05T15:26:09.018+0000] {logging_mixin.py:188} INFO - [2024-04-05T15:26:09.004+0000] {dag.py:3834} INFO - Setting next_dagrun for tutorial_taskflow_api to None, run_after=None
[2024-04-05T15:26:09.769+0000] {processor.py:183} INFO - Processing /home/airflow/.local/lib/python3.8/site-packages/airflow/example_dags/tutorial_taskflow_api.py took 4.957 seconds
[2024-04-05T15:27:37.989+0000] {processor.py:161} INFO - Started process (PID=897) to work on /home/airflow/.local/lib/python3.8/site-packages/airflow/example_dags/tutorial_taskflow_api.py
[2024-04-05T15:27:38.077+0000] {processor.py:830} INFO - Processing file /home/airflow/.local/lib/python3.8/site-packages/airflow/example_dags/tutorial_taskflow_api.py for tasks to queue
[2024-04-05T15:27:38.178+0000] {logging_mixin.py:188} INFO - [2024-04-05T15:27:38.148+0000] {dagbag.py:540} INFO - Filling up the DagBag from /home/airflow/.local/lib/python3.8/site-packages/airflow/example_dags/tutorial_taskflow_api.py
[2024-04-05T15:27:39.192+0000] {processor.py:840} INFO - DAG(s) 'tutorial_taskflow_api' retrieved from /home/airflow/.local/lib/python3.8/site-packages/airflow/example_dags/tutorial_taskflow_api.py
[2024-04-05T15:27:40.251+0000] {logging_mixin.py:188} INFO - [2024-04-05T15:27:40.236+0000] {dag.py:3047} INFO - Sync 1 DAGs
[2024-04-05T15:27:40.990+0000] {logging_mixin.py:188} INFO - [2024-04-05T15:27:40.976+0000] {dag.py:3834} INFO - Setting next_dagrun for tutorial_taskflow_api to None, run_after=None
[2024-04-05T15:27:42.684+0000] {processor.py:183} INFO - Processing /home/airflow/.local/lib/python3.8/site-packages/airflow/example_dags/tutorial_taskflow_api.py took 5.221 seconds
[2024-04-05T15:29:37.582+0000] {processor.py:161} INFO - Started process (PID=958) to work on /home/airflow/.local/lib/python3.8/site-packages/airflow/example_dags/tutorial_taskflow_api.py
[2024-04-05T15:29:37.648+0000] {processor.py:830} INFO - Processing file /home/airflow/.local/lib/python3.8/site-packages/airflow/example_dags/tutorial_taskflow_api.py for tasks to queue
[2024-04-05T15:29:37.840+0000] {logging_mixin.py:188} INFO - [2024-04-05T15:29:37.776+0000] {dagbag.py:540} INFO - Filling up the DagBag from /home/airflow/.local/lib/python3.8/site-packages/airflow/example_dags/tutorial_taskflow_api.py
[2024-04-05T15:29:39.016+0000] {processor.py:840} INFO - DAG(s) 'tutorial_taskflow_api' retrieved from /home/airflow/.local/lib/python3.8/site-packages/airflow/example_dags/tutorial_taskflow_api.py
[2024-04-05T15:29:40.725+0000] {logging_mixin.py:188} INFO - [2024-04-05T15:29:40.675+0000] {dag.py:3047} INFO - Sync 1 DAGs
[2024-04-05T15:29:42.536+0000] {logging_mixin.py:188} INFO - [2024-04-05T15:29:42.504+0000] {dag.py:3834} INFO - Setting next_dagrun for tutorial_taskflow_api to None, run_after=None
[2024-04-05T15:29:43.446+0000] {processor.py:183} INFO - Processing /home/airflow/.local/lib/python3.8/site-packages/airflow/example_dags/tutorial_taskflow_api.py took 6.334 seconds
[2024-04-05T15:31:32.101+0000] {processor.py:161} INFO - Started process (PID=1018) to work on /home/airflow/.local/lib/python3.8/site-packages/airflow/example_dags/tutorial_taskflow_api.py
[2024-04-05T15:31:32.165+0000] {processor.py:830} INFO - Processing file /home/airflow/.local/lib/python3.8/site-packages/airflow/example_dags/tutorial_taskflow_api.py for tasks to queue
[2024-04-05T15:31:32.242+0000] {logging_mixin.py:188} INFO - [2024-04-05T15:31:32.240+0000] {dagbag.py:540} INFO - Filling up the DagBag from /home/airflow/.local/lib/python3.8/site-packages/airflow/example_dags/tutorial_taskflow_api.py
[2024-04-05T15:31:32.798+0000] {processor.py:840} INFO - DAG(s) 'tutorial_taskflow_api' retrieved from /home/airflow/.local/lib/python3.8/site-packages/airflow/example_dags/tutorial_taskflow_api.py
[2024-04-05T15:31:34.816+0000] {logging_mixin.py:188} INFO - [2024-04-05T15:31:34.710+0000] {dag.py:3047} INFO - Sync 1 DAGs
[2024-04-05T15:31:35.904+0000] {logging_mixin.py:188} INFO - [2024-04-05T15:31:35.893+0000] {dag.py:3834} INFO - Setting next_dagrun for tutorial_taskflow_api to None, run_after=None
[2024-04-05T15:31:36.880+0000] {processor.py:183} INFO - Processing /home/airflow/.local/lib/python3.8/site-packages/airflow/example_dags/tutorial_taskflow_api.py took 5.069 seconds
[2024-04-05T15:32:28.734+0000] {processor.py:161} INFO - Started process (PID=1068) to work on /home/airflow/.local/lib/python3.8/site-packages/airflow/example_dags/tutorial_taskflow_api.py
[2024-04-05T15:32:28.786+0000] {processor.py:830} INFO - Processing file /home/airflow/.local/lib/python3.8/site-packages/airflow/example_dags/tutorial_taskflow_api.py for tasks to queue
[2024-04-05T15:32:28.807+0000] {logging_mixin.py:188} INFO - [2024-04-05T15:32:28.804+0000] {dagbag.py:540} INFO - Filling up the DagBag from /home/airflow/.local/lib/python3.8/site-packages/airflow/example_dags/tutorial_taskflow_api.py
[2024-04-05T15:32:29.308+0000] {processor.py:840} INFO - DAG(s) 'tutorial_taskflow_api' retrieved from /home/airflow/.local/lib/python3.8/site-packages/airflow/example_dags/tutorial_taskflow_api.py
[2024-04-05T15:32:30.430+0000] {logging_mixin.py:188} INFO - [2024-04-05T15:32:30.428+0000] {dag.py:3047} INFO - Sync 1 DAGs
[2024-04-05T15:32:31.178+0000] {logging_mixin.py:188} INFO - [2024-04-05T15:32:31.095+0000] {dag.py:3834} INFO - Setting next_dagrun for tutorial_taskflow_api to None, run_after=None
[2024-04-05T15:32:32.388+0000] {processor.py:183} INFO - Processing /home/airflow/.local/lib/python3.8/site-packages/airflow/example_dags/tutorial_taskflow_api.py took 3.780 seconds
