[2024-04-05T14:58:50.156+0000] {processor.py:161} INFO - Started process (PID=165) to work on /home/airflow/.local/lib/python3.8/site-packages/airflow/example_dags/tutorial_objectstorage.py
[2024-04-05T14:58:50.223+0000] {processor.py:830} INFO - Processing file /home/airflow/.local/lib/python3.8/site-packages/airflow/example_dags/tutorial_objectstorage.py for tasks to queue
[2024-04-05T14:58:50.376+0000] {logging_mixin.py:188} INFO - [2024-04-05T14:58:50.373+0000] {dagbag.py:540} INFO - Filling up the DagBag from /home/airflow/.local/lib/python3.8/site-packages/airflow/example_dags/tutorial_objectstorage.py
[2024-04-05T14:58:50.852+0000] {processor.py:840} INFO - DAG(s) 'tutorial_objectstorage' retrieved from /home/airflow/.local/lib/python3.8/site-packages/airflow/example_dags/tutorial_objectstorage.py
[2024-04-05T14:59:02.299+0000] {logging_mixin.py:188} INFO - [2024-04-05T14:59:02.254+0000] {override.py:1769} INFO - Created Permission View: can edit on DAG:tutorial_objectstorage
[2024-04-05T14:59:03.001+0000] {logging_mixin.py:188} INFO - [2024-04-05T14:59:02.998+0000] {override.py:1769} INFO - Created Permission View: can read on DAG:tutorial_objectstorage
[2024-04-05T14:59:03.588+0000] {logging_mixin.py:188} INFO - [2024-04-05T14:59:03.573+0000] {override.py:1769} INFO - Created Permission View: can delete on DAG:tutorial_objectstorage
[2024-04-05T14:59:03.703+0000] {logging_mixin.py:188} INFO - [2024-04-05T14:59:03.702+0000] {dag.py:3047} INFO - Sync 1 DAGs
[2024-04-05T14:59:04.956+0000] {logging_mixin.py:188} INFO - [2024-04-05T14:59:04.954+0000] {dag.py:3069} INFO - Creating ORM DAG for tutorial_objectstorage
[2024-04-05T14:59:05.000+0000] {logging_mixin.py:188} INFO - [2024-04-05T14:59:04.988+0000] {dag.py:3834} INFO - Setting next_dagrun for tutorial_objectstorage to None, run_after=None
[2024-04-05T14:59:06.011+0000] {processor.py:183} INFO - Processing /home/airflow/.local/lib/python3.8/site-packages/airflow/example_dags/tutorial_objectstorage.py took 16.098 seconds
[2024-04-05T15:06:19.270+0000] {processor.py:161} INFO - Started process (PID=305) to work on /home/airflow/.local/lib/python3.8/site-packages/airflow/example_dags/tutorial_objectstorage.py
[2024-04-05T15:06:19.512+0000] {processor.py:830} INFO - Processing file /home/airflow/.local/lib/python3.8/site-packages/airflow/example_dags/tutorial_objectstorage.py for tasks to queue
[2024-04-05T15:06:20.306+0000] {logging_mixin.py:188} INFO - [2024-04-05T15:06:20.066+0000] {dagbag.py:540} INFO - Filling up the DagBag from /home/airflow/.local/lib/python3.8/site-packages/airflow/example_dags/tutorial_objectstorage.py
[2024-04-05T15:06:22.301+0000] {processor.py:840} INFO - DAG(s) 'tutorial_objectstorage' retrieved from /home/airflow/.local/lib/python3.8/site-packages/airflow/example_dags/tutorial_objectstorage.py
[2024-04-05T15:06:24.656+0000] {logging_mixin.py:188} INFO - [2024-04-05T15:06:24.654+0000] {dag.py:3047} INFO - Sync 1 DAGs
[2024-04-05T15:06:25.459+0000] {logging_mixin.py:188} INFO - [2024-04-05T15:06:25.457+0000] {dag.py:3834} INFO - Setting next_dagrun for tutorial_objectstorage to None, run_after=None
[2024-04-05T15:06:27.353+0000] {processor.py:183} INFO - Processing /home/airflow/.local/lib/python3.8/site-packages/airflow/example_dags/tutorial_objectstorage.py took 8.625 seconds
[2024-04-05T15:08:47.107+0000] {processor.py:161} INFO - Started process (PID=362) to work on /home/airflow/.local/lib/python3.8/site-packages/airflow/example_dags/tutorial_objectstorage.py
[2024-04-05T15:08:47.177+0000] {processor.py:830} INFO - Processing file /home/airflow/.local/lib/python3.8/site-packages/airflow/example_dags/tutorial_objectstorage.py for tasks to queue
[2024-04-05T15:08:47.442+0000] {logging_mixin.py:188} INFO - [2024-04-05T15:08:47.345+0000] {dagbag.py:540} INFO - Filling up the DagBag from /home/airflow/.local/lib/python3.8/site-packages/airflow/example_dags/tutorial_objectstorage.py
[2024-04-05T15:08:48.303+0000] {processor.py:840} INFO - DAG(s) 'tutorial_objectstorage' retrieved from /home/airflow/.local/lib/python3.8/site-packages/airflow/example_dags/tutorial_objectstorage.py
[2024-04-05T15:08:50.246+0000] {logging_mixin.py:188} INFO - [2024-04-05T15:08:50.207+0000] {dag.py:3047} INFO - Sync 1 DAGs
[2024-04-05T15:08:51.705+0000] {logging_mixin.py:188} INFO - [2024-04-05T15:08:51.600+0000] {dag.py:3834} INFO - Setting next_dagrun for tutorial_objectstorage to None, run_after=None
[2024-04-05T15:08:55.887+0000] {processor.py:183} INFO - Processing /home/airflow/.local/lib/python3.8/site-packages/airflow/example_dags/tutorial_objectstorage.py took 9.127 seconds
[2024-04-05T15:12:48.736+0000] {processor.py:161} INFO - Started process (PID=463) to work on /home/airflow/.local/lib/python3.8/site-packages/airflow/example_dags/tutorial_objectstorage.py
[2024-04-05T15:12:48.861+0000] {processor.py:830} INFO - Processing file /home/airflow/.local/lib/python3.8/site-packages/airflow/example_dags/tutorial_objectstorage.py for tasks to queue
[2024-04-05T15:12:49.389+0000] {logging_mixin.py:188} INFO - [2024-04-05T15:12:49.385+0000] {dagbag.py:540} INFO - Filling up the DagBag from /home/airflow/.local/lib/python3.8/site-packages/airflow/example_dags/tutorial_objectstorage.py
[2024-04-05T15:12:49.793+0000] {processor.py:840} INFO - DAG(s) 'tutorial_objectstorage' retrieved from /home/airflow/.local/lib/python3.8/site-packages/airflow/example_dags/tutorial_objectstorage.py
[2024-04-05T15:12:51.963+0000] {logging_mixin.py:188} INFO - [2024-04-05T15:12:51.961+0000] {dag.py:3047} INFO - Sync 1 DAGs
[2024-04-05T15:12:53.805+0000] {logging_mixin.py:188} INFO - [2024-04-05T15:12:53.801+0000] {dag.py:3834} INFO - Setting next_dagrun for tutorial_objectstorage to None, run_after=None
[2024-04-05T15:12:55.668+0000] {processor.py:183} INFO - Processing /home/airflow/.local/lib/python3.8/site-packages/airflow/example_dags/tutorial_objectstorage.py took 7.600 seconds
[2024-04-05T15:14:18.713+0000] {processor.py:161} INFO - Started process (PID=513) to work on /home/airflow/.local/lib/python3.8/site-packages/airflow/example_dags/tutorial_objectstorage.py
[2024-04-05T15:14:18.747+0000] {processor.py:830} INFO - Processing file /home/airflow/.local/lib/python3.8/site-packages/airflow/example_dags/tutorial_objectstorage.py for tasks to queue
[2024-04-05T15:14:18.928+0000] {logging_mixin.py:188} INFO - [2024-04-05T15:14:18.882+0000] {dagbag.py:540} INFO - Filling up the DagBag from /home/airflow/.local/lib/python3.8/site-packages/airflow/example_dags/tutorial_objectstorage.py
[2024-04-05T15:14:20.090+0000] {processor.py:840} INFO - DAG(s) 'tutorial_objectstorage' retrieved from /home/airflow/.local/lib/python3.8/site-packages/airflow/example_dags/tutorial_objectstorage.py
[2024-04-05T15:14:22.555+0000] {logging_mixin.py:188} INFO - [2024-04-05T15:14:22.509+0000] {dag.py:3047} INFO - Sync 1 DAGs
[2024-04-05T15:14:23.767+0000] {logging_mixin.py:188} INFO - [2024-04-05T15:14:23.755+0000] {dag.py:3834} INFO - Setting next_dagrun for tutorial_objectstorage to None, run_after=None
[2024-04-05T15:14:25.739+0000] {processor.py:183} INFO - Processing /home/airflow/.local/lib/python3.8/site-packages/airflow/example_dags/tutorial_objectstorage.py took 7.171 seconds
[2024-04-05T15:17:07.163+0000] {processor.py:161} INFO - Started process (PID=588) to work on /home/airflow/.local/lib/python3.8/site-packages/airflow/example_dags/tutorial_objectstorage.py
[2024-04-05T15:17:07.528+0000] {processor.py:830} INFO - Processing file /home/airflow/.local/lib/python3.8/site-packages/airflow/example_dags/tutorial_objectstorage.py for tasks to queue
[2024-04-05T15:17:07.772+0000] {logging_mixin.py:188} INFO - [2024-04-05T15:17:07.768+0000] {dagbag.py:540} INFO - Filling up the DagBag from /home/airflow/.local/lib/python3.8/site-packages/airflow/example_dags/tutorial_objectstorage.py
[2024-04-05T15:17:09.214+0000] {processor.py:840} INFO - DAG(s) 'tutorial_objectstorage' retrieved from /home/airflow/.local/lib/python3.8/site-packages/airflow/example_dags/tutorial_objectstorage.py
[2024-04-05T15:17:12.561+0000] {logging_mixin.py:188} INFO - [2024-04-05T15:17:12.464+0000] {dag.py:3047} INFO - Sync 1 DAGs
[2024-04-05T15:17:15.350+0000] {logging_mixin.py:188} INFO - [2024-04-05T15:17:15.322+0000] {dag.py:3834} INFO - Setting next_dagrun for tutorial_objectstorage to None, run_after=None
[2024-04-05T15:17:19.269+0000] {processor.py:183} INFO - Processing /home/airflow/.local/lib/python3.8/site-packages/airflow/example_dags/tutorial_objectstorage.py took 12.271 seconds
[2024-04-05T15:19:21.603+0000] {processor.py:161} INFO - Started process (PID=647) to work on /home/airflow/.local/lib/python3.8/site-packages/airflow/example_dags/tutorial_objectstorage.py
[2024-04-05T15:19:21.685+0000] {processor.py:830} INFO - Processing file /home/airflow/.local/lib/python3.8/site-packages/airflow/example_dags/tutorial_objectstorage.py for tasks to queue
[2024-04-05T15:19:21.968+0000] {logging_mixin.py:188} INFO - [2024-04-05T15:19:21.953+0000] {dagbag.py:540} INFO - Filling up the DagBag from /home/airflow/.local/lib/python3.8/site-packages/airflow/example_dags/tutorial_objectstorage.py
[2024-04-05T15:19:23.029+0000] {processor.py:840} INFO - DAG(s) 'tutorial_objectstorage' retrieved from /home/airflow/.local/lib/python3.8/site-packages/airflow/example_dags/tutorial_objectstorage.py
[2024-04-05T15:19:24.652+0000] {logging_mixin.py:188} INFO - [2024-04-05T15:19:24.634+0000] {dag.py:3047} INFO - Sync 1 DAGs
[2024-04-05T15:19:27.385+0000] {logging_mixin.py:188} INFO - [2024-04-05T15:19:27.341+0000] {dag.py:3834} INFO - Setting next_dagrun for tutorial_objectstorage to None, run_after=None
[2024-04-05T15:19:29.920+0000] {processor.py:183} INFO - Processing /home/airflow/.local/lib/python3.8/site-packages/airflow/example_dags/tutorial_objectstorage.py took 8.487 seconds
[2024-04-05T15:23:06.936+0000] {processor.py:161} INFO - Started process (PID=739) to work on /home/airflow/.local/lib/python3.8/site-packages/airflow/example_dags/tutorial_objectstorage.py
[2024-04-05T15:23:07.064+0000] {processor.py:830} INFO - Processing file /home/airflow/.local/lib/python3.8/site-packages/airflow/example_dags/tutorial_objectstorage.py for tasks to queue
[2024-04-05T15:23:07.234+0000] {logging_mixin.py:188} INFO - [2024-04-05T15:23:07.098+0000] {dagbag.py:540} INFO - Filling up the DagBag from /home/airflow/.local/lib/python3.8/site-packages/airflow/example_dags/tutorial_objectstorage.py
[2024-04-05T15:23:09.225+0000] {processor.py:840} INFO - DAG(s) 'tutorial_objectstorage' retrieved from /home/airflow/.local/lib/python3.8/site-packages/airflow/example_dags/tutorial_objectstorage.py
[2024-04-05T15:23:12.071+0000] {logging_mixin.py:188} INFO - [2024-04-05T15:23:12.066+0000] {dag.py:3047} INFO - Sync 1 DAGs
[2024-04-05T15:23:12.894+0000] {logging_mixin.py:188} INFO - [2024-04-05T15:23:12.887+0000] {dag.py:3834} INFO - Setting next_dagrun for tutorial_objectstorage to None, run_after=None
[2024-04-05T15:23:13.995+0000] {processor.py:183} INFO - Processing /home/airflow/.local/lib/python3.8/site-packages/airflow/example_dags/tutorial_objectstorage.py took 7.210 seconds
[2024-04-05T15:24:42.520+0000] {processor.py:161} INFO - Started process (PID=785) to work on /home/airflow/.local/lib/python3.8/site-packages/airflow/example_dags/tutorial_objectstorage.py
[2024-04-05T15:24:42.698+0000] {processor.py:830} INFO - Processing file /home/airflow/.local/lib/python3.8/site-packages/airflow/example_dags/tutorial_objectstorage.py for tasks to queue
[2024-04-05T15:24:43.001+0000] {logging_mixin.py:188} INFO - [2024-04-05T15:24:42.905+0000] {dagbag.py:540} INFO - Filling up the DagBag from /home/airflow/.local/lib/python3.8/site-packages/airflow/example_dags/tutorial_objectstorage.py
[2024-04-05T15:24:43.765+0000] {processor.py:840} INFO - DAG(s) 'tutorial_objectstorage' retrieved from /home/airflow/.local/lib/python3.8/site-packages/airflow/example_dags/tutorial_objectstorage.py
[2024-04-05T15:24:44.809+0000] {logging_mixin.py:188} INFO - [2024-04-05T15:24:44.782+0000] {dag.py:3047} INFO - Sync 1 DAGs
[2024-04-05T15:24:45.211+0000] {logging_mixin.py:188} INFO - [2024-04-05T15:24:45.208+0000] {dag.py:3834} INFO - Setting next_dagrun for tutorial_objectstorage to None, run_after=None
[2024-04-05T15:24:46.043+0000] {processor.py:183} INFO - Processing /home/airflow/.local/lib/python3.8/site-packages/airflow/example_dags/tutorial_objectstorage.py took 4.101 seconds
[2024-04-05T15:26:38.436+0000] {processor.py:161} INFO - Started process (PID=862) to work on /home/airflow/.local/lib/python3.8/site-packages/airflow/example_dags/tutorial_objectstorage.py
[2024-04-05T15:26:38.480+0000] {processor.py:830} INFO - Processing file /home/airflow/.local/lib/python3.8/site-packages/airflow/example_dags/tutorial_objectstorage.py for tasks to queue
[2024-04-05T15:26:38.621+0000] {logging_mixin.py:188} INFO - [2024-04-05T15:26:38.541+0000] {dagbag.py:540} INFO - Filling up the DagBag from /home/airflow/.local/lib/python3.8/site-packages/airflow/example_dags/tutorial_objectstorage.py
[2024-04-05T15:26:39.063+0000] {processor.py:840} INFO - DAG(s) 'tutorial_objectstorage' retrieved from /home/airflow/.local/lib/python3.8/site-packages/airflow/example_dags/tutorial_objectstorage.py
[2024-04-05T15:26:40.250+0000] {logging_mixin.py:188} INFO - [2024-04-05T15:26:40.223+0000] {dag.py:3047} INFO - Sync 1 DAGs
[2024-04-05T15:26:40.724+0000] {logging_mixin.py:188} INFO - [2024-04-05T15:26:40.719+0000] {dag.py:3834} INFO - Setting next_dagrun for tutorial_objectstorage to None, run_after=None
[2024-04-05T15:26:41.987+0000] {processor.py:183} INFO - Processing /home/airflow/.local/lib/python3.8/site-packages/airflow/example_dags/tutorial_objectstorage.py took 3.708 seconds
[2024-04-05T15:28:18.764+0000] {processor.py:161} INFO - Started process (PID=917) to work on /home/airflow/.local/lib/python3.8/site-packages/airflow/example_dags/tutorial_objectstorage.py
[2024-04-05T15:28:18.798+0000] {processor.py:830} INFO - Processing file /home/airflow/.local/lib/python3.8/site-packages/airflow/example_dags/tutorial_objectstorage.py for tasks to queue
[2024-04-05T15:28:18.839+0000] {logging_mixin.py:188} INFO - [2024-04-05T15:28:18.828+0000] {dagbag.py:540} INFO - Filling up the DagBag from /home/airflow/.local/lib/python3.8/site-packages/airflow/example_dags/tutorial_objectstorage.py
[2024-04-05T15:28:19.072+0000] {processor.py:840} INFO - DAG(s) 'tutorial_objectstorage' retrieved from /home/airflow/.local/lib/python3.8/site-packages/airflow/example_dags/tutorial_objectstorage.py
[2024-04-05T15:28:20.425+0000] {logging_mixin.py:188} INFO - [2024-04-05T15:28:20.423+0000] {dag.py:3047} INFO - Sync 1 DAGs
[2024-04-05T15:28:21.508+0000] {logging_mixin.py:188} INFO - [2024-04-05T15:28:21.495+0000] {dag.py:3834} INFO - Setting next_dagrun for tutorial_objectstorage to None, run_after=None
[2024-04-05T15:28:22.573+0000] {processor.py:183} INFO - Processing /home/airflow/.local/lib/python3.8/site-packages/airflow/example_dags/tutorial_objectstorage.py took 3.974 seconds
[2024-04-05T15:29:54.138+0000] {processor.py:161} INFO - Started process (PID=969) to work on /home/airflow/.local/lib/python3.8/site-packages/airflow/example_dags/tutorial_objectstorage.py
[2024-04-05T15:29:54.345+0000] {processor.py:830} INFO - Processing file /home/airflow/.local/lib/python3.8/site-packages/airflow/example_dags/tutorial_objectstorage.py for tasks to queue
[2024-04-05T15:29:54.638+0000] {logging_mixin.py:188} INFO - [2024-04-05T15:29:54.635+0000] {dagbag.py:540} INFO - Filling up the DagBag from /home/airflow/.local/lib/python3.8/site-packages/airflow/example_dags/tutorial_objectstorage.py
[2024-04-05T15:29:55.769+0000] {processor.py:840} INFO - DAG(s) 'tutorial_objectstorage' retrieved from /home/airflow/.local/lib/python3.8/site-packages/airflow/example_dags/tutorial_objectstorage.py
[2024-04-05T15:29:57.838+0000] {logging_mixin.py:188} INFO - [2024-04-05T15:29:57.808+0000] {dag.py:3047} INFO - Sync 1 DAGs
[2024-04-05T15:29:59.304+0000] {logging_mixin.py:188} INFO - [2024-04-05T15:29:59.257+0000] {dag.py:3834} INFO - Setting next_dagrun for tutorial_objectstorage to None, run_after=None
[2024-04-05T15:30:01.029+0000] {processor.py:183} INFO - Processing /home/airflow/.local/lib/python3.8/site-packages/airflow/example_dags/tutorial_objectstorage.py took 7.583 seconds
[2024-04-05T15:31:38.281+0000] {processor.py:161} INFO - Started process (PID=1022) to work on /home/airflow/.local/lib/python3.8/site-packages/airflow/example_dags/tutorial_objectstorage.py
[2024-04-05T15:31:38.318+0000] {processor.py:830} INFO - Processing file /home/airflow/.local/lib/python3.8/site-packages/airflow/example_dags/tutorial_objectstorage.py for tasks to queue
[2024-04-05T15:31:38.345+0000] {logging_mixin.py:188} INFO - [2024-04-05T15:31:38.341+0000] {dagbag.py:540} INFO - Filling up the DagBag from /home/airflow/.local/lib/python3.8/site-packages/airflow/example_dags/tutorial_objectstorage.py
[2024-04-05T15:31:38.546+0000] {processor.py:840} INFO - DAG(s) 'tutorial_objectstorage' retrieved from /home/airflow/.local/lib/python3.8/site-packages/airflow/example_dags/tutorial_objectstorage.py
[2024-04-05T15:31:39.384+0000] {logging_mixin.py:188} INFO - [2024-04-05T15:31:39.379+0000] {dag.py:3047} INFO - Sync 1 DAGs
[2024-04-05T15:31:40.396+0000] {logging_mixin.py:188} INFO - [2024-04-05T15:31:40.392+0000] {dag.py:3834} INFO - Setting next_dagrun for tutorial_objectstorage to None, run_after=None
[2024-04-05T15:31:41.470+0000] {processor.py:183} INFO - Processing /home/airflow/.local/lib/python3.8/site-packages/airflow/example_dags/tutorial_objectstorage.py took 3.432 seconds
[2024-04-05T15:32:48.258+0000] {processor.py:161} INFO - Started process (PID=1078) to work on /home/airflow/.local/lib/python3.8/site-packages/airflow/example_dags/tutorial_objectstorage.py
[2024-04-05T15:32:48.285+0000] {processor.py:830} INFO - Processing file /home/airflow/.local/lib/python3.8/site-packages/airflow/example_dags/tutorial_objectstorage.py for tasks to queue
[2024-04-05T15:32:48.313+0000] {logging_mixin.py:188} INFO - [2024-04-05T15:32:48.310+0000] {dagbag.py:540} INFO - Filling up the DagBag from /home/airflow/.local/lib/python3.8/site-packages/airflow/example_dags/tutorial_objectstorage.py
[2024-04-05T15:32:48.720+0000] {processor.py:840} INFO - DAG(s) 'tutorial_objectstorage' retrieved from /home/airflow/.local/lib/python3.8/site-packages/airflow/example_dags/tutorial_objectstorage.py
[2024-04-05T15:32:49.726+0000] {logging_mixin.py:188} INFO - [2024-04-05T15:32:49.719+0000] {dag.py:3047} INFO - Sync 1 DAGs
[2024-04-05T15:32:50.334+0000] {logging_mixin.py:188} INFO - [2024-04-05T15:32:50.331+0000] {dag.py:3834} INFO - Setting next_dagrun for tutorial_objectstorage to None, run_after=None
[2024-04-05T15:32:51.579+0000] {processor.py:183} INFO - Processing /home/airflow/.local/lib/python3.8/site-packages/airflow/example_dags/tutorial_objectstorage.py took 3.465 seconds
