[2024-04-05T15:01:27.759+0000] {processor.py:161} INFO - Started process (PID=213) to work on /home/airflow/.local/lib/python3.8/site-packages/airflow/example_dags/tutorial_dag.py
[2024-04-05T15:01:27.789+0000] {processor.py:830} INFO - Processing file /home/airflow/.local/lib/python3.8/site-packages/airflow/example_dags/tutorial_dag.py for tasks to queue
[2024-04-05T15:01:27.923+0000] {logging_mixin.py:188} INFO - [2024-04-05T15:01:27.873+0000] {dagbag.py:540} INFO - Filling up the DagBag from /home/airflow/.local/lib/python3.8/site-packages/airflow/example_dags/tutorial_dag.py
[2024-04-05T15:01:28.632+0000] {processor.py:840} INFO - DAG(s) 'tutorial_dag' retrieved from /home/airflow/.local/lib/python3.8/site-packages/airflow/example_dags/tutorial_dag.py
[2024-04-05T15:01:37.931+0000] {logging_mixin.py:188} INFO - [2024-04-05T15:01:37.792+0000] {override.py:1769} INFO - Created Permission View: can edit on DAG:tutorial_dag
[2024-04-05T15:01:39.958+0000] {logging_mixin.py:188} INFO - [2024-04-05T15:01:39.954+0000] {override.py:1769} INFO - Created Permission View: can read on DAG:tutorial_dag
[2024-04-05T15:01:40.557+0000] {logging_mixin.py:188} INFO - [2024-04-05T15:01:40.554+0000] {override.py:1769} INFO - Created Permission View: can delete on DAG:tutorial_dag
[2024-04-05T15:01:41.614+0000] {logging_mixin.py:188} INFO - [2024-04-05T15:01:40.701+0000] {dag.py:3047} INFO - Sync 1 DAGs
[2024-04-05T15:01:43.230+0000] {logging_mixin.py:188} INFO - [2024-04-05T15:01:43.183+0000] {dag.py:3069} INFO - Creating ORM DAG for tutorial_dag
[2024-04-05T15:01:43.377+0000] {logging_mixin.py:188} INFO - [2024-04-05T15:01:43.329+0000] {dag.py:3834} INFO - Setting next_dagrun for tutorial_dag to None, run_after=None
[2024-04-05T15:01:45.322+0000] {processor.py:183} INFO - Processing /home/airflow/.local/lib/python3.8/site-packages/airflow/example_dags/tutorial_dag.py took 17.631 seconds
[2024-04-05T15:08:17.123+0000] {processor.py:161} INFO - Started process (PID=346) to work on /home/airflow/.local/lib/python3.8/site-packages/airflow/example_dags/tutorial_dag.py
[2024-04-05T15:08:17.186+0000] {processor.py:830} INFO - Processing file /home/airflow/.local/lib/python3.8/site-packages/airflow/example_dags/tutorial_dag.py for tasks to queue
[2024-04-05T15:08:17.281+0000] {logging_mixin.py:188} INFO - [2024-04-05T15:08:17.254+0000] {dagbag.py:540} INFO - Filling up the DagBag from /home/airflow/.local/lib/python3.8/site-packages/airflow/example_dags/tutorial_dag.py
[2024-04-05T15:08:17.623+0000] {processor.py:840} INFO - DAG(s) 'tutorial_dag' retrieved from /home/airflow/.local/lib/python3.8/site-packages/airflow/example_dags/tutorial_dag.py
[2024-04-05T15:08:20.912+0000] {logging_mixin.py:188} INFO - [2024-04-05T15:08:20.910+0000] {dag.py:3047} INFO - Sync 1 DAGs
[2024-04-05T15:08:21.906+0000] {logging_mixin.py:188} INFO - [2024-04-05T15:08:21.900+0000] {dag.py:3834} INFO - Setting next_dagrun for tutorial_dag to None, run_after=None
[2024-04-05T15:08:23.997+0000] {processor.py:183} INFO - Processing /home/airflow/.local/lib/python3.8/site-packages/airflow/example_dags/tutorial_dag.py took 7.084 seconds
[2024-04-05T15:10:25.290+0000] {processor.py:161} INFO - Started process (PID=406) to work on /home/airflow/.local/lib/python3.8/site-packages/airflow/example_dags/tutorial_dag.py
[2024-04-05T15:10:25.373+0000] {processor.py:830} INFO - Processing file /home/airflow/.local/lib/python3.8/site-packages/airflow/example_dags/tutorial_dag.py for tasks to queue
[2024-04-05T15:10:25.790+0000] {logging_mixin.py:188} INFO - [2024-04-05T15:10:25.672+0000] {dagbag.py:540} INFO - Filling up the DagBag from /home/airflow/.local/lib/python3.8/site-packages/airflow/example_dags/tutorial_dag.py
[2024-04-05T15:10:27.022+0000] {processor.py:840} INFO - DAG(s) 'tutorial_dag' retrieved from /home/airflow/.local/lib/python3.8/site-packages/airflow/example_dags/tutorial_dag.py
[2024-04-05T15:10:29.264+0000] {logging_mixin.py:188} INFO - [2024-04-05T15:10:29.262+0000] {dag.py:3047} INFO - Sync 1 DAGs
[2024-04-05T15:10:31.709+0000] {logging_mixin.py:188} INFO - [2024-04-05T15:10:31.706+0000] {dag.py:3834} INFO - Setting next_dagrun for tutorial_dag to None, run_after=None
[2024-04-05T15:10:32.315+0000] {processor.py:183} INFO - Processing /home/airflow/.local/lib/python3.8/site-packages/airflow/example_dags/tutorial_dag.py took 7.709 seconds
[2024-04-05T15:13:59.659+0000] {processor.py:161} INFO - Started process (PID=505) to work on /home/airflow/.local/lib/python3.8/site-packages/airflow/example_dags/tutorial_dag.py
[2024-04-05T15:13:59.687+0000] {processor.py:830} INFO - Processing file /home/airflow/.local/lib/python3.8/site-packages/airflow/example_dags/tutorial_dag.py for tasks to queue
[2024-04-05T15:13:59.879+0000] {logging_mixin.py:188} INFO - [2024-04-05T15:13:59.874+0000] {dagbag.py:540} INFO - Filling up the DagBag from /home/airflow/.local/lib/python3.8/site-packages/airflow/example_dags/tutorial_dag.py
[2024-04-05T15:14:00.119+0000] {processor.py:840} INFO - DAG(s) 'tutorial_dag' retrieved from /home/airflow/.local/lib/python3.8/site-packages/airflow/example_dags/tutorial_dag.py
[2024-04-05T15:14:01.489+0000] {logging_mixin.py:188} INFO - [2024-04-05T15:14:01.474+0000] {dag.py:3047} INFO - Sync 1 DAGs
[2024-04-05T15:14:02.269+0000] {logging_mixin.py:188} INFO - [2024-04-05T15:14:02.242+0000] {dag.py:3834} INFO - Setting next_dagrun for tutorial_dag to None, run_after=None
[2024-04-05T15:14:03.086+0000] {processor.py:183} INFO - Processing /home/airflow/.local/lib/python3.8/site-packages/airflow/example_dags/tutorial_dag.py took 3.706 seconds
[2024-04-05T15:15:45.949+0000] {processor.py:161} INFO - Started process (PID=559) to work on /home/airflow/.local/lib/python3.8/site-packages/airflow/example_dags/tutorial_dag.py
[2024-04-05T15:15:46.066+0000] {processor.py:830} INFO - Processing file /home/airflow/.local/lib/python3.8/site-packages/airflow/example_dags/tutorial_dag.py for tasks to queue
[2024-04-05T15:15:46.249+0000] {logging_mixin.py:188} INFO - [2024-04-05T15:15:46.222+0000] {dagbag.py:540} INFO - Filling up the DagBag from /home/airflow/.local/lib/python3.8/site-packages/airflow/example_dags/tutorial_dag.py
[2024-04-05T15:15:46.686+0000] {processor.py:840} INFO - DAG(s) 'tutorial_dag' retrieved from /home/airflow/.local/lib/python3.8/site-packages/airflow/example_dags/tutorial_dag.py
[2024-04-05T15:15:51.053+0000] {logging_mixin.py:188} INFO - [2024-04-05T15:15:51.051+0000] {dag.py:3047} INFO - Sync 1 DAGs
[2024-04-05T15:15:52.632+0000] {logging_mixin.py:188} INFO - [2024-04-05T15:15:52.596+0000] {dag.py:3834} INFO - Setting next_dagrun for tutorial_dag to None, run_after=None
[2024-04-05T15:15:55.249+0000] {processor.py:183} INFO - Processing /home/airflow/.local/lib/python3.8/site-packages/airflow/example_dags/tutorial_dag.py took 10.366 seconds
[2024-04-05T15:18:56.120+0000] {processor.py:161} INFO - Started process (PID=641) to work on /home/airflow/.local/lib/python3.8/site-packages/airflow/example_dags/tutorial_dag.py
[2024-04-05T15:18:56.187+0000] {processor.py:830} INFO - Processing file /home/airflow/.local/lib/python3.8/site-packages/airflow/example_dags/tutorial_dag.py for tasks to queue
[2024-04-05T15:18:56.459+0000] {logging_mixin.py:188} INFO - [2024-04-05T15:18:56.413+0000] {dagbag.py:540} INFO - Filling up the DagBag from /home/airflow/.local/lib/python3.8/site-packages/airflow/example_dags/tutorial_dag.py
[2024-04-05T15:18:56.889+0000] {processor.py:840} INFO - DAG(s) 'tutorial_dag' retrieved from /home/airflow/.local/lib/python3.8/site-packages/airflow/example_dags/tutorial_dag.py
[2024-04-05T15:18:59.210+0000] {logging_mixin.py:188} INFO - [2024-04-05T15:18:59.207+0000] {dag.py:3047} INFO - Sync 1 DAGs
[2024-04-05T15:19:01.057+0000] {logging_mixin.py:188} INFO - [2024-04-05T15:19:01.055+0000] {dag.py:3834} INFO - Setting next_dagrun for tutorial_dag to None, run_after=None
[2024-04-05T15:19:03.273+0000] {processor.py:183} INFO - Processing /home/airflow/.local/lib/python3.8/site-packages/airflow/example_dags/tutorial_dag.py took 7.405 seconds
[2024-04-05T15:21:18.862+0000] {processor.py:161} INFO - Started process (PID=693) to work on /home/airflow/.local/lib/python3.8/site-packages/airflow/example_dags/tutorial_dag.py
[2024-04-05T15:21:19.005+0000] {processor.py:830} INFO - Processing file /home/airflow/.local/lib/python3.8/site-packages/airflow/example_dags/tutorial_dag.py for tasks to queue
[2024-04-05T15:21:19.087+0000] {logging_mixin.py:188} INFO - [2024-04-05T15:21:19.080+0000] {dagbag.py:540} INFO - Filling up the DagBag from /home/airflow/.local/lib/python3.8/site-packages/airflow/example_dags/tutorial_dag.py
[2024-04-05T15:21:19.482+0000] {processor.py:840} INFO - DAG(s) 'tutorial_dag' retrieved from /home/airflow/.local/lib/python3.8/site-packages/airflow/example_dags/tutorial_dag.py
[2024-04-05T15:21:21.067+0000] {logging_mixin.py:188} INFO - [2024-04-05T15:21:20.968+0000] {dag.py:3047} INFO - Sync 1 DAGs
[2024-04-05T15:21:23.194+0000] {logging_mixin.py:188} INFO - [2024-04-05T15:21:23.177+0000] {dag.py:3834} INFO - Setting next_dagrun for tutorial_dag to None, run_after=None
[2024-04-05T15:21:25.449+0000] {processor.py:183} INFO - Processing /home/airflow/.local/lib/python3.8/site-packages/airflow/example_dags/tutorial_dag.py took 6.716 seconds
[2024-04-05T15:24:27.905+0000] {processor.py:161} INFO - Started process (PID=780) to work on /home/airflow/.local/lib/python3.8/site-packages/airflow/example_dags/tutorial_dag.py
[2024-04-05T15:24:27.995+0000] {processor.py:830} INFO - Processing file /home/airflow/.local/lib/python3.8/site-packages/airflow/example_dags/tutorial_dag.py for tasks to queue
[2024-04-05T15:24:28.058+0000] {logging_mixin.py:188} INFO - [2024-04-05T15:24:28.052+0000] {dagbag.py:540} INFO - Filling up the DagBag from /home/airflow/.local/lib/python3.8/site-packages/airflow/example_dags/tutorial_dag.py
[2024-04-05T15:24:28.274+0000] {processor.py:840} INFO - DAG(s) 'tutorial_dag' retrieved from /home/airflow/.local/lib/python3.8/site-packages/airflow/example_dags/tutorial_dag.py
[2024-04-05T15:24:29.608+0000] {logging_mixin.py:188} INFO - [2024-04-05T15:24:29.593+0000] {dag.py:3047} INFO - Sync 1 DAGs
[2024-04-05T15:24:30.482+0000] {logging_mixin.py:188} INFO - [2024-04-05T15:24:30.480+0000] {dag.py:3834} INFO - Setting next_dagrun for tutorial_dag to None, run_after=None
[2024-04-05T15:24:31.578+0000] {processor.py:183} INFO - Processing /home/airflow/.local/lib/python3.8/site-packages/airflow/example_dags/tutorial_dag.py took 3.932 seconds
[2024-04-05T15:25:52.551+0000] {processor.py:161} INFO - Started process (PID=825) to work on /home/airflow/.local/lib/python3.8/site-packages/airflow/example_dags/tutorial_dag.py
[2024-04-05T15:25:52.692+0000] {processor.py:830} INFO - Processing file /home/airflow/.local/lib/python3.8/site-packages/airflow/example_dags/tutorial_dag.py for tasks to queue
[2024-04-05T15:25:52.856+0000] {logging_mixin.py:188} INFO - [2024-04-05T15:25:52.757+0000] {dagbag.py:540} INFO - Filling up the DagBag from /home/airflow/.local/lib/python3.8/site-packages/airflow/example_dags/tutorial_dag.py
[2024-04-05T15:25:53.338+0000] {processor.py:840} INFO - DAG(s) 'tutorial_dag' retrieved from /home/airflow/.local/lib/python3.8/site-packages/airflow/example_dags/tutorial_dag.py
[2024-04-05T15:25:54.812+0000] {logging_mixin.py:188} INFO - [2024-04-05T15:25:54.808+0000] {dag.py:3047} INFO - Sync 1 DAGs
[2024-04-05T15:25:56.208+0000] {logging_mixin.py:188} INFO - [2024-04-05T15:25:56.206+0000] {dag.py:3834} INFO - Setting next_dagrun for tutorial_dag to None, run_after=None
[2024-04-05T15:25:58.209+0000] {processor.py:183} INFO - Processing /home/airflow/.local/lib/python3.8/site-packages/airflow/example_dags/tutorial_dag.py took 6.382 seconds
[2024-04-05T15:27:25.493+0000] {processor.py:161} INFO - Started process (PID=888) to work on /home/airflow/.local/lib/python3.8/site-packages/airflow/example_dags/tutorial_dag.py
[2024-04-05T15:27:25.572+0000] {processor.py:830} INFO - Processing file /home/airflow/.local/lib/python3.8/site-packages/airflow/example_dags/tutorial_dag.py for tasks to queue
[2024-04-05T15:27:25.670+0000] {logging_mixin.py:188} INFO - [2024-04-05T15:27:25.636+0000] {dagbag.py:540} INFO - Filling up the DagBag from /home/airflow/.local/lib/python3.8/site-packages/airflow/example_dags/tutorial_dag.py
[2024-04-05T15:27:25.909+0000] {processor.py:840} INFO - DAG(s) 'tutorial_dag' retrieved from /home/airflow/.local/lib/python3.8/site-packages/airflow/example_dags/tutorial_dag.py
[2024-04-05T15:27:26.550+0000] {logging_mixin.py:188} INFO - [2024-04-05T15:27:26.533+0000] {dag.py:3047} INFO - Sync 1 DAGs
[2024-04-05T15:27:27.160+0000] {logging_mixin.py:188} INFO - [2024-04-05T15:27:27.144+0000] {dag.py:3834} INFO - Setting next_dagrun for tutorial_dag to None, run_after=None
[2024-04-05T15:27:28.579+0000] {processor.py:183} INFO - Processing /home/airflow/.local/lib/python3.8/site-packages/airflow/example_dags/tutorial_dag.py took 3.324 seconds
[2024-04-05T15:29:18.941+0000] {processor.py:161} INFO - Started process (PID=952) to work on /home/airflow/.local/lib/python3.8/site-packages/airflow/example_dags/tutorial_dag.py
[2024-04-05T15:29:18.975+0000] {processor.py:830} INFO - Processing file /home/airflow/.local/lib/python3.8/site-packages/airflow/example_dags/tutorial_dag.py for tasks to queue
[2024-04-05T15:29:19.072+0000] {logging_mixin.py:188} INFO - [2024-04-05T15:29:19.056+0000] {dagbag.py:540} INFO - Filling up the DagBag from /home/airflow/.local/lib/python3.8/site-packages/airflow/example_dags/tutorial_dag.py
[2024-04-05T15:29:19.599+0000] {processor.py:840} INFO - DAG(s) 'tutorial_dag' retrieved from /home/airflow/.local/lib/python3.8/site-packages/airflow/example_dags/tutorial_dag.py
[2024-04-05T15:29:21.383+0000] {logging_mixin.py:188} INFO - [2024-04-05T15:29:21.348+0000] {dag.py:3047} INFO - Sync 1 DAGs
[2024-04-05T15:29:23.033+0000] {logging_mixin.py:188} INFO - [2024-04-05T15:29:22.987+0000] {dag.py:3834} INFO - Setting next_dagrun for tutorial_dag to None, run_after=None
[2024-04-05T15:29:25.029+0000] {processor.py:183} INFO - Processing /home/airflow/.local/lib/python3.8/site-packages/airflow/example_dags/tutorial_dag.py took 6.668 seconds
[2024-04-05T15:31:20.691+0000] {processor.py:161} INFO - Started process (PID=1012) to work on /home/airflow/.local/lib/python3.8/site-packages/airflow/example_dags/tutorial_dag.py
[2024-04-05T15:31:21.070+0000] {processor.py:830} INFO - Processing file /home/airflow/.local/lib/python3.8/site-packages/airflow/example_dags/tutorial_dag.py for tasks to queue
[2024-04-05T15:31:21.111+0000] {logging_mixin.py:188} INFO - [2024-04-05T15:31:21.108+0000] {dagbag.py:540} INFO - Filling up the DagBag from /home/airflow/.local/lib/python3.8/site-packages/airflow/example_dags/tutorial_dag.py
[2024-04-05T15:31:21.317+0000] {processor.py:840} INFO - DAG(s) 'tutorial_dag' retrieved from /home/airflow/.local/lib/python3.8/site-packages/airflow/example_dags/tutorial_dag.py
[2024-04-05T15:31:22.843+0000] {logging_mixin.py:188} INFO - [2024-04-05T15:31:22.841+0000] {dag.py:3047} INFO - Sync 1 DAGs
[2024-04-05T15:31:23.702+0000] {logging_mixin.py:188} INFO - [2024-04-05T15:31:23.651+0000] {dag.py:3834} INFO - Setting next_dagrun for tutorial_dag to None, run_after=None
[2024-04-05T15:31:24.703+0000] {processor.py:183} INFO - Processing /home/airflow/.local/lib/python3.8/site-packages/airflow/example_dags/tutorial_dag.py took 4.367 seconds
[2024-04-05T15:32:20.606+0000] {processor.py:161} INFO - Started process (PID=1057) to work on /home/airflow/.local/lib/python3.8/site-packages/airflow/example_dags/tutorial_dag.py
[2024-04-05T15:32:20.682+0000] {processor.py:830} INFO - Processing file /home/airflow/.local/lib/python3.8/site-packages/airflow/example_dags/tutorial_dag.py for tasks to queue
[2024-04-05T15:32:20.722+0000] {logging_mixin.py:188} INFO - [2024-04-05T15:32:20.718+0000] {dagbag.py:540} INFO - Filling up the DagBag from /home/airflow/.local/lib/python3.8/site-packages/airflow/example_dags/tutorial_dag.py
[2024-04-05T15:32:21.058+0000] {processor.py:840} INFO - DAG(s) 'tutorial_dag' retrieved from /home/airflow/.local/lib/python3.8/site-packages/airflow/example_dags/tutorial_dag.py
[2024-04-05T15:32:22.080+0000] {logging_mixin.py:188} INFO - [2024-04-05T15:32:22.078+0000] {dag.py:3047} INFO - Sync 1 DAGs
[2024-04-05T15:32:22.709+0000] {logging_mixin.py:188} INFO - [2024-04-05T15:32:22.693+0000] {dag.py:3834} INFO - Setting next_dagrun for tutorial_dag to None, run_after=None
[2024-04-05T15:32:23.733+0000] {processor.py:183} INFO - Processing /home/airflow/.local/lib/python3.8/site-packages/airflow/example_dags/tutorial_dag.py took 3.278 seconds
